/home/elizaveta/poky/meta/recipes-core/initrdscripts/initramfs-live-boot_1.0.bb: 0.15 seconds
/home/elizaveta/poky/meta/recipes-devtools/opkg/opkg-keyrings_1.0.bb: 0.15 seconds
/home/elizaveta/poky/meta/recipes-graphics/libva/libva-utils_2.20.1.bb: 0.16 seconds
/home/elizaveta/poky/meta/recipes-graphics/menu-cache/menu-cache_1.1.0.bb: 0.18 seconds
/home/elizaveta/poky/meta/recipes-graphics/xorg-driver/xf86-input-synaptics_1.9.2.bb: 0.07 seconds
/home/elizaveta/poky/meta/recipes-devtools/python/python3-beartype_0.15.0.bb: 0.25 seconds
/home/elizaveta/poky/meta/recipes-devtools/qemu/qemuwrapper-cross_1.0.bb: 0.10 seconds
/home/elizaveta/poky/meta/recipes-devtools/python/python3-calver_2022.6.26.bb: 0.25 seconds
/home/elizaveta/poky/meta/recipes-devtools/syslinux/syslinux_6.04-pre2.bb: 0.27 seconds
/home/elizaveta/poky/meta/recipes-devtools/automake/automake_1.16.5.bb: 0.28 seconds
/home/elizaveta/poky/meta/recipes-devtools/opkg/opkg-arch-config_1.0.bb: 0.06 seconds
/home/elizaveta/poky/meta/recipes-devtools/ccache/ccache_4.8.3.bb: 0.17 seconds
/home/elizaveta/poky/meta/recipes-support/gpgme/gpgme_1.22.0.bb: 0.23 seconds
/home/elizaveta/poky/meta/recipes-devtools/libtool/libtool-cross_2.4.7.bb: 0.08 seconds
/home/elizaveta/poky/meta/recipes-devtools/perl/liberror-perl_0.17029.bb: 0.11 seconds
/home/elizaveta/poky/meta/recipes-devtools/python/python3-sphinxcontrib-qthelp_1.0.3.bb: 0.15 seconds
/home/elizaveta/poky/meta/recipes-support/bash-completion/bash-completion_2.11.bb: 0.14 seconds
/home/elizaveta/poky/meta/recipes-support/libmicrohttpd/libmicrohttpd_0.9.77.bb: 0.18 seconds
/home/elizaveta/poky/meta/recipes-graphics/xorg-lib/libxft_2.3.8.bb: 0.18 seconds
/home/elizaveta/poky/meta/recipes-support/libseccomp/libseccomp_2.5.4.bb: 0.08 seconds
/home/elizaveta/poky/meta/recipes-extended/watchdog/watchdog-config.bb: 0.05 seconds
/home/elizaveta/poky/meta/recipes-extended/at/at_3.2.5.bb: 0.08 seconds
/home/elizaveta/poky/meta/recipes-connectivity/connman/connman-gnome_0.7.bb: 0.08 seconds
/home/elizaveta/poky/meta/recipes-sato/matchbox-keyboard/matchbox-keyboard_0.1.1.bb: 0.07 seconds
/home/elizaveta/poky/meta/recipes-extended/xinetd/xinetd_2.3.15.4.bb: 0.08 seconds
/home/elizaveta/poky/meta/recipes-devtools/python/python3-pyelftools_0.30.bb: 0.09 seconds
/home/elizaveta/poky/meta/recipes-graphics/xorg-driver/xf86-video-intel_git.bb: 0.06 seconds
/home/elizaveta/poky/meta/recipes-extended/pbzip2/pbzip2_1.1.13.bb: 0.18 seconds
/home/elizaveta/poky/meta/recipes-support/libevent/libevent_2.1.12.bb: 0.24 seconds
/home/elizaveta/poky/meta/recipes-devtools/bison/bison_3.8.2.bb: 0.23 seconds
/home/elizaveta/poky/meta/recipes-gnome/hicolor-icon-theme/hicolor-icon-theme_0.17.bb: 0.19 seconds
/home/elizaveta/poky/meta/recipes-support/user-creation/xuser-account_0.1.bb: 0.08 seconds
/home/elizaveta/poky/meta/recipes-devtools/python/python3-smmap_6.0.0.bb: 0.18 seconds
/home/elizaveta/poky/meta/recipes-core/sysvinit/sysvinit-inittab_2.88dsf.bb: 0.05 seconds
/home/elizaveta/poky/meta/recipes-devtools/patchelf/patchelf_0.18.0.bb: 0.21 seconds
/home/elizaveta/poky/meta/recipes-support/gdbm/gdbm_1.23.bb: 0.23 seconds
/home/elizaveta/poky/meta/recipes-graphics/harfbuzz/harfbuzz_8.2.2.bb: 0.22 seconds
/home/elizaveta/poky/meta/recipes-extended/libaio/libaio_0.3.113.bb: 0.14 seconds
/home/elizaveta/poky/meta/recipes-devtools/go/go_1.20.12.bb: 0.11 seconds
/home/elizaveta/poky/meta/recipes-extended/less/less_643.bb: 0.08 seconds
/home/elizaveta/poky/meta/recipes-extended/libmnl/libmnl_1.0.5.bb: 0.10 seconds
/home/elizaveta/poky/meta/recipes-support/serf/serf_1.3.10.bb: 0.15 seconds
/home/elizaveta/poky/meta/recipes-devtools/ruby/ruby_3.2.2.bb: 0.20 seconds
/home/elizaveta/poky/meta/recipes-devtools/erofs-utils/erofs-utils_1.6.bb: 0.17 seconds
/home/elizaveta/poky/meta/recipes-multimedia/alsa/alsa-topology-conf_1.2.5.1.bb: 0.04 seconds
/home/elizaveta/poky/meta/recipes-devtools/gcc/gcc-source_13.2.bb: 0.04 seconds
/home/elizaveta/poky/meta/recipes-devtools/python/python3-typogrify_2.0.7.bb: 0.14 seconds
/home/elizaveta/poky/meta/recipes-core/systemd/systemd-compat-units.bb: 0.01 seconds
/home/elizaveta/poky/meta/recipes-multimedia/gstreamer/gstreamer1.0-plugins-base_1.22.9.bb: 0.07 seconds
/home/elizaveta/poky/meta/recipes-devtools/mtools/mtools_4.0.43.bb: 0.16 seconds
/home/elizaveta/poky/meta/recipes-kernel/kmod/depmodwrapper-cross_1.0.bb: 0.04 seconds
/home/elizaveta/poky/meta/recipes-graphics/xorg-app/xhost_1.0.9.bb: 0.06 seconds
/home/elizaveta/poky/meta/recipes-support/xxhash/xxhash_0.8.2.bb: 0.13 seconds
/home/elizaveta/poky/meta/recipes-graphics/xorg-lib/libxt_1.3.0.bb: 0.18 seconds
/home/elizaveta/poky/meta/recipes-devtools/devel-config/distcc-config.bb: 0.05 seconds
/home/elizaveta/poky/meta/recipes-core/meta/build-sysroots.bb: 0.03 seconds
/home/elizaveta/poky/meta/recipes-extended/texinfo/texinfo_7.0.3.bb: 0.20 seconds
/home/elizaveta/poky/meta/recipes-core/systemd/systemd_254.4.bb: 0.03 seconds
/home/elizaveta/poky/meta/recipes-graphics/xorg-lib/libxrandr_1.5.3.bb: 0.17 seconds
/home/elizaveta/poky/meta/recipes-extended/libarchive/libarchive_3.7.2.bb: 0.18 seconds
/home/elizaveta/poky/meta/recipes-core/packagegroups/packagegroup-go-sdk-target.bb: 0.04 seconds
/home/elizaveta/poky/meta/recipes-devtools/python/python3-flit-core_3.9.0.bb: 0.13 seconds
/home/elizaveta/poky/meta/recipes-devtools/python/python3-hatch-vcs_0.3.0.bb: 0.14 seconds
/home/elizaveta/poky/meta/recipes-core/glibc/cross-localedef-native_2.38.bb: 0.05 seconds
/home/elizaveta/poky/meta/recipes-devtools/python/python3-editables_0.5.bb: 0.14 seconds
/home/elizaveta/poky/meta/recipes-core/packagegroups/packagegroup-core-ssh-dropbear.bb: 0.04 seconds
/home/elizaveta/poky/meta/recipes-core/psplash/psplash_git.bb: 0.08 seconds
/home/elizaveta/poky/meta/recipes-devtools/python/python3-pathspec_0.11.2.bb: 0.15 seconds
/home/elizaveta/poky/meta/recipes-graphics/mesa/libglu_9.0.3.bb: 0.06 seconds
/home/elizaveta/poky/meta/recipes-extended/asciidoc/asciidoc_10.2.0.bb: 0.14 seconds
/home/elizaveta/poky/meta/recipes-support/consolekit/consolekit_0.4.6.bb: 0.07 seconds
/home/elizaveta/poky/meta/recipes-graphics/xorg-app/xinit_1.4.2.bb: 0.11 seconds
/home/elizaveta/poky/meta/recipes-devtools/go/go-cross_1.20.12.bb: 0.11 seconds
/home/elizaveta/poky/meta/recipes-gnome/gobject-introspection/gobject-introspection_1.78.1.bb: 0.18 seconds
/home/elizaveta/poky/meta/recipes-support/dos2unix/dos2unix_7.5.1.bb: 0.17 seconds
/home/elizaveta/poky/meta/recipes-extended/procps/procps_4.0.4.bb: 0.12 seconds
/home/elizaveta/poky/meta/recipes-core/meta/meta-extsdk-toolchain.bb: 0.05 seconds
/home/elizaveta/poky/meta/recipes-sato/puzzles/puzzles_git.bb: 0.06 seconds
/home/elizaveta/poky/meta/recipes-support/apr/apr_1.7.4.bb: 0.27 seconds
/home/elizaveta/poky/meta/recipes-kernel/systemtap/systemtap_git.bb: 0.15 seconds
/home/elizaveta/poky/meta/recipes-devtools/python/python3-babel_2.12.1.bb: 0.14 seconds
/home/elizaveta/poky/meta/recipes-support/ptest-runner/ptest-runner_2.4.2.bb: 0.08 seconds
/home/elizaveta/poky/meta/recipes-devtools/rust/rust_1.70.0.bb: 0.28 seconds
/home/elizaveta/poky/meta/recipes-core/musl/libssp-nonshared.bb: 0.01 seconds
/home/elizaveta/poky/meta/recipes-graphics/xorg-lib/xcb-util_0.4.1.bb: 0.05 seconds
/home/elizaveta/poky/meta/recipes-extended/libidn/libidn2_2.3.4.bb: 0.16 seconds
/home/elizaveta/poky/meta/recipes-graphics/fontconfig/fontconfig_2.14.2.bb: 0.22 seconds
/home/elizaveta/poky/meta/recipes-extended/screen/screen_4.9.1.bb: 0.06 seconds
/home/elizaveta/poky/meta/recipes-devtools/gcc/gcc-cross-canadian_13.2.bb: 0.10 seconds
/home/elizaveta/poky/meta/recipes-connectivity/iproute2/iproute2_6.5.0.bb: 0.07 seconds
/home/elizaveta/poky/meta/recipes-devtools/python/python3-idna_3.4.bb: 0.14 seconds
/home/elizaveta/poky/meta/recipes-core/initrdscripts/initramfs-live-install-efi-testfs_1.0.bb: 0.05 seconds
/home/elizaveta/poky/meta/recipes-support/libcap/libcap_2.69.bb: 0.15 seconds
/home/elizaveta/poky/meta/recipes-core/ttyrun/ttyrun_2.29.0.bb: 0.05 seconds
/home/elizaveta/poky/meta/recipes-devtools/python/python3-chardet_5.2.0.bb: 0.14 seconds
/home/elizaveta/poky/meta/recipes-devtools/flex/flex_2.6.4.bb: 0.17 seconds
/home/elizaveta/poky/meta/recipes-support/libksba/libksba_1.6.4.bb: 0.16 seconds
/home/elizaveta/poky/meta/recipes-devtools/python/python3-cryptography_41.0.4.bb: 0.22 seconds
/home/elizaveta/poky/meta/recipes-graphics/xorg-font/xorg-minimal-fonts.bb: 0.04 seconds
/home/elizaveta/poky/meta/recipes-devtools/python/python3-urllib3_2.0.7.bb: 0.15 seconds
/home/elizaveta/poky/meta/recipes-graphics/libsdl2/libsdl2_2.28.4.bb: 0.18 seconds
/home/elizaveta/poky/meta/recipes-devtools/libcomps/libcomps_0.1.19.bb: 0.16 seconds
/home/elizaveta/poky/meta/recipes-multimedia/libpng/libpng_1.6.40.bb: 0.16 seconds
/home/elizaveta/poky/meta/recipes-extended/shadow/shadow-sysroot_4.6.bb: 0.05 seconds
/home/elizaveta/poky/meta/recipes-devtools/fdisk/gptfdisk_1.0.9.bb: 0.14 seconds
/home/elizaveta/poky/meta/recipes-core/packagegroups/packagegroup-base.bb: 0.08 seconds
/home/elizaveta/poky/meta/recipes-graphics/xorg-lib/libxxf86vm_1.1.5.bb: 0.18 seconds
/home/elizaveta/poky/meta/recipes-gnome/libxmlb/libxmlb_0.3.14.bb: 0.12 seconds
/home/elizaveta/poky/meta/recipes-graphics/mini-x-session/mini-x-session_0.1.bb: 0.05 seconds
/home/elizaveta/poky/meta/recipes-sato/webkit/webkitgtk_2.40.5.bb: 0.08 seconds
/home/elizaveta/poky/meta/recipes-extended/iptables/iptables_1.8.9.bb: 0.07 seconds
/home/elizaveta/poky/meta/recipes-devtools/python/python3-gitdb_4.0.10.bb: 0.14 seconds
/home/elizaveta/poky/meta/recipes-devtools/python/python3-pycryptodomex_3.19.0.bb: 0.15 seconds
/home/elizaveta/poky/meta/recipes-graphics/vulkan/vulkan-samples_git.bb: 0.07 seconds
/home/elizaveta/poky/meta/recipes-connectivity/inetutils/inetutils_2.4.bb: 0.09 seconds
/home/elizaveta/poky/meta/recipes-support/vte/vte_0.72.2.bb: 0.17 seconds
/home/elizaveta/poky/meta/recipes-graphics/xorg-lib/libxcb_1.16.bb: 0.20 seconds
/home/elizaveta/poky/meta/recipes-devtools/binutils/binutils-crosssdk_2.41.bb: 0.06 seconds
/home/elizaveta/poky/meta/recipes-devtools/docbook-xml/docbook-xsl-stylesheets_1.79.1.bb: 0.14 seconds
/home/elizaveta/poky/meta/recipes-extended/zstd/zstd_1.5.5.bb: 0.19 seconds
/home/elizaveta/poky/meta/recipes-core/glibc/ldconfig-native_2.12.1.bb: 0.04 seconds
/home/elizaveta/poky/meta/recipes-graphics/xorg-app/xset_1.2.5.bb: 0.11 seconds
/home/elizaveta/poky/meta/recipes-core/images/build-appliance-image_15.0.0.bb: 0.26 seconds
/home/elizaveta/poky/meta/recipes-core/init-ifupdown/init-ifupdown_1.0.bb: 0.10 seconds
/home/elizaveta/poky/meta/recipes-devtools/qemu/nativesdk-qemu-helper_1.0.bb: 0.05 seconds
/home/elizaveta/poky/meta/recipes-rt/images/core-image-rt-sdk.bb: 0.06 seconds
/home/elizaveta/poky/meta/recipes-graphics/xorg-driver/xf86-input-vmmouse_13.2.0.bb: 0.06 seconds
/home/elizaveta/poky/meta/recipes-core/newlib/newlib_git.bb: 0.01 seconds
/home/elizaveta/poky/meta/recipes-kernel/lttng/lttng-ust_2.13.6.bb: 0.06 seconds
/home/elizaveta/poky/meta/recipes-devtools/python/python3-jsonpointer_2.4.bb: 0.15 seconds
/home/elizaveta/poky/meta/recipes-devtools/debugedit/debugedit_5.0.bb: 0.20 seconds
/home/elizaveta/poky/meta/recipes-graphics/wayland/weston_12.0.2.bb: 0.10 seconds
/home/elizaveta/poky/meta/recipes-core/os-release/os-release.bb: 0.05 seconds
/home/elizaveta/poky/meta/recipes-connectivity/wpa-supplicant/wpa-supplicant_2.10.bb: 0.07 seconds
/home/elizaveta/poky/meta/recipes-kernel/lttng/lttng-modules_2.13.10.bb: 0.13 seconds
/home/elizaveta/poky/meta/recipes-kernel/cryptodev/cryptodev-module_1.13.bb: 0.07 seconds
/home/elizaveta/poky/meta/recipes-devtools/swig/swig_4.1.1.bb: 0.23 seconds
/home/elizaveta/poky/meta/recipes-support/lz4/lz4_1.9.4.bb: 0.14 seconds
/home/elizaveta/poky/meta/recipes-extended/libtirpc/libtirpc_1.3.3.bb: 0.15 seconds
/home/elizaveta/poky/meta/recipes-bsp/libacpi/libacpi_0.2.bb: 0.05 seconds
/home/elizaveta/poky/meta/recipes-graphics/xorg-font/font-alias_1.0.5.bb: 0.06 seconds
/home/elizaveta/poky/meta/recipes-devtools/rust/rust-cross-canadian_1.70.0.bb: 0.08 seconds
/home/elizaveta/poky/meta/recipes-extended/images/core-image-testcontroller-initramfs.bb: 0.19 seconds
/home/elizaveta/poky/meta/recipes-devtools/perl/perl_5.38.2.bb: 0.21 seconds
/home/elizaveta/poky/meta/recipes-bsp/setserial/setserial_2.17.bb: 0.06 seconds
/home/elizaveta/poky/meta/recipes-devtools/perl/liburi-perl_5.21.bb: 0.10 seconds
/home/elizaveta/poky/meta/recipes-graphics/xorg-xserver/xserver-xorg_21.1.11.bb: 0.07 seconds
/home/elizaveta/poky/meta/recipes-bsp/lrzsz/lrzsz_0.12.20.bb: 0.06 seconds
/home/elizaveta/poky/meta/recipes-devtools/python/python3-requests_2.31.0.bb: 0.15 seconds
/home/elizaveta/poky/meta/recipes-connectivity/nfs-utils/nfs-utils_2.6.4.bb: 0.11 seconds
/home/elizaveta/poky/meta/recipes-extended/perl/libtimedate-perl_2.30.bb: 0.10 seconds
/home/elizaveta/poky/meta/recipes-extended/unzip/unzip_6.0.bb: 0.15 seconds
/home/elizaveta/poky/meta/recipes-devtools/python/python3-dbusmock_0.29.1.bb: 0.08 seconds
/home/elizaveta/poky/meta/recipes-devtools/python/python3-sphinxcontrib-applehelp_1.0.4.bb: 0.14 seconds
/home/elizaveta/poky/meta/recipes-extended/libpipeline/libpipeline_1.5.7.bb: 0.06 seconds
/home/elizaveta/poky/meta/recipes-support/libxslt/libxslt_1.1.39.bb: 0.22 seconds
/home/elizaveta/poky/meta/recipes-core/libxml/libxml2_2.11.7.bb: 0.18 seconds
/home/elizaveta/poky/meta/recipes-sato/matchbox-config-gtk/matchbox-config-gtk_0.2.bb: 0.06 seconds
/home/elizaveta/poky/meta/recipes-devtools/btrfs-tools/btrfs-tools_6.5.1.bb: 0.17 seconds
/home/elizaveta/poky/meta/recipes-core/meta/target-sdk-provides-dummy.bb: 0.05 seconds
/home/elizaveta/poky/meta/recipes-devtools/libtool/libtool-native_2.4.7.bb: 0.05 seconds
/home/elizaveta/poky/meta/recipes-core/sysfsutils/sysfsutils_2.1.1.bb: 0.05 seconds
/home/elizaveta/poky/meta/recipes-extended/ethtool/ethtool_6.5.bb: 0.07 seconds
/home/elizaveta/poky/meta/recipes-core/meta/buildtools-tarball.bb: 0.06 seconds
/home/elizaveta/poky/meta/recipes-extended/newt/libnewt_0.52.24.bb: 0.19 seconds
/home/elizaveta/poky/meta/recipes-devtools/python/python3-docutils_0.20.1.bb: 0.19 seconds
/home/elizaveta/poky/meta/recipes-graphics/xorg-lib/libxres_1.2.2.bb: 0.12 seconds
/home/elizaveta/poky/meta/recipes-core/udev/eudev_3.2.12.bb: 0.07 seconds
/home/elizaveta/poky/meta/recipes-graphics/cantarell-fonts/cantarell-fonts_0.303.1.bb: 0.13 seconds
/home/elizaveta/poky/meta/recipes-core/musl/libucontext_1.2.bb: 0.01 seconds
/home/elizaveta/poky/meta/recipes-devtools/binutils/binutils-cross-testsuite_2.41.bb: 0.06 seconds
/home/elizaveta/poky/meta/recipes-support/numactl/numactl_git.bb: 0.07 seconds
/home/elizaveta/poky/meta/recipes-support/gnupg/gnupg_2.4.3.bb: 0.18 seconds
/home/elizaveta/poky/meta/recipes-graphics/xorg-lib/libxv_1.0.12.bb: 0.07 seconds
/home/elizaveta/poky/meta/recipes-kernel/perf/perf.bb: 0.10 seconds
/home/elizaveta/poky/meta/recipes-graphics/spir/spirv-tools_1.3.261.1.bb: 0.22 seconds
/home/elizaveta/poky/meta/recipes-support/libcheck/libcheck_0.15.2.bb: 0.24 seconds
/home/elizaveta/poky/meta/recipes-bsp/pm-utils/pm-utils_1.4.1.bb: 0.06 seconds
/home/elizaveta/poky/meta/recipes-devtools/go/go-crosssdk_1.20.12.bb: 0.05 seconds
/home/elizaveta/poky/meta/recipes-devtools/python/python3-cython_0.29.36.bb: 0.20 seconds
/home/elizaveta/poky/meta/recipes-devtools/perl/libmodule-build-perl_0.4234.bb: 0.11 seconds
/home/elizaveta/poky/meta/recipes-devtools/python/python3-pycryptodome_3.19.0.bb: 0.14 seconds
/home/elizaveta/poky/meta/recipes-extended/perl/libxml-sax-base-perl_1.09.bb: 0.16 seconds
/home/elizaveta/poky/meta/recipes-connectivity/ppp/ppp_2.5.0.bb: 0.07 seconds
/home/elizaveta/poky/meta/recipes-graphics/vulkan/vulkan-loader_1.3.261.1.bb: 0.06 seconds
/home/elizaveta/poky/meta/recipes-support/db/db_5.3.28.bb: 0.26 seconds
/home/elizaveta/poky/meta/recipes-devtools/python/python3-ruamel-yaml_0.17.32.bb: 0.14 seconds
/home/elizaveta/poky/meta/recipes-core/coreutils/coreutils_9.4.bb: 0.20 seconds
/home/elizaveta/poky/meta/recipes-devtools/expect/expect_5.45.4.bb: 0.19 seconds
/home/elizaveta/poky/meta/recipes-multimedia/alsa/alsa-ucm-conf_1.2.10.bb: 0.04 seconds
/home/elizaveta/poky/meta/recipes-graphics/igt-gpu-tools/igt-gpu-tools_git.bb: 0.06 seconds
/home/elizaveta/poky/meta/recipes-sato/matchbox-theme-sato/matchbox-theme-sato_0.2.bb: 0.05 seconds
/home/elizaveta/poky/meta/recipes-devtools/python/python3-pretend_1.0.9.bb: 0.14 seconds
/home/elizaveta/poky/meta/recipes-support/popt/popt_1.19.bb: 0.17 seconds
/home/elizaveta/poky/meta/recipes-rt/rt-tests/hwlatdetect_git.bb: 0.05 seconds
/home/elizaveta/poky/meta/recipes-devtools/libtool/nativesdk-libtool_2.4.7.bb: 0.07 seconds
/home/elizaveta/poky/meta/recipes-bsp/gnu-efi/gnu-efi_3.0.17.bb: 0.10 seconds
/home/elizaveta/poky/meta/recipes-core/meta/meta-environment.bb: 0.07 seconds
/home/elizaveta/poky/meta/recipes-devtools/perl/libxml-parser-perl_2.46.bb: 0.16 seconds
/home/elizaveta/poky/meta/recipes-core/images/core-image-minimal-initramfs.bb: 0.20 seconds
/home/elizaveta/poky/meta/recipes-core/util-linux/util-linux_2.39.2.bb: 0.22 seconds
/home/elizaveta/poky/meta/recipes-connectivity/openssh/openssh_9.5p1.bb: 0.20 seconds
/home/elizaveta/poky/meta/recipes-core/packagegroups/packagegroup-core-boot.bb: 0.05 seconds
/home/elizaveta/poky/meta/recipes-extended/sysklogd/sysklogd_2.5.2.bb: 0.07 seconds
/home/elizaveta/poky/meta/recipes-extended/perl/libxml-sax-perl_1.02.bb: 0.20 seconds
/home/elizaveta/poky/meta/recipes-devtools/strace/strace_6.5.bb: 0.11 seconds
/home/elizaveta/poky/meta/recipes-connectivity/bind/bind_9.18.24.bb: 0.10 seconds
/home/elizaveta/poky/meta/recipes-connectivity/neard/neard_0.19.bb: 0.11 seconds
/home/elizaveta/poky/meta/recipes-devtools/python/python3-pyopenssl_23.2.0.bb: 0.14 seconds
/home/elizaveta/poky/meta/recipes-multimedia/gstreamer/gstreamer1.0-libav_1.22.9.bb: 0.01 seconds
/home/elizaveta/poky/meta/recipes-devtools/python/python3-wcwidth_0.2.6.bb: 0.19 seconds
/home/elizaveta/poky/meta/recipes-extended/man-pages/man-pages_6.05.01.bb: 0.05 seconds
/home/elizaveta/poky/meta/recipes-graphics/graphene/graphene_1.10.8.bb: 0.23 seconds
/home/elizaveta/poky/meta/recipes-connectivity/ofono/ofono_2.1.bb: 0.07 seconds
/home/elizaveta/poky/meta/recipes-devtools/dmidecode/dmidecode_3.5.bb: 0.05 seconds
/home/elizaveta/poky/meta/recipes-kernel/cryptodev/cryptodev-linux_1.13.bb: 0.14 seconds
/home/elizaveta/poky/meta/recipes-support/iso-codes/iso-codes_4.15.0.bb: 0.13 seconds
/home/elizaveta/poky/meta/recipes-devtools/squashfs-tools/squashfs-tools_git.bb: 0.17 seconds
/home/elizaveta/poky/meta/recipes-multimedia/alsa/alsa-plugins_1.2.7.1.bb: 0.12 seconds
/home/elizaveta/poky/meta/recipes-core/packagegroups/packagegroup-core-standalone-sdk-target.bb: 0.05 seconds
/home/elizaveta/poky/meta/recipes-core/sysvinit/sysvinit_3.04.bb: 0.06 seconds
/home/elizaveta/poky/meta/recipes-support/attr/acl_2.3.1.bb: 0.17 seconds
/home/elizaveta/poky/meta/recipes-devtools/python/python3-markupsafe_2.1.3.bb: 0.15 seconds
/home/elizaveta/poky/meta/recipes-devtools/python/python3-pip_23.2.1.bb: 0.14 seconds
/home/elizaveta/poky/meta/recipes-devtools/python/python3-installer_0.7.0.bb: 0.18 seconds
/home/elizaveta/poky/meta/recipes-kernel/modutils-initscripts/modutils-initscripts.bb: 0.05 seconds
/home/elizaveta/poky/meta/recipes-extended/bzip2/bzip2_1.0.8.bb: 0.18 seconds
/home/elizaveta/poky/meta/recipes-gnome/gdk-pixbuf/gdk-pixbuf_2.42.10.bb: 0.19 seconds
/home/elizaveta/poky/meta/recipes-extended/images/core-image-testcontroller.bb: 0.13 seconds
/home/elizaveta/poky/meta/recipes-devtools/go/go-native_1.20.12.bb: 0.04 seconds
/home/elizaveta/poky/meta/recipes-devtools/gdb/gdb-cross-canadian_13.2.bb: 0.08 seconds
/home/elizaveta/poky/meta/recipes-connectivity/dhcpcd/dhcpcd_10.0.2.bb: 0.07 seconds
/home/elizaveta/poky/meta/recipes-graphics/xorg-util/util-macros_1.20.0.bb: 0.14 seconds
/home/elizaveta/poky/meta/recipes-core/ncurses/ncurses_6.4.bb: 0.23 seconds
/home/elizaveta/poky/meta/recipes-graphics/xorg-xserver/xserver-xf86-config_0.1.bb: 0.05 seconds
/home/elizaveta/poky/meta/recipes-core/fts/fts_1.2.7.bb: 0.01 seconds
/home/elizaveta/poky/meta/recipes-devtools/libedit/libedit_20230828-3.1.bb: 0.16 seconds
/home/elizaveta/poky/meta/recipes-core/packagegroups/packagegroup-core-tools-profile.bb: 0.04 seconds
/home/elizaveta/poky/meta/recipes-devtools/libtool/libtool_2.4.7.bb: 0.07 seconds
/home/elizaveta/poky/meta/recipes-core/packagegroups/nativesdk-packagegroup-sdk-host.bb: 0.04 seconds
/home/elizaveta/poky/meta/recipes-graphics/xorg-lib/libxinerama_1.1.5.bb: 0.17 seconds
/home/elizaveta/poky/meta/recipes-devtools/gdb/gdb-cross_13.2.bb: 0.06 seconds
/home/elizaveta/poky/meta/recipes-support/nettle/nettle_3.9.1.bb: 0.18 seconds
/home/elizaveta/poky/meta/recipes-devtools/autoconf-archive/autoconf-archive_2023.02.20.bb: 0.13 seconds
/home/elizaveta/poky/meta/recipes-core/meta/meta-ide-support.bb: 0.06 seconds
/home/elizaveta/poky/meta/recipes-devtools/python/python3-git_3.1.36.bb: 0.14 seconds
/home/elizaveta/poky/meta/recipes-core/images/core-image-minimal.bb: 0.19 seconds
/home/elizaveta/poky/meta/recipes-devtools/python/python3-setuptools-rust_1.7.0.bb: 0.11 seconds
/home/elizaveta/poky/meta/recipes-core/initrdscripts/initramfs-module-setup-live_1.0.bb: 0.05 seconds
/home/elizaveta/poky/meta/recipes-extended/mdadm/mdadm_4.2.bb: 0.12 seconds
/home/elizaveta/poky/meta/recipes-devtools/cmake/cmake_3.27.7.bb: 0.18 seconds
/home/elizaveta/poky/meta/recipes-devtools/python/python3-tomli_2.0.1.bb: 0.15 seconds
/home/elizaveta/poky/meta/recipes-graphics/kmscube/kmscube_git.bb: 0.06 seconds
/home/elizaveta/poky/meta/recipes-connectivity/mobile-broadband-provider-info/mobile-broadband-provider-info_git.bb: 0.05 seconds
/home/elizaveta/poky/meta/recipes-devtools/qemu/qemu-helper-native_1.0.bb: 0.03 seconds
/home/elizaveta/poky/meta/recipes-graphics/xorg-lib/libxcursor_1.2.1.bb: 0.22 seconds
/home/elizaveta/poky/meta/recipes-devtools/meson/meson_1.2.2.bb: 0.15 seconds
/home/elizaveta/poky/meta/recipes-multimedia/gstreamer/gstreamer1.0-vaapi_1.22.9.bb: 0.06 seconds
/home/elizaveta/poky/meta/recipes-support/rng-tools/rng-tools_6.16.bb: 0.07 seconds
/home/elizaveta/poky/meta/recipes-support/libpcre/libpcre2_10.42.bb: 0.24 seconds
/home/elizaveta/poky/meta/recipes-extended/texinfo-dummy-native/texinfo-dummy-native.bb: 0.04 seconds
/home/elizaveta/poky/meta/recipes-devtools/python/python3-setuptools-scm_7.1.0.bb: 0.14 seconds
/home/elizaveta/poky/meta/recipes-extended/bash/bash_5.2.15.bb: 0.21 seconds
/home/elizaveta/poky/meta/recipes-support/ca-certificates/ca-certificates_20211016.bb: 0.14 seconds
/home/elizaveta/poky/meta/recipes-core/dropbear/dropbear_2022.83.bb: 0.08 seconds
/home/elizaveta/poky/meta/recipes-sato/packagegroups/packagegroup-core-x11-sato.bb: 0.05 seconds
/home/elizaveta/poky/meta/recipes-devtools/desktop-file-utils/desktop-file-utils_0.26.bb: 0.15 seconds
/home/elizaveta/poky/meta/recipes-core/images/core-image-base.bb: 0.12 seconds
/home/elizaveta/poky/meta/recipes-core/glibc/glibc-scripts_2.38.bb: 0.05 seconds
/home/elizaveta/poky/meta/recipes-kernel/libtraceevent/libtraceevent_1.7.3.bb: 0.07 seconds
/home/elizaveta/poky/meta/recipes-support/gnutls/gnutls_3.8.3.bb: 0.22 seconds
/home/elizaveta/poky/meta/recipes-graphics/xorg-app/xrandr_1.5.2.bb: 0.14 seconds
/home/elizaveta/poky/meta/recipes-support/debianutils/debianutils_5.13.bb: 0.11 seconds
/home/elizaveta/poky/meta/recipes-devtools/python/python3-pygments_2.16.1.bb: 0.19 seconds
/home/elizaveta/poky/meta/recipes-core/initrdscripts/initramfs-live-install-testfs_1.0.bb: 0.05 seconds
/home/elizaveta/poky/meta/recipes-connectivity/bluez5/bluez5_5.69.bb: 0.09 seconds
/home/elizaveta/poky/meta/recipes-core/packagegroups/packagegroup-core-eclipse-debug.bb: 0.04 seconds
/home/elizaveta/poky/meta/recipes-devtools/unfs3/unfs3_git.bb: 0.16 seconds
/home/elizaveta/poky/meta/recipes-devtools/python/python3-pyyaml_6.0.1.bb: 0.19 seconds
/home/elizaveta/poky/meta/recipes-gnome/libnotify/libnotify_0.8.2.bb: 0.06 seconds
/home/elizaveta/poky/meta/recipes-graphics/xorg-font/encodings_1.0.7.bb: 0.06 seconds
/home/elizaveta/poky/meta/recipes-gnome/gnome/gconf_3.2.6.bb: 0.13 seconds
/home/elizaveta/poky/meta/recipes-support/npth/npth_1.6.bb: 0.16 seconds
/home/elizaveta/poky/meta/recipes-devtools/python/python3-ndg-httpsclient_0.5.1.bb: 0.15 seconds
/home/elizaveta/poky/meta/recipes-devtools/gcc/libgfortran_13.2.bb: 0.03 seconds
/home/elizaveta/poky/meta/recipes-devtools/diffstat/diffstat_1.65.bb: 0.13 seconds
/home/elizaveta/poky/meta/recipes-graphics/xorg-lib/libice_1.1.1.bb: 0.17 seconds
/home/elizaveta/poky/meta/recipes-core/musl/libc-test_git.bb: 0.01 seconds
/home/elizaveta/poky/meta/recipes-core/musl/musl-legacy-error.bb: 0.01 seconds
/home/elizaveta/poky/meta/recipes-extended/cwautomacros/cwautomacros_20110201.bb: 0.08 seconds
/home/elizaveta/poky/meta/recipes-core/images/core-image-ptest-fast.bb: 0.04 seconds
/home/elizaveta/poky/meta/recipes-devtools/python/python3-unittest-automake-output_0.1.bb: 0.13 seconds
/home/elizaveta/poky/meta/recipes-core/initscripts/init-system-helpers_1.65.2.bb: 0.05 seconds
/home/elizaveta/poky/meta/recipes-core/initrdscripts/initramfs-live-install_1.0.bb: 0.05 seconds
/home/elizaveta/poky/meta/recipes-extended/logrotate/logrotate_3.21.0.bb: 0.07 seconds
/home/elizaveta/poky/meta/recipes-connectivity/avahi/avahi_0.8.bb: 0.09 seconds
/home/elizaveta/poky/meta/recipes-bsp/pciutils/pciutils_3.10.0.bb: 0.06 seconds
/home/elizaveta/poky/meta/recipes-devtools/distcc/distcc_3.4.bb: 0.07 seconds
/home/elizaveta/poky/meta/recipes-graphics/xorg-lib/libxfont_1.5.4.bb: 0.12 seconds
/home/elizaveta/poky/meta/recipes-extended/libnss-nis/libnss-nis.bb: 0.14 seconds
/home/elizaveta/poky/meta/recipes-support/curl/curl_8.4.0.bb: 0.18 seconds
/home/elizaveta/poky/meta/recipes-devtools/python/python3-libarchive-c_5.0.bb: 0.09 seconds
/home/elizaveta/poky/meta/recipes-sato/rxvt-unicode/rxvt-unicode_9.31.bb: 0.06 seconds
/home/elizaveta/poky/meta/recipes-gnome/json-glib/json-glib_1.6.6.bb: 0.18 seconds
/home/elizaveta/poky/meta/recipes-devtools/python/python3-booleanpy_4.0.bb: 0.18 seconds
/home/elizaveta/poky/meta/recipes-devtools/python/python3-iniparse_0.5.bb: 0.16 seconds
/home/elizaveta/poky/meta/recipes-core/netbase/netbase_6.4.bb: 0.11 seconds
/home/elizaveta/poky/meta/recipes-kernel/linux/linux-yocto-rt_6.1.bb: 0.06 seconds
/home/elizaveta/poky/meta/recipes-extended/images/core-image-kernel-dev.bb: 0.18 seconds
/home/elizaveta/poky/meta/recipes-devtools/nasm/nasm_2.16.01.bb: 0.12 seconds
/home/elizaveta/poky/meta/recipes-graphics/matchbox-session/matchbox-session_0.1.bb: 0.05 seconds
/home/elizaveta/poky/meta/recipes-extended/sudo/sudo_1.9.15p5.bb: 0.06 seconds
/home/elizaveta/poky/meta/recipes-devtools/python/python3-sortedcontainers_2.4.0.bb: 0.15 seconds
/home/elizaveta/poky/meta/recipes-graphics/waffle/waffle_1.7.2.bb: 0.07 seconds
/home/elizaveta/poky/meta/recipes-devtools/python/python3-dbus_1.3.2.bb: 0.16 seconds
/home/elizaveta/poky/meta/recipes-core/systemd/systemd-serialgetty.bb: 0.01 seconds
/home/elizaveta/poky/meta/recipes-devtools/python/python3-numpy_1.26.0.bb: 0.20 seconds
/home/elizaveta/poky/meta/recipes-devtools/mmc/mmc-utils_git.bb: 0.10 seconds
/home/elizaveta/poky/meta/recipes-devtools/intltool/intltool_0.51.0.bb: 0.14 seconds
/home/elizaveta/poky/meta/recipes-kernel/blktrace/blktrace_git.bb: 0.06 seconds
/home/elizaveta/poky/meta/recipes-devtools/perl/libxml-perl_0.08.bb: 0.06 seconds
/home/elizaveta/poky/meta/recipes-devtools/go/go-binary-native_1.20.12.bb: 0.04 seconds
/home/elizaveta/poky/meta/recipes-graphics/drm/libdrm_2.4.116.bb: 0.23 seconds
/home/elizaveta/poky/meta/recipes-core/gettext/gettext_0.22.bb: 0.21 seconds
/home/elizaveta/poky/meta/recipes-multimedia/gstreamer/gstreamer1.0-python_1.22.9.bb: 0.06 seconds
/home/elizaveta/poky/meta/recipes-devtools/python/python3-jsonschema_4.17.3.bb: 0.20 seconds
/home/elizaveta/poky/meta/recipes-connectivity/slirp/libslirp_git.bb: 0.15 seconds
/home/elizaveta/poky/meta/recipes-devtools/chrpath/chrpath_0.16.bb: 0.20 seconds
/home/elizaveta/poky/meta/recipes-support/bmap-tools/bmap-tools_git.bb: 0.14 seconds
/home/elizaveta/poky/meta/recipes-graphics/xorg-driver/xf86-video-fbdev_0.5.0.bb: 0.06 seconds
/home/elizaveta/poky/meta/recipes-graphics/xorg-driver/xf86-input-libinput_1.4.0.bb: 0.06 seconds
/home/elizaveta/poky/meta/recipes-devtools/dpkg/dpkg_1.22.0.bb: 0.21 seconds
/home/elizaveta/poky/meta/recipes-multimedia/gstreamer/gstreamer1.0-omx_1.22.9.bb: 0.01 seconds
/home/elizaveta/poky/meta/recipes-devtools/python/python3-zipp_3.17.0.bb: 0.14 seconds
/home/elizaveta/poky/meta/recipes-sato/webkit/libwpe_1.14.1.bb: 0.06 seconds
/home/elizaveta/poky/meta/recipes-devtools/bootchart2/bootchart2_0.14.9.bb: 0.10 seconds
/home/elizaveta/poky/meta/recipes-extended/ghostscript/ghostscript_10.02.1.bb: 0.07 seconds
/home/elizaveta/poky/meta/recipes-support/sqlite/sqlite3_3.43.2.bb: 0.17 seconds
/home/elizaveta/poky/meta/recipes-graphics/mesa/mesa-gl_23.2.1.bb: 0.22 seconds
/home/elizaveta/poky/meta/recipes-devtools/python/python3-pyparsing_3.1.1.bb: 0.14 seconds
/home/elizaveta/poky/meta/recipes-support/taglib/taglib_1.13.1.bb: 0.06 seconds
/home/elizaveta/poky/meta/recipes-graphics/matchbox-wm/matchbox-wm_1.2.3.bb: 0.06 seconds
/home/elizaveta/poky/meta/recipes-core/initrdscripts/initramfs-framework_1.0.bb: 0.05 seconds
/home/elizaveta/poky/meta/recipes-multimedia/mpeg2dec/mpeg2dec_0.5.1.bb: 0.02 seconds
/home/elizaveta/poky/meta/recipes-extended/zip/zip_3.0.bb: 0.10 seconds
/home/elizaveta/poky/meta/recipes-graphics/xorg-lib/xtrans_1.5.0.bb: 0.16 seconds
/home/elizaveta/poky/meta/recipes-graphics/freetype/freetype_2.13.2.bb: 0.22 seconds
/home/elizaveta/poky/meta/recipes-devtools/rsync/rsync_3.2.7.bb: 0.16 seconds
/home/elizaveta/poky/meta/recipes-devtools/perl/libtest-needs-perl_0.002010.bb: 0.10 seconds
/home/elizaveta/poky/meta/recipes-core/glib-2.0/glib-2.0_2.78.3.bb: 0.21 seconds
/home/elizaveta/poky/meta/recipes-support/diffoscope/diffoscope_249.bb: 0.10 seconds
/home/elizaveta/poky/meta/recipes-core/initrdscripts/initramfs-live-boot-tiny_1.0.bb: 0.10 seconds
/home/elizaveta/poky/meta/recipes-graphics/libmatchbox/libmatchbox_1.12.bb: 0.06 seconds
/home/elizaveta/poky/meta/recipes-graphics/xorg-lib/libxfont2_2.0.6.bb: 0.12 seconds
/home/elizaveta/poky/meta/recipes-core/initrdscripts/initramfs-module-install-efi_1.0.bb: 0.05 seconds
/home/elizaveta/poky/meta/recipes-core/libxcrypt/libxcrypt-compat_4.4.36.bb: 0.15 seconds
/home/elizaveta/poky/meta/recipes-core/readline/readline_8.2.bb: 0.28 seconds
/home/elizaveta/poky/meta/recipes-support/mpfr/mpfr_4.2.1.bb: 0.14 seconds
/home/elizaveta/poky/meta/recipes-core/libxcrypt/libxcrypt_4.4.36.bb: 0.15 seconds
/home/elizaveta/poky/meta/recipes-kernel/linux-libc-headers/linux-libc-headers_6.5.bb: 0.10 seconds
/home/elizaveta/poky/meta/recipes-devtools/dnf/dnf_4.17.0.bb: 0.18 seconds
/home/elizaveta/poky/meta/recipes-devtools/subversion/subversion_1.14.2.bb: 0.23 seconds
/home/elizaveta/poky/meta/recipes-graphics/xorg-app/xmodmap_1.0.11.bb: 0.05 seconds
/home/elizaveta/poky/meta/recipes-support/aspell/aspell_0.60.8.1.bb: 0.06 seconds
/home/elizaveta/poky/meta/recipes-kernel/dtc/dtc_1.7.0.bb: 0.16 seconds
/home/elizaveta/poky/meta/recipes-core/packagegroups/packagegroup-core-ssh-openssh.bb: 0.04 seconds
/home/elizaveta/poky/meta/recipes-graphics/packagegroups/packagegroup-core-weston.bb: 0.04 seconds
/home/elizaveta/poky/meta/recipes-graphics/xinput-calibrator/pointercal-xinput_0.0.bb: 0.05 seconds
/home/elizaveta/poky/meta/recipes-core/packagegroups/packagegroup-core-nfs.bb: 0.04 seconds
/home/elizaveta/poky/meta/recipes-connectivity/resolvconf/resolvconf_1.91.bb: 0.05 seconds
/home/elizaveta/poky/meta/recipes-extended/diffutils/diffutils_3.10.bb: 0.19 seconds
/home/elizaveta/poky/meta/recipes-gnome/gsettings-desktop-schemas/gsettings-desktop-schemas_44.0.bb: 0.12 seconds
/home/elizaveta/poky/meta/recipes-graphics/xorg-driver/xf86-input-evdev_2.10.6.bb: 0.12 seconds
/home/elizaveta/poky/meta/recipes-connectivity/ppp-dialin/ppp-dialin_0.1.bb: 0.05 seconds
/home/elizaveta/poky/meta/recipes-support/libmpc/libmpc_1.3.1.bb: 0.24 seconds
/home/elizaveta/poky/meta/recipes-multimedia/libomxil/libomxil_0.9.3.bb: 0.07 seconds
/home/elizaveta/poky/meta/recipes-support/shared-mime-info/shared-mime-info_git.bb: 0.17 seconds
/home/elizaveta/poky/meta/recipes-devtools/rpm/rpm_4.18.1.bb: 0.25 seconds
/home/elizaveta/poky/meta/recipes-core/libcgroup/libcgroup_3.1.0.bb: 0.06 seconds
/home/elizaveta/poky/meta/recipes-extended/cronie/cronie_1.6.1.bb: 0.08 seconds
/home/elizaveta/poky/meta/recipes-core/images/core-image-ptest-all.bb: 0.04 seconds
/home/elizaveta/poky/meta/recipes-devtools/python/python3-xmltodict_0.13.0.bb: 0.15 seconds
/home/elizaveta/poky/meta/recipes-sato/matchbox-desktop/matchbox-desktop_2.3.bb: 0.06 seconds
/home/elizaveta/poky/meta/recipes-multimedia/gstreamer/gstreamer1.0_1.22.9.bb: 0.07 seconds
/home/elizaveta/poky/meta/recipes-gnome/gtk+/gtk4_4.12.3.bb: 0.11 seconds
/home/elizaveta/poky/meta/recipes-devtools/gcc/gcc-runtime_13.2.bb: 0.18 seconds
/home/elizaveta/poky/meta/recipes-support/libpcre/libpcre_8.45.bb: 0.20 seconds
/home/elizaveta/poky/meta/recipes-graphics/xorg-lib/libxdmcp_1.1.4.bb: 0.18 seconds
/home/elizaveta/poky/meta/recipes-graphics/startup-notification/startup-notification_0.12.bb: 0.06 seconds
/home/elizaveta/poky/meta/recipes-kernel/wireless-regdb/wireless-regdb_2024.01.23.bb: 0.09 seconds
/home/elizaveta/poky/meta/recipes-devtools/python/python3-pycparser_2.21.bb: 0.14 seconds
/home/elizaveta/poky/meta/recipes-devtools/pseudo/pseudo_git.bb: 0.19 seconds
/home/elizaveta/poky/meta/recipes-connectivity/kea/kea_2.4.1.bb: 0.07 seconds
/home/elizaveta/poky/meta/recipes-core/seatd/seatd_0.8.0.bb: 0.07 seconds
/home/elizaveta/poky/meta/recipes-devtools/python/python3-atomicwrites_1.4.1.bb: 0.16 seconds
/home/elizaveta/poky/meta/recipes-core/ifupdown/ifupdown_0.8.41.bb: 0.11 seconds
/home/elizaveta/poky/meta/recipes-extended/bc/bc_1.07.1.bb: 0.21 seconds
/home/elizaveta/poky/meta/recipes-sato/pcmanfm/pcmanfm_1.3.2.bb: 0.06 seconds
/home/elizaveta/poky/meta/recipes-devtools/cdrtools/cdrtools-native_3.01.bb: 0.04 seconds
/home/elizaveta/poky/meta/recipes-gnome/libgudev/libgudev_238.bb: 0.07 seconds
/home/elizaveta/poky/meta/recipes-extended/quota/quota_4.09.bb: 0.06 seconds
/home/elizaveta/poky/meta/recipes-devtools/python/python3-pysocks_1.7.1.bb: 0.14 seconds
/home/elizaveta/poky/meta/recipes-devtools/make/make_4.4.1.bb: 0.15 seconds
/home/elizaveta/poky/meta/recipes-bsp/acpid/acpid_2.0.34.bb: 0.06 seconds
/home/elizaveta/poky/meta/recipes-core/systemd/systemd-conf_1.0.bb: 0.01 seconds
/home/elizaveta/poky/meta/recipes-extended/msmtp/msmtp_1.8.25.bb: 0.06 seconds
/home/elizaveta/poky/meta/recipes-support/libgit2/libgit2_1.7.1.bb: 0.10 seconds
/home/elizaveta/poky/meta/recipes-support/boost/boost_1.83.0.bb: 0.20 seconds
/home/elizaveta/poky/meta/recipes-extended/tcp-wrappers/tcp-wrappers_7.6.bb: 0.08 seconds
/home/elizaveta/poky/meta/recipes-support/gnutls/libtasn1_4.19.0.bb: 0.20 seconds
/home/elizaveta/poky/meta/recipes-graphics/glew/glew_2.2.0.bb: 0.06 seconds
/home/elizaveta/poky/meta/recipes-graphics/xorg-app/xev_1.2.5.bb: 0.05 seconds
/home/elizaveta/poky/meta/recipes-bsp/alsa-state/alsa-state.bb: 0.05 seconds
/home/elizaveta/poky/meta/recipes-bsp/grub/grub-efi_2.06.bb: 0.09 seconds
/home/elizaveta/poky/meta/recipes-bsp/grub/grub_2.06.bb: 0.18 seconds
/home/elizaveta/poky/meta/recipes-extended/watchdog/watchdog_5.16.bb: 0.06 seconds
/home/elizaveta/poky/meta/recipes-kernel/powertop/powertop_2.15.bb: 0.06 seconds
/home/elizaveta/poky/meta/recipes-devtools/perl/libxml-simple-perl_2.25.bb: 0.10 seconds
/home/elizaveta/poky/meta/recipes-extended/man-db/man-db_2.11.2.bb: 0.08 seconds
/home/elizaveta/poky/meta/recipes-devtools/rust/libstd-rs_1.70.0.bb: 0.20 seconds
/home/elizaveta/poky/meta/recipes-graphics/xcursor-transparent-theme/xcursor-transparent-theme_git.bb: 0.05 seconds
/home/elizaveta/poky/meta/recipes-core/busybox/busybox-inittab_1.36.1.bb: 0.05 seconds
/home/elizaveta/poky/meta/recipes-support/libjitterentropy/libjitterentropy_3.4.1.bb: 0.05 seconds
/home/elizaveta/poky/meta/recipes-graphics/xorg-lib/libxpm_3.5.17.bb: 0.17 seconds
/home/elizaveta/poky/meta/recipes-connectivity/iw/iw_5.19.bb: 0.10 seconds
/home/elizaveta/poky/meta/recipes-connectivity/openssl/openssl_3.1.5.bb: 0.20 seconds
/home/elizaveta/poky/meta/recipes-graphics/xorg-proto/xcb-proto_1.16.0.bb: 0.14 seconds
/home/elizaveta/poky/meta/recipes-connectivity/socat/socat_1.7.4.4.bb: 0.23 seconds
/home/elizaveta/poky/meta/recipes-connectivity/ssh-pregen-hostkeys/ssh-pregen-hostkeys_1.0.bb: 0.05 seconds
/home/elizaveta/poky/meta/recipes-devtools/quilt/quilt_0.67.bb: 0.08 seconds
/home/elizaveta/poky/meta/recipes-support/libgpg-error/libgpg-error_1.47.bb: 0.17 seconds
/home/elizaveta/poky/meta/recipes-core/meta/uninative-tarball.bb: 0.05 seconds
/home/elizaveta/poky/meta/recipes-support/libexif/libexif_0.6.24.bb: 0.16 seconds
/home/elizaveta/poky/meta/recipes-devtools/rust/cargo_1.70.0.bb: 0.25 seconds
/home/elizaveta/poky/meta/recipes-multimedia/sbc/sbc_2.0.bb: 0.05 seconds
/home/elizaveta/poky/meta/recipes-multimedia/libvorbis/libvorbis_1.3.7.bb: 0.06 seconds
/home/elizaveta/poky/meta/recipes-graphics/piglit/piglit_git.bb: 0.07 seconds
/home/elizaveta/poky/meta/recipes-core/musl/gcompat_git.bb: 0.01 seconds
/home/elizaveta/poky/meta/recipes-devtools/gcc/libgcc_13.2.bb: 0.13 seconds
/home/elizaveta/poky/meta/recipes-gnome/gnome/adwaita-icon-theme_45.0.bb: 0.17 seconds
/home/elizaveta/poky/meta/recipes-graphics/xorg-app/xwininfo_1.1.6.bb: 0.11 seconds
/home/elizaveta/poky/meta/recipes-core/glibc/glibc-testsuite_2.38.bb: 0.15 seconds
/home/elizaveta/poky/meta/recipes-graphics/xorg-app/xdpyinfo_1.3.4.bb: 0.06 seconds
/home/elizaveta/poky/meta/recipes-devtools/icecc-toolchain/nativesdk-icecc-toolchain_0.1.bb: 0.04 seconds
/home/elizaveta/poky/meta/recipes-devtools/python/python3-six_1.16.0.bb: 0.14 seconds
/home/elizaveta/poky/meta/recipes-kernel/linux/linux-yocto_6.1.bb: 0.26 seconds
/home/elizaveta/poky/meta/recipes-support/appstream/appstream_0.16.3.bb: 0.11 seconds
/home/elizaveta/poky/meta/recipes-kernel/linux/linux-yocto_6.5.bb: 0.30 seconds
/home/elizaveta/poky/meta/recipes-extended/psmisc/psmisc_23.6.bb: 0.07 seconds
/home/elizaveta/poky/meta/recipes-support/libfm/libfm_1.3.2.bb: 0.08 seconds
/home/elizaveta/poky/meta/recipes-graphics/xorg-lib/libpciaccess_0.17.bb: 0.15 seconds
/home/elizaveta/poky/meta/recipes-graphics/xorg-font/font-util_1.4.1.bb: 0.10 seconds
/home/elizaveta/poky/meta/recipes-graphics/xorg-driver/xf86-video-cirrus_1.6.0.bb: 0.05 seconds
/home/elizaveta/poky/meta/recipes-gnome/libsecret/libsecret_0.21.1.bb: 0.10 seconds
/home/elizaveta/poky/meta/recipes-graphics/xorg-app/x11perf_1.6.1.bb: 0.06 seconds
/home/elizaveta/poky/meta/recipes-devtools/python/python3-hatchling_1.18.0.bb: 0.15 seconds
/home/elizaveta/poky/meta/recipes-core/initrdscripts/initramfs-module-install_1.0.bb: 0.05 seconds
/home/elizaveta/poky/meta/recipes-devtools/python/python3-pytest-runner_6.0.0.bb: 0.14 seconds
/home/elizaveta/poky/meta/recipes-support/libical/libical_3.0.16.bb: 0.11 seconds
/home/elizaveta/poky/meta/recipes-devtools/python/python3-sphinxcontrib-devhelp_1.0.2.bb: 0.14 seconds
/home/elizaveta/poky/meta/recipes-multimedia/alsa/alsa-tools_1.2.5.bb: 0.06 seconds
/home/elizaveta/poky/meta/recipes-support/nghttp2/nghttp2_1.57.0.bb: 0.17 seconds
/home/elizaveta/poky/meta/recipes-devtools/python/python3-rdflib_7.0.0.bb: 0.14 seconds
/home/elizaveta/poky/meta/recipes-extended/ed/ed_1.19.bb: 0.05 seconds
/home/elizaveta/poky/meta/recipes-kernel/kern-tools/kern-tools-native_git.bb: 0.03 seconds
/home/elizaveta/poky/meta/recipes-devtools/python/python3-iso8601_2.0.0.bb: 0.20 seconds
/home/elizaveta/poky/meta/recipes-bsp/u-boot/libubootenv_0.3.4.bb: 0.10 seconds
/home/elizaveta/poky/meta/recipes-support/fribidi/fribidi_1.0.13.bb: 0.16 seconds
/home/elizaveta/poky/meta/recipes-devtools/python/python3-alabaster_0.7.13.bb: 0.14 seconds
/home/elizaveta/poky/meta/recipes-devtools/python/python3-pyasn1_0.5.0.bb: 0.20 seconds
/home/elizaveta/poky/meta/recipes-graphics/xorg-app/xkbcomp_1.4.6.bb: 0.10 seconds
/home/elizaveta/poky/meta/recipes-extended/pam/libpam_1.5.3.bb: 0.04 seconds
/home/elizaveta/poky/meta/recipes-graphics/xorg-lib/libxtst_1.2.4.bb: 0.18 seconds
/home/elizaveta/poky/meta/recipes-core/zlib/zlib_1.3.bb: 0.14 seconds
/home/elizaveta/poky/meta/recipes-devtools/perl/libtest-warnings-perl_0.031.bb: 0.15 seconds
/home/elizaveta/poky/meta/recipes-devtools/gcc/libgcc-initial_13.2.bb: 0.12 seconds
/home/elizaveta/poky/meta/recipes-extended/rpcsvc-proto/rpcsvc-proto.bb: 0.16 seconds
/home/elizaveta/poky/meta/recipes-support/gmp/gmp_6.3.0.bb: 0.24 seconds
/home/elizaveta/poky/meta/recipes-support/libffi/libffi_3.4.4.bb: 0.16 seconds
/home/elizaveta/poky/meta/recipes-gnome/gi-docgen/gi-docgen_2023.1.bb: 0.13 seconds
/home/elizaveta/poky/meta/recipes-devtools/python/python3-more-itertools_10.1.0.bb: 0.20 seconds
/home/elizaveta/poky/meta/recipes-gnome/libhandy/libhandy_1.8.2.bb: 0.06 seconds
/home/elizaveta/poky/meta/recipes-core/meta/buildtools-docs-tarball.bb: 0.11 seconds
/home/elizaveta/poky/meta/recipes-devtools/i2c-tools/i2c-tools_4.3.bb: 0.05 seconds
/home/elizaveta/poky/meta/recipes-graphics/xorg-lib/libxi_1.8.1.bb: 0.18 seconds
/home/elizaveta/poky/meta/recipes-extended/libnsl/libnsl2_git.bb: 0.17 seconds
/home/elizaveta/poky/meta/recipes-devtools/python/python3-scons_4.5.2.bb: 0.10 seconds
/home/elizaveta/poky/meta/recipes-graphics/images/core-image-weston.bb: 0.24 seconds
/home/elizaveta/poky/meta/recipes-core/ovmf/ovmf_git.bb: 0.16 seconds
/home/elizaveta/poky/meta/recipes-devtools/python/python3-typing-extensions_4.8.0.bb: 0.14 seconds
/home/elizaveta/poky/meta/recipes-devtools/python/python3-hypothesis_6.86.2.bb: 0.20 seconds
/home/elizaveta/poky/meta/recipes-devtools/python/python3-rfc3986-validator_0.1.1.bb: 0.15 seconds
/home/elizaveta/poky/meta/recipes-core/meta/package-index.bb: 0.03 seconds
/home/elizaveta/poky/meta/recipes-bsp/opensbi/opensbi_1.2.bb: 0.01 seconds
/home/elizaveta/poky/meta/recipes-devtools/python/python3-dtschema_2023.7.bb: 0.14 seconds
/home/elizaveta/poky/meta/recipes-extended/gperf/gperf_3.1.bb: 0.17 seconds
/home/elizaveta/poky/meta/recipes-devtools/python/python3-iniconfig_2.0.0.bb: 0.14 seconds
/home/elizaveta/poky/meta/recipes-devtools/go/go-cross-canadian_1.20.12.bb: 0.07 seconds
/home/elizaveta/poky/meta/recipes-graphics/mesa/mesa_23.2.1.bb: 0.24 seconds
/home/elizaveta/poky/meta/recipes-devtools/librepo/librepo_1.16.0.bb: 0.16 seconds
/home/elizaveta/poky/meta/recipes-graphics/xorg-lib/pixman_0.42.2.bb: 0.15 seconds
/home/elizaveta/poky/meta/recipes-core/meta/meta-toolchain.bb: 0.06 seconds
/home/elizaveta/poky/meta/recipes-graphics/xorg-lib/xkeyboard-config_2.39.bb: 0.10 seconds
/home/elizaveta/poky/meta/recipes-bsp/u-boot/u-boot-tools_2023.10.bb: 0.16 seconds
/home/elizaveta/poky/meta/recipes-support/libunwind/libunwind_1.6.2.bb: 0.10 seconds
/home/elizaveta/poky/meta/recipes-core/packagegroups/packagegroup-rust-sdk-target.bb: 0.04 seconds
/home/elizaveta/poky/meta/recipes-devtools/python/python3-smartypants_2.0.0.bb: 0.15 seconds
/home/elizaveta/poky/meta/recipes-gnome/epiphany/epiphany_44.6.bb: 0.07 seconds
/home/elizaveta/poky/meta/recipes-sato/settings-daemon/settings-daemon_0.0.2.bb: 0.12 seconds
/home/elizaveta/poky/meta/recipes-graphics/xorg-lib/xcb-util-image_0.4.1.bb: 0.06 seconds
/home/elizaveta/poky/meta/recipes-core/dbus-wait/dbus-wait_git.bb: 0.05 seconds
/home/elizaveta/poky/meta/recipes-graphics/xrestop/xrestop_0.4.bb: 0.05 seconds
/home/elizaveta/poky/meta/recipes-core/musl/bsd-headers.bb: 0.01 seconds
/home/elizaveta/poky/meta/recipes-multimedia/gstreamer/gst-examples_1.18.6.bb: 0.12 seconds
/home/elizaveta/poky/meta/recipes-devtools/file/file_5.45.bb: 0.17 seconds
/home/elizaveta/poky/meta/recipes-core/images/core-image-minimal-dev.bb: 0.12 seconds
/home/elizaveta/poky/meta/recipes-extended/ltp/ltp_20230516.bb: 0.09 seconds
/home/elizaveta/poky/meta/recipes-kernel/systemtap/systemtap-uprobes_git.bb: 0.06 seconds
/home/elizaveta/poky/meta/recipes-devtools/qemu/qemu-system-native_8.1.4.bb: 0.06 seconds
/home/elizaveta/poky/meta/recipes-devtools/python/python3-setuptools_68.2.2.bb: 0.15 seconds
/home/elizaveta/poky/meta/recipes-devtools/devel-config/nfs-export-root.bb: 0.05 seconds
/home/elizaveta/poky/meta/recipes-devtools/valgrind/valgrind_3.21.0.bb: 0.08 seconds
/home/elizaveta/poky/meta/recipes-kernel/dtc/python3-dtschema-wrapper_2021.10.bb: 0.13 seconds
/home/elizaveta/poky/meta/recipes-graphics/xorg-lib/libxdamage_1.1.6.bb: 0.18 seconds
/home/elizaveta/poky/meta/recipes-core/dbus/dbus_1.14.10.bb: 0.19 seconds
/home/elizaveta/poky/meta/recipes-support/libusb/libusb1_1.0.26.bb: 0.24 seconds
/home/elizaveta/poky/meta/recipes-multimedia/libtheora/libtheora_1.1.1.bb: 0.06 seconds
/home/elizaveta/poky/meta/recipes-core/systemd/systemd-bootconf_1.00.bb: 0.05 seconds
/home/elizaveta/poky/meta/recipes-devtools/python/python3-vcversioner_2.16.0.0.bb: 0.09 seconds
/home/elizaveta/poky/meta/recipes-devtools/gcc/gcc-cross_13.2.bb: 0.09 seconds
/home/elizaveta/poky/meta/recipes-graphics/xorg-lib/libsm_1.2.4.bb: 0.19 seconds
/home/elizaveta/poky/meta/recipes-support/libgcrypt/libgcrypt_1.10.3.bb: 0.22 seconds
/home/elizaveta/poky/meta/recipes-devtools/python/python3-ply_3.11.bb: 0.14 seconds
/home/elizaveta/poky/meta/recipes-support/libyaml/libyaml_0.2.5.bb: 0.18 seconds
/home/elizaveta/poky/meta/recipes-support/libcroco/libcroco_0.6.13.bb: 0.22 seconds
/home/elizaveta/poky/meta/recipes-extended/timezone/tzcode-native.bb: 0.04 seconds
/home/elizaveta/poky/meta/recipes-graphics/xorg-lib/libxcvt_0.1.2.bb: 0.06 seconds
/home/elizaveta/poky/meta/recipes-core/volatile-binds/volatile-binds.bb: 0.02 seconds
/home/elizaveta/poky/meta/recipes-devtools/python/python3-pyproject-hooks_1.0.0.bb: 0.19 seconds
/home/elizaveta/poky/meta/recipes-support/libproxy/libproxy_0.5.3.bb: 0.06 seconds
/home/elizaveta/poky/meta/recipes-devtools/libdnf/libdnf_0.71.0.bb: 0.18 seconds
/home/elizaveta/poky/meta/recipes-graphics/xorg-app/mkfontscale_1.2.2.bb: 0.09 seconds
/home/elizaveta/poky/meta/recipes-devtools/python/python3-semantic-version_2.10.0.bb: 0.20 seconds
/home/elizaveta/poky/meta/recipes-extended/net-tools/net-tools_2.10.bb: 0.17 seconds
/home/elizaveta/poky/meta/recipes-support/libcap-ng/libcap-ng-python_0.8.3.bb: 0.18 seconds
/home/elizaveta/poky/meta/recipes-graphics/jpeg/libjpeg-turbo_3.0.1.bb: 0.17 seconds
/home/elizaveta/poky/meta/recipes-kernel/linux-firmware/linux-firmware_20240220.bb: 0.42 seconds
/home/elizaveta/poky/meta/recipes-graphics/xorg-lib/libxvmc_1.0.13.bb: 0.07 seconds
/home/elizaveta/poky/meta/recipes-graphics/xorg-lib/xcb-util-cursor_0.1.4.bb: 0.05 seconds
/home/elizaveta/poky/meta/recipes-graphics/xorg-lib/libxkbfile_1.1.2.bb: 0.10 seconds
/home/elizaveta/poky/meta/recipes-core/meta/nativesdk-buildtools-perl-dummy.bb: 0.05 seconds
/home/elizaveta/poky/meta/recipes-devtools/python/python3-attrs_23.1.0.bb: 0.14 seconds
/home/elizaveta/poky/meta/recipes-devtools/xmlto/xmlto_0.0.28.bb: 0.11 seconds
/home/elizaveta/poky/meta/recipes-core/musl/musl-utils.bb: 0.01 seconds
/home/elizaveta/poky/meta/recipes-support/enchant/enchant2_2.6.2.bb: 0.12 seconds
/home/elizaveta/poky/meta/recipes-graphics/ttf-fonts/ttf-bitstream-vera_1.10.bb: 0.05 seconds
/home/elizaveta/poky/meta/recipes-devtools/python/python3-webcolors_1.13.bb: 0.15 seconds
/home/elizaveta/poky/meta/recipes-graphics/xorg-driver/xf86-video-vmware_13.4.0.bb: 0.06 seconds
/home/elizaveta/poky/meta/recipes-core/packagegroups/packagegroup-core-buildessential.bb: 0.05 seconds
/home/elizaveta/poky/meta/recipes-graphics/virglrenderer/virglrenderer_0.10.4.bb: 0.16 seconds
/home/elizaveta/poky/meta/recipes-devtools/python/python3-cffi_1.15.1.bb: 0.14 seconds
/home/elizaveta/poky/meta/recipes-graphics/pango/pango_1.51.0.bb: 0.23 seconds
/home/elizaveta/poky/meta/recipes-devtools/opkg/opkg_0.6.2.bb: 0.17 seconds
/home/elizaveta/poky/meta/recipes-sato/sato-icon-theme/sato-icon-theme_git.bb: 0.06 seconds
/home/elizaveta/poky/meta/recipes-support/libunistring/libunistring_1.1.bb: 0.14 seconds
/home/elizaveta/poky/meta/recipes-core/glibc/glibc_2.38.bb: 0.21 seconds
/home/elizaveta/poky/meta/recipes-multimedia/speex/speex_1.2.1.bb: 0.06 seconds
/home/elizaveta/poky/meta/recipes-graphics/xorg-app/xprop_1.2.6.bb: 0.06 seconds
/home/elizaveta/poky/meta/recipes-graphics/xorg-lib/libxfixes_6.0.1.bb: 0.18 seconds
/home/elizaveta/poky/meta/recipes-devtools/python/python3-testtools_2.6.0.bb: 0.10 seconds
/home/elizaveta/poky/meta/recipes-devtools/python/python3-sphinxcontrib-serializinghtml_1.1.5.bb: 0.20 seconds
/home/elizaveta/poky/meta/recipes-devtools/python/python3-hatch-fancy-pypi-readme_23.1.0.bb: 0.14 seconds
/home/elizaveta/poky/meta/recipes-multimedia/flac/flac_1.4.3.bb: 0.07 seconds
/home/elizaveta/poky/meta/recipes-devtools/binutils/binutils-cross-canadian_2.41.bb: 0.10 seconds
/home/elizaveta/poky/meta/recipes-devtools/opkg-utils/opkg-utils_0.6.2.bb: 0.14 seconds
/home/elizaveta/poky/meta/recipes-gnome/gtk+/gtk+3_3.24.38.bb: 0.25 seconds
/home/elizaveta/poky/meta/recipes-support/libevdev/libevdev_1.13.1.bb: 0.06 seconds
/home/elizaveta/poky/meta/recipes-multimedia/liba52/liba52_0.7.4.bb: 0.07 seconds
/home/elizaveta/poky/meta/recipes-multimedia/pulseaudio/pulseaudio_16.1.bb: 0.09 seconds
/home/elizaveta/poky/meta/recipes-support/itstool/itstool_2.0.7.bb: 0.14 seconds
/home/elizaveta/poky/meta/recipes-multimedia/ffmpeg/ffmpeg_6.0.bb: 0.01 seconds
/home/elizaveta/poky/meta/recipes-core/images/core-image-tiny-initramfs.bb: 0.17 seconds
/home/elizaveta/poky/meta/recipes-extended/mingetty/mingetty_1.08.bb: 0.05 seconds
/home/elizaveta/poky/meta/recipes-graphics/xorg-app/xeyes_1.3.0.bb: 0.06 seconds
/home/elizaveta/poky/meta/recipes-support/libnl/libnl_3.8.0.bb: 0.17 seconds
/home/elizaveta/poky/meta/recipes-devtools/e2fsprogs/e2fsprogs_1.47.0.bb: 0.26 seconds
/home/elizaveta/poky/meta/recipes-extended/minicom/minicom_2.8.bb: 0.06 seconds
/home/elizaveta/poky/meta/recipes-core/musl/musl-locales_git.bb: 0.02 seconds
/home/elizaveta/poky/meta/recipes-devtools/systemd-bootchart/systemd-bootchart_234.bb: 0.02 seconds
/home/elizaveta/poky/meta/recipes-graphics/xorg-lib/xcb-util-keysyms_0.4.1.bb: 0.06 seconds
/home/elizaveta/poky/meta/recipes-extended/shadow/shadow_4.13.bb: 0.27 seconds
/home/elizaveta/poky/meta/recipes-connectivity/connman/connman-conf.bb: 0.05 seconds
/home/elizaveta/poky/meta/recipes-graphics/vulkan/vulkan-validation-layers_1.3.261.1.bb: 0.07 seconds
/home/elizaveta/poky/meta/recipes-core/packagegroups/packagegroup-cross-canadian.bb: 0.06 seconds
/home/elizaveta/poky/meta/recipes-multimedia/libsndfile/libsndfile1_1.2.2.bb: 0.07 seconds
/home/elizaveta/poky/meta/recipes-graphics/xorg-lib/libxcomposite_0.4.6.bb: 0.19 seconds
/home/elizaveta/poky/meta/recipes-devtools/python/python3-pytest-subtests_0.11.0.bb: 0.14 seconds
/home/elizaveta/poky/meta/recipes-devtools/libmodulemd/libmodulemd_git.bb: 0.16 seconds
/home/elizaveta/poky/meta/recipes-devtools/vala/vala_0.56.13.bb: 0.11 seconds
/home/elizaveta/poky/meta/recipes-bsp/usbutils/usbutils_015.bb: 0.06 seconds
/home/elizaveta/poky/meta/recipes-devtools/python/python3-pytest_7.4.2.bb: 0.15 seconds
/home/elizaveta/poky/meta/recipes-extended/shadow/shadow-securetty_4.6.bb: 0.05 seconds
/home/elizaveta/poky/meta/recipes-devtools/binutils/binutils-cross_2.41.bb: 0.07 seconds
/home/elizaveta/poky/meta/recipes-extended/packagegroups/packagegroup-core-base-utils.bb: 0.05 seconds
/home/elizaveta/poky/meta/recipes-devtools/python/python3-pyrsistent_0.19.3.bb: 0.14 seconds
/home/elizaveta/poky/meta/recipes-extended/tar/tar_1.35.bb: 0.26 seconds
/home/elizaveta/poky/meta/recipes-devtools/python/python3_3.11.5.bb: 0.46 seconds
/home/elizaveta/poky/meta/recipes-sato/shutdown-desktop/shutdown-desktop.bb: 0.05 seconds
/home/elizaveta/poky/meta/recipes-support/vim/vim-tiny_9.0.bb: 0.07 seconds
/home/elizaveta/poky/meta/recipes-core/base-files/base-files_3.0.14.bb: 0.06 seconds
/home/elizaveta/poky/meta/recipes-devtools/python/python3-pathlib2_2.3.7.bb: 0.14 seconds
/home/elizaveta/poky/meta/recipes-devtools/binutils/binutils_2.41.bb: 0.20 seconds
/home/elizaveta/poky/meta/recipes-extended/gzip/gzip_1.13.bb: 0.16 seconds
/home/elizaveta/poky/meta/recipes-extended/parted/parted_3.6.bb: 0.17 seconds
/home/elizaveta/poky/meta/recipes-core/meta/buildtools-make-tarball.bb: 0.06 seconds
/home/elizaveta/poky/meta/recipes-core/glibc/glibc-y2038-tests_2.38.bb: 0.17 seconds
/home/elizaveta/poky/meta/recipes-devtools/m4/m4-native_1.4.19.bb: 0.05 seconds
/home/elizaveta/poky/meta/recipes-graphics/xorg-lib/libxext_1.3.5.bb: 0.18 seconds
/home/elizaveta/poky/meta/recipes-devtools/autoconf/autoconf_2.72c.bb: 0.23 seconds
/home/elizaveta/poky/meta/recipes-devtools/docbook-xml/docbook-xml-dtd4_4.5.bb: 0.09 seconds
/home/elizaveta/poky/meta/recipes-devtools/ninja/ninja_1.11.1.bb: 0.19 seconds
/home/elizaveta/poky/meta/recipes-connectivity/libpcap/libpcap_1.10.4.bb: 0.11 seconds
/home/elizaveta/poky/meta/recipes-sato/sato-icon-theme/icon-naming-utils_0.8.90.bb: 0.09 seconds
/home/elizaveta/poky/meta/recipes-devtools/python/python3-wheel_0.41.2.bb: 0.19 seconds
/home/elizaveta/poky/meta/recipes-graphics/wayland/weston-init.bb: 0.07 seconds
/home/elizaveta/poky/meta/recipes-graphics/xinput-calibrator/xinput-calibrator_git.bb: 0.06 seconds
/home/elizaveta/poky/meta/recipes-devtools/python/python3-subunit_1.4.2.bb: 0.11 seconds
/home/elizaveta/poky/meta/recipes-devtools/python/python3-imagesize_1.4.1.bb: 0.14 seconds
/home/elizaveta/poky/meta/recipes-devtools/pkgconfig/pkgconfig_git.bb: 0.19 seconds
/home/elizaveta/poky/meta/recipes-devtools/python/python3-markdown_3.4.4.bb: 0.14 seconds
/home/elizaveta/poky/meta/recipes-extended/sysstat/sysstat_12.7.4.bb: 0.13 seconds
/home/elizaveta/poky/meta/recipes-graphics/images/core-image-weston-sdk.bb: 0.27 seconds
/home/elizaveta/poky/meta/recipes-extended/blktool/blktool_4-7.1.bb: 0.07 seconds
/home/elizaveta/poky/meta/recipes-devtools/createrepo-c/createrepo-c_1.0.0.bb: 0.17 seconds
/home/elizaveta/poky/meta/recipes-core/initrdscripts/initramfs-live-install-efi_1.0.bb: 0.05 seconds
/home/elizaveta/poky/meta/recipes-graphics/packagegroups/packagegroup-core-x11-base.bb: 0.04 seconds
/home/elizaveta/poky/meta/recipes-graphics/glslang/glslang_1.3.261.1.bb: 0.17 seconds
/home/elizaveta/poky/meta/recipes-graphics/spir/spirv-headers_1.3.261.1.bb: 0.16 seconds
/home/elizaveta/poky/meta/recipes-extended/xdg-utils/xdg-utils_1.1.3.bb: 0.06 seconds
/home/elizaveta/poky/meta/recipes-devtools/gcc/gcc-sanitizers_13.2.bb: 0.22 seconds
/home/elizaveta/poky/meta/recipes-devtools/python/python3-asn1crypto_1.5.1.bb: 0.15 seconds
/home/elizaveta/poky/meta/recipes-graphics/xorg-lib/xcb-util-wm_0.4.2.bb: 0.06 seconds
/home/elizaveta/poky/meta/recipes-core/glib-networking/glib-networking_2.76.1.bb: 0.18 seconds
/home/elizaveta/poky/meta/recipes-devtools/python/python3-py_1.11.0.bb: 0.14 seconds
/home/elizaveta/poky/meta/recipes-devtools/python/python3-pytz_2023.3.bb: 0.15 seconds
/home/elizaveta/poky/meta/recipes-graphics/vulkan/vulkan-headers_1.3.261.1.bb: 0.06 seconds
/home/elizaveta/poky/meta/recipes-support/libssh2/libssh2_1.11.0.bb: 0.17 seconds
/home/elizaveta/poky/meta/recipes-graphics/packagegroups/packagegroup-core-x11.bb: 0.04 seconds
/home/elizaveta/poky/meta/recipes-devtools/python/python3-dtc_1.7.0.bb: 0.14 seconds
/home/elizaveta/poky/meta/recipes-devtools/unifdef/unifdef_2.12.bb: 0.14 seconds
/home/elizaveta/poky/meta/recipes-devtools/json-c/json-c_0.17.bb: 0.17 seconds
/home/elizaveta/poky/meta/recipes-extended/pigz/pigz_2.8.bb: 0.14 seconds
/home/elizaveta/poky/meta/recipes-graphics/xorg-lib/libxmu_1.1.4.bb: 0.12 seconds
/home/elizaveta/poky/meta/recipes-graphics/shaderc/shaderc_2023.6.bb: 0.17 seconds
/home/elizaveta/poky/meta/recipes-support/atk/at-spi2-core_2.50.1.bb: 0.22 seconds
/home/elizaveta/poky/meta/recipes-devtools/gcc/gcc-crosssdk_13.2.bb: 0.14 seconds
/home/elizaveta/poky/meta/recipes-rt/rt-tests/rt-tests_git.bb: 0.06 seconds
/home/elizaveta/poky/meta/recipes-graphics/cairo/cairo_1.16.0.bb: 0.24 seconds
/home/elizaveta/poky/meta/recipes-devtools/tcltk/tcl_8.6.13.bb: 0.22 seconds
/home/elizaveta/poky/meta/recipes-devtools/go/go-runtime_1.20.12.bb: 0.12 seconds
/home/elizaveta/poky/meta/recipes-graphics/xorg-lib/libxrender_0.9.11.bb: 0.24 seconds
/home/elizaveta/poky/meta/recipes-gnome/libportal/libportal_0.7.1.bb: 0.06 seconds
/home/elizaveta/poky/meta/recipes-devtools/python/python3-mako_1.2.4.bb: 0.15 seconds
/home/elizaveta/poky/meta/recipes-extended/libsolv/libsolv_0.7.26.bb: 0.17 seconds
/home/elizaveta/poky/meta/recipes-devtools/python/python3-extras_1.0.0.bb: 0.11 seconds
/home/elizaveta/poky/meta/recipes-graphics/pong-clock/pong-clock_1.0.bb: 0.05 seconds
/home/elizaveta/poky/meta/recipes-support/libsoup/libsoup_3.4.2.bb: 0.22 seconds
/home/elizaveta/poky/meta/recipes-kernel/kexec/kexec-tools_2.0.27.bb: 0.07 seconds
/home/elizaveta/poky/meta/recipes-extended/which/which_2.21.bb: 0.13 seconds
/home/elizaveta/poky/meta/recipes-support/re2c/re2c_3.1.bb: 0.14 seconds
/home/elizaveta/poky/meta/recipes-support/libsoup/libsoup-2.4_2.74.3.bb: 0.21 seconds
/home/elizaveta/poky/meta/recipes-support/libassuan/libassuan_2.5.6.bb: 0.16 seconds
/home/elizaveta/poky/meta/recipes-core/meta/meta-environment-extsdk.bb: 0.08 seconds
/home/elizaveta/poky/meta/recipes-core/expat/expat_2.5.0.bb: 0.22 seconds
/home/elizaveta/poky/meta/recipes-graphics/wayland/wayland-utils_1.2.0.bb: 0.07 seconds
/home/elizaveta/poky/meta/recipes-sato/l3afpad/l3afpad_git.bb: 0.06 seconds
/home/elizaveta/poky/meta/recipes-support/vim/vim_9.0.bb: 0.26 seconds
/home/elizaveta/poky/meta/recipes-devtools/python/python3-sphinxcontrib-htmlhelp_2.0.1.bb: 0.14 seconds
/home/elizaveta/poky/meta/recipes-kernel/make-mod-scripts/make-mod-scripts_1.0.bb: 0.05 seconds
/home/elizaveta/poky/meta/recipes-core/packagegroups/packagegroup-core-tools-testapps.bb: 0.05 seconds
/home/elizaveta/poky/meta/recipes-devtools/python/python3-click_8.1.7.bb: 0.16 seconds
/home/elizaveta/poky/meta/recipes-multimedia/gstreamer/gst-devtools_1.22.9.bb: 0.07 seconds
/home/elizaveta/poky/meta/recipes-core/update-rc.d/update-rc.d_0.8.bb: 0.15 seconds
/home/elizaveta/poky/meta/recipes-core/meta/meta-world-pkgdata.bb: 0.04 seconds
/home/elizaveta/poky/meta/recipes-devtools/python/python3-sphinx_7.2.6.bb: 0.15 seconds
/home/elizaveta/poky/meta/recipes-graphics/xorg-lib/libxscrnsaver_1.2.4.bb: 0.07 seconds
/home/elizaveta/poky/meta/recipes-extended/grep/grep_3.11.bb: 0.12 seconds
/home/elizaveta/poky/meta/recipes-devtools/gnu-config/gnu-config_git.bb: 0.13 seconds
/home/elizaveta/poky/meta/recipes-sato/images/core-image-sato-sdk.bb: 0.16 seconds
/home/elizaveta/poky/meta/recipes-kernel/systemtap/systemtap-native_git.bb: 0.12 seconds
/home/elizaveta/poky/meta/recipes-extended/cpio/cpio_2.15.bb: 0.19 seconds
/home/elizaveta/poky/meta/recipes-multimedia/mpg123/mpg123_1.31.3.bb: 0.06 seconds
/home/elizaveta/poky/meta/recipes-kernel/linux/kernel-devsrc.bb: 0.14 seconds
/home/elizaveta/poky/meta/recipes-graphics/xorg-util/makedepend_1.0.8.bb: 0.09 seconds
/home/elizaveta/poky/meta/recipes-graphics/xorg-driver/xf86-input-mouse_1.9.5.bb: 0.12 seconds
/home/elizaveta/poky/meta/recipes-extended/lsb/lsb-release_1.4.bb: 0.05 seconds
/home/elizaveta/poky/meta/recipes-graphics/xorg-app/xvinfo_1.1.5.bb: 0.06 seconds
/home/elizaveta/poky/meta/recipes-core/dbus/dbus-glib_0.112.bb: 0.11 seconds
/home/elizaveta/poky/meta/recipes-kernel/lttng/lttng-tools_2.13.11.bb: 0.11 seconds
/home/elizaveta/poky/meta/recipes-multimedia/gstreamer/gstreamer1.0-plugins-ugly_1.22.9.bb: 0.01 seconds
/home/elizaveta/poky/meta/recipes-rt/images/core-image-rt.bb: 0.04 seconds
/home/elizaveta/poky/meta/recipes-graphics/xorg-app/xinput_1.6.4.bb: 0.06 seconds
/home/elizaveta/poky/meta/recipes-core/udev/udev-extraconf_1.1.bb: 0.11 seconds
/home/elizaveta/poky/meta/recipes-graphics/builder/builder_0.1.bb: 0.06 seconds
/home/elizaveta/poky/meta/recipes-devtools/python/python3-pycairo_1.24.0.bb: 0.11 seconds
/home/elizaveta/poky/meta/recipes-bsp/efivar/efivar_38.bb: 0.09 seconds
/home/elizaveta/poky/meta/recipes-graphics/xorg-lib/libpthread-stubs_0.5.bb: 0.22 seconds
/home/elizaveta/poky/meta/recipes-extended/cups/cups_2.4.6.bb: 0.09 seconds
/home/elizaveta/poky/meta/recipes-core/kbd/kbd_2.6.3.bb: 0.11 seconds
/home/elizaveta/poky/meta/recipes-extended/xz/xz_5.4.4.bb: 0.16 seconds
/home/elizaveta/poky/meta/recipes-bsp/keymaps/keymaps_1.0.bb: 0.11 seconds
/home/elizaveta/poky/meta/recipes-core/meta/buildtools-extended-tarball.bb: 0.07 seconds
/home/elizaveta/poky/meta/recipes-devtools/m4/m4_1.4.19.bb: 0.13 seconds
/home/elizaveta/poky/meta/recipes-devtools/python/python3-lxml_4.9.3.bb: 0.15 seconds
/home/elizaveta/poky/meta/recipes-graphics/xorg-lib/libx11-compose-data_1.8.4.bb: 0.02 seconds
/home/elizaveta/poky/meta/recipes-extended/timezone/tzdata.bb: 0.06 seconds
/home/elizaveta/poky/meta/recipes-core/util-linux/util-linux-libuuid_2.39.2.bb: 0.20 seconds
/home/elizaveta/poky/meta/recipes-devtools/python/python3-snowballstemmer_2.2.0.bb: 0.15 seconds
/home/elizaveta/poky/meta/recipes-graphics/packagegroups/packagegroup-core-x11-xserver.bb: 0.05 seconds
/home/elizaveta/poky/meta/recipes-gnome/gtk-doc/gtk-doc_1.33.2.bb: 0.23 seconds
/home/elizaveta/poky/meta/recipes-extended/gawk/gawk_5.2.2.bb: 0.18 seconds
/home/elizaveta/poky/meta/recipes-devtools/python/python3-trove-classifiers_2023.9.19.bb: 0.16 seconds
/home/elizaveta/poky/meta/recipes-core/gettext/gettext-minimal-native_0.22.bb: 0.05 seconds
/home/elizaveta/poky/meta/recipes-kernel/linux/linux-yocto-dev.bb: 0.03 seconds
/home/elizaveta/poky/meta/recipes-graphics/xorg-app/xauth_1.1.2.bb: 0.06 seconds
/home/elizaveta/poky/meta/recipes-graphics/libepoxy/libepoxy_1.5.10.bb: 0.16 seconds
/home/elizaveta/poky/meta/recipes-graphics/xorg-lib/libx11_1.8.7.bb: 0.25 seconds
/home/elizaveta/poky/meta/recipes-kernel/linux/linux-yocto-tiny_6.5.bb: 0.06 seconds
/home/elizaveta/poky/meta/recipes-core/meta/nativesdk-sdk-provides-dummy.bb: 0.05 seconds
/home/elizaveta/poky/meta/recipes-core/meta/signing-keys.bb: 0.05 seconds
/home/elizaveta/poky/meta/recipes-devtools/gdb/gdb_13.2.bb: 0.07 seconds
/home/elizaveta/poky/meta/recipes-sato/sato-screenshot/sato-screenshot_0.3.bb: 0.06 seconds
/home/elizaveta/poky/meta/recipes-graphics/mesa/mesa-demos_8.5.0.bb: 0.06 seconds
/home/elizaveta/poky/meta/recipes-kernel/linux/linux-yocto-tiny_6.1.bb: 0.05 seconds
/home/elizaveta/poky/meta/recipes-graphics/xorg-driver/xf86-video-vesa_2.6.0.bb: 0.06 seconds
/home/elizaveta/poky/meta/recipes-extended/hdparm/hdparm_9.65.bb: 0.06 seconds
/home/elizaveta/poky/meta/recipes-devtools/python/python3-sphinx-rtd-theme_1.3.0.bb: 0.16 seconds
/home/elizaveta/poky/meta/recipes-extended/sed/sed_4.9.bb: 0.13 seconds
/home/elizaveta/poky/meta/recipes-sato/matchbox-sato/matchbox-session-sato_0.1.bb: 0.05 seconds
/home/elizaveta/poky/meta/recipes-devtools/python/python3-pbr_5.11.1.bb: 0.15 seconds
/home/elizaveta/poky/meta/recipes-graphics/vulkan/vulkan-tools_1.3.261.1.bb: 0.06 seconds
/home/elizaveta/poky/meta/recipes-connectivity/libnss-mdns/libnss-mdns_0.15.1.bb: 0.06 seconds
/home/elizaveta/poky/meta/recipes-devtools/python/python3-certifi_2023.7.22.bb: 0.20 seconds
/home/elizaveta/poky/meta/recipes-bsp/u-boot/u-boot_2023.10.bb: 0.15 seconds
/home/elizaveta/poky/meta/recipes-devtools/orc/orc_0.4.34.bb: 0.17 seconds
/home/elizaveta/poky/meta/recipes-devtools/python/python3-poetry-core_1.7.0.bb: 0.14 seconds
/home/elizaveta/poky/meta/recipes-support/gnome-desktop-testing/gnome-desktop-testing_2021.1.bb: 0.06 seconds
/home/elizaveta/poky/meta/recipes-extended/time/time_1.9.bb: 0.15 seconds
/home/elizaveta/poky/meta/recipes-core/musl/musl_git.bb: 0.06 seconds
/home/elizaveta/poky/meta/recipes-multimedia/lame/lame_3.100.bb: 0.07 seconds
/home/elizaveta/poky/meta/recipes-devtools/python/python3-cryptography-vectors_41.0.4.bb: 0.21 seconds
/home/elizaveta/poky/meta/recipes-extended/iputils/iputils_20221126.bb: 0.07 seconds
/home/elizaveta/poky/meta/recipes-core/meta/wic-tools.bb: 0.04 seconds
/home/elizaveta/poky/meta/recipes-devtools/python/python3-toml_0.10.2.bb: 0.15 seconds
/home/elizaveta/poky/meta/recipes-extended/lzip/lzip_1.23.bb: 0.15 seconds
/home/elizaveta/poky/meta/recipes-core/newlib/libgloss_4.3.0.bb: 0.01 seconds
/home/elizaveta/poky/meta/recipes-multimedia/alsa/alsa-utils_1.2.10.bb: 0.14 seconds
/home/elizaveta/poky/meta/recipes-devtools/python/python3-psutil_5.9.5.bb: 0.16 seconds
/home/elizaveta/poky/meta/recipes-core/glibc/glibc-mtrace_2.38.bb: 0.06 seconds
/home/elizaveta/poky/meta/recipes-devtools/run-postinsts/run-postinsts_1.0.bb: 0.05 seconds
/home/elizaveta/poky/meta/recipes-core/glibc/glibc-locale_2.38.bb: 0.13 seconds
/home/elizaveta/poky/meta/recipes-multimedia/x264/x264_git.bb: 0.01 seconds
/home/elizaveta/poky/meta/recipes-graphics/ttf-fonts/liberation-fonts_2.1.5.bb: 0.19 seconds
/home/elizaveta/poky/meta/recipes-graphics/xorg-app/rgb_1.1.0.bb: 0.06 seconds
/home/elizaveta/poky/meta/recipes-graphics/xorg-lib/libxau_1.0.11.bb: 0.19 seconds
/home/elizaveta/poky/meta/recipes-multimedia/alsa/alsa-lib_1.2.10.bb: 0.17 seconds
/home/elizaveta/poky/meta/recipes-bsp/v86d/v86d_0.1.10.bb: 0.06 seconds
/home/elizaveta/poky/meta/recipes-graphics/wayland/wayland-protocols_1.32.bb: 0.15 seconds
/home/elizaveta/poky/meta/recipes-graphics/xorg-lib/libxshmfence_1.3.2.bb: 0.22 seconds
/home/elizaveta/poky/meta/recipes-sato/images/core-image-sato-dev.bb: 0.12 seconds
/home/elizaveta/poky/meta/recipes-devtools/python/python3-sphinxcontrib-jsmath_1.0.1.bb: 0.15 seconds
/home/elizaveta/poky/meta/recipes-multimedia/gstreamer/gstreamer1.0-plugins-bad_1.22.9.bb: 0.08 seconds
/home/elizaveta/poky/meta/recipes-gnome/librsvg/librsvg_2.56.3.bb: 0.37 seconds
/home/elizaveta/poky/meta/recipes-support/apr/apr-util_1.6.3.bb: 0.20 seconds
/home/elizaveta/poky/meta/recipes-devtools/python/python3-jinja2_3.1.3.bb: 0.16 seconds
/home/elizaveta/poky/meta/recipes-core/initrdscripts/initramfs-boot_1.0.bb: 0.05 seconds
/home/elizaveta/poky/meta/recipes-devtools/elfutils/elfutils_0.189.bb: 0.20 seconds
/home/elizaveta/poky/meta/recipes-extended/lighttpd/lighttpd_1.4.71.bb: 0.08 seconds
/home/elizaveta/poky/meta/recipes-extended/acpica/acpica_20230628.bb: 0.14 seconds
/home/elizaveta/poky/meta/recipes-support/nss-myhostname/nss-myhostname_0.3.bb: 0.06 seconds
/home/elizaveta/poky/meta/recipes-graphics/xorg-lib/libxkbcommon_1.5.0.bb: 0.11 seconds
/home/elizaveta/poky/meta/recipes-devtools/python/python3-rfc3339-validator_0.1.4.bb: 0.11 seconds
/home/elizaveta/poky/meta/recipes-devtools/python/python3-isodate_0.6.1.bb: 0.15 seconds
/home/elizaveta/poky/meta/recipes-sato/matchbox-terminal/matchbox-terminal_0.2.bb: 0.06 seconds
/home/elizaveta/poky/meta/recipes-extended/rpcbind/rpcbind_1.2.6.bb: 0.05 seconds
/home/elizaveta/poky/meta/recipes-devtools/rust/cargo-c-native_0.9.18.bb: 0.09 seconds
/home/elizaveta/poky/meta/recipes-core/initscripts/initscripts_1.0.bb: 0.07 seconds
/home/elizaveta/poky/meta/recipes-graphics/images/core-image-x11.bb: 0.19 seconds
/home/elizaveta/poky/meta/recipes-kernel/linux/linux-yocto-rt_6.5.bb: 0.03 seconds
/home/elizaveta/poky/meta/recipes-devtools/python/python3-magic_0.4.27.bb: 0.09 seconds
/home/elizaveta/poky/meta/recipes-devtools/jquery/jquery_3.7.1.bb: 0.12 seconds
/home/elizaveta/poky/meta/recipes-devtools/dwarfsrcfiles/dwarfsrcfiles.bb: 0.09 seconds
/home/elizaveta/poky/meta/recipes-graphics/libva/libva_2.19.0.bb: 0.22 seconds
/home/elizaveta/poky/meta/recipes-devtools/tcf-agent/tcf-agent_git.bb: 0.06 seconds
/home/elizaveta/poky/meta/recipes-devtools/patch/patch_2.7.6.bb: 0.16 seconds
/home/elizaveta/poky/meta/recipes-devtools/qemu/qemu-native_8.1.4.bb: 0.04 seconds
/home/elizaveta/poky/meta/recipes-core/packagegroups/packagegroup-core-tools-debug.bb: 0.05 seconds
/home/elizaveta/poky/meta/recipes-kernel/lttng/babeltrace2_2.0.5.bb: 0.08 seconds
/home/elizaveta/poky/meta/recipes-core/packagegroups/packagegroup-self-hosted.bb: 0.05 seconds
/home/elizaveta/poky/meta/recipes-devtools/python/python3-packaging_23.1.bb: 0.15 seconds
/home/elizaveta/poky/meta/recipes-support/attr/attr_2.5.1.bb: 0.22 seconds
/home/elizaveta/poky/meta/recipes-core/systemd/systemd-boot_254.4.bb: 0.07 seconds
/home/elizaveta/poky/meta/recipes-support/p11-kit/p11-kit_0.25.0.bb: 0.22 seconds
/home/elizaveta/poky/meta/recipes-devtools/python/python3-license-expression_30.1.1.bb: 0.16 seconds
/home/elizaveta/poky/meta/recipes-devtools/python/python3-rfc3987_1.3.8.bb: 0.15 seconds
/home/elizaveta/poky/meta/recipes-extended/perl/libconvert-asn1-perl_0.34.bb: 0.11 seconds
/home/elizaveta/poky/meta/recipes-core/base-passwd/base-passwd_3.6.3.bb: 0.08 seconds
/home/elizaveta/poky/meta/recipes-devtools/python/python3-build_1.0.3.bb: 0.10 seconds
/home/elizaveta/poky/meta/recipes-devtools/icecc-create-env/icecc-create-env_0.1.bb: 0.20 seconds
/home/elizaveta/poky/meta/recipes-devtools/qemu/qemu_8.1.4.bb: 0.16 seconds
/home/elizaveta/poky/meta/recipes-core/meta/testexport-tarball.bb: 0.06 seconds
/home/elizaveta/poky/meta/recipes-core/meta/meta-go-toolchain.bb: 0.06 seconds
/home/elizaveta/poky/meta/recipes-gnome/libadwaita/libadwaita_1.4.2.bb: 0.07 seconds
/home/elizaveta/poky/meta/recipes-core/musl/musl-obstack.bb: 0.01 seconds
/home/elizaveta/poky/meta/recipes-devtools/python/python3-uritools_4.0.2.bb: 0.15 seconds
/home/elizaveta/poky/meta/recipes-multimedia/gstreamer/gstreamer1.0-plugins-good_1.22.9.bb: 0.07 seconds
/home/elizaveta/poky/meta/recipes-devtools/dosfstools/dosfstools_4.2.bb: 0.16 seconds
/home/elizaveta/poky/meta/recipes-devtools/rust/rust-llvm_1.70.0.bb: 0.23 seconds
/home/elizaveta/poky/meta/recipes-core/systemd/systemd-systemctl-native.bb: 0.04 seconds
/home/elizaveta/poky/meta/recipes-devtools/python/python3-pygobject_3.46.0.bb: 0.11 seconds
/home/elizaveta/poky/meta/recipes-extended/packagegroups/packagegroup-core-full-cmdline.bb: 0.05 seconds
/home/elizaveta/poky/meta/recipes-support/liburcu/liburcu_0.14.0.bb: 0.07 seconds
/home/elizaveta/poky/meta/recipes-connectivity/libuv/libuv_1.46.0.bb: 0.10 seconds
/home/elizaveta/poky/meta/recipes-devtools/help2man/help2man_1.49.3.bb: 0.21 seconds
/home/elizaveta/poky/meta/recipes-core/meta/cve-update-nvd2-native.bb: 0.02 seconds
/home/elizaveta/poky/meta/recipes-extended/stress-ng/stress-ng_0.16.05.bb: 0.05 seconds
/home/elizaveta/poky/meta/recipes-support/libcap-ng/libcap-ng_0.8.3.bb: 0.14 seconds
/home/elizaveta/poky/meta/recipes-devtools/perl/libtry-tiny-perl_0.31.bb: 0.13 seconds
/home/elizaveta/poky/meta/recipes-core/packagegroups/packagegroup-rust-cross-canadian.bb: 0.03 seconds
/home/elizaveta/poky/meta/recipes-devtools/quilt/quilt-native_0.67.bb: 0.03 seconds
/home/elizaveta/poky/meta/recipes-extended/perl/libxml-namespacesupport-perl_1.12.bb: 0.16 seconds
/home/elizaveta/poky/meta/recipes-multimedia/libtiff/tiff_4.6.0.bb: 0.16 seconds
/home/elizaveta/poky/meta/recipes-kernel/lttng/babeltrace_1.5.11.bb: 0.13 seconds
/home/elizaveta/poky/meta/recipes-graphics/x11-common/xserver-nodm-init_3.0.bb: 0.06 seconds
/home/elizaveta/poky/meta/recipes-core/ell/ell_0.60.bb: 0.04 seconds
/home/elizaveta/poky/meta/recipes-extended/mc/mc_4.8.30.bb: 0.04 seconds
/home/elizaveta/poky/meta/recipes-support/lzo/lzo_2.10.bb: 0.14 seconds
/home/elizaveta/poky/meta/recipes-devtools/dejagnu/dejagnu_1.6.3.bb: 0.09 seconds
/home/elizaveta/poky/meta-poky/recipes-core/tiny-init/tiny-init.bb: 0.03 seconds
/home/elizaveta/poky/meta/recipes-devtools/git/git_2.42.0.bb: 0.13 seconds
/home/elizaveta/poky/meta/recipes-sato/matchbox-panel-2/matchbox-panel-2_2.12.bb: 0.08 seconds
/home/elizaveta/poky/meta/recipes-multimedia/speex/speexdsp_1.2.1.bb: 0.06 seconds
/home/elizaveta/poky/meta/recipes-core/ovmf/ovmf-shell-image.bb: 0.07 seconds
/home/elizaveta/poky/meta/recipes-devtools/apt/apt_2.6.1.bb: 0.12 seconds
/home/elizaveta/poky/meta/recipes-graphics/xorg-lib/libfontenc_1.1.7.bb: 0.11 seconds
/home/elizaveta/poky/meta/recipes-graphics/wayland/libinput_1.24.0.bb: 0.04 seconds
/home/elizaveta/poky/meta/recipes-devtools/python/python3-importlib-metadata_6.8.0.bb: 0.09 seconds
/home/elizaveta/poky/meta/recipes-graphics/wayland/wayland_1.22.0.bb: 0.17 seconds
/home/elizaveta/poky/meta/recipes-devtools/python/python3-spdx-tools_0.8.1.bb: 0.09 seconds
/home/elizaveta/poky/meta/recipes-sato/images/core-image-sato.bb: 0.07 seconds
/home/elizaveta/poky/meta/recipes-devtools/perl/libtest-fatal-perl_0.017.bb: 0.10 seconds
/home/elizaveta/poky/meta/recipes-gnome/libdazzle/libdazzle_3.44.0.bb: 0.04 seconds
/home/elizaveta/poky/meta/recipes-devtools/pkgconf/pkgconf_2.0.3.bb: 0.10 seconds
/home/elizaveta/poky/meta/recipes-extended/go-examples/go-helloworld_0.1.bb: 0.04 seconds
/home/elizaveta/poky/meta/recipes-bsp/formfactor/formfactor_0.0.bb: 0.03 seconds
/home/elizaveta/poky/meta/recipes-kernel/linux/linux-dummy.bb: 0.03 seconds
/home/elizaveta/poky/meta/recipes-multimedia/gstreamer/gstreamer1.0-rtsp-server_1.22.9.bb: 0.07 seconds
/home/elizaveta/poky/meta/recipes-devtools/gcc/gcc_13.2.bb: 0.14 seconds
/home/elizaveta/poky/meta/recipes-extended/findutils/findutils_4.9.0.bb: 0.10 seconds
/home/elizaveta/poky/meta/recipes-sato/libptytty/libptytty_2.0.bb: 0.04 seconds
/home/elizaveta/poky/meta/recipes-devtools/log4cplus/log4cplus_2.1.1.bb: 0.05 seconds
/home/elizaveta/poky/meta/recipes-extended/images/core-image-full-cmdline.bb: 0.07 seconds
/home/elizaveta/poky/meta/recipes-devtools/cmake/cmake-native_3.27.7.bb: 0.03 seconds
/home/elizaveta/poky/meta/recipes-devtools/python/python3-pluggy_1.3.0.bb: 0.14 seconds
/home/elizaveta/poky/meta/recipes-bsp/usbinit/usbinit.bb: 0.03 seconds
/home/elizaveta/poky/meta/recipes-support/icu/icu_73-2.bb: 0.14 seconds
/home/elizaveta/poky/meta/recipes-support/libatomic-ops/libatomic-ops_7.8.2.bb: 0.10 seconds
/home/elizaveta/poky/meta/recipes-core/images/core-image-ptest.bb: 9.64 seconds
/home/elizaveta/poky/meta/recipes-extended/groff/groff_1.23.0.bb: 0.07 seconds
/home/elizaveta/poky/meta/recipes-support/pinentry/pinentry_1.2.1.bb: 0.08 seconds
/home/elizaveta/poky/meta/recipes-kernel/cryptodev/cryptodev-tests_1.13.bb: 0.03 seconds
/home/elizaveta/poky/meta/recipes-graphics/wayland/mtdev_1.1.6.bb: 0.03 seconds
/home/elizaveta/poky/meta/recipes-multimedia/gstreamer/gstreamer1.0-meta-base.bb: 0.03 seconds
/home/elizaveta/poky/meta/recipes-extended/cracklib/cracklib_2.9.11.bb: 0.09 seconds
/home/elizaveta/poky/meta/recipes-core/busybox/busybox_1.36.1.bb: 0.06 seconds
/home/elizaveta/poky/meta/recipes-support/boost/boost-build-native_1.83.0.bb: 0.02 seconds
/home/elizaveta/poky/meta/recipes-devtools/perl-cross/perlcross_1.5.2.bb: 0.05 seconds
/home/elizaveta/poky/meta/recipes-devtools/lua/lua_5.4.6.bb: 0.09 seconds
/home/elizaveta/poky/meta/recipes-graphics/libfakekey/libfakekey_git.bb: 0.03 seconds
/home/elizaveta/poky/meta/recipes-gnome/gcr/gcr_4.1.0.bb: 0.04 seconds
/home/elizaveta/poky/meta/recipes-core/packagegroups/packagegroup-go-cross-canadian.bb: 0.02 seconds
/home/elizaveta/poky/meta/recipes-sato/webkit/wpebackend-fdo_1.14.2.bb: 0.03 seconds
/home/elizaveta/poky/meta/recipes-support/libmd/libmd_1.1.0.bb: 0.29 seconds
/home/elizaveta/poky/meta/recipes-bsp/efibootmgr/efibootmgr_18.bb: 0.03 seconds
/home/elizaveta/poky/meta/recipes-core/systemd/systemd-machine-units_1.0.bb: 0.01 seconds
/home/elizaveta/poky/meta/recipes-graphics/libva/libva-initial_2.19.0.bb: 0.08 seconds
/home/elizaveta/poky/meta/recipes-extended/baremetal-example/baremetal-helloworld_git.bb: 0.01 seconds
/home/elizaveta/poky/meta/recipes-devtools/mtd/mtd-utils_git.bb: 0.10 seconds
/home/elizaveta/poky/meta/recipes-graphics/xwayland/xwayland_23.2.4.bb: 0.03 seconds
/home/elizaveta/poky/meta/recipes-extended/lsof/lsof_4.98.0.bb: 0.06 seconds
/home/elizaveta/poky/meta/recipes-devtools/python/python3-bcrypt_4.0.1.bb: 0.05 seconds
/home/elizaveta/poky/meta/recipes-multimedia/libogg/libogg_1.3.5.bb: 0.03 seconds
/home/elizaveta/poky/meta/recipes-devtools/makedevs/makedevs_1.0.1.bb: 0.07 seconds
/home/elizaveta/poky/meta/recipes-multimedia/webp/libwebp_1.3.2.bb: 0.08 seconds
/home/elizaveta/poky/meta/recipes-sato/pulseaudio-sato/pulseaudio-client-conf-sato_1.bb: 0.02 seconds
/home/elizaveta/poky/meta/recipes-support/argp-standalone/argp-standalone_1.4.1.bb: 0.00 seconds
/home/elizaveta/poky/meta/recipes-graphics/xorg-lib/xcb-util-renderutil_0.3.10.bb: 0.03 seconds
/home/elizaveta/poky/meta/recipes-devtools/repo/repo_2.36.1.bb: 0.10 seconds
/home/elizaveta/poky/meta/recipes-core/packagegroups/packagegroup-core-sdk.bb: 0.02 seconds
/home/elizaveta/poky/meta/recipes-kernel/kmod/kmod_30.bb: 0.09 seconds
/home/elizaveta/poky/meta/recipes-support/libpsl/libpsl_0.21.2.bb: 0.09 seconds
/home/elizaveta/poky/meta/recipes-extended/slang/slang_2.3.3.bb: 0.09 seconds
/home/elizaveta/poky/meta/recipes-connectivity/connman/connman_1.42.bb: 0.04 seconds
/home/elizaveta/poky/meta/recipes-extended/wget/wget_1.21.4.bb: 0.10 seconds
/home/elizaveta/poky/meta/recipes-bsp/grub/grub-bootconf_1.00.bb: 0.03 seconds
/home/elizaveta/poky/meta/recipes-multimedia/libsamplerate/libsamplerate0_0.2.2.bb: 0.03 seconds
/home/elizaveta/poky/meta/recipes-graphics/xorg-proto/xorgproto_2023.2.bb: 0.08 seconds
/home/elizaveta/poky/meta/recipes-support/libfm/libfm-extra_1.3.2.bb: 0.04 seconds
/home/elizaveta/poky/meta/recipes-support/libdaemon/libdaemon_0.14.bb: 0.03 seconds
/home/elizaveta/poky/meta/recipes-devtools/llvm/llvm_git.bb: 0.12 seconds
/home/elizaveta/poky/meta/recipes-support/libbsd/libbsd_0.11.7.bb: 0.07 seconds
/home/elizaveta/poky/meta/recipes-core/images/core-image-minimal-mtdutils.bb: 0.06 seconds