1719323042
32534032 2635840 1300180 15485496 8388604 8388092

1719323043
32534032 2324376 1300180 15485716 8388604 8388092

1719323044
32534032 2095104 1300180 15485888 8388604 8388092

1719323045
32534032 2000348 1300248 15479324 8388604 8388092

1719323046
32534032 1905608 1300264 15494404 8388604 8388092

1719323047
32534032 1878756 1300304 15511716 8388604 8388092

1719323048
32534032 1890908 1300652 15552996 8388604 8388092

1719323049
32534032 1827948 1303052 15591560 8388604 8388092

1719323050
32534032 1818324 1304536 15624116 8388604 8388092

1719323051
32534032 1710072 1305216 15666528 8388604 8388092

1719323052
32534032 1855012 1305460 15676192 8388604 8388092

1719323053
32534032 1710048 1305888 15678580 8388604 8388092

1719323054
32534032 1824756 1305908 15680972 8388604 8388092

1719323056
32534032 2543968 1305932 15634856 8388604 8388092

