WARNING: Host distribution "ubuntu-23.10" has not been validated with this version of the build system; you may possibly experience unexpected failures. It is recommended that you use a tested distribution.
WARNING: /home/elizaveta/poky/meta-user/recipies-example/json.bb: URL: git://github.com/nlohmann/json.git;protocol=https does not set any branch parameter. The future default branch used by tools and repositories is uncertain and we will therefore soon require this is set in all git urls.
NOTE: Resolving any missing task queue dependencies

Build Configuration:
BB_VERSION           = "2.7.3"
BUILD_SYS            = "x86_64-linux"
NATIVELSBSTRING      = "universal"
TARGET_SYS           = "x86_64-poky-linux"
MACHINE              = "qemux86-64"
DISTRO               = "poky"
DISTRO_VERSION       = "4.3+snapshot-78e48090b2c2aa94112b986e0948b0a981d08e7f"
TUNE_FEATURES        = "m64 core2"
TARGET_FPU           = ""
meta                 
meta-poky            
meta-yocto-bsp       
meta-user            = "master:78e48090b2c2aa94112b986e0948b0a981d08e7f"

Sstate summary: Wanted 10 Local 7 Mirrors 0 Missed 3 Current 1886 (70% match, 99% complete)
NOTE: Executing Tasks
NOTE: Running setscene task 1892 of 1897 (/home/elizaveta/poky/meta-user/recipies-example/helloworld.bb:do_create_runtime_spdx_setscene)
NOTE: Running setscene task 1893 of 1897 (/home/elizaveta/poky/meta-user/recipies-example/json.bb:do_create_runtime_spdx_setscene)
WARNING: URL: git://github.com/nlohmann/json.git;protocol=https does not set any branch parameter. The future default branch used by tools and repositories is uncertain and we will therefore soon require this is set in all git urls.
NOTE: recipe helloworld-1.0-r0: task do_create_runtime_spdx_setscene: Started
NOTE: recipe json-1.0-r0: task do_create_runtime_spdx_setscene: Started
NOTE: recipe helloworld-1.0-r0: task do_create_runtime_spdx_setscene: Succeeded
NOTE: Running setscene task 1894 of 1897 (/home/elizaveta/poky/meta-user/recipies-example/helloworld.bb:do_create_spdx_setscene)
NOTE: recipe json-1.0-r0: task do_create_runtime_spdx_setscene: Succeeded
NOTE: recipe helloworld-1.0-r0: task do_create_spdx_setscene: Started
NOTE: recipe helloworld-1.0-r0: task do_create_spdx_setscene: Succeeded
NOTE: Running setscene task 1895 of 1897 (/home/elizaveta/poky/meta-user/recipies-example/json.bb:do_create_spdx_setscene)
WARNING: URL: git://github.com/nlohmann/json.git;protocol=https does not set any branch parameter. The future default branch used by tools and repositories is uncertain and we will therefore soon require this is set in all git urls.
NOTE: recipe json-1.0-r0: task do_create_spdx_setscene: Started
NOTE: recipe json-1.0-r0: task do_create_spdx_setscene: Succeeded
NOTE: Setscene tasks completed
NOTE: Running task 3978 of 4156 (/home/elizaveta/poky/meta/recipes-core/images/core-image-minimal.bb:do_rootfs)
NOTE: recipe core-image-minimal-1.0-r0: task do_rootfs: Started
NOTE: recipe core-image-minimal-1.0-r0: task do_rootfs: Succeeded
NOTE: Running task 4148 of 4156 (/home/elizaveta/poky/meta/recipes-core/images/core-image-minimal.bb:do_flush_pseudodb)
NOTE: Running task 4149 of 4156 (/home/elizaveta/poky/meta/recipes-core/images/core-image-minimal.bb:do_write_qemuboot_conf)
NOTE: recipe core-image-minimal-1.0-r0: task do_flush_pseudodb: Started
NOTE: recipe core-image-minimal-1.0-r0: task do_write_qemuboot_conf: Started
NOTE: recipe core-image-minimal-1.0-r0: task do_write_qemuboot_conf: Succeeded
NOTE: recipe core-image-minimal-1.0-r0: task do_flush_pseudodb: Succeeded
NOTE: Running task 4150 of 4156 (/home/elizaveta/poky/meta/recipes-core/images/core-image-minimal.bb:do_image_qa)
NOTE: recipe core-image-minimal-1.0-r0: task do_image_qa: Started
NOTE: recipe core-image-minimal-1.0-r0: task do_image_qa: Succeeded
NOTE: Running task 4151 of 4156 (/home/elizaveta/poky/meta/recipes-core/images/core-image-minimal.bb:do_image)
NOTE: recipe core-image-minimal-1.0-r0: task do_image: Started
NOTE: recipe core-image-minimal-1.0-r0: task do_image: Succeeded
NOTE: Running task 4152 of 4156 (/home/elizaveta/poky/meta/recipes-core/images/core-image-minimal.bb:do_image_ext4)
NOTE: Running task 4153 of 4156 (/home/elizaveta/poky/meta/recipes-core/images/core-image-minimal.bb:do_image_tar)
NOTE: recipe core-image-minimal-1.0-r0: task do_image_ext4: Started
NOTE: recipe core-image-minimal-1.0-r0: task do_image_tar: Started
NOTE: recipe core-image-minimal-1.0-r0: task do_image_tar: Succeeded
NOTE: recipe core-image-minimal-1.0-r0: task do_image_ext4: Succeeded
NOTE: Running task 4154 of 4156 (/home/elizaveta/poky/meta/recipes-core/images/core-image-minimal.bb:do_image_complete)
NOTE: recipe core-image-minimal-1.0-r0: task do_image_complete: Started
NOTE: recipe core-image-minimal-1.0-r0: task do_image_complete: Succeeded
NOTE: Running task 4155 of 4156 (/home/elizaveta/poky/meta/recipes-core/images/core-image-minimal.bb:do_populate_lic_deploy)
NOTE: recipe core-image-minimal-1.0-r0: task do_populate_lic_deploy: Started
NOTE: recipe core-image-minimal-1.0-r0: task do_populate_lic_deploy: Succeeded
NOTE: Running noexec task 4156 of 4156 (/home/elizaveta/poky/meta/recipes-core/images/core-image-minimal.bb:do_build)
NOTE: Tasks Summary: Attempted 4156 tasks of which 4146 didn't need to be rerun and all succeeded.
