Tasktype, PID, Elapsed time, utime, stime, cutime, cstime, IO rchar, IO wchar, IO syscr, IO syscw, IO read_bytes, IO write_bytes, IO cancelled_write_bytes, rusage ru_utime, rusage ru_stime, rusage ru_maxrss, rusage ru_minflt, rusage ru_majflt, rusage ru_inblock, rusage ru_oublock, rusage ru_nvcsw, rusage ru_nivcsw, Child rusage ru_utime, Child rusage ru_stime, Child rusage ru_maxrss, Child rusage ru_minflt, Child rusage ru_majflt, Child rusage ru_inblock, Child rusage ru_oublock, Child rusage ru_nvcsw, Child rusage ru_nivcsw
do_package_qa, 3044002, 2.32, 33, 9, 8, 6, 6107803, 270331, 2070, 291, 5459968, 159744, 0, 0.330559, 0.092054, 57704, 25770, 49, 10240, 272, 292, 1302, 0.08023799999999999, 0.063267, 55384, 26179, 0, 424, 40, 181, 294
do_collect_spdx_deps, 1453466, 0.15, 16, 0, 0, 0, 340888, 42567, 31, 44, 0, 49152, 0, 0.162908, 0.003973, 69416, 7041, 0, 0, 96, 0, 45, 0.0, 0.0, 0, 0, 0, 0, 0, 0, 0
do_compile_ptest_base, 1464514, 0.10, 10, 1, 0, 0, 297786, 32030, 3030, 126, 0, 24576, 0, 0.100515, 0.016082, 70244, 6041, 0, 0, 48, 27, 72, 0.0, 0.003238, 67548, 367, 0, 0, 0, 1, 27
do_recipe_qa, 20942, 0.06, 6, 2, 0, 0, 454125, 121344, 393, 205, 0, 102400, 0, 0.06881899999999999, 0.020241, 60284, 15747, 0, 0, 168, 28, 3, 0.008666, 0.004939, 57468, 3968, 0, 0, 32, 135, 7
do_install, 1464954, 0.46, 21, 3, 2, 2, 2114433, 914775, 1261, 580, 16384, 897024, 0, 0.212309, 0.030881, 62032, 13853, 0, 0, 160, 272, 229, 0.021633, 0.02873, 59940, 3720, 0, 32, 1592, 185, 366
do_packagedata, 1474038, 1.00, 24, 3, 6, 0, 808220, 304505, 922, 323, 0, 233472, 0, 0.24134599999999998, 0.030167999999999997, 71112, 23062, 0, 0, 240, 69, 152, 0.062250999999999994, 0.008405, 68312, 6923, 0, 0, 216, 139, 128
do_compile, 1452612, 10.97, 13, 1, 2101, 79, 62958535, 31339843, 13721, 8058, 1224704, 8732672, 294912, 0.133147, 0.01958, 69756, 8285, 0, 0, 304, 96, 71, 21.014305, 0.798616, 126080, 277322, 0, 2392, 16752, 4524, 8685
do_install_ptest_base, 1466139, 0.49, 16, 2, 1, 0, 3167146, 2827597, 582, 238, 4096, 2813952, 0, 0.16459, 0.021100999999999998, 62012, 10057, 0, 0, 48, 88, 351, 0.010981999999999999, 0.008574, 59928, 1988, 0, 8, 5448, 19, 125
do_populate_lic, 729532, 0.39, 14, 4, 2, 1, 616577, 166901, 610, 246, 8192, 131072, 0, 0.14763199999999999, 0.045425, 69540, 18400, 1, 16, 216, 68, 42, 0.028145, 0.013625, 66456, 4953, 0, 0, 40, 119, 94
do_fetch, 21064, 0.01, 4, 0, 0, 0, 279855, 46459, 26, 57, 0, 53248, 0, 0.046543999999999995, 0.0042309999999999995, 58428, 4488, 0, 0, 104, 0, 4, 0.0, 0.0, 0, 0, 0, 0, 0, 0, 0
do_patch, 227823, 0.04, 6, 1, 1, 0, 949336, 636347, 314, 210, 0, 651264, 4096, 0.06450399999999999, 0.016125999999999998, 62536, 8001, 0, 0, 128, 6, 10, 0.011202, 0.0, 56872, 961, 0, 0, 1144, 12, 5
do_prepare_recipe_sysroot, 1441114, 2.24, 15, 9, 0, 0, 1702465, 813169, 419, 239, 225280, 851968, 0, 0.156792, 0.090155, 68700, 8768, 0, 432, 144, 34, 80, 0.007111999999999999, 0.00432, 63812, 603, 0, 8, 1520, 15, 3
do_configure, 1441433, 17.50, 9, 2, 126, 41, 38688357, 4062081, 19752, 5125, 323584, 4059136, 3010560, 0.09510199999999999, 0.027738, 70648, 11072, 0, 24, 144, 93, 30, 1.263934, 0.413384, 67784, 167927, 1, 608, 7784, 2110, 2389
do_generate_toolchain_file, 230822, 0.04, 8, 0, 0, 0, 320603, 49524, 68, 70, 0, 40960, 0, 0.08773, 0.003987, 63772, 7967, 0, 0, 56, 3, 1, 0.0022429999999999998, 0.0, 61068, 512, 0, 0, 24, 4, 0
do_populate_sysroot, 1467149, 1.81, 25, 8, 7, 2, 3151413, 1464729, 1475, 655, 0, 1142784, 176128, 0.258255, 0.086085, 70644, 24726, 0, 0, 1336, 137, 140, 0.072319, 0.0231, 68752, 11200, 0, 0, 896, 191, 174
do_create_runtime_spdx, 3044147, 1.25, 15, 3, 2, 1, 1370342, 423427, 863, 255, 315392, 172032, 0, 0.153859, 0.033656, 63524, 19341, 0, 168, 256, 79, 93, 0.023527, 0.018716999999999998, 59844, 5381, 0, 448, 80, 141, 117
do_package_write_rpm, 3043869, 6.23, 27, 4, 487, 26, 29666652, 3325586, 3797, 883, 258048, 2195456, 0, 0.278588, 0.046431, 56952, 23469, 1, 320, 488, 608, 248, 4.87216, 0.265063, 635944, 175840, 0, 184, 3800, 2456, 1666
do_create_spdx, 1474981, 1.74, 27, 5, 5, 3, 1446668, 858742, 806, 692, 139264, 344064, 0, 0.272542, 0.056237999999999996, 73172, 28014, 0, 272, 560, 67, 168, 0.055864, 0.036777, 69552, 7395, 1, 0, 112, 450, 134
do_package, 1467508, 9.91, 63, 30, 313, 34, 56748778, 25590922, 15254, 3114, 20480, 17186816, 8036352, 0.638648, 0.309052, 64068, 47771, 0, 0, 688, 819, 2362, 3.138774, 0.340524, 77620, 101043, 9, 40, 32880, 4278, 3182
do_unpack, 21211, 0.06, 4, 0, 5, 0, 4302483, 6735381, 1144, 1343, 0, 3624960, 0, 0.045141999999999995, 0.007522999999999999, 58460, 8033, 0, 0, 56, 8, 8, 0.054964, 0.0048649999999999995, 54852, 2258, 0, 0, 7024, 680, 4
do_configure_ptest_base, 1452267, 0.17, 14, 2, 0, 0, 297798, 20752, 46, 54, 0, 20480, 0, 0.14013799999999998, 0.022126999999999997, 69688, 8296, 0, 0, 40, 0, 33, 0.0, 0.003251, 66960, 361, 0, 0, 0, 1, 0
do_deploy_source_date_epoch, 230392, 0.12, 13, 1, 1, 0, 537164, 155033, 473, 283, 0, 110592, 0, 0.136883, 0.016590999999999998, 64392, 18585, 0, 0, 176, 28, 57, 0.013567, 0.009736, 61592, 4680, 0, 0, 40, 145, 9
