Tasktype, PID, Elapsed time, utime, stime, cutime, cstime, IO rchar, IO wchar, IO syscr, IO syscw, IO read_bytes, IO write_bytes, IO cancelled_write_bytes, rusage ru_utime, rusage ru_stime, rusage ru_maxrss, rusage ru_minflt, rusage ru_majflt, rusage ru_inblock, rusage ru_oublock, rusage ru_nvcsw, rusage ru_nivcsw, Child rusage ru_utime, Child rusage ru_stime, Child rusage ru_maxrss, Child rusage ru_minflt, Child rusage ru_majflt, Child rusage ru_inblock, Child rusage ru_oublock, Child rusage ru_nvcsw, Child rusage ru_nivcsw
do_compile, 2552500, 43.02, 57, 5, 22460, 2574, 3437307772, 371028862, 675612, 132540, 43192320, 137371648, 19709952, 0.571812, 0.051053999999999995, 75648, 10137, 0, 0, 10800, 1335, 183, 224.608637, 25.743058, 197300, 8941939, 151, 84360, 257504, 69321, 121112
do_collect_spdx_deps, 2572527, 0.18, 17, 0, 0, 0, 372300, 53665, 55, 60, 0, 49152, 0, 0.174372, 0.004151, 72624, 7501, 0, 0, 96, 0, 93, 0.0, 0.0, 0, 0, 0, 0, 0, 0, 0
do_packagedata, 2710961, 4.00, 26, 5, 6, 6, 3656848, 2626382, 2605, 800, 0, 1671168, 0, 0.263135, 0.056386, 74448, 23999, 0, 0, 712, 59, 572, 0.06807099999999999, 0.06713, 71644, 7691, 1, 0, 2552, 230, 192
do_compile_ptest_base, 2631557, 0.19, 17, 0, 0, 0, 330509, 42924, 1527, 142, 0, 28672, 0, 0.171076, 0.003978, 73296, 8634, 0, 0, 56, 27, 76, 0.0, 0.003379, 70600, 366, 0, 0, 0, 1, 30
do_install, 2634087, 5.83, 21, 4, 73, 51, 72738418, 56400009, 17025, 5106, 4177920, 59355136, 1638400, 0.21448399999999998, 0.045960999999999995, 67608, 15353, 0, 0, 1256, 274, 322, 0.737764, 0.512251, 65532, 13141, 0, 8160, 114672, 1053, 10236
do_recipe_qa, 30264, 0.05, 6, 2, 0, 0, 491994, 133188, 426, 222, 0, 102400, 0, 0.06963, 0.024575, 61804, 16326, 0, 0, 168, 30, 4, 0.008808999999999999, 0.0049369999999999995, 59004, 4028, 0, 0, 32, 135, 6
do_install_ptest_base, 2644386, 0.32, 14, 3, 1, 0, 413628, 53998, 610, 207, 4096, 32768, 0, 0.148053, 0.0329, 67560, 8492, 0, 0, 56, 83, 334, 0.011615, 0.003701, 65480, 1695, 0, 8, 8, 21, 92
do_populate_sysroot, 2645749, 2.81, 42, 5, 24, 9, 50079495, 32309485, 6452, 2013, 0, 25288704, 3751936, 0.42647999999999997, 0.051815, 73308, 27915, 0, 0, 31184, 153, 239, 0.24448799999999998, 0.095942, 71172, 26013, 3, 0, 18208, 413, 429
do_fetch, 30313, 87.32, 5, 1, 0, 0, 311271, 84191, 50, 105, 0, 65536, 0, 0.059479, 0.011887, 60144, 6628, 0, 0, 128, 1, 6, 0.0, 0.0, 0, 0, 0, 0, 0, 0, 0
do_write_config, 31831, 0.03, 8, 0, 0, 0, 365519, 63746, 140, 110, 0, 49152, 0, 0.081524, 0.0, 61996, 8121, 0, 0, 64, 6, 3, 0.002868, 0.000272, 59268, 792, 0, 0, 32, 10, 3
do_populate_lic, 728697, 0.62, 18, 3, 3, 0, 914835, 256275, 652, 280, 49152, 147456, 0, 0.184743, 0.038488, 69812, 18880, 2, 96, 232, 54, 195, 0.037517999999999996, 0.007186, 66756, 5047, 1, 0, 56, 103, 102
do_prepare_recipe_sysroot, 2424218, 0.86, 21, 14, 0, 1, 2556075, 1249611, 701, 377, 380928, 1351680, 0, 0.21803399999999998, 0.14285, 72564, 9079, 0, 736, 160, 55, 152, 0.009378, 0.01034, 67676, 657, 0, 8, 2480, 10, 65
do_create_runtime_spdx, 3274699, 5.86, 86, 12, 3, 1, 22349764, 1180777, 8815, 453, 9109504, 737280, 0, 0.861995, 0.12570699999999999, 87064, 37984, 17, 17784, 1320, 361, 346, 0.035447, 0.018188, 70412, 5696, 0, 8, 120, 153, 99
do_configure, 2426555, 61.11, 21, 2, 1346, 339, 226468263, 26273105, 93256, 25340, 2818048, 27709440, 6500352, 0.213825, 0.023757999999999998, 74744, 12970, 0, 24, 320, 86, 216, 13.469853, 3.398755, 69724, 1250305, 80, 5480, 53800, 12410, 13649
do_configure_ptest_base, 2551708, 0.07, 13, 1, 0, 0, 330520, 31646, 71, 70, 0, 28672, 0, 0.13302899999999998, 0.016628, 73648, 8570, 0, 0, 56, 2, 69, 0.002911, 0.0, 70924, 368, 0, 0, 0, 1, 1
do_patch, 254718, 0.47, 11, 2, 27, 4, 3466469, 689901, 5055, 607, 0, 696320, 4096, 0.118986, 0.023797, 63400, 15460, 0, 0, 152, 41, 13, 0.275488, 0.046751, 57712, 76885, 0, 0, 1208, 1237, 263
do_deploy_source_date_epoch, 258280, 0.15, 20, 2, 1, 1, 572118, 168540, 505, 300, 0, 114688, 0, 0.207319, 0.025386, 64728, 18831, 0, 0, 184, 31, 44, 0.016031999999999998, 0.012074999999999999, 61920, 4701, 0, 0, 40, 145, 36
do_create_spdx, 2718315, 10.03, 225, 51, 17, 33, 15834806, 19048115, 5315, 22857, 184320, 6877184, 0, 2.2555, 0.514706, 80944, 131548, 0, 352, 12856, 385, 8518, 0.17199, 0.330245, 76448, 36138, 0, 8, 576, 7176, 1419
do_package_write_rpm, 3272615, 110.27, 81, 12, 9515, 392, 453487242, 53486025, 106146, 8930, 61403136, 34631680, 0, 0.817124, 0.12878499999999998, 59288, 28856, 25, 4984, 1240, 4215, 2495, 95.151086, 3.927841, 2235240, 2367341, 1, 114944, 66400, 66244, 37599
do_package, 2646742, 47.23, 1197, 515, 2686, 1244, 928639357, 339983282, 438063, 57727, 16384, 206897152, 88985600, 11.9707, 5.157855, 78644, 612662, 0, 0, 5320, 4526, 66856, 26.866006, 12.44913, 529292, 3596722, 283, 32, 398776, 74087, 71481
do_package_qa, 3272973, 31.62, 238, 203, 283, 434, 118973442, 4559879, 67474, 2910, 40984576, 278528, 0, 2.388012, 2.030226, 67860, 214492, 1435, 77528, 280, 8073, 33335, 2.837603, 4.345163, 65448, 1404898, 80, 2520, 264, 5699, 9954
do_unpack, 251586, 0.50, 16, 4, 34, 8, 59623128, 103245307, 10828, 13811, 0, 55078912, 0, 0.162271, 0.043272, 63372, 15434, 0, 0, 152, 26, 247, 0.341316, 0.084511, 59904, 8212, 0, 0, 107424, 5435, 1291
