Tasktype, PID, Elapsed time, utime, stime, cutime, cstime, IO rchar, IO wchar, IO syscr, IO syscw, IO read_bytes, IO write_bytes, IO cancelled_write_bytes, rusage ru_utime, rusage ru_stime, rusage ru_maxrss, rusage ru_minflt, rusage ru_majflt, rusage ru_inblock, rusage ru_oublock, rusage ru_nvcsw, rusage ru_nivcsw, Child rusage ru_utime, Child rusage ru_stime, Child rusage ru_maxrss, Child rusage ru_minflt, Child rusage ru_majflt, Child rusage ru_inblock, Child rusage ru_oublock, Child rusage ru_nvcsw, Child rusage ru_nivcsw
do_populate_lic, 708687, 0.38, 19, 1, 1, 2, 647486, 177219, 600, 259, 16384, 135168, 0, 0.196544, 0.01747, 69668, 18697, 1, 32, 224, 53, 76, 0.015545999999999999, 0.023076, 66560, 5001, 0, 0, 40, 89, 119
do_collect_spdx_deps, 3653453, 0.28, 28, 2, 0, 0, 355087, 50201, 45, 54, 8192, 49152, 0, 0.281954, 0.020430999999999998, 58384, 6008, 2, 16, 96, 2, 121, 0.0, 0.0, 0, 0, 0, 0, 0, 0, 0
do_package_write_rpm, 3751503, 34.73, 38, 6, 3848, 55, 351567632, 57968722, 18146, 3461, 12288, 38490112, 0, 0.38353299999999996, 0.06464, 60412, 24529, 0, 24, 560, 193, 534, 38.484813, 0.553532, 708516, 270738, 1, 0, 74616, 9411, 6201
do_recipe_qa, 40121, 0.06, 7, 1, 1, 0, 485026, 128651, 408, 215, 0, 102400, 0, 0.0761, 0.01522, 62272, 16270, 0, 0, 168, 28, 9, 0.013297999999999999, 0.0008089999999999999, 59464, 4004, 0, 0, 32, 143, 6
do_install, 3747766, 1.43, 25, 3, 30, 12, 77006499, 67915876, 2026, 419, 4096, 68026368, 4096, 0.254079, 0.039869, 59124, 15431, 0, 0, 208, 156, 292, 0.305114, 0.124052, 57040, 11463, 0, 8, 132656, 469, 423
do_unpack, 303542, 1.28, 10, 2, 115, 19, 128868501, 215883363, 20017, 28563, 4096, 115494912, 0, 0.105346, 0.02341, 63652, 10721, 0, 8, 128, 9, 7, 1.151561, 0.198516, 60100, 3591, 0, 0, 225448, 8958, 1503
do_packagedata, 3751214, 1.04, 21, 2, 6, 0, 1040738, 421871, 942, 349, 4096, 299008, 0, 0.214386, 0.020225, 60144, 24354, 0, 8, 248, 39, 53, 0.06675099999999999, 0.00067, 57284, 7003, 0, 0, 336, 144, 31
do_compile, 3668976, 148.99, 21, 2, 41631, 1983, 2357908808, 988229101, 273284, 217945, 19533824, 289705984, 9314304, 0.21678399999999998, 0.025504, 58644, 6952, 0, 0, 2704, 438, 97, 416.311251, 19.835506, 1207124, 8809102, 94, 38152, 563128, 65186, 145508
do_fetch, 40183, 12.46, 29, 3, 3, 13, 19367361, 19011092, 19326, 26672, 0, 18972672, 0, 0.290153, 0.030364, 77896, 10705, 0, 0, 120, 1247, 37, 0.031813, 0.139326, 57196, 928, 0, 0, 36936, 12269, 40
do_package, 3748099, 9.32, 174, 79, 652, 95, 734573409, 434684171, 108358, 33528, 8192, 293093376, 134860800, 1.744848, 0.792385, 61568, 70664, 0, 8, 1168, 914, 9673, 6.523091, 0.956927, 154328, 261383, 23, 8, 571280, 17751, 15191
do_populate_sysroot, 3748092, 2.53, 54, 9, 21, 6, 89784920, 76517259, 4444, 1586, 12288, 71802880, 2764800, 0.5472629999999999, 0.09343499999999999, 59756, 28082, 0, 24, 126968, 170, 113, 0.211864, 0.064246, 57400, 24790, 7, 0, 13272, 351, 385
do_prepare_recipe_sysroot, 3647479, 4.13, 20, 27, 2, 1, 3379565, 1472754, 1078, 438, 1609728, 1605632, 0, 0.20776799999999998, 0.27841, 59944, 11819, 17, 2976, 160, 112, 69, 0.022005, 0.016833, 55056, 1901, 0, 168, 2976, 78, 21
do_patch, 314681, 0.07, 14, 1, 0, 0, 703727, 124228, 286, 89, 0, 126976, 4096, 0.14595, 0.012162, 64084, 10993, 0, 0, 120, 7, 17, 0.0044859999999999995, 0.004791, 58096, 942, 0, 0, 128, 12, 12
do_configure, 3650882, 17.28, 21, 4, 414, 63, 70880586, 11307467, 19797, 6036, 2994176, 11767808, 704512, 0.215723, 0.045633, 59268, 9963, 0, 56, 192, 41, 48, 4.143051, 0.639402, 56400, 213791, 13, 5792, 22792, 2701, 3081
do_deploy_source_date_epoch, 315232, 0.41, 17, 1, 1, 1, 555427, 170352, 524, 324, 0, 114688, 0, 0.172004, 0.011727, 65716, 18899, 0, 0, 184, 59, 23, 0.019028, 0.010983, 62916, 4682, 1, 0, 40, 107, 117
do_write_config, 42404, 0.03, 5, 1, 0, 0, 348155, 60006, 128, 104, 0, 49152, 0, 0.059865999999999996, 0.011973, 61704, 7792, 0, 0, 64, 6, 0, 0.0029679999999999997, 0.0, 58984, 795, 0, 0, 32, 10, 1
do_create_runtime_spdx, 3752436, 1.06, 22, 5, 3, 1, 2213942, 444071, 814, 267, 0, 180224, 0, 0.22146, 0.057415, 61868, 23423, 0, 0, 264, 40, 60, 0.036792, 0.011460999999999999, 58272, 5418, 0, 0, 88, 133, 55
do_package_qa, 3751519, 2.82, 65, 18, 15, 21, 76527669, 391760, 8184, 370, 0, 163840, 0, 0.6505059999999999, 0.18093499999999998, 88444, 49344, 0, 0, 272, 287, 5573, 0.155305, 0.21143399999999998, 59552, 62218, 7, 0, 48, 422, 383
do_create_spdx, 3751484, 3.49, 84, 13, 8, 1, 3301062, 3306398, 1119, 3626, 208896, 1216512, 0, 0.849973, 0.136316, 88292, 36407, 4, 408, 2200, 87, 1417, 0.08333199999999999, 0.015567999999999999, 58620, 8042, 0, 0, 176, 633, 135
