Tasktype, PID, Elapsed time, utime, stime, cutime, cstime, IO rchar, IO wchar, IO syscr, IO syscw, IO read_bytes, IO write_bytes, IO cancelled_write_bytes, rusage ru_utime, rusage ru_stime, rusage ru_maxrss, rusage ru_minflt, rusage ru_majflt, rusage ru_inblock, rusage ru_oublock, rusage ru_nvcsw, rusage ru_nivcsw, Child rusage ru_utime, Child rusage ru_stime, Child rusage ru_maxrss, Child rusage ru_minflt, Child rusage ru_majflt, Child rusage ru_inblock, Child rusage ru_oublock, Child rusage ru_nvcsw, Child rusage ru_nivcsw
do_install, 1470455, 3.72, 21, 2, 1, 3, 1703547, 895260, 1087, 448, 0, 929792, 0, 0.211721, 0.029640999999999997, 62252, 13992, 0, 0, 160, 248, 236, 0.019915, 0.031778, 60168, 3942, 0, 0, 1656, 23, 445
do_package_write_rpm, 3027027, 5.59, 31, 6, 521, 32, 16453972, 2236710, 10570, 818, 3207168, 1409024, 0, 0.310534, 0.06849999999999999, 56832, 24291, 2, 1440, 496, 577, 532, 5.210881, 0.32959, 628896, 178809, 0, 4824, 2256, 4330, 2344
do_populate_lic, 727787, 0.48, 17, 3, 2, 1, 619180, 165354, 570, 244, 8192, 131072, 0, 0.171542, 0.037655, 69536, 18372, 1, 16, 216, 52, 154, 0.026715, 0.014048999999999999, 66452, 4964, 0, 0, 40, 117, 56
do_collect_spdx_deps, 1470713, 0.20, 13, 1, 0, 0, 340569, 41381, 27, 42, 0, 49152, 0, 0.13902299999999998, 0.016850999999999998, 69628, 5037, 0, 0, 96, 1, 64, 0.0, 0.0, 0, 0, 0, 0, 0, 0, 0
do_compile_ptest_base, 1469883, 0.15, 12, 2, 0, 0, 297466, 30844, 1948, 124, 0, 20480, 0, 0.12232699999999999, 0.021089999999999998, 70156, 8102, 0, 0, 40, 27, 66, 0.002587, 0.0, 67428, 360, 0, 0, 0, 1, 27
do_recipe_qa, 54959, 0.06, 7, 1, 1, 0, 476809, 119940, 396, 203, 0, 102400, 0, 0.075921, 0.015184, 62896, 16324, 0, 0, 168, 30, 1, 0.010997, 0.002964, 60080, 3985, 0, 0, 32, 149, 9
do_packagedata, 1487938, 1.45, 19, 4, 5, 1, 897250, 349471, 874, 326, 0, 241664, 0, 0.192818, 0.04722, 70716, 23532, 0, 0, 232, 50, 96, 0.053214, 0.014523999999999999, 67980, 6932, 0, 0, 240, 114, 67
do_compile, 1466808, 2.64, 17, 0, 589, 86, 95064914, 11601596, 29411, 6993, 581632, 5873664, 1552384, 0.170069, 0.008950999999999999, 70344, 6553, 0, 0, 936, 75, 89, 5.892622, 0.8640709999999999, 67652, 298344, 9, 1136, 10536, 2451, 3860
do_package_qa, 3027351, 3.89, 40, 18, 36, 28, 6359080, 612687, 6179, 479, 901120, 163840, 0, 0.406643, 0.18833999999999998, 57276, 36124, 29, 1728, 264, 364, 3070, 0.36407, 0.28763299999999997, 54968, 135808, 5, 32, 56, 659, 865
do_install_ptest_base, 1472834, 0.87, 14, 1, 3, 2, 1538595, 1123812, 1501, 408, 249856, 1339392, 0, 0.148556, 0.013106999999999999, 62272, 10161, 0, 0, 88, 95, 308, 0.031061, 0.021165999999999997, 60192, 3264, 0, 488, 2528, 290, 589
do_fetch, 55073, 1.19, 6, 0, 0, 0, 727816, 448020, 577, 685, 0, 454656, 0, 0.061799999999999994, 0.007724999999999999, 61024, 6170, 0, 0, 120, 43, 3, 0.002806, 0.00993, 57628, 908, 0, 0, 768, 228, 4
do_configure_ptest_base, 1466012, 0.13, 12, 2, 0, 0, 297479, 30894, 1872, 124, 0, 24576, 0, 0.127297, 0.023868, 70280, 6063, 0, 0, 48, 27, 44, 0.003153, 0.0, 67556, 367, 0, 0, 0, 1, 26
do_create_runtime_spdx, 3027913, 1.22, 21, 3, 2, 1, 1591741, 419532, 745, 252, 299008, 167936, 0, 0.21364999999999998, 0.039748, 63328, 22074, 0, 584, 248, 65, 89, 0.028922999999999997, 0.012331, 59628, 5379, 0, 0, 80, 125, 86
do_prepare_recipe_sysroot, 1441131, 3.85, 13, 9, 1, 0, 1702146, 811983, 415, 237, 421888, 851968, 0, 0.138895, 0.099211, 68836, 8939, 0, 816, 144, 62, 70, 0.011207, 0.0, 63948, 606, 0, 8, 1520, 21, 5
do_configure, 1443793, 28.73, 16, 1, 294, 99, 99958910, 8961146, 48993, 9999, 212992, 9355264, 7524352, 0.168818, 0.015005999999999999, 69952, 8912, 0, 24, 152, 160, 90, 2.943407, 0.9978859999999999, 67028, 399020, 12, 392, 18120, 3904, 4081
do_patch, 332966, 0.15, 8, 2, 1, 0, 949104, 635335, 310, 208, 0, 651264, 4096, 0.085504, 0.020357999999999998, 63596, 7962, 0, 0, 128, 7, 83, 0.013937, 0.003427, 57956, 961, 0, 0, 1144, 12, 4
do_generate_toolchain_file, 411569, 0.04, 9, 1, 0, 0, 320284, 48338, 64, 68, 0, 40960, 0, 0.097053, 0.012131, 65384, 8017, 0, 0, 56, 3, 18, 0.002338, 0.00036899999999999997, 62688, 509, 0, 0, 24, 4, 1
do_populate_sysroot, 1474307, 2.16, 28, 6, 7, 2, 3512343, 1463551, 1581, 656, 0, 761856, 73728, 0.283184, 0.067804, 70652, 23818, 0, 0, 800, 135, 101, 0.075137, 0.023576999999999997, 68572, 10758, 0, 0, 688, 175, 167
do_unpack, 56829, 0.02, 4, 0, 1, 0, 2729064, 3825626, 387, 528, 0, 2490368, 0, 0.043580999999999995, 0.007923, 61024, 8235, 0, 0, 56, 8, 27, 0.011219, 0.004578, 57408, 1540, 0, 0, 4808, 74, 9
do_package, 1474059, 13.73, 231, 82, 528, 208, 55323422, 12348652, 48396, 4326, 4096, 8220672, 2994176, 2.314757, 0.8232889999999999, 64620, 120795, 0, 8, 848, 656, 5527, 5.280107, 2.086371, 421808, 588076, 30, 0, 15208, 7754, 8611
do_create_spdx, 1489841, 2.60, 45, 6, 6, 1, 2119529, 1753777, 901, 1898, 126976, 659456, 0, 0.450412, 0.067351, 72692, 27947, 0, 248, 1152, 88, 744, 0.06712499999999999, 0.014379, 69596, 7244, 0, 0, 136, 362, 187
do_deploy_source_date_epoch, 411253, 0.15, 17, 1, 1, 0, 539638, 153380, 461, 278, 0, 114688, 0, 0.176637, 0.012322999999999999, 65672, 18593, 0, 0, 184, 29, 42, 0.019875, 0.007567, 62872, 4698, 0, 0, 40, 93, 23
