Tasktype, PID, Elapsed time, utime, stime, cutime, cstime, IO rchar, IO wchar, IO syscr, IO syscw, IO read_bytes, IO write_bytes, IO cancelled_write_bytes, rusage ru_utime, rusage ru_stime, rusage ru_maxrss, rusage ru_minflt, rusage ru_majflt, rusage ru_inblock, rusage ru_oublock, rusage ru_nvcsw, rusage ru_nivcsw, Child rusage ru_utime, Child rusage ru_stime, Child rusage ru_maxrss, Child rusage ru_minflt, Child rusage ru_majflt, Child rusage ru_inblock, Child rusage ru_oublock, Child rusage ru_nvcsw, Child rusage ru_nivcsw
do_populate_lic, 749429, 0.21, 14, 6, 2, 2, 990139, 294200, 610, 266, 69632, 147456, 0, 0.148109, 0.063475, 69812, 18484, 3, 136, 216, 32, 178, 0.020309, 0.020492, 66728, 5009, 1, 0, 72, 127, 82
do_packagedata, 1903562, 0.68, 18, 2, 4, 1, 901412, 320872, 896, 328, 0, 253952, 0, 0.186249, 0.02963, 72756, 21436, 0, 0, 232, 53, 164, 0.045362, 0.016122, 69956, 6900, 3, 0, 264, 111, 100
do_collect_spdx_deps, 2041366, 0.09, 13, 1, 0, 0, 355596, 45836, 38, 48, 0, 53248, 0, 0.138019, 0.013800999999999999, 70824, 7254, 0, 0, 104, 0, 70, 0.0, 0.0, 0, 0, 0, 0, 0, 0, 0
do_compile_ptest_base, 1875639, 0.12, 14, 2, 0, 0, 314466, 36527, 4418, 130, 0, 24576, 0, 0.148883, 0.029776, 71264, 8178, 0, 0, 48, 27, 61, 0.0, 0.002937, 68540, 364, 0, 0, 0, 1, 29
do_recipe_qa, 37847, 0.05, 5, 2, 0, 0, 484773, 126249, 404, 209, 0, 102400, 0, 0.059482, 0.027757999999999998, 62308, 16129, 0, 0, 168, 28, 3, 0.009823, 0.0038179999999999998, 59496, 3990, 0, 0, 32, 135, 5
do_install, 1877092, 2.60, 20, 2, 33, 11, 9515574, 5638127, 5103, 917, 360448, 5586944, 12288, 0.208923, 0.020482, 65076, 14710, 0, 0, 216, 333, 263, 0.331854, 0.110663, 62988, 60565, 1, 704, 10696, 849, 1172
do_compile, 1813225, 20.58, 25, 1, 4695, 464, 468640632, 193616267, 133820, 45506, 6815744, 136462336, 13987840, 0.25904499999999997, 0.016711999999999998, 71440, 8515, 0, 0, 2552, 449, 59, 46.955324, 4.647037, 242692, 2546575, 54, 13312, 263976, 35522, 36321
do_install_ptest_base, 1882756, 0.70, 14, 3, 17, 6, 49525728, 47572603, 1913, 773, 1363968, 47599616, 0, 0.14351999999999998, 0.031031, 65664, 8314, 0, 0, 64, 76, 305, 0.17888199999999999, 0.064539, 63580, 10436, 0, 2664, 92904, 126, 434
do_fetch, 37939, 0.01, 5, 0, 0, 0, 294567, 67137, 33, 81, 0, 61440, 0, 0.05173, 0.0, 60448, 4678, 0, 0, 120, 0, 2, 0.0, 0.0, 0, 0, 0, 0, 0, 0, 0
do_prepare_recipe_sysroot, 1627094, 4.58, 17, 3, 1, 1, 1766356, 1056288, 553, 308, 131072, 1110016, 0, 0.17396399999999998, 0.035583, 69228, 7243, 0, 248, 168, 35, 19, 0.011032, 0.010038, 63960, 1206, 0, 8, 2000, 43, 7
do_populate_sysroot, 1885011, 0.89, 28, 4, 7, 3, 11864500, 8442472, 1950, 899, 0, 7360512, 917504, 0.28995899999999997, 0.045188, 72040, 28240, 0, 0, 9824, 158, 171, 0.078263, 0.036468, 69676, 12925, 0, 0, 4552, 221, 218
do_package_qa, 3119258, 5.91, 44, 25, 46, 33, 63395725, 678497, 7841, 518, 46809088, 172032, 0, 0.448538, 0.25689, 96084, 52639, 41, 91360, 280, 256, 4250, 0.468512, 0.33579, 58416, 155143, 5, 64, 56, 617, 1046
do_patch, 287007, 0.21, 9, 2, 16, 3, 2573522, 732486, 3248, 475, 0, 753664, 4096, 0.092891, 0.020193, 63312, 14578, 0, 0, 152, 29, 9, 0.162046, 0.035667, 57536, 47690, 0, 0, 1320, 755, 67
do_configure, 1637811, 78.22, 29, 5, 931, 177, 192113400, 27216106, 86344, 25567, 1605632, 25526272, 14589952, 0.295338, 0.053696999999999995, 71036, 17536, 0, 688, 384, 379, 94, 9.316581, 1.7747229999999998, 68180, 996539, 26, 2448, 49472, 10359, 8935
do_create_spdx, 2041957, 1.51, 42, 10, 5, 2, 2595145, 2416720, 951, 2742, 155648, 880640, 0, 0.427365, 0.10474599999999999, 112868, 30906, 0, 304, 1560, 69, 1074, 0.052691999999999996, 0.021276999999999997, 70904, 7351, 0, 0, 160, 343, 179
do_package_write_rpm, 3119200, 20.59, 33, 6, 1044, 32, 208771788, 14280465, 14482, 1350, 14422016, 9424896, 0, 0.331321, 0.060201, 57692, 24649, 0, 2832, 520, 591, 454, 10.443445, 0.322376, 537548, 196691, 1, 25336, 17888, 3578, 3921
do_create_runtime_spdx, 3119950, 1.37, 16, 6, 3, 0, 1962096, 428096, 765, 259, 626688, 172032, 0, 0.170049, 0.061405999999999995, 62372, 21886, 11, 1224, 248, 63, 92, 0.038187, 0.008317999999999999, 58716, 5390, 1, 0, 88, 128, 50
do_package, 1886894, 6.30, 166, 92, 407, 177, 715074588, 370492058, 97296, 32542, 790528, 259198976, 148037632, 1.66263, 0.927236, 67864, 89454, 0, 8, 960, 472, 7732, 4.070596, 1.776829, 111792, 449515, 40, 1536, 505288, 14023, 11674
do_unpack, 39189, 0.30, 3, 1, 29, 1, 19889271, 30986234, 5177, 5971, 131072, 16510976, 0, 0.038738999999999996, 0.017217, 60084, 10525, 0, 0, 72, 18, 11, 0.290043, 0.016409, 56464, 4780, 0, 256, 32176, 3006, 9
do_configure_ptest_base, 1811622, 0.13, 15, 0, 0, 0, 314479, 25249, 55, 58, 0, 28672, 0, 0.156551, 0.003727, 70972, 8069, 0, 0, 56, 2, 79, 0.0, 0.0029029999999999998, 68244, 367, 0, 0, 0, 1, 0
do_deploy_source_date_epoch, 300535, 0.13, 14, 3, 1, 0, 556947, 163094, 486, 288, 0, 114688, 0, 0.145755, 0.036438, 65160, 18541, 0, 0, 184, 32, 6, 0.018073, 0.007702, 62360, 4668, 0, 0, 40, 128, 14
