Tasktype, PID, Elapsed time, utime, stime, cutime, cstime, IO rchar, IO wchar, IO syscr, IO syscw, IO read_bytes, IO write_bytes, IO cancelled_write_bytes, rusage ru_utime, rusage ru_stime, rusage ru_maxrss, rusage ru_minflt, rusage ru_majflt, rusage ru_inblock, rusage ru_oublock, rusage ru_nvcsw, rusage ru_nivcsw, Child rusage ru_utime, Child rusage ru_stime, Child rusage ru_maxrss, Child rusage ru_minflt, Child rusage ru_majflt, Child rusage ru_inblock, Child rusage ru_oublock, Child rusage ru_nvcsw, Child rusage ru_nivcsw
do_collect_spdx_deps, 2686324, 0.27, 13, 0, 0, 0, 355535, 48201, 41, 52, 0, 49152, 0, 0.139786, 0.007764999999999999, 72904, 5646, 0, 0, 96, 0, 96, 0.0, 0.0, 0, 0, 0, 0, 0, 0, 0
do_compile_ptest_base, 2692929, 0.19, 13, 1, 0, 0, 313541, 26653, 56, 62, 0, 20480, 0, 0.131095, 0.012686, 73072, 8496, 0, 0, 40, 1, 79, 0.0, 0.003163, 70352, 368, 0, 0, 0, 1, 3
do_recipe_qa, 69491, 0.06, 7, 1, 1, 0, 497455, 127172, 407, 213, 0, 102400, 0, 0.078799, 0.015759, 63080, 16546, 0, 0, 168, 28, 5, 0.012175, 0.001723, 60276, 3997, 0, 0, 32, 141, 6
do_package_qa, 2739867, 2.51, 53, 20, 16, 21, 16268671, 458892, 6915, 399, 4096, 159744, 0, 0.531666, 0.203872, 70916, 33808, 0, 0, 264, 768, 3947, 0.163898, 0.219943, 68712, 77091, 2, 8, 48, 430, 538
do_install, 2694015, 1.15, 25, 2, 32, 9, 18267618, 9086976, 2245, 498, 200704, 9285632, 0, 0.25572, 0.029344, 67688, 14240, 0, 0, 224, 162, 250, 0.329231, 0.09017, 65612, 11258, 2, 392, 17912, 346, 806
do_deploy_source_date_epoch, 496584, 0.14, 11, 2, 1, 0, 562451, 162750, 487, 289, 0, 118784, 0, 0.111117, 0.021367999999999998, 66988, 18943, 0, 0, 192, 29, 10, 0.014176999999999999, 0.0035009999999999998, 64188, 4700, 0, 0, 40, 161, 5
do_install_ptest_base, 2697118, 0.08, 16, 2, 0, 0, 391060, 42865, 496, 159, 4096, 32768, 0, 0.16799999999999998, 0.027999999999999997, 67704, 10486, 0, 0, 56, 66, 273, 0.005706, 0.008302, 65628, 1687, 0, 8, 8, 35, 39
do_packagedata, 2718939, 0.82, 16, 4, 3, 2, 998297, 378255, 932, 339, 0, 258048, 0, 0.165343, 0.040326999999999995, 74528, 21708, 0, 0, 216, 61, 94, 0.033625999999999996, 0.028055, 71728, 6990, 0, 0, 288, 165, 115
do_compile, 2673279, 13.60, 18, 2, 3813, 461, 508201437, 72484660, 103905, 24899, 4825088, 26071040, 4001792, 0.18007499999999999, 0.020938, 73176, 6880, 0, 0, 1816, 240, 64, 38.131843, 4.6107949999999995, 98364, 1353553, 37, 9424, 49104, 12657, 21526
do_fetch, 69655, 5.41, 8, 0, 109, 7, 25896040, 25632687, 33021, 7633, 0, 9199616, 12288, 0.087916, 0.008373, 61436, 10000, 0, 0, 160, 214, 6, 1.093312, 0.074851, 57984, 15093, 0, 0, 17808, 12171, 114
do_prepare_recipe_sysroot, 2659776, 0.64, 25, 11, 2, 0, 2517638, 1199295, 669, 353, 270336, 1286144, 0, 0.254811, 0.115461, 73296, 10214, 0, 528, 168, 36, 225, 0.021629, 0.0, 68408, 648, 0, 0, 2344, 8, 8
do_populate_sysroot, 2698862, 7.85, 67, 7, 7, 8, 7434151, 3787639, 2677, 871, 0, 3039232, 405504, 0.675771, 0.07155199999999999, 73812, 26412, 0, 0, 3928, 203, 831, 0.07634099999999999, 0.084531, 71516, 20065, 2, 0, 2008, 249, 281
do_patch, 425313, 0.05, 8, 1, 1, 0, 964175, 641596, 324, 218, 0, 647168, 4096, 0.080578, 0.016115, 64556, 10310, 0, 0, 120, 6, 6, 0.01257, 0.001335, 58540, 978, 0, 0, 1144, 12, 4
do_configure, 2660930, 8.87, 17, 2, 209, 36, 25885633, 7144002, 9917, 4013, 745472, 7307264, 466944, 0.17243899999999998, 0.025235, 73444, 11795, 0, 24, 176, 34, 71, 2.094153, 0.366731, 70532, 135136, 7, 1432, 14096, 2350, 2411
do_write_config, 496707, 0.03, 6, 1, 0, 0, 348373, 58063, 124, 99, 0, 49152, 0, 0.063798, 0.015948999999999998, 66256, 8096, 0, 0, 64, 6, 3, 0.001116, 0.001811, 63536, 794, 0, 0, 32, 10, 0
do_create_runtime_spdx, 2741180, 0.99, 17, 4, 3, 1, 1891764, 429492, 780, 263, 0, 176128, 0, 0.176004, 0.04974, 76184, 22618, 0, 0, 256, 44, 144, 0.03041, 0.01277, 72672, 5379, 0, 0, 88, 122, 66
do_configure_ptest_base, 2672346, 0.09, 11, 0, 0, 0, 313553, 26703, 56, 62, 0, 20480, 0, 0.116506, 0.0038829999999999997, 73384, 6631, 0, 0, 40, 1, 143, 0.0, 0.002895, 70664, 369, 0, 0, 0, 1, 1
do_package_write_rpm, 2739540, 9.26, 36, 5, 929, 35, 74616983, 8351412, 9267, 1240, 0, 5443584, 0, 0.363166, 0.050091, 69296, 24267, 0, 0, 536, 349, 512, 9.298585, 0.354084, 697732, 203306, 1, 0, 10096, 10980, 10481
do_populate_lic, 765615, 0.14, 16, 2, 1, 2, 633250, 172146, 566, 253, 4096, 126976, 0, 0.161347, 0.020168, 69912, 18696, 0, 8, 216, 38, 151, 0.015991, 0.021661, 66820, 4983, 2, 0, 32, 91, 72
do_package, 2698272, 11.76, 275, 68, 420, 118, 140208820, 63058089, 45060, 7835, 0, 40939520, 19288064, 2.755308, 0.68785, 69596, 70202, 0, 0, 992, 656, 7880, 4.20335, 1.18373, 434508, 280383, 44, 0, 78968, 8515, 7649
do_create_spdx, 2720680, 1.02, 38, 6, 4, 3, 2670457, 2440629, 1009, 2615, 0, 909312, 0, 0.385025, 0.061604, 76792, 29286, 0, 0, 1616, 79, 952, 0.047295, 0.037055, 73176, 7675, 0, 0, 160, 417, 197
do_unpack, 424536, 0.19, 7, 1, 10, 4, 4798836, 6418454, 2474, 1253, 8192, 7503872, 12288, 0.070284, 0.015618, 64480, 13609, 0, 0, 80, 34, 11, 0.10943, 0.045572999999999995, 60864, 18467, 0, 16, 14576, 76, 34
