Tasktype, PID, Elapsed time, utime, stime, cutime, cstime, IO rchar, IO wchar, IO syscr, IO syscw, IO read_bytes, IO write_bytes, IO cancelled_write_bytes, rusage ru_utime, rusage ru_stime, rusage ru_maxrss, rusage ru_minflt, rusage ru_majflt, rusage ru_inblock, rusage ru_oublock, rusage ru_nvcsw, rusage ru_nivcsw, Child rusage ru_utime, Child rusage ru_stime, Child rusage ru_maxrss, Child rusage ru_minflt, Child rusage ru_majflt, Child rusage ru_inblock, Child rusage ru_oublock, Child rusage ru_nvcsw, Child rusage ru_nivcsw
do_package, 3173179, 17.07, 124, 76, 178, 43, 66440540, 29587064, 39789, 4665, 12288, 17309696, 6144000, 1.24749, 0.770002, 59184, 99102, 0, 24, 1832, 1732, 14766, 1.7860909999999999, 0.43360299999999996, 56796, 89305, 0, 0, 31976, 6885, 9651
do_collect_spdx_deps, 3186188, 0.77, 15, 2, 0, 0, 356167, 50380, 45, 54, 0, 49152, 0, 0.15065699999999999, 0.022047, 57672, 7596, 0, 0, 96, 0, 66, 0.0, 0.0, 0, 0, 0, 0, 0, 0, 0
do_patch, 579698, 0.12, 12, 1, 0, 0, 532633, 124379, 209, 89, 0, 126976, 4096, 0.12222, 0.012222, 65964, 10693, 0, 0, 120, 6, 61, 0.0073089999999999995, 0.0030399999999999997, 60132, 937, 0, 0, 128, 12, 23
do_unpack, 576724, 0.25, 12, 2, 11, 1, 7809644, 10728781, 1451, 1796, 0, 6176768, 0, 0.121832, 0.02665, 65756, 10713, 0, 0, 120, 10, 68, 0.11079699999999999, 0.012072, 62264, 2877, 0, 0, 11944, 602, 518
do_recipe_qa, 563145, 0.13, 16, 2, 1, 0, 515484, 129552, 395, 215, 0, 102400, 0, 0.167097, 0.023315, 67328, 16662, 0, 0, 168, 26, 88, 0.014804999999999999, 0.006947, 64524, 3992, 0, 0, 32, 84, 29
do_install, 3168915, 4.09, 27, 3, 39, 8, 13890251, 4996473, 2850, 733, 339968, 5222400, 0, 0.270929, 0.03109, 54672, 15467, 0, 656, 256, 195, 385, 0.39519699999999996, 0.08929899999999999, 52592, 11292, 0, 8, 9944, 19, 1416
do_packagedata, 3206707, 1.41, 23, 3, 5, 3, 1640444, 1066879, 1882, 545, 94208, 892928, 0, 0.23932599999999998, 0.03474, 59396, 23806, 9, 184, 464, 88, 115, 0.055975, 0.034251, 56548, 7267, 0, 0, 1280, 154, 274
do_compile, 3147968, 51.16, 20, 4, 3808, 472, 725942110, 57959706, 123113, 20526, 5992448, 27598848, 10248192, 0.207233, 0.041446, 60072, 8826, 0, 0, 1800, 248, 63, 38.083805, 4.722619, 91552, 1693263, 53, 11704, 52104, 10847, 19665
do_fetch, 564565, 0.85, 13, 1, 0, 1, 1871481, 1575726, 1554, 2304, 0, 1572864, 0, 0.134022, 0.014488, 65900, 8166, 0, 0, 120, 181, 95, 0.007851, 0.0104, 61920, 924, 1, 0, 2952, 673, 15
do_create_spdx, 3214429, 10.66, 45, 18, 26, 11, 3330940, 1944155, 2528, 1163, 700416, 892928, 0, 0.459943, 0.18312499999999998, 62980, 75851, 0, 1368, 1584, 234, 445, 0.260611, 0.118544, 59136, 24256, 0, 0, 160, 2849, 991
do_prepare_recipe_sysroot, 3131962, 2.05, 18, 24, 2, 0, 3257955, 1483846, 1013, 442, 266240, 1622016, 0, 0.18068399999999998, 0.242281, 61252, 9787, 4, 520, 152, 49, 146, 0.028827, 0.004965, 56364, 1892, 0, 0, 3016, 27, 33
do_package_write_rpm, 3387336, 23.39, 57, 6, 4183, 230, 43028197, 7155158, 11689, 4283, 208896, 4362240, 0, 0.570688, 0.06687699999999999, 59992, 26668, 0, 320, 768, 2939, 1250, 41.831372, 2.3078469999999998, 1697472, 1486397, 2, 88, 7752, 26423, 13633
do_create_runtime_spdx, 3398178, 1.63, 42, 4, 3, 1, 2480850, 874049, 1745, 375, 212992, 520192, 0, 0.42436599999999997, 0.048964999999999995, 61644, 23355, 0, 416, 912, 60, 145, 0.034491, 0.013609999999999999, 58040, 5560, 0, 0, 104, 142, 72
do_configure, 3133831, 22.24, 22, 1, 252, 35, 29137075, 9058572, 7819, 3559, 466944, 9388032, 229376, 0.22077999999999998, 0.016354, 60820, 9831, 0, 128, 176, 32, 124, 2.523174, 0.35162099999999996, 58124, 93508, 2, 784, 18160, 1663, 1945
do_write_config, 669600, 0.04, 7, 1, 0, 0, 354713, 61601, 144, 109, 0, 53248, 0, 0.07554999999999999, 0.011332, 68232, 8273, 0, 0, 64, 7, 2, 0.003365, 0.0, 65540, 891, 0, 0, 40, 12, 0
do_populate_sysroot, 3171279, 4.90, 30, 6, 10, 3, 13547178, 7157810, 2635, 985, 28672, 4644864, 630784, 0.300519, 0.066782, 59052, 23127, 6, 56, 5720, 183, 102, 0.103751, 0.034956999999999995, 56524, 12778, 0, 0, 3352, 240, 253
do_populate_lic, 721464, 0.41, 15, 3, 2, 1, 804696, 234935, 609, 262, 0, 135168, 0, 0.157931, 0.032396, 69640, 18727, 0, 0, 216, 51, 56, 0.028704999999999998, 0.015548999999999999, 66548, 5046, 0, 0, 48, 143, 102
do_package_qa, 3387364, 3.70, 49, 15, 6, 2, 8937581, 272934, 6511, 404, 0, 163840, 0, 0.491208, 0.151141, 61424, 22092, 0, 0, 280, 488, 4804, 0.062837, 0.022413, 59124, 13555, 0, 0, 40, 116, 161
do_deploy_source_date_epoch, 669125, 0.10, 11, 1, 1, 0, 589070, 166382, 494, 294, 0, 118784, 0, 0.11909, 0.012319, 68660, 19037, 0, 0, 192, 28, 50, 0.012622999999999999, 0.007623, 65860, 4696, 0, 0, 40, 142, 7
