Tasktype, PID, Elapsed time, utime, stime, cutime, cstime, IO rchar, IO wchar, IO syscr, IO syscw, IO read_bytes, IO write_bytes, IO cancelled_write_bytes, rusage ru_utime, rusage ru_stime, rusage ru_maxrss, rusage ru_minflt, rusage ru_majflt, rusage ru_inblock, rusage ru_oublock, rusage ru_nvcsw, rusage ru_nivcsw, Child rusage ru_utime, Child rusage ru_stime, Child rusage ru_maxrss, Child rusage ru_minflt, Child rusage ru_majflt, Child rusage ru_inblock, Child rusage ru_oublock, Child rusage ru_nvcsw, Child rusage ru_nivcsw
do_package_write_rpm, 3726728, 5.31, 37, 6, 760, 36, 38700972, 6030971, 6874, 1076, 8192, 3948544, 0, 0.376093, 0.06523999999999999, 59796, 23978, 2, 16, 504, 243, 402, 7.601868, 0.360631, 627272, 177060, 0, 0, 7208, 4181, 3206
do_collect_spdx_deps, 3724025, 0.20, 20, 0, 0, 0, 332078, 40533, 23, 40, 0, 49152, 0, 0.209703, 0.007358, 57176, 5410, 0, 0, 96, 0, 78, 0.0, 0.0, 0, 0, 0, 0, 0, 0, 0
do_generate_toolchain_file, 572128, 0.11, 11, 3, 0, 0, 312197, 47635, 58, 66, 0, 45056, 0, 0.11278099999999999, 0.033833999999999996, 66784, 7965, 0, 0, 64, 3, 18, 0.0037319999999999996, 0.0, 64088, 508, 0, 0, 24, 4, 3
do_package_qa, 3726789, 1.77, 38, 11, 17, 16, 8657295, 388223, 4853, 355, 0, 159744, 0, 0.387077, 0.11612299999999999, 61124, 29381, 0, 0, 264, 132, 3077, 0.173419, 0.16488999999999998, 58832, 64819, 7, 0, 48, 373, 375
do_recipe_qa, 491450, 0.07, 12, 1, 1, 0, 480211, 118900, 378, 201, 0, 106496, 0, 0.128635, 0.012059, 65824, 16069, 0, 0, 176, 25, 18, 0.010095, 0.006142, 63020, 3973, 0, 0, 32, 143, 10
do_install, 3717638, 0.72, 27, 3, 2, 7, 14308895, 4327478, 4417, 1141, 331776, 4415488, 0, 0.277327, 0.030392, 58296, 14109, 0, 0, 192, 254, 237, 0.028399999999999998, 0.077766, 56212, 3954, 2, 648, 8432, 161, 1064
do_deploy_source_date_epoch, 571731, 0.22, 15, 2, 1, 1, 544698, 151526, 457, 273, 0, 114688, 0, 0.154332, 0.028429, 67076, 18413, 0, 0, 184, 30, 180, 0.011299, 0.017759, 64260, 4674, 0, 0, 40, 79, 47
do_packagedata, 3725596, 0.85, 17, 3, 3, 2, 878883, 305005, 866, 321, 16384, 233472, 0, 0.178412, 0.032438, 59352, 21448, 1, 32, 216, 40, 78, 0.036342, 0.028329999999999998, 56480, 6912, 0, 0, 240, 105, 73
do_compile, 3711098, 7.05, 21, 2, 2867, 133, 115039113, 36523071, 31301, 11168, 1941504, 9854976, 827392, 0.211368, 0.022017, 58284, 8550, 0, 0, 832, 85, 35, 28.670118, 1.3328769999999999, 102028, 498417, 13, 3792, 18416, 6991, 13246
do_fetch, 491679, 11.56, 10, 1, 142, 32, 46027815, 48814515, 37294, 18366, 24576, 16781312, 12288, 0.10142999999999999, 0.013989999999999999, 64024, 11178, 0, 0, 160, 228, 24, 1.4204759999999998, 0.32064499999999996, 60688, 14362, 1, 48, 32616, 21775, 347
do_prepare_recipe_sysroot, 3705781, 0.61, 26, 23, 1, 0, 2332659, 1059583, 660, 299, 2666496, 1110016, 0, 0.263476, 0.23574099999999998, 58384, 10120, 9, 5176, 176, 116, 131, 0.014771, 0.009916999999999999, 53496, 1232, 0, 32, 1992, 18, 34
do_patch, 529675, 0.07, 6, 1, 3, 0, 1326983, 645405, 866, 257, 0, 679936, 4096, 0.061951, 0.019358999999999998, 65204, 12748, 0, 0, 128, 13, 5, 0.037531999999999996, 0.001735, 59132, 9334, 0, 0, 1200, 143, 8
do_configure, 3707336, 4.52, 22, 2, 72, 24, 31344485, 2449657, 12991, 2622, 4710400, 2461696, 1441792, 0.22572899999999999, 0.024689, 58696, 11197, 0, 24, 144, 42, 84, 0.725391, 0.245636, 55788, 76875, 53, 9176, 4664, 1061, 912
do_populate_sysroot, 3718965, 1.36, 29, 5, 8, 5, 10573111, 6407043, 2156, 854, 131072, 5369856, 811008, 0.29672499999999996, 0.057573, 59228, 24826, 5, 256, 6448, 138, 100, 0.082953, 0.058844999999999995, 56748, 14626, 0, 0, 4040, 230, 188
do_package, 3718898, 5.42, 127, 68, 386, 59, 69206214, 30119260, 27830, 4453, 126976, 19812352, 8536064, 1.272473, 0.682398, 60628, 60524, 0, 232, 840, 750, 5044, 3.8693210000000002, 0.5957279999999999, 58360, 181827, 9, 16, 37856, 5563, 4704
do_create_runtime_spdx, 3729212, 0.53, 20, 2, 2, 1, 1494483, 420310, 742, 251, 4096, 172032, 0, 0.206485, 0.02848, 60996, 19592, 0, 8, 256, 63, 105, 0.029647999999999997, 0.01915, 57356, 5392, 0, 0, 80, 156, 416
do_create_spdx, 3726704, 1.78, 45, 5, 5, 3, 2061906, 1657105, 913, 1672, 122880, 638976, 0, 0.45843, 0.058880999999999996, 61328, 27425, 2, 240, 1112, 84, 558, 0.052993, 0.031228, 57576, 7499, 0, 0, 136, 418, 132
do_populate_lic, 728643, 0.54, 15, 3, 3, 0, 608553, 163785, 570, 241, 8192, 126976, 0, 0.152032, 0.0313, 69444, 18353, 0, 0, 216, 51, 50, 0.037024999999999995, 0.005522, 66344, 4953, 3, 16, 32, 87, 76
do_unpack, 528695, 0.15, 6, 0, 8, 4, 4731257, 3485584, 2600, 1172, 0, 4759552, 12288, 0.06539299999999999, 0.00467, 64624, 13139, 0, 0, 72, 34, 4, 0.088124, 0.043126, 61000, 16915, 0, 0, 9224, 55, 26
