Tasktype, PID, Elapsed time, utime, stime, cutime, cstime, IO rchar, IO wchar, IO syscr, IO syscw, IO read_bytes, IO write_bytes, IO cancelled_write_bytes, rusage ru_utime, rusage ru_stime, rusage ru_maxrss, rusage ru_minflt, rusage ru_majflt, rusage ru_inblock, rusage ru_oublock, rusage ru_nvcsw, rusage ru_nivcsw, Child rusage ru_utime, Child rusage ru_stime, Child rusage ru_maxrss, Child rusage ru_minflt, Child rusage ru_majflt, Child rusage ru_inblock, Child rusage ru_oublock, Child rusage ru_nvcsw, Child rusage ru_nivcsw
do_collect_spdx_deps, 2322997, 0.18, 22, 2, 0, 0, 368282, 43018, 33, 44, 0, 53248, 0, 0.221546, 0.020513, 70876, 7127, 0, 0, 104, 0, 57, 0.0, 0.0, 0, 0, 0, 0, 0, 0, 0
do_compile_ptest_base, 2657900, 0.04, 10, 2, 0, 0, 325363, 20938, 50, 54, 0, 24576, 0, 0.10743899999999999, 0.023021999999999997, 72200, 8107, 0, 0, 48, 2, 42, 0.0028859999999999997, 0.0, 69480, 355, 0, 0, 0, 1, 0
do_recipe_qa, 44539, 0.05, 7, 0, 1, 0, 503380, 122112, 396, 205, 0, 102400, 0, 0.079442, 0.007944, 62212, 16096, 0, 0, 168, 26, 3, 0.011816, 0.000585, 59412, 3995, 0, 0, 32, 138, 6
do_install, 2658374, 54.18, 16, 4, 2789, 86, 137615044, 92249380, 31446, 4974, 1011712, 97665024, 790528, 0.16091999999999998, 0.042346999999999996, 66900, 14987, 0, 0, 600, 243, 238, 27.895504, 0.8697189999999999, 64824, 29718, 1, 1976, 190152, 10005, 16918
do_packagedata, 3013466, 2.49, 23, 6, 12, 17, 9181896, 6543058, 11117, 2310, 12288, 7684096, 0, 0.234758, 0.06501, 61716, 24235, 0, 16, 1608, 55, 167, 0.121652, 0.173927, 58840, 10458, 1, 8, 13400, 282, 491
do_compile, 2395677, 139.35, 68, 10, 29168, 1771, 2572404572, 363762441, 395979, 89726, 208896, 188592128, 929792, 0.689021, 0.10173399999999999, 72300, 6794, 0, 0, 2912, 2719, 361, 291.68231, 17.719485, 300612, 8495171, 197, 408, 365432, 75277, 145945
do_install_ptest_base, 2739925, 12.19, 12, 3, 159, 171, 427495577, 419861922, 158535, 60916, 57958400, 266264576, 69943296, 0.12398999999999999, 0.032629, 67692, 10794, 0, 8, 96, 188, 282, 1.596355, 1.718165, 65616, 8776, 0, 113192, 519952, 49712, 85243
do_fetch, 44640, 0.02, 5, 0, 0, 0, 307248, 79370, 28, 97, 0, 65536, 0, 0.055446999999999996, 0.007921, 60476, 6512, 0, 0, 128, 0, 0, 0.0, 0.0, 0, 0, 0, 0, 0, 0, 0
do_patch, 322665, 1.31, 11, 3, 34, 5, 4171611, 1092010, 5585, 774, 0, 1105920, 4096, 0.11705399999999999, 0.033983, 64068, 16022, 0, 0, 160, 42, 158, 0.34315199999999996, 0.056495, 58396, 85368, 2, 0, 2000, 1425, 437
do_prepare_recipe_sysroot, 1710914, 0.42, 14, 8, 0, 0, 927379, 170348, 235, 75, 839680, 180224, 0, 0.14437999999999998, 0.08422099999999999, 69212, 6750, 0, 1632, 152, 97, 53, 0.008199, 0.0, 64172, 601, 0, 8, 200, 8, 3
do_package, 2757876, 216.78, 1599, 1313, 37499, 1848, 2680767283, 1158834678, 1245278, 139479, 17248256, 586321920, 159883264, 15.990838, 13.139429, 121320, 1409852, 2, 17456, 23184, 24758, 326081, 374.996177, 18.482181, 444000, 5759531, 135, 16232, 1121976, 284440, 379175
do_configure, 1711939, 256.58, 51, 4, 3988, 1362, 1295034376, 111239384, 632016, 112604, 117784576, 144490496, 24231936, 0.514319, 0.047233, 70880, 6885, 0, 24, 432, 1598, 139, 39.881712, 13.629991, 68088, 7682164, 219, 230024, 281776, 61502, 45581
do_package_qa, 3074931, 94.41, 772, 363, 117, 162, 357545386, 1973608, 214458, 2484, 397312, 245760, 0, 7.722522, 3.633203, 81864, 266084, 3, 664, 328, 2722, 167872, 1.170235, 1.6281409999999998, 79548, 509564, 27, 112, 152, 2778, 2594
do_create_spdx, 3017504, 106.30, 545, 248, 238, 125, 42597104, 33628258, 21194, 20391, 79298560, 15286272, 0, 5.454818, 2.487356, 96152, 635092, 3086, 154792, 27792, 4465, 5376, 2.384055, 1.257971, 81272, 188159, 3, 88, 2064, 27895, 8297
do_create_runtime_spdx, 3114598, 29.22, 352, 36, 7, 3, 39867629, 7503766, 18102, 1638, 1277952, 4247552, 0, 3.520768, 0.362022, 122228, 52463, 13, 2488, 7928, 145, 1370, 0.076308, 0.034068, 86956, 7230, 3, 8, 368, 184, 153
do_populate_sysroot, 2757752, 14.51, 41, 29, 153, 94, 308133966, 140749930, 44595, 11021, 4096, 81641472, 18042880, 0.410856, 0.297137, 73488, 56335, 0, 0, 65728, 133, 198, 1.531952, 0.9494509999999999, 117752, 178325, 8, 8, 93728, 1848, 2028
do_deploy_source_date_epoch, 345072, 0.55, 16, 3, 2, 0, 564948, 155199, 487, 281, 0, 114688, 0, 0.166247, 0.038661999999999995, 65924, 18835, 0, 0, 184, 48, 82, 0.026262999999999998, 0.0055, 63124, 4670, 1, 0, 40, 104, 57
do_configure_ptest_base, 2394386, 0.10, 11, 0, 0, 0, 325375, 20988, 49, 54, 0, 20480, 0, 0.113812, 0.007849, 71764, 5960, 0, 0, 40, 2, 90, 0.002925, 0.0, 69048, 363, 0, 0, 0, 1, 1
do_package_write_rpm, 3074252, 366.36, 464, 70, 51282, 2451, 1600948295, 175003800, 278130, 42173, 304807936, 110260224, 0, 4.643335, 0.702205, 72100, 42673, 1152, 25024, 4640, 29644, 15765, 512.824099, 24.517984, 2766176, 14486824, 64, 570304, 210712, 361420, 208341
do_populate_lic, 742639, 0.39, 18, 2, 2, 1, 789697, 236461, 604, 258, 28672, 163840, 0, 0.18861899999999998, 0.025148999999999998, 69808, 18612, 0, 56, 264, 56, 56, 0.028887999999999997, 0.013176, 66712, 4991, 0, 0, 56, 99, 97
do_unpack, 53130, 0.38, 5, 2, 33, 10, 119531914, 189841655, 12416, 18437, 0, 109666304, 0, 0.057974, 0.020704999999999998, 60928, 13114, 0, 0, 80, 28, 3, 0.33997499999999997, 0.10617199999999999, 57276, 6597, 0, 0, 214112, 2933, 28
