Tasktype, PID, Elapsed time, utime, stime, cutime, cstime, IO rchar, IO wchar, IO syscr, IO syscw, IO read_bytes, IO write_bytes, IO cancelled_write_bytes, rusage ru_utime, rusage ru_stime, rusage ru_maxrss, rusage ru_minflt, rusage ru_majflt, rusage ru_inblock, rusage ru_oublock, rusage ru_nvcsw, rusage ru_nivcsw, Child rusage ru_utime, Child rusage ru_stime, Child rusage ru_maxrss, Child rusage ru_minflt, Child rusage ru_majflt, Child rusage ru_inblock, Child rusage ru_oublock, Child rusage ru_nvcsw, Child rusage ru_nivcsw
do_prepare_recipe_sysroot, 2232002, 0.40, 20, 14, 2, 1, 3306494, 1980171, 899, 546, 483328, 2076672, 0, 0.20460799999999998, 0.141652, 73568, 8263, 0, 936, 184, 49, 91, 0.020109, 0.012332, 68680, 1236, 0, 8, 3872, 18, 10
do_collect_spdx_deps, 2244919, 0.05, 18, 1, 0, 0, 490527, 48336, 47, 49, 0, 49152, 0, 0.18195599999999998, 0.016173, 73312, 7649, 0, 0, 96, 0, 143, 0.0, 0.0, 0, 0, 0, 0, 0, 0, 0
do_unpack, 172453, 1.45, 16, 5, 114, 22, 121390791, 196824453, 22648, 26407, 4096, 107737088, 0, 0.167532, 0.057312999999999996, 64312, 24366, 0, 0, 208, 62, 90, 1.142316, 0.227047, 61596, 17376, 2, 8, 210216, 11533, 7556
do_compile_ptest_base, 2673727, 0.14, 14, 2, 0, 0, 449713, 37427, 4810, 131, 0, 28672, 0, 0.148942, 0.024822999999999998, 73836, 6566, 0, 0, 56, 27, 40, 0.0, 0.003029, 71116, 365, 0, 0, 0, 1, 26
do_recipe_qa, 28052, 0.05, 9, 1, 1, 0, 610356, 129006, 417, 211, 0, 102400, 0, 0.096477, 0.012059, 63140, 16657, 0, 0, 168, 30, 1, 0.01227, 0.0017339999999999999, 60332, 4012, 0, 0, 32, 136, 10
do_package_qa, 3803558, 14.98, 305, 183, 66, 132, 216999036, 1278036, 86058, 1043, 137474048, 200704, 0, 3.052899, 1.8366699999999998, 95660, 147249, 3972, 268160, 288, 77337, 24585, 0.6603, 1.321428, 66924, 379481, 161, 344, 104, 2969, 2264
do_compile, 2635250, 31.19, 24, 2, 14571, 922, 1026728353, 387732021, 201042, 81474, 28336128, 160866304, 32256000, 0.244724, 0.024071, 74368, 7521, 0, 0, 4576, 473, 100, 145.7159, 9.227995, 251216, 3288433, 42, 55344, 309616, 47427, 76907
do_install, 2675044, 129.10, 94, 12, 2343, 387, 277082699, 265660358, 212458, 22454, 44957696, 280158208, 39604224, 0.940392, 0.12483, 69600, 15588, 0, 0, 4912, 7266, 520, 23.439933, 3.8733459999999997, 67088, 850047, 41, 87808, 542272, 51987, 103777
do_fetch, 28154, 0.02, 8, 0, 0, 0, 429495, 140288, 42, 166, 0, 86016, 0, 0.08532, 0.008125, 61752, 6994, 0, 0, 168, 1, 1, 0.0, 0.0, 0, 0, 0, 0, 0, 0, 0
do_packagedata, 2942595, 1.72, 24, 2, 5, 3, 3203804, 1696303, 2128, 588, 0, 1347584, 0, 0.245921, 0.028512, 62972, 25464, 0, 0, 352, 75, 235, 0.056006999999999994, 0.032553, 60056, 7589, 0, 0, 2280, 134, 254
do_install_ptest_base, 2860482, 0.26, 22, 1, 1, 0, 650082, 46992, 534, 180, 20480, 36864, 0, 0.224513, 0.015482999999999998, 69484, 11072, 0, 24, 64, 75, 314, 0.010458, 0.005278, 67400, 1731, 0, 16, 8, 13, 71
do_configure_ptest_base, 2634520, 0.14, 16, 3, 0, 0, 449725, 26149, 62, 59, 0, 28672, 0, 0.169206, 0.030369999999999998, 74104, 6622, 0, 0, 56, 1, 43, 0.0, 0.0030199999999999997, 71380, 366, 0, 0, 0, 1, 1
do_configure, 2234721, 167.02, 46, 6, 2474, 654, 578096075, 39921725, 253632, 57755, 3137536, 41848832, 28164096, 0.46094999999999997, 0.064694, 74052, 18189, 0, 336, 480, 844, 135, 24.746246, 6.549864, 71204, 3131843, 98, 5792, 81256, 27491, 29684
do_patch, 239669, 0.95, 13, 4, 68, 15, 9243495, 2262999, 13012, 1622, 0, 2187264, 4096, 0.13441999999999998, 0.046206, 64908, 23515, 0, 0, 208, 93, 17, 0.686655, 0.15309899999999999, 59740, 202139, 9, 0, 4064, 3242, 509
do_package_write_rpm, 3803551, 59.00, 77, 12, 13221, 383, 1097629964, 139676177, 109162, 10872, 68190208, 91004928, 0, 0.780086, 0.124013, 63188, 27337, 2, 816, 1368, 1543, 3334, 132.217811, 3.8391219999999997, 2410092, 1764298, 4, 132368, 176376, 99100, 39012
do_populate_lic, 748689, 0.25, 22, 3, 2, 1, 831035, 198089, 579, 254, 20480, 135168, 0, 0.229792, 0.039619, 71056, 19368, 1, 40, 216, 44, 96, 0.024863, 0.014258999999999999, 67972, 4999, 1, 0, 48, 81, 66
do_populate_sysroot, 2861450, 6.72, 67, 46, 253, 105, 333242001, 163878751, 56936, 13334, 4096, 83206144, 10883072, 0.675655, 0.46661199999999997, 74792, 88602, 0, 8, 70280, 188, 534, 2.531548, 1.055416, 174380, 311485, 12, 0, 92232, 2820, 2641
do_create_runtime_spdx, 3809024, 1.00, 78, 8, 3, 1, 35300707, 1157605, 10594, 405, 5480448, 602112, 0, 0.789619, 0.083326, 78756, 35147, 2, 10440, 1064, 210, 199, 0.03027, 0.01846, 68004, 5644, 0, 264, 112, 151, 131
do_deploy_source_date_epoch, 247219, 0.13, 18, 1, 0, 1, 692373, 164118, 482, 289, 0, 114688, 0, 0.186057, 0.016538, 66284, 19336, 0, 0, 184, 29, 22, 0.009041, 0.018899, 63460, 4690, 0, 0, 40, 78, 45
do_create_spdx, 2945266, 15.69, 190, 48, 29, 12, 16473935, 14899162, 4227, 11003, 258048, 6328320, 0, 1.902623, 0.48392799999999997, 93568, 117225, 0, 504, 11416, 288, 3200, 0.29239899999999996, 0.128134, 62536, 26128, 1, 0, 944, 2867, 832
do_package, 2861798, 73.11, 1258, 374, 8882, 793, 1759030715, 686105016, 523965, 75478, 5799936, 339558400, 81420288, 12.584188, 3.742969, 85920, 319872, 0, 11328, 6912, 5636, 102543, 88.82627, 7.939029, 440548, 2474137, 44, 0, 656288, 152193, 109071
