Tasktype, PID, Elapsed time, utime, stime, cutime, cstime, IO rchar, IO wchar, IO syscr, IO syscw, IO read_bytes, IO write_bytes, IO cancelled_write_bytes, rusage ru_utime, rusage ru_stime, rusage ru_maxrss, rusage ru_minflt, rusage ru_majflt, rusage ru_inblock, rusage ru_oublock, rusage ru_nvcsw, rusage ru_nivcsw, Child rusage ru_utime, Child rusage ru_stime, Child rusage ru_maxrss, Child rusage ru_minflt, Child rusage ru_majflt, Child rusage ru_inblock, Child rusage ru_oublock, Child rusage ru_nvcsw, Child rusage ru_nivcsw
do_package_write_rpm, 3803510, 5.86, 32, 6, 605, 31, 31568513, 3504784, 9783, 894, 4243456, 2269184, 0, 0.328966, 0.066576, 60032, 24531, 0, 3592, 504, 467, 484, 6.053852, 0.314477, 452356, 154700, 2, 4696, 3928, 3979, 2633
do_collect_spdx_deps, 3175667, 0.32, 18, 1, 0, 0, 356000, 47802, 39, 51, 0, 49152, 0, 0.180755, 0.014459999999999999, 56932, 5800, 0, 0, 96, 4, 83, 0.0, 0.0, 0, 0, 0, 0, 0, 0, 0
do_configure_ptest_base, 3133761, 0.26, 14, 0, 0, 0, 314016, 26063, 54, 61, 0, 20480, 0, 0.1456, 0.004412, 60548, 6584, 0, 0, 40, 1, 51, 0.002927, 0.0, 57816, 367, 0, 0, 0, 1, 0
do_install, 3140788, 3.11, 23, 2, 26, 3, 10397451, 1441751, 1598, 285, 16384, 1495040, 0, 0.235955, 0.023594999999999998, 56808, 15289, 2, 16, 184, 165, 315, 0.261067, 0.035275, 54720, 11267, 0, 16, 2736, 222, 409
do_compile_ptest_base, 3140084, 0.16, 12, 0, 0, 0, 314004, 37341, 2064, 133, 0, 20480, 0, 0.120956, 0.008638999999999999, 60544, 6550, 0, 0, 40, 27, 37, 0.003279, 0.0, 57812, 369, 0, 0, 0, 1, 26
do_fetch, 32005, 3.07, 5, 0, 0, 0, 294970, 57965, 34, 72, 0, 57344, 0, 0.058096999999999996, 0.008298999999999999, 60488, 6666, 0, 0, 112, 1, 1, 0.0, 0.0, 0, 0, 0, 0, 0, 0, 0
do_recipe_qa, 31889, 0.06, 9, 0, 0, 0, 476784, 126737, 408, 212, 0, 102400, 0, 0.092059, 0.008369, 62132, 16369, 0, 0, 168, 28, 19, 0.009741999999999999, 0.004853, 59324, 4038, 0, 0, 32, 163, 12
do_configure, 3124184, 13.62, 13, 2, 177, 32, 28747910, 5891935, 9757, 3105, 1011712, 6377472, 495616, 0.13741399999999998, 0.020207, 60936, 9693, 0, 24, 168, 70, 70, 1.774459, 0.320193, 58004, 120122, 40, 1952, 12288, 1295, 1606
do_packagedata, 3190045, 1.20, 19, 3, 3, 1, 913645, 313700, 949, 332, 12288, 241664, 0, 0.19730899999999998, 0.032119999999999996, 58904, 23534, 1, 24, 216, 81, 94, 0.039305, 0.017095, 56040, 6952, 0, 0, 256, 110, 132
do_compile, 3134496, 8.53, 12, 1, 742, 89, 133261880, 13771502, 34114, 7489, 1536000, 6868992, 614400, 0.128409, 0.016568, 60536, 6764, 0, 0, 544, 81, 48, 7.429203, 0.890953, 57820, 318735, 18, 3000, 12872, 2784, 4295
do_install_ptest_base, 3144351, 0.61, 12, 0, 2, 1, 3370244, 2956530, 914, 265, 557056, 3047424, 0, 0.120502, 0.00964, 56552, 8489, 0, 0, 80, 40, 293, 0.027687, 0.01252, 54460, 3255, 0, 1088, 5872, 184, 213
do_prepare_recipe_sysroot, 3121852, 3.22, 24, 22, 3, 0, 3049798, 1416324, 839, 408, 7843840, 1503232, 0, 0.24726299999999998, 0.22253699999999998, 60852, 10807, 13, 13512, 168, 1203, 103, 0.030628, 0.001622, 55964, 1271, 0, 1808, 2768, 44, 20
do_populate_lic, 714510, 0.42, 17, 4, 2, 1, 707500, 174852, 579, 256, 77824, 135168, 0, 0.17441099999999998, 0.046508999999999995, 69612, 18750, 1, 152, 224, 39, 64, 0.029876, 0.012752999999999999, 66592, 4993, 0, 0, 40, 99, 68
do_patch, 262217, 0.15, 9, 3, 7, 1, 1041876, 148979, 1310, 192, 0, 163840, 4096, 0.098272, 0.035378, 63132, 11925, 0, 0, 136, 17, 7, 0.073851, 0.013002999999999999, 57092, 18884, 1, 0, 184, 293, 56
do_write_config, 32947, 0.03, 6, 0, 0, 0, 348858, 57022, 119, 95, 0, 49152, 0, 0.069019, 0.004059, 61512, 7859, 0, 0, 64, 6, 3, 0.003013, 0.0, 58788, 807, 0, 0, 32, 10, 0
do_populate_sysroot, 3145257, 2.95, 25, 6, 8, 6, 5473541, 2197694, 2324, 817, 176128, 1351680, 217088, 0.257934, 0.068782, 60660, 27279, 9, 320, 1472, 146, 147, 0.085935, 0.060533, 58404, 18776, 3, 24, 1168, 242, 231
do_create_runtime_spdx, 3808996, 0.27, 16, 3, 1, 2, 3326255, 429537, 1116, 261, 430080, 172032, 0, 0.163081, 0.032616, 62096, 21052, 1, 840, 248, 40, 64, 0.019209, 0.021793, 58936, 5384, 0, 0, 88, 106, 60
do_deploy_source_date_epoch, 263997, 0.17, 16, 4, 2, 0, 555779, 162717, 493, 288, 0, 114688, 0, 0.16100899999999999, 0.044277, 64796, 18887, 0, 0, 184, 40, 120, 0.020222, 0.008681999999999999, 61996, 4693, 0, 0, 40, 94, 87
do_create_spdx, 3197010, 4.43, 68, 11, 5, 3, 2654852, 2886504, 958, 3710, 589824, 999424, 0, 0.680912, 0.11938, 61276, 29639, 3, 1152, 1808, 72, 1416, 0.051387999999999996, 0.030063999999999997, 57584, 7412, 0, 0, 144, 434, 176
do_package, 3171942, 12.32, 87, 51, 408, 104, 80008636, 26828986, 39265, 5470, 3452928, 17088512, 7503872, 0.876348, 0.514124, 56572, 89879, 0, 1016, 848, 1080, 4160, 4.081177, 1.047977, 132232, 354915, 26, 5728, 32528, 18735, 8272
do_package_qa, 3803525, 2.04, 52, 23, 31, 42, 9876750, 640889, 5879, 504, 4689920, 163840, 0, 0.526655, 0.23679, 60316, 39678, 140, 9128, 264, 975, 2318, 0.31954, 0.426838, 58016, 142980, 22, 32, 56, 943, 811
do_unpack, 261416, 0.09, 14, 2, 2, 1, 3006465, 3968047, 767, 760, 274432, 2519040, 0, 0.14044399999999999, 0.027308, 63004, 12569, 0, 0, 136, 14, 6, 0.025762999999999998, 0.014924, 59208, 3535, 0, 536, 4784, 185, 23
