Tasktype, PID, Elapsed time, utime, stime, cutime, cstime, IO rchar, IO wchar, IO syscr, IO syscw, IO read_bytes, IO write_bytes, IO cancelled_write_bytes, rusage ru_utime, rusage ru_stime, rusage ru_maxrss, rusage ru_minflt, rusage ru_majflt, rusage ru_inblock, rusage ru_oublock, rusage ru_nvcsw, rusage ru_nivcsw, Child rusage ru_utime, Child rusage ru_stime, Child rusage ru_maxrss, Child rusage ru_minflt, Child rusage ru_majflt, Child rusage ru_inblock, Child rusage ru_oublock, Child rusage ru_nvcsw, Child rusage ru_nivcsw
do_configure, 3500765, 24.77, 24, 1, 453, 77, 69529803, 14230191, 30969, 11871, 929792, 13250560, 1806336, 0.24981099999999998, 0.019216, 60304, 12047, 0, 24, 200, 51, 110, 4.53509, 0.7784909999999999, 56944, 359493, 27, 1792, 25680, 6466, 6066
do_prepare_recipe_sysroot, 3499059, 1.30, 29, 22, 2, 0, 3167850, 1432038, 915, 412, 1425408, 1519616, 0, 0.299037, 0.22120499999999998, 60976, 11690, 1, 2784, 176, 103, 198, 0.02289, 0.003604, 56088, 1289, 0, 0, 2792, 16, 23
do_collect_spdx_deps, 3506300, 0.26, 26, 1, 0, 0, 356243, 49386, 39, 51, 0, 49152, 0, 0.260646, 0.015796, 59360, 7717, 0, 0, 96, 0, 75, 0.0, 0.0, 0, 0, 0, 0, 0, 0, 0
do_package_write_rpm, 3634312, 30.29, 46, 5, 2712, 63, 259592312, 38909080, 16847, 2969, 348160, 25694208, 0, 0.46719099999999997, 0.056385, 60744, 25766, 11, 592, 640, 590, 615, 27.123948, 0.63494, 812304, 312969, 0, 88, 49544, 8809, 6815
do_recipe_qa, 481518, 0.07, 14, 2, 1, 0, 504053, 127600, 396, 212, 0, 102400, 0, 0.149226, 0.027489, 66328, 16383, 0, 0, 168, 25, 7, 0.010341999999999999, 0.00823, 63528, 4033, 1, 0, 32, 147, 5
do_install, 3541869, 2.43, 30, 5, 31, 10, 42943905, 33783869, 3185, 814, 110592, 34058240, 81920, 0.30669599999999997, 0.059745, 59092, 14654, 1, 32, 320, 152, 277, 0.311863, 0.10344099999999999, 56992, 16714, 0, 184, 66200, 72, 1477
do_deploy_source_date_epoch, 545448, 0.11, 11, 3, 1, 1, 569676, 164050, 484, 291, 0, 118784, 0, 0.114267, 0.032646999999999995, 67240, 18840, 0, 0, 192, 28, 30, 0.014424999999999999, 0.010303, 64444, 4704, 0, 0, 40, 129, 23
do_packagedata, 3562548, 0.91, 16, 4, 4, 2, 1303303, 594110, 1211, 398, 4096, 516096, 0, 0.169181, 0.043379, 61224, 21850, 0, 0, 264, 57, 71, 0.048062, 0.022838999999999998, 58440, 7130, 0, 8, 744, 147, 93
do_compile, 3521402, 26.79, 34, 2, 14267, 1941, 1736507497, 286034696, 347704, 85843, 16027648, 115953664, 14241792, 0.34962099999999996, 0.025334, 61184, 7710, 0, 0, 8320, 644, 67, 142.676664, 19.41771, 125152, 5173522, 68, 31304, 218152, 47053, 70915
do_fetch, 482205, 13.63, 20, 2, 3, 2, 5307778, 5020209, 5359, 7158, 61440, 5009408, 0, 0.207276, 0.024873, 68916, 9043, 0, 0, 128, 559, 167, 0.031437, 0.024845, 61396, 914, 1, 120, 9656, 2799, 31
do_unpack, 516449, 0.34, 11, 2, 27, 8, 42241279, 72005384, 7117, 9788, 4096, 39354368, 0, 0.11415199999999999, 0.021138999999999998, 65544, 12083, 0, 0, 136, 12, 28, 0.278599, 0.086514, 62152, 4592, 1, 8, 76728, 3277, 503
do_create_spdx, 3565851, 4.61, 72, 17, 7, 3, 5292484, 5403138, 1549, 5431, 1097728, 2060288, 0, 0.727646, 0.176886, 70568, 42222, 0, 2144, 3768, 137, 1576, 0.078094, 0.037967, 60364, 9416, 0, 0, 256, 534, 304
do_patch, 522831, 0.09, 7, 2, 4, 1, 1258780, 187165, 1432, 199, 0, 208896, 4096, 0.07468, 0.029042, 65560, 12495, 0, 0, 136, 17, 48, 0.047969, 0.016863, 59972, 19190, 0, 0, 272, 294, 19
do_package_qa, 3634380, 4.43, 79, 29, 19, 19, 52424287, 427269, 17008, 427, 0, 167936, 0, 0.791751, 0.29126599999999997, 71436, 49366, 0, 0, 280, 969, 12548, 0.191158, 0.191352, 61040, 73240, 6, 0, 48, 411, 467
do_populate_lic, 778858, 0.42, 15, 2, 3, 0, 1006101, 273160, 595, 263, 0, 139264, 0, 0.15116, 0.024512, 70108, 16752, 0, 0, 216, 41, 148, 0.034813, 0.006515, 67024, 5039, 0, 0, 56, 104, 75
do_write_config, 547585, 0.03, 7, 2, 0, 0, 350295, 59131, 122, 98, 4096, 49152, 0, 0.07997699999999999, 0.02285, 66460, 8103, 1, 8, 64, 7, 9, 0.001338, 0.0024879999999999998, 63740, 787, 0, 0, 32, 11, 7
do_populate_sysroot, 3543995, 2.28, 44, 6, 18, 15, 25567557, 12584686, 4994, 1315, 16384, 10104832, 1204224, 0.444229, 0.06862, 60692, 31238, 0, 32, 13712, 152, 170, 0.182387, 0.152969, 58072, 39035, 1, 0, 6024, 359, 286
do_create_runtime_spdx, 3636903, 1.51, 29, 6, 3, 0, 4903161, 479964, 1512, 271, 913408, 204800, 0, 0.298236, 0.069156, 64856, 27223, 1, 1776, 312, 121, 118, 0.039888, 0.007781, 60928, 5390, 0, 8, 88, 121, 64
do_package, 3543940, 13.17, 219, 93, 884, 112, 437934171, 233886999, 103930, 22719, 1511424, 151650304, 69664768, 2.195524, 0.9381229999999999, 63084, 86634, 0, 2944, 1960, 1189, 22590, 8.843485, 1.123682, 101532, 291968, 7, 8, 294232, 14780, 19980
