Package, PID, Elapsed time, utime, stime, cutime, cstime, IO rchar, IO wchar, IO syscr, IO syscw, IO read_bytes, IO write_bytes, IO cancelled_write_bytes, rusage ru_utime, rusage ru_stime, rusage ru_maxrss, rusage ru_minflt, rusage ru_majflt, rusage ru_inblock, rusage ru_oublock, rusage ru_nvcsw, rusage ru_nivcsw, Child rusage ru_utime, Child rusage ru_stime, Child rusage ru_maxrss, Child rusage ru_minflt, Child rusage ru_majflt, Child rusage ru_inblock, Child rusage ru_oublock, Child rusage ru_nvcsw, Child rusage ru_nivcsw
libassuan-native, 694127, 0.03, 14, 2, 0, 0, 660272, 111076, 141, 74, 0, 114688, 0, 0.148718, 0.020097, 67852, 8256, 0, 0, 96, 2, 18, 0.006297, 0.0, 62504, 593, 0, 0, 128, 8, 2
kmod-native, 686473, 0.02, 13, 1, 0, 0, 591502, 50274, 53, 59, 4096, 53248, 0, 0.137925, 0.019703, 68132, 7089, 0, 8, 104, 1, 88, 0.0, 0.0, 0, 0, 0, 0, 0, 0, 0
libcap-native, 633670, 0.01, 6, 0, 0, 0, 544957, 42627, 30, 47, 12288, 53248, 0, 0.065718, 0.008213999999999999, 67188, 6931, 0, 24, 104, 3, 3, 0.0, 0.0, 0, 0, 0, 0, 0, 0, 0
libcap-ng-native, 49623, 0.02, 6, 0, 0, 0, 564549, 46005, 40, 53, 0, 53248, 0, 0.067013, 0.007883, 62044, 6913, 0, 0, 104, 0, 2, 0.0, 0.0, 0, 0, 0, 0, 0, 0, 0
libyaml-native, 696678, 0.03, 14, 0, 0, 0, 655739, 108070, 133, 70, 0, 114688, 0, 0.146057, 0.007894, 67724, 8300, 0, 0, 96, 2, 3, 0.003934, 0.001535, 62504, 594, 0, 0, 128, 8, 1
freetype-native, 532502, 0.02, 6, 1, 0, 0, 566658, 46938, 40, 53, 0, 53248, 0, 0.06250599999999999, 0.015626, 66604, 7179, 0, 0, 104, 0, 15, 0.0, 0.0, 0, 0, 0, 0, 0, 0, 0
tzcode-native, 697394, 0.01, 6, 1, 0, 0, 332394, 40681, 28, 43, 0, 53248, 0, 0.067157, 0.015801, 67164, 6539, 0, 0, 104, 0, 23, 0.0, 0.0, 0, 0, 0, 0, 0, 0, 0
icon-naming-utils-native, 699453, 0.01, 9, 0, 0, 0, 567263, 46628, 40, 53, 0, 49152, 0, 0.097522, 0.0039, 68700, 7195, 0, 0, 96, 0, 5, 0.0, 0.0, 0, 0, 0, 0, 0, 0, 0
libcomps-native, 699539, 0.01, 9, 1, 0, 0, 555154, 45436, 39, 51, 0, 49152, 0, 0.09566799999999999, 0.011958, 68860, 7523, 0, 0, 96, 0, 4, 0.0, 0.0, 0, 0, 0, 0, 0, 0, 0
libxfixes-native, 575086, 0.02, 12, 1, 0, 0, 567039, 47692, 42, 54, 0, 53248, 0, 0.12503799999999998, 0.015629, 67352, 6984, 0, 0, 104, 0, 38, 0.0, 0.0, 0, 0, 0, 0, 0, 0, 0
util-linux-libuuid-native, 181470, 0.04, 13, 2, 0, 0, 566863, 47601, 42, 54, 0, 49152, 0, 0.131706, 0.023946, 63576, 6957, 0, 0, 96, 0, 2, 0.0, 0.0, 0, 0, 0, 0, 0, 0, 0
libxcb-native, 435363, 0.04, 12, 0, 0, 0, 566813, 47276, 40, 53, 0, 53248, 0, 0.12143899999999999, 0.0039169999999999995, 65756, 7132, 0, 0, 104, 0, 125, 0.0, 0.0, 0, 0, 0, 0, 0, 0, 0
ca-certificates-native, 676955, 0.02, 7, 0, 0, 0, 548290, 42550, 30, 47, 4096, 53248, 0, 0.07586999999999999, 0.003993, 68100, 6965, 0, 8, 104, 1, 2, 0.0, 0.0, 0, 0, 0, 0, 0, 0, 0
python3-pygments-native, 701911, 0.01, 9, 0, 0, 0, 549373, 46775, 42, 53, 8192, 53248, 0, 0.091278, 0.003803, 68124, 6973, 0, 16, 104, 2, 61, 0.0, 0.0, 0, 0, 0, 0, 0, 0, 0
cmake-native, 48404, 0.01, 3, 0, 0, 0, 334902, 41292, 28, 43, 0, 53248, 0, 0.038863999999999996, 0.0, 60652, 4412, 0, 0, 104, 0, 1, 0.0, 0.0, 0, 0, 0, 0, 0, 0, 0
flex-native, 47175, 0.01, 7, 0, 0, 0, 576910, 48041, 46, 56, 0, 53248, 0, 0.07175999999999999, 0.003986, 61920, 6776, 0, 0, 104, 0, 2, 0.0, 0.0, 0, 0, 0, 0, 0, 0, 0
libffi-native, 48329, 0.02, 6, 0, 0, 0, 567426, 46688, 42, 54, 0, 53248, 0, 0.066025, 0.008253, 61948, 6915, 0, 0, 104, 0, 3, 0.0, 0.0, 0, 0, 0, 0, 0, 0, 0
m4-native, 45174, 0.01, 3, 0, 0, 0, 365523, 45751, 44, 51, 0, 49152, 0, 0.034418, 0.007647999999999999, 60576, 4366, 0, 0, 96, 0, 2, 0.0, 0.0, 0, 0, 0, 0, 0, 0, 0
make-native, 47479, 0.02, 6, 1, 0, 0, 566038, 47447, 44, 55, 0, 53248, 0, 0.063328, 0.011874, 61952, 6974, 0, 0, 104, 0, 6, 0.0, 0.0, 0, 0, 0, 0, 0, 0, 0
makedevs-native, 703981, 0.01, 7, 1, 0, 0, 542887, 41567, 28, 46, 0, 49152, 0, 0.07714399999999999, 0.01624, 67628, 6907, 0, 0, 96, 0, 2, 0.0, 0.0, 0, 0, 0, 0, 0, 0, 0
python3-markupsafe-native, 701854, 0.01, 9, 1, 0, 0, 558827, 48039, 46, 55, 8192, 53248, 0, 0.09034199999999999, 0.011783, 68060, 7061, 0, 16, 104, 2, 6, 0.0, 0.0, 0, 0, 0, 0, 0, 0, 0
texinfo-dummy-native, 20414, 0.01, 3, 0, 0, 0, 332102, 40172, 26, 42, 0, 49152, 0, 0.03214, 0.004017, 58376, 4277, 0, 0, 96, 0, 2, 0.0, 0.0, 0, 0, 0, 0, 0, 0, 0
cargo-native, 680459, 0.01, 10, 1, 0, 0, 583470, 48491, 47, 55, 4096, 53248, 0, 0.101489, 0.01171, 68420, 7089, 0, 8, 104, 1, 3, 0.0, 0.0, 0, 0, 0, 0, 0, 0, 0
gmp-native, 47383, 0.02, 6, 0, 0, 0, 567413, 46519, 42, 54, 0, 53248, 0, 0.069108, 0.004065, 61900, 6867, 0, 0, 104, 0, 4, 0.0, 0.0, 0, 0, 0, 0, 0, 0, 0
ldconfig-native, 703876, 0.01, 7, 3, 0, 0, 332253, 40122, 26, 42, 0, 49152, 0, 0.070875, 0.0315, 66644, 6383, 0, 0, 96, 0, 8, 0.0, 0.0, 0, 0, 0, 0, 0, 0, 0
libssh2-native, 676944, 0.01, 11, 0, 0, 0, 573224, 47135, 42, 54, 0, 49152, 0, 0.11692599999999999, 0.0, 68036, 6878, 0, 0, 96, 0, 5, 0.0, 0.0, 0, 0, 0, 0, 0, 0, 0
libical-native, 594746, 0.01, 9, 1, 0, 0, 559815, 47689, 45, 54, 4096, 53248, 0, 0.09136699999999999, 0.01142, 67140, 7026, 0, 8, 104, 1, 10, 0.0, 0.0, 0, 0, 0, 0, 0, 0, 0
libtool-native, 46276, 0.01, 2, 1, 0, 0, 355685, 44026, 38, 48, 0, 53248, 0, 0.029538, 0.012712999999999999, 60496, 4374, 0, 0, 104, 0, 4, 0.0, 0.0, 0, 0, 0, 0, 0, 0, 0
fontconfig-native, 567770, 0.02, 14, 1, 0, 0, 566843, 47705, 42, 54, 0, 53248, 0, 0.145532, 0.019666, 66824, 6994, 0, 0, 104, 0, 121, 0.0, 0.0, 0, 0, 0, 0, 0, 0, 0
curl-native, 573184, 0.02, 16, 1, 0, 0, 597521, 49902, 51, 58, 4096, 53248, 0, 0.16859, 0.011493999999999999, 66812, 6964, 0, 8, 104, 1, 26, 0.0, 0.0, 0, 0, 0, 0, 0, 0, 0
util-macros-native, 52942, 0.02, 6, 0, 0, 0, 563930, 46222, 40, 53, 0, 53248, 0, 0.069784, 0.004104, 62112, 6955, 0, 0, 104, 0, 5, 0.0, 0.0, 0, 0, 0, 0, 0, 0, 0
docbook-xml-dtd4-native, 527311, 0.02, 6, 1, 0, 0, 548936, 43317, 32, 48, 0, 53248, 0, 0.062558, 0.012511, 66540, 7035, 0, 0, 104, 0, 1, 0.0, 0.0, 0, 0, 0, 0, 0, 0, 0
quilt-native, 704111, 0.01, 8, 1, 0, 0, 364264, 44674, 42, 50, 4096, 53248, 0, 0.08294699999999999, 0.011849, 66932, 6478, 0, 8, 104, 2, 17, 0.0, 0.0, 0, 0, 0, 0, 0, 0, 0
libfontenc-native, 634357, 0.01, 7, 0, 0, 0, 566856, 47825, 42, 54, 4096, 53248, 0, 0.07020799999999999, 0.008258999999999999, 67540, 6924, 0, 8, 104, 1, 3, 0.0, 0.0, 0, 0, 0, 0, 0, 0, 0
libxau-native, 430797, 0.04, 12, 1, 0, 0, 567898, 48298, 44, 55, 0, 53248, 0, 0.12282, 0.011514, 65568, 7092, 0, 0, 104, 0, 126, 0.0, 0.0, 0, 0, 0, 0, 0, 0, 0
createrepo-c-native, 704023, 0.02, 11, 0, 0, 0, 556362, 47744, 43, 53, 0, 49152, 0, 0.11266799999999999, 0.008047, 68848, 7378, 0, 0, 96, 0, 23, 0.0, 0.0, 0, 0, 0, 0, 0, 0, 0
autoconf-native, 45519, 0.02, 6, 1, 0, 0, 569131, 45416, 38, 52, 0, 53248, 0, 0.061803, 0.01236, 61980, 6846, 0, 0, 104, 0, 3, 0.0, 0.0, 0, 0, 0, 0, 0, 0, 0
pkgconfig-native, 46528, 0.02, 6, 0, 0, 0, 565736, 44811, 36, 51, 0, 53248, 0, 0.066871, 0.003933, 62212, 7033, 0, 0, 104, 0, 3, 0.0, 0.0, 0, 0, 0, 0, 0, 0, 0
gnutls-native, 673196, 0.01, 9, 0, 0, 0, 585755, 52673, 56, 61, 16384, 53248, 0, 0.09444699999999999, 0.008211999999999999, 67924, 6960, 0, 32, 104, 4, 9, 0.0, 0.0, 0, 0, 0, 0, 0, 0, 0
python3-mako-native, 492745, 0.02, 8, 1, 0, 0, 549434, 46684, 42, 53, 0, 53248, 0, 0.087575, 0.015922, 66184, 6949, 0, 0, 104, 0, 6, 0.0, 0.0, 0, 0, 0, 0, 0, 0, 0
libidn2-native, 672523, 0.01, 7, 1, 0, 0, 574983, 50536, 52, 59, 12288, 53248, 0, 0.07821399999999999, 0.012348999999999999, 67720, 6935, 0, 24, 104, 4, 54, 0.0, 0.0, 0, 0, 0, 0, 0, 0, 0
xmlto-native, 527886, 0.02, 7, 1, 0, 0, 564555, 45531, 36, 51, 0, 53248, 0, 0.07081699999999999, 0.011802, 66516, 7084, 0, 0, 104, 0, 6, 0.0, 0.0, 0, 0, 0, 0, 0, 0, 0
pango-native, 683948, 0.01, 10, 1, 0, 0, 582440, 56238, 59, 67, 0, 53248, 0, 0.10126099999999999, 0.011684, 68420, 7128, 0, 0, 104, 0, 4, 0.0, 0.0, 0, 0, 0, 0, 0, 0, 0
python3-setuptools-native, 274470, 0.03, 9, 0, 0, 0, 550664, 46655, 42, 53, 0, 53248, 0, 0.09834599999999999, 0.007866999999999999, 64460, 6891, 0, 0, 104, 0, 5, 0.0, 0.0, 0, 0, 0, 0, 0, 0, 0
rust-llvm-native, 617587, 0.03, 17, 1, 0, 0, 556192, 44817, 37, 50, 4096, 53248, 0, 0.17501899999999998, 0.01591, 67160, 7140, 0, 8, 104, 1, 75, 0.0, 0.0, 0, 0, 0, 0, 0, 0, 0
libxrender-native, 566423, 0.04, 12, 1, 0, 0, 567127, 47726, 42, 54, 0, 53248, 0, 0.129891, 0.012988999999999999, 66988, 6975, 0, 0, 104, 1, 403, 0.0, 0.0, 0, 0, 0, 0, 0, 0, 0
re2c-native, 179787, 0.03, 9, 0, 0, 0, 564046, 45760, 38, 52, 0, 53248, 0, 0.090559, 0.007873999999999999, 63812, 7015, 0, 0, 104, 0, 3, 0.0, 0.0, 0, 0, 0, 0, 0, 0, 0
gtk-doc-native, 292810, 0.03, 9, 1, 0, 0, 566986, 46612, 40, 53, 0, 49152, 0, 0.098262, 0.016377, 64352, 6951, 0, 0, 96, 0, 6, 0.0, 0.0, 0, 0, 0, 0, 0, 0, 0
libxdamage-native, 694428, 0.02, 15, 1, 0, 0, 567493, 47835, 42, 54, 0, 49152, 0, 0.15403899999999998, 0.019747999999999998, 67596, 6790, 0, 0, 96, 0, 40, 0.0, 0.0, 0, 0, 0, 0, 0, 0, 0
python3-docutils-native, 686297, 0.04, 14, 2, 0, 0, 550405, 46723, 42, 53, 0, 53248, 0, 0.14539, 0.026434, 67992, 6949, 0, 0, 104, 0, 85, 0.0, 0.0, 0, 0, 0, 0, 0, 0, 0
ncurses-native, 46742, 0.01, 6, 1, 0, 0, 592789, 47820, 48, 56, 0, 53248, 0, 0.064618, 0.012114999999999999, 62300, 7035, 0, 0, 104, 0, 6, 0.0, 0.0, 0, 0, 0, 0, 0, 0, 0
util-linux-native, 293393, 0.02, 15, 3, 0, 0, 618600, 53071, 61, 62, 0, 53248, 0, 0.159582, 0.031916, 64392, 7025, 0, 0, 104, 0, 3, 0.0, 0.0, 0, 0, 0, 0, 0, 0, 0
glib-2.0-native, 298919, 0.01, 15, 0, 0, 0, 592504, 57670, 63, 70, 0, 49152, 0, 0.155226, 0.00398, 65444, 7262, 0, 0, 96, 0, 2, 0.0, 0.0, 0, 0, 0, 0, 0, 0, 0
cross-localedef-native, 1072265, 0.09, 8, 1, 0, 0, 354863, 43560, 36, 47, 0, 49152, 0, 0.081035, 0.016207, 67544, 4564, 0, 0, 96, 1, 27, 0.0, 0.0, 0, 0, 0, 0, 0, 0, 0
gettext-minimal-native, 44999, 0.01, 3, 0, 0, 0, 333055, 40712, 28, 43, 0, 49152, 0, 0.036675, 0.0, 60196, 4302, 0, 0, 96, 0, 3, 0.0, 0.0, 0, 0, 0, 0, 0, 0, 0
libxml2-native, 324752, 0.02, 13, 1, 0, 0, 579877, 50580, 52, 59, 0, 49152, 0, 0.13633, 0.01558, 65428, 7068, 0, 0, 96, 0, 73, 0.0, 0.0, 0, 0, 0, 0, 0, 0, 0
nasm-native, 549955, 0.02, 7, 0, 0, 0, 563943, 45550, 38, 52, 0, 53248, 0, 0.071464, 0.00397, 66324, 7012, 0, 0, 104, 0, 2, 0.0, 0.0, 0, 0, 0, 0, 0, 0, 0
attr-native, 48186, 0.01, 6, 1, 0, 0, 589534, 47840, 47, 56, 0, 53248, 0, 0.068688, 0.011448, 62092, 6902, 0, 0, 104, 0, 3, 0.0, 0.0, 0, 0, 0, 0, 0, 0, 0
patch-native, 704084, 0.02, 10, 1, 0, 0, 579075, 46104, 41, 53, 8192, 53248, 0, 0.107164, 0.015875999999999998, 68652, 7274, 0, 16, 104, 2, 32, 0.0, 0.0, 0, 0, 0, 0, 0, 0, 0
mpfr-native, 250151, 0.04, 15, 0, 0, 0, 565028, 46185, 38, 52, 0, 49152, 0, 0.15512499999999999, 0.0, 63936, 6985, 0, 0, 96, 0, 94, 0.0, 0.0, 0, 0, 0, 0, 0, 0, 0
python3-iniparse-native, 699638, 0.02, 10, 0, 0, 0, 642337, 110199, 139, 72, 0, 114688, 0, 0.10134399999999999, 0.008107, 68100, 8271, 0, 0, 96, 2, 3, 0.003097, 0.001771, 62364, 597, 1, 0, 128, 8, 1
libmicrohttpd-native, 674388, 0.01, 7, 1, 0, 0, 565183, 47567, 42, 54, 12288, 53248, 0, 0.077086, 0.016228, 67944, 6917, 0, 24, 104, 3, 4, 0.0, 0.0, 0, 0, 0, 0, 0, 0, 0
dwarfsrcfiles-native, 703732, 0.02, 13, 1, 0, 0, 542878, 41748, 28, 46, 12288, 53248, 0, 0.13092299999999998, 0.019836, 68332, 7017, 0, 24, 104, 3, 2, 0.0, 0.0, 0, 0, 0, 0, 0, 0, 0
libmodulemd-native, 697362, 0.03, 14, 2, 0, 0, 661824, 114849, 144, 80, 0, 114688, 0, 0.142256, 0.027660999999999998, 68432, 8647, 0, 0, 96, 2, 7, 0.0049559999999999995, 0.0, 62500, 596, 0, 0, 128, 7, 3
xorgproto-native, 314272, 0.01, 10, 1, 0, 0, 565955, 49476, 41, 58, 0, 49152, 0, 0.101537, 0.015621, 65044, 7058, 0, 0, 96, 0, 10, 0.0, 0.0, 0, 0, 0, 0, 0, 0, 0
libxcursor-native, 694214, 0.02, 13, 1, 0, 0, 567135, 47721, 42, 54, 0, 49152, 0, 0.133329, 0.01176, 67576, 6768, 0, 0, 96, 0, 12, 0.0, 0.0, 0, 0, 0, 0, 0, 0, 0
swig-native, 669073, 0.01, 7, 1, 0, 0, 566520, 47666, 44, 55, 0, 53248, 0, 0.07564, 0.011942999999999999, 67988, 7037, 0, 0, 104, 0, 4, 0.0, 0.0, 0, 0, 0, 0, 0, 0, 0
libxslt-native, 497822, 0.02, 5, 2, 0, 0, 568102, 48030, 44, 55, 0, 53248, 0, 0.055913, 0.023961999999999997, 66328, 7029, 0, 0, 104, 0, 2, 0.0, 0.0, 0, 0, 0, 0, 0, 0, 0
shadow-native, 496447, 0.01, 7, 0, 0, 0, 585978, 47489, 45, 55, 0, 53248, 0, 0.07901699999999999, 0.004389, 66096, 6980, 0, 0, 104, 0, 44, 0.0, 0.0, 0, 0, 0, 0, 0, 0, 0
gdbm-native, 46962, 0.01, 6, 1, 0, 0, 575070, 47999, 46, 56, 0, 53248, 0, 0.06402, 0.012003, 62328, 6916, 0, 0, 104, 0, 4, 0.0, 0.0, 0, 0, 0, 0, 0, 0, 0
icu-native, 528043, 0.01, 7, 1, 0, 0, 568838, 46504, 40, 53, 0, 53248, 0, 0.076134, 0.01142, 66556, 7171, 0, 0, 104, 0, 54, 0.0, 0.0, 0, 0, 0, 0, 0, 0, 0
itstool-native, 527648, 0.02, 7, 0, 0, 0, 565274, 46326, 40, 53, 0, 53248, 0, 0.07497999999999999, 0.007892, 66632, 7117, 0, 0, 104, 0, 2, 0.0, 0.0, 0, 0, 0, 0, 0, 0, 0
meson-native, 280306, 0.05, 12, 1, 0, 0, 565351, 49481, 47, 58, 0, 53248, 0, 0.12121, 0.018938999999999998, 64852, 7136, 0, 0, 104, 0, 370, 0.0, 0.0, 0, 0, 0, 0, 0, 0, 0
chrpath-native, 493420, 0.02, 7, 0, 0, 0, 563882, 44845, 36, 51, 0, 53248, 0, 0.07103, 0.007892, 65744, 7015, 0, 0, 104, 0, 2, 0.0, 0.0, 0, 0, 0, 0, 0, 0, 0
spirv-headers-native, 683027, 0.01, 9, 0, 0, 0, 551858, 42575, 31, 47, 0, 53248, 0, 0.097067, 0.0, 67988, 7097, 0, 0, 104, 0, 1, 0.0, 0.0, 0, 0, 0, 0, 0, 0, 0
readline-native, 674456, 0.01, 9, 0, 0, 0, 580592, 46862, 43, 54, 4096, 53248, 0, 0.091038, 0.007916, 67956, 7056, 0, 8, 104, 1, 4, 0.0, 0.0, 0, 0, 0, 0, 0, 0, 0
sqlite3-native, 48525, 0.02, 7, 0, 0, 0, 566023, 46067, 40, 53, 0, 53248, 0, 0.072362, 0.00402, 61964, 6902, 0, 0, 104, 0, 3, 0.0, 0.0, 0, 0, 0, 0, 0, 0, 0
shared-mime-info-native, 544410, 0.01, 7, 1, 0, 0, 569752, 51860, 47, 61, 0, 53248, 0, 0.073103, 0.012183, 66868, 7116, 0, 0, 104, 0, 6, 0.0, 0.0, 0, 0, 0, 0, 0, 0, 0
wayland-native, 349026, 0.05, 17, 2, 0, 0, 576205, 51800, 47, 61, 0, 53248, 0, 0.175792, 0.022928999999999998, 65348, 7061, 0, 0, 104, 1, 88, 0.0, 0.0, 0, 0, 0, 0, 0, 0, 0
intltool-native, 668321, 0.01, 6, 1, 0, 0, 564737, 46555, 40, 53, 4096, 53248, 0, 0.064451, 0.012084, 67912, 7062, 0, 8, 104, 1, 16, 0.0, 0.0, 0, 0, 0, 0, 0, 0, 0
unzip-native, 31683, 0.02, 7, 1, 0, 0, 559429, 41987, 31, 47, 0, 53248, 0, 0.07618899999999999, 0.012029, 61540, 6908, 0, 0, 104, 0, 4, 0.0, 0.0, 0, 0, 0, 0, 0, 0, 0
libdnf-native, 700037, 0.01, 11, 0, 0, 0, 566883, 49623, 49, 56, 0, 49152, 0, 0.110708, 0.003953, 69500, 7484, 0, 0, 96, 0, 2, 0.0, 0.0, 0, 0, 0, 0, 0, 0, 0
vala-native, 534142, 0.01, 7, 0, 0, 0, 582187, 48746, 47, 56, 0, 53248, 0, 0.07592499999999999, 0.007991999999999999, 66776, 7003, 0, 0, 104, 0, 1, 0.0, 0.0, 0, 0, 0, 0, 0, 0, 0
libnsl2-native, 48665, 0.02, 5, 1, 0, 0, 564782, 46337, 40, 53, 0, 53248, 0, 0.059885999999999995, 0.011977, 61952, 6943, 0, 0, 104, 0, 2, 0.0, 0.0, 0, 0, 0, 0, 0, 0, 0
zstd-native, 33598, 0.02, 6, 0, 0, 0, 543795, 41370, 28, 46, 0, 49152, 0, 0.061191999999999996, 0.0076489999999999995, 61248, 6732, 0, 0, 96, 0, 4, 0.0, 0.0, 0, 0, 0, 0, 0, 0, 0
mkfontscale-native, 637547, 0.02, 8, 0, 0, 0, 566746, 47966, 42, 54, 4096, 53248, 0, 0.08413, 0.008012, 67824, 6950, 0, 8, 104, 1, 3, 0.0, 0.0, 0, 0, 0, 0, 0, 0, 0
file-native, 580983, 0.01, 10, 2, 0, 0, 579568, 45701, 39, 52, 8192, 53248, 0, 0.109966, 0.020364, 67052, 6954, 0, 16, 104, 2, 88, 0.0, 0.0, 0, 0, 0, 0, 0, 0, 0
unifdef-native, 250903, 0.04, 11, 0, 0, 0, 543151, 41944, 28, 46, 0, 53248, 0, 0.114773, 0.008198, 63788, 6846, 0, 0, 104, 0, 41, 0.0, 0.0, 0, 0, 0, 0, 0, 0, 0
json-c-native, 697290, 0.02, 9, 0, 0, 0, 652852, 106850, 132, 68, 0, 114688, 0, 0.099535, 0.007962, 68808, 8924, 0, 0, 96, 2, 7, 0.0028929999999999997, 0.0015049999999999998, 62760, 592, 0, 0, 128, 9, 2
libcheck-native, 697376, 0.02, 13, 2, 0, 0, 657659, 110298, 139, 73, 0, 114688, 0, 0.133741, 0.023601, 68608, 8650, 0, 0, 96, 2, 2, 0.004849, 0.0014939999999999999, 62508, 588, 1, 0, 128, 9, 0
gobject-introspection-native, 353223, 0.03, 13, 2, 0, 0, 596194, 55144, 57, 65, 0, 53248, 0, 0.135802, 0.025463, 65516, 7107, 0, 0, 104, 0, 69, 0.0, 0.0, 0, 0, 0, 0, 0, 0, 0
libxml-namespacesupport-perl-native, 697249, 0.01, 7, 1, 0, 0, 1361025, 46320, 170, 53, 0, 53248, 0, 0.075149, 0.019776, 67908, 6943, 0, 0, 104, 0, 2, 0.0, 0.0, 0, 0, 0, 0, 0, 0, 0
python3-packaging-native, 702177, 0.01, 9, 0, 0, 0, 549531, 46436, 42, 53, 12288, 53248, 0, 0.09318399999999999, 0.007764999999999999, 68056, 7085, 0, 24, 104, 3, 57, 0.0, 0.0, 0, 0, 0, 0, 0, 0, 0
libgcrypt-native, 634427, 0.01, 6, 1, 0, 0, 575799, 48607, 46, 56, 8192, 53248, 0, 0.06804199999999999, 0.012007, 67288, 7037, 0, 16, 104, 2, 0, 0.0, 0.0, 0, 0, 0, 0, 0, 0, 0
gcc-cross-x86_64, 1365530, 0.08, 12, 0, 0, 0, 380376, 48672, 51, 54, 86016, 53248, 0, 0.128543, 0.008293, 69588, 5212, 0, 168, 104, 21, 40, 0.0, 0.0, 0, 0, 0, 0, 0, 0, 0
kern-tools-native, 700186, 0.01, 7, 0, 0, 0, 332093, 40176, 26, 42, 4096, 53248, 0, 0.072737, 0.0, 66812, 6491, 0, 8, 104, 1, 4, 0.0, 0.0, 0, 0, 0, 0, 0, 0, 0
glslang-native, 490870, 0.01, 9, 1, 0, 0, 553597, 43872, 35, 49, 0, 53248, 0, 0.09632399999999999, 0.012039999999999999, 65468, 6959, 0, 0, 104, 0, 4, 0.0, 0.0, 0, 0, 0, 0, 0, 0, 0
libpthread-stubs-native, 431578, 0.03, 11, 1, 0, 0, 563627, 45415, 36, 51, 0, 53248, 0, 0.115687, 0.011967, 65576, 7118, 0, 0, 104, 0, 326, 0.0, 0.0, 0, 0, 0, 0, 0, 0, 0
debianutils-native, 704246, 0.02, 15, 2, 0, 0, 579408, 45585, 39, 52, 0, 49152, 0, 0.15553999999999998, 0.020465, 68592, 7284, 0, 0, 96, 0, 231, 0.0, 0.0, 0, 0, 0, 0, 0, 0, 0
xcb-proto-native, 430224, 0.04, 13, 0, 0, 0, 565412, 47494, 42, 54, 0, 53248, 0, 0.13777, 0.007871999999999999, 65780, 7208, 0, 0, 104, 0, 79, 0.0, 0.0, 0, 0, 0, 0, 0, 0, 0
rust-native, 618827, 0.04, 17, 3, 0, 0, 592339, 47200, 46, 54, 4096, 53248, 0, 0.17446599999999998, 0.032458, 66988, 7031, 0, 8, 104, 1, 35, 0.0, 0.0, 0, 0, 0, 0, 0, 0, 0
pixman-native, 594533, 0.02, 15, 2, 0, 0, 567386, 49843, 43, 59, 0, 53248, 0, 0.157166, 0.025585, 66972, 7052, 0, 0, 104, 0, 731, 0.0, 0.0, 0, 0, 0, 0, 0, 0, 0
docbook-xsl-stylesheets-native, 527323, 0.02, 7, 0, 0, 0, 547542, 43254, 32, 48, 0, 53248, 0, 0.07302299999999999, 0.004056, 66556, 7088, 0, 0, 104, 0, 2, 0.0, 0.0, 0, 0, 0, 0, 0, 0, 0
gettext-native, 49441, 0.01, 7, 0, 0, 0, 582942, 48173, 47, 56, 0, 49152, 0, 0.07940599999999999, 0.00397, 62208, 6885, 0, 0, 96, 0, 3, 0.0, 0.0, 0, 0, 0, 0, 0, 0, 0
librepo-native, 696805, 0.02, 15, 1, 0, 0, 555216, 46520, 41, 52, 0, 49152, 0, 0.15484599999999998, 0.012223999999999999, 68332, 7327, 0, 0, 96, 0, 3, 0.0, 0.0, 0, 0, 0, 0, 0, 0, 0
python3-pyproject-hooks-native, 263133, 0.04, 11, 0, 0, 0, 549621, 46562, 42, 53, 0, 53248, 0, 0.11026799999999999, 0.007876, 64076, 6858, 0, 0, 104, 0, 17, 0.0, 0.0, 0, 0, 0, 0, 0, 0, 0
desktop-file-utils-native, 703439, 0.01, 8, 1, 0, 0, 563928, 46495, 38, 52, 0, 49152, 0, 0.08671799999999999, 0.016517, 68288, 7051, 0, 0, 96, 0, 56, 0.0, 0.0, 0, 0, 0, 0, 0, 0, 0
acl-native, 48921, 0.01, 6, 1, 0, 0, 575309, 46766, 42, 54, 0, 53248, 0, 0.067204, 0.011859, 62088, 6801, 0, 0, 104, 0, 2, 0.0, 0.0, 0, 0, 0, 0, 0, 0, 0
gperf-native, 49099, 0.02, 6, 1, 0, 0, 563899, 44663, 36, 51, 0, 53248, 0, 0.061170999999999996, 0.012234, 61956, 6880, 0, 0, 104, 0, 2, 0.0, 0.0, 0, 0, 0, 0, 0, 0, 0
at-spi2-core-native, 694360, 0.02, 12, 0, 0, 0, 583312, 54946, 56, 65, 0, 49152, 0, 0.125589, 0.004051, 68608, 7298, 0, 0, 96, 0, 4, 0.0, 0.0, 0, 0, 0, 0, 0, 0, 0
bison-native, 179183, 0.03, 8, 1, 0, 0, 567341, 46832, 40, 53, 0, 53248, 0, 0.08913399999999999, 0.015501, 63916, 7020, 0, 0, 104, 0, 4, 0.0, 0.0, 0, 0, 0, 0, 0, 0, 0
libxtst-native, 687515, 0.02, 13, 0, 0, 0, 567034, 47775, 42, 54, 0, 49152, 0, 0.133162, 0.008591, 67552, 6810, 0, 0, 96, 0, 189, 0.0, 0.0, 0, 0, 0, 0, 0, 0, 0
dbus-native, 595694, 0.02, 18, 0, 0, 0, 601970, 51381, 55, 60, 0, 53248, 0, 0.18767699999999998, 0.007986, 67196, 7015, 0, 0, 104, 0, 5, 0.0, 0.0, 0, 0, 0, 0, 0, 0, 0
popt-native, 49025, 0.02, 6, 0, 0, 0, 573478, 46655, 42, 54, 0, 53248, 0, 0.068005, 0.008, 62084, 6859, 0, 0, 104, 0, 2, 0.0, 0.0, 0, 0, 0, 0, 0, 0, 0
libxdmcp-native, 431387, 0.04, 13, 1, 0, 0, 568169, 48317, 44, 55, 0, 53248, 0, 0.14002399999999998, 0.016002, 65592, 7133, 0, 0, 104, 0, 173, 0.0, 0.0, 0, 0, 0, 0, 0, 0, 0
libxi-native, 669008, 0.01, 7, 0, 0, 0, 567151, 47753, 42, 54, 0, 53248, 0, 0.079611, 0.007961, 67536, 6919, 0, 0, 104, 0, 8, 0.0, 0.0, 0, 0, 0, 0, 0, 0, 0
opkg-utils-native, 703868, 0.02, 12, 2, 0, 0, 544866, 42358, 30, 47, 0, 53248, 0, 0.125387, 0.025077, 67696, 6904, 0, 0, 104, 0, 5, 0.0, 0.0, 0, 0, 0, 0, 0, 0, 0
gconf-native, 703410, 0.01, 10, 0, 0, 0, 580268, 52615, 56, 61, 0, 49152, 0, 0.107441, 0.007958, 69344, 7273, 0, 0, 96, 0, 4, 0.0, 0.0, 0, 0, 0, 0, 0, 0, 0
libxml-simple-perl-native, 696693, 0.01, 10, 1, 0, 0, 558277, 46291, 42, 53, 0, 49152, 0, 0.101019, 0.012121999999999999, 67976, 6986, 0, 0, 96, 0, 6, 0.0, 0.0, 0, 0, 0, 0, 0, 0, 0
gnu-config-native, 20727, 0.01, 4, 1, 0, 0, 543616, 41542, 28, 46, 0, 49152, 0, 0.041675, 0.011365, 59556, 4873, 0, 0, 96, 0, 5, 0.0, 0.0, 0, 0, 0, 0, 0, 0, 0
libxrandr-native, 695092, 0.02, 14, 1, 0, 0, 567108, 47943, 42, 54, 0, 49152, 0, 0.145537, 0.012128, 67888, 6831, 0, 0, 96, 0, 19, 0.0, 0.0, 0, 0, 0, 0, 0, 0, 0
libxcomposite-native, 694142, 0.02, 13, 1, 0, 0, 567420, 48006, 42, 54, 0, 49152, 0, 0.132942, 0.012085, 67728, 6768, 0, 0, 96, 0, 8, 0.0, 0.0, 0, 0, 0, 0, 0, 0, 0
autoconf-archive-native, 177843, 0.03, 8, 0, 0, 0, 567369, 47048, 40, 53, 0, 49152, 0, 0.086847, 0.004135, 63584, 6930, 0, 0, 96, 0, 110, 0.0, 0.0, 0, 0, 0, 0, 0, 0, 0
qemu-native, 934917, 0.07, 9, 1, 0, 0, 461620, 110352, 145, 71, 0, 114688, 0, 0.09769399999999999, 0.015028999999999999, 68124, 6251, 0, 0, 96, 2, 38, 0.006907, 0.0, 62280, 591, 0, 0, 128, 9, 2
dbus-glib-native, 647518, 0.01, 11, 1, 0, 0, 574069, 49841, 50, 58, 8192, 53248, 0, 0.112019, 0.016002, 68136, 6996, 0, 16, 104, 2, 3, 0.0, 0.0, 0, 0, 0, 0, 0, 0, 0
perlcross-native, 30129, 0.02, 5, 0, 0, 0, 546510, 42762, 32, 48, 0, 49152, 0, 0.055707, 0.007958, 61028, 6705, 0, 0, 96, 0, 5, 0.0, 0.0, 0, 0, 0, 0, 0, 0, 0
pbzip2-native, 703756, 0.01, 8, 0, 0, 0, 543438, 41639, 28, 46, 0, 49152, 0, 0.084391, 0.008439, 67640, 7110, 0, 0, 96, 0, 59, 0.0, 0.0, 0, 0, 0, 0, 0, 0, 0
perl-native, 47750, 0.01, 6, 1, 0, 0, 588482, 44982, 41, 51, 0, 53248, 0, 0.06444799999999999, 0.016111999999999998, 62016, 6925, 0, 0, 104, 0, 12, 0.0, 0.0, 0, 0, 0, 0, 0, 0, 0
orc-native, 681859, 0.01, 9, 0, 0, 0, 570277, 50759, 45, 60, 0, 53248, 0, 0.099552, 0.003981999999999999, 68228, 7036, 0, 0, 104, 0, 2, 0.0, 0.0, 0, 0, 0, 0, 0, 0, 0
libx11-native, 480706, 0.05, 16, 1, 0, 0, 568566, 48670, 44, 55, 0, 53248, 0, 0.16563899999999998, 0.015775, 66264, 7123, 0, 0, 104, 0, 41, 0.0, 0.0, 0, 0, 0, 0, 0, 0, 0
nettle-native, 672524, 0.01, 6, 2, 0, 0, 576037, 47449, 44, 55, 12288, 53248, 0, 0.066019, 0.023301, 67556, 6952, 0, 24, 104, 3, 6, 0.0, 0.0, 0, 0, 0, 0, 0, 0, 0
update-rc.d-native, 467946, 0.05, 13, 0, 0, 0, 545769, 42188, 30, 47, 0, 53248, 0, 0.137132, 0.007032, 65560, 7009, 0, 0, 104, 0, 97, 0.0, 0.0, 0, 0, 0, 0, 0, 0, 0
cairo-native, 626264, 0.03, 15, 3, 0, 0, 592235, 51741, 53, 59, 0, 49152, 0, 0.152009, 0.030400999999999997, 67616, 7029, 0, 0, 96, 0, 61, 0.0, 0.0, 0, 0, 0, 0, 0, 0, 0
libtasn1-native, 672525, 0.01, 8, 0, 0, 0, 573354, 49777, 50, 58, 12288, 53248, 0, 0.084504, 0.004020999999999999, 67708, 6961, 0, 24, 104, 3, 6, 0.0, 0.0, 0, 0, 0, 0, 0, 0, 0
python3-wheel-native, 269924, 0.03, 9, 0, 0, 0, 549596, 46538, 42, 53, 0, 53248, 0, 0.097326, 0.00811, 64344, 6860, 0, 0, 104, 0, 4, 0.0, 0.0, 0, 0, 0, 0, 0, 0, 0
python3-flit-core-native, 255671, 0.03, 9, 1, 0, 0, 550089, 46266, 42, 53, 0, 53248, 0, 0.09756999999999999, 0.012196, 64024, 6919, 0, 0, 104, 0, 73, 0.0, 0.0, 0, 0, 0, 0, 0, 0, 0
spirv-tools-native, 696173, 0.01, 12, 0, 0, 0, 552799, 42687, 31, 47, 0, 49152, 0, 0.126433, 0.007902, 67904, 7066, 0, 0, 96, 0, 2, 0.0, 0.0, 0, 0, 0, 0, 0, 0, 0
libsm-native, 594764, 0.02, 7, 1, 0, 0, 567450, 47741, 42, 54, 0, 53248, 0, 0.079986, 0.011998, 67232, 6961, 0, 0, 104, 0, 2, 0.0, 0.0, 0, 0, 0, 0, 0, 0, 0
gtk+3-native, 696109, 0.03, 18, 2, 0, 0, 602354, 58088, 62, 68, 0, 49152, 0, 0.184493, 0.020052999999999998, 70152, 7646, 0, 0, 96, 0, 3, 0.0, 0.0, 0, 0, 0, 0, 0, 0, 0
libsolv-native, 697283, 0.02, 10, 0, 0, 0, 644380, 106145, 128, 66, 0, 114688, 0, 0.10599499999999999, 0.007851, 69240, 8846, 0, 0, 96, 2, 50, 0.006349, 0.0, 63328, 593, 0, 0, 128, 9, 2
automake-native, 46004, 0.02, 6, 1, 0, 0, 565978, 45879, 40, 53, 0, 53248, 0, 0.062772, 0.011769, 61956, 6910, 0, 0, 104, 0, 1, 0.0, 0.0, 0, 0, 0, 0, 0, 0, 0
bzip2-native, 47607, 0.01, 7, 0, 0, 0, 589267, 47203, 45, 55, 0, 53248, 0, 0.075034, 0.003949, 62068, 6949, 0, 0, 104, 0, 4, 0.0, 0.0, 0, 0, 0, 0, 0, 0, 0
libunistring-native, 586234, 0.01, 13, 1, 0, 0, 565344, 45831, 38, 52, 8192, 53248, 0, 0.132536, 0.01949, 67320, 7063, 0, 16, 104, 2, 64, 0.0, 0.0, 0, 0, 0, 0, 0, 0, 0
pseudo-native, 704083, 0.03, 14, 1, 0, 0, 559892, 45219, 35, 51, 4096, 53248, 0, 0.14044099999999998, 0.01605, 67816, 6924, 0, 8, 104, 1, 28, 0.0, 0.0, 0, 0, 0, 0, 0, 0, 0
harfbuzz-native, 682870, 0.01, 10, 0, 0, 0, 575291, 54060, 53, 64, 0, 53248, 0, 0.10062499999999999, 0.00805, 68956, 7294, 0, 0, 104, 0, 8, 0.0, 0.0, 0, 0, 0, 0, 0, 0, 0
python3-native, 252508, 0.02, 16, 1, 0, 0, 809731, 50946, 59, 57, 0, 53248, 0, 0.16019799999999998, 0.016019, 65348, 7435, 0, 0, 104, 0, 19, 0.0, 0.0, 0, 0, 0, 0, 0, 0, 0
python3-six-native, 697212, 0.02, 9, 1, 0, 0, 642256, 110563, 141, 73, 0, 114688, 0, 0.09371499999999999, 0.012223, 67348, 8098, 0, 0, 96, 2, 7, 0.004275999999999999, 0.0, 62108, 596, 0, 0, 128, 7, 3
zlib-native, 29368, 0.02, 6, 0, 0, 0, 552028, 42559, 32, 48, 0, 49152, 0, 0.069344, 0.004079, 60864, 6829, 0, 0, 96, 0, 4, 0.0, 0.0, 0, 0, 0, 0, 0, 0, 0
makedepend-native, 492182, 0.02, 7, 1, 0, 0, 564082, 46563, 40, 53, 0, 53248, 0, 0.070686, 0.012473999999999999, 66096, 7051, 0, 0, 104, 0, 1, 0.0, 0.0, 0, 0, 0, 0, 0, 0, 0
librsvg-native, 765291, 0.03, 29, 2, 0, 0, 656770, 397803, 74, 667, 0, 49152, 0, 0.295159, 0.022999, 72516, 8429, 0, 0, 96, 1, 283, 0.0, 0.0, 0, 0, 0, 0, 0, 0, 0
lua-native, 685922, 0.03, 13, 0, 0, 0, 571490, 45418, 41, 52, 8192, 53248, 0, 0.135126, 0.008445, 67852, 6974, 0, 16, 104, 2, 164, 0.0, 0.0, 0, 0, 0, 0, 0, 0, 0
dnf-native, 704071, 0.03, 13, 0, 0, 0, 568915, 47416, 46, 54, 0, 49152, 0, 0.135187, 0.003862, 69384, 7416, 0, 0, 96, 1, 98, 0.0, 0.0, 0, 0, 0, 0, 0, 0, 0
rpm-native, 687136, 0.05, 16, 1, 0, 0, 572979, 48637, 44, 55, 12288, 53248, 0, 0.166159, 0.017963, 68020, 6919, 0, 24, 104, 3, 187, 0.0, 0.0, 0, 0, 0, 0, 0, 0, 0
gdk-pixbuf-native, 579566, 0.02, 15, 0, 0, 0, 587181, 57363, 63, 69, 0, 53248, 0, 0.152481, 0.004121, 67688, 7219, 0, 0, 104, 0, 169, 0.0, 0.0, 0, 0, 0, 0, 0, 0, 0
bc-native, 696100, 0.02, 12, 1, 0, 0, 588386, 47597, 45, 55, 8192, 53248, 0, 0.126528, 0.011862, 67972, 7024, 0, 16, 104, 2, 2, 0.0, 0.0, 0, 0, 0, 0, 0, 0, 0
libjpeg-turbo-native, 574409, 0.01, 12, 0, 0, 0, 554229, 43263, 33, 48, 0, 53248, 0, 0.12753899999999999, 0.009108999999999999, 66728, 6998, 0, 0, 104, 0, 75, 0.0, 0.0, 0, 0, 0, 0, 0, 0, 0
libxext-native, 550680, 0.01, 10, 0, 0, 0, 567216, 47658, 42, 54, 0, 53248, 0, 0.10152, 0.0, 66884, 7038, 0, 0, 104, 1, 44, 0.0, 0.0, 0, 0, 0, 0, 0, 0, 0
rsync-native, 49410, 0.02, 7, 0, 0, 0, 565994, 45649, 38, 52, 0, 53248, 0, 0.070147, 0.003897, 62064, 6831, 0, 0, 104, 0, 4, 0.0, 0.0, 0, 0, 0, 0, 0, 0, 0
pigz-native, 703742, 0.01, 8, 1, 0, 0, 558321, 42147, 31, 47, 0, 49152, 0, 0.08180599999999999, 0.011686, 67704, 6916, 0, 0, 96, 0, 3, 0.0, 0.0, 0, 0, 0, 0, 0, 0, 0
libxml-parser-perl-native, 584676, 0.02, 16, 1, 0, 0, 559275, 46254, 42, 53, 0, 53248, 0, 0.16089, 0.011491999999999999, 67396, 7084, 0, 0, 104, 0, 74, 0.0, 0.0, 0, 0, 0, 0, 0, 0, 0
elfutils-native, 676993, 0.01, 8, 1, 0, 0, 580513, 48306, 44, 55, 8192, 53248, 0, 0.085252, 0.016238, 68372, 6942, 0, 16, 104, 2, 2, 0.0, 0.0, 0, 0, 0, 0, 0, 0, 0
cwautomacros-native, 697919, 0.01, 8, 0, 0, 0, 543017, 42867, 28, 48, 0, 49152, 0, 0.089017, 0.004046, 67572, 6842, 0, 0, 96, 0, 3, 0.0, 0.0, 0, 0, 0, 0, 0, 0, 0
python3-build-native, 265965, 0.04, 14, 1, 0, 0, 549834, 46550, 42, 53, 0, 53248, 0, 0.146031, 0.012169, 64720, 7014, 0, 0, 104, 0, 19, 0.0, 0.0, 0, 0, 0, 0, 0, 0, 0
libpng-native, 495951, 0.02, 7, 0, 0, 0, 565307, 46784, 40, 53, 0, 53248, 0, 0.077494, 0.008157, 66472, 7103, 0, 0, 104, 0, 0, 0.0, 0.0, 0, 0, 0, 0, 0, 0, 0
xz-native, 47906, 0.02, 6, 0, 0, 0, 580268, 45963, 41, 53, 0, 53248, 0, 0.066134, 0.00778, 61956, 6896, 0, 0, 104, 0, 2, 0.0, 0.0, 0, 0, 0, 0, 0, 0, 0
shaderc-native, 697206, 0.02, 14, 1, 0, 0, 553528, 44982, 37, 50, 0, 49152, 0, 0.144836, 0.012069, 68828, 7468, 0, 0, 96, 0, 2, 0.0, 0.0, 0, 0, 0, 0, 0, 0, 0
python3-installer-native, 259069, 0.03, 10, 0, 0, 0, 549942, 46306, 42, 53, 0, 53248, 0, 0.10477099999999999, 0.008059, 64088, 6959, 0, 0, 104, 0, 17, 0.0, 0.0, 0, 0, 0, 0, 0, 0, 0
gpgme-native, 696065, 0.03, 14, 2, 0, 0, 665172, 113706, 149, 78, 0, 114688, 0, 0.149413, 0.029051999999999998, 67492, 8209, 0, 0, 96, 2, 42, 0.0014119999999999998, 0.004776, 62152, 597, 0, 0, 128, 9, 0
fribidi-native, 682883, 0.02, 15, 2, 0, 0, 566428, 51385, 47, 61, 0, 53248, 0, 0.15018099999999998, 0.020294, 68032, 6973, 0, 0, 104, 0, 9, 0.0, 0.0, 0, 0, 0, 0, 0, 0, 0
libmpc-native, 252278, 0.03, 12, 1, 0, 0, 564675, 46352, 40, 53, 0, 49152, 0, 0.124719, 0.015588999999999999, 64304, 7059, 0, 0, 96, 0, 46, 0.0, 0.0, 0, 0, 0, 0, 0, 0, 0
libxml-sax-base-perl-native, 701924, 0.01, 9, 0, 0, 0, 1346372, 46176, 170, 53, 0, 49152, 0, 0.097027, 0.003881, 68672, 7399, 0, 0, 96, 0, 5, 0.0, 0.0, 0, 0, 0, 0, 0, 0, 0
groff-native, 549498, 0.01, 8, 0, 0, 0, 582940, 48301, 47, 56, 0, 53248, 0, 0.088434, 0.004019, 66424, 6997, 0, 0, 104, 0, 13, 0.0, 0.0, 0, 0, 0, 0, 0, 0, 0
expat-native, 250868, 0.02, 12, 1, 0, 0, 561091, 44835, 39, 51, 0, 53248, 0, 0.125159, 0.015643999999999998, 63876, 6934, 0, 0, 104, 0, 111, 0.0, 0.0, 0, 0, 0, 0, 0, 0, 0
ninja-native, 182478, 0.04, 14, 0, 0, 0, 543230, 41604, 28, 46, 0, 53248, 0, 0.14624499999999999, 0.008124, 63496, 6901, 0, 0, 104, 0, 26, 0.0, 0.0, 0, 0, 0, 0, 0, 0, 0
libxml-sax-perl-native, 701943, 0.01, 10, 0, 0, 0, 1337685, 46267, 154, 53, 0, 49152, 0, 0.10259499999999999, 0.003945, 68672, 7425, 0, 0, 96, 0, 2, 0.0, 0.0, 0, 0, 0, 0, 0, 0, 0
libpcre2-native, 49268, 0.02, 6, 1, 0, 0, 566057, 46109, 40, 53, 0, 53248, 0, 0.065647, 0.011583999999999999, 62036, 6859, 0, 0, 104, 0, 3, 0.0, 0.0, 0, 0, 0, 0, 0, 0, 0
openssl-native, 48068, 0.01, 7, 0, 0, 0, 593216, 48945, 51, 58, 0, 53248, 0, 0.076996, 0.004052, 62032, 6904, 0, 0, 104, 0, 3, 0.0, 0.0, 0, 0, 0, 0, 0, 0, 0
libgpg-error-native, 581872, 0.01, 12, 1, 0, 0, 592723, 50325, 53, 59, 4096, 53248, 0, 0.12722, 0.015902, 67304, 7116, 0, 8, 104, 1, 83, 0.0, 0.0, 0, 0, 0, 0, 0, 0, 0
e2fsprogs-native, 583216, 0.01, 11, 0, 0, 0, 597065, 50715, 53, 59, 0, 49152, 0, 0.115215, 0.008229, 66920, 7119, 0, 0, 96, 0, 79, 0.0, 0.0, 0, 0, 0, 0, 0, 0, 0
xtrans-native, 427475, 0.02, 7, 1, 0, 0, 568125, 48153, 44, 55, 135168, 53248, 0, 0.07479, 0.011807999999999999, 65608, 7092, 0, 264, 104, 2, 50, 0.0, 0.0, 0, 0, 0, 0, 0, 0, 0
libedit-native, 48690, 0.02, 6, 0, 0, 0, 578101, 45622, 39, 52, 0, 53248, 0, 0.067296, 0.007917, 62004, 6900, 0, 0, 104, 0, 7, 0.0, 0.0, 0, 0, 0, 0, 0, 0, 0
binutils-cross-x86_64, 722781, 0.03, 13, 0, 0, 0, 374689, 48282, 51, 54, 0, 49152, 0, 0.130107, 0.004197, 67280, 6698, 0, 0, 96, 0, 53, 0.0, 0.0, 0, 0, 0, 0, 0, 0, 0
libice-native, 594280, 0.03, 14, 2, 0, 0, 567327, 47641, 42, 54, 0, 53248, 0, 0.145059, 0.020146999999999998, 67104, 7036, 0, 0, 104, 0, 855, 0.0, 0.0, 0, 0, 0, 0, 0, 0, 0
libtirpc-native, 48034, 0.02, 6, 0, 0, 0, 564181, 45538, 38, 52, 0, 53248, 0, 0.066491, 0.008310999999999999, 61884, 6911, 0, 0, 104, 0, 2, 0.0, 0.0, 0, 0, 0, 0, 0, 0, 0
libarchive-native, 674354, 0.01, 7, 1, 0, 0, 579992, 47128, 41, 53, 4096, 53248, 0, 0.073142, 0.016253, 67712, 6931, 0, 8, 104, 1, 4, 0.0, 0.0, 0, 0, 0, 0, 0, 0, 0
font-util-native, 574908, 0.04, 11, 1, 0, 0, 567761, 47463, 42, 54, 0, 53248, 0, 0.12003, 0.011615, 66852, 7017, 0, 0, 104, 0, 75, 0.0, 0.0, 0, 0, 0, 0, 0, 0, 0
libxft-native, 682842, 0.01, 7, 1, 0, 0, 567552, 47900, 42, 54, 0, 53248, 0, 0.07836, 0.015672, 68560, 6939, 0, 0, 104, 0, 1, 0.0, 0.0, 0, 0, 0, 0, 0, 0, 0
alsa-ucm-conf, 702045, 0.01, 6, 1, 0, 0, 325667, 39564, 22, 40, 0, 49152, 0, 0.06466999999999999, 0.011412, 66876, 6581, 0, 0, 96, 0, 3, 0.0, 0.0, 0, 0, 0, 0, 0, 0, 0
encodings, 647486, 0.03, 5, 1, 0, 0, 350138, 44769, 36, 47, 4096, 53248, 0, 0.054286, 0.019388, 67064, 6827, 0, 8, 104, 1, 4, 0.0, 0.0, 0, 0, 0, 0, 0, 0, 0
alsa-topology-conf, 702006, 0.02, 9, 1, 0, 0, 325611, 39630, 22, 40, 0, 49152, 0, 0.097734, 0.012216, 66840, 6611, 0, 0, 96, 0, 4, 0.0, 0.0, 0, 0, 0, 0, 0, 0, 0
netbase, 702272, 0.02, 9, 1, 0, 0, 325695, 39677, 22, 40, 0, 49152, 0, 0.09915, 0.015864, 66952, 6690, 0, 0, 96, 0, 1, 0.0, 0.0, 0, 0, 0, 0, 0, 0, 0
pulseaudio-client-conf-sato, 703544, 0.01, 8, 0, 0, 0, 325360, 39695, 22, 40, 0, 49152, 0, 0.08227899999999999, 0.003918, 66952, 6685, 0, 0, 96, 0, 2, 0.0, 0.0, 0, 0, 0, 0, 0, 0, 0
run-postinsts, 1361282, 0.04, 9, 1, 0, 0, 340260, 41063, 27, 42, 0, 49152, 0, 0.099303, 0.015276999999999999, 68892, 4918, 0, 0, 96, 0, 75, 0.0, 0.0, 0, 0, 0, 0, 0, 0, 0
tzdata, 700371, 0.01, 6, 0, 0, 0, 331862, 40141, 24, 41, 0, 49152, 0, 0.066427, 0.007814, 67036, 6683, 0, 0, 96, 0, 5, 0.0, 0.0, 0, 0, 0, 0, 0, 0, 0
xcursor-transparent-theme, 703454, 0.01, 6, 0, 0, 0, 346110, 42612, 30, 44, 0, 49152, 0, 0.06586499999999999, 0.007748, 67100, 6779, 0, 0, 96, 0, 4, 0.0, 0.0, 0, 0, 0, 0, 0, 0, 0
shutdown-desktop, 703446, 0.01, 5, 1, 0, 0, 325480, 39578, 22, 40, 0, 49152, 0, 0.059501, 0.011899999999999999, 66948, 6677, 0, 0, 96, 0, 3, 0.0, 0.0, 0, 0, 0, 0, 0, 0, 0
packagegroup-core-ssh-dropbear, 701659, 0.03, 6, 1, 0, 0, 947623, 619541, 260, 187, 0, 638976, 0, 0.060694, 0.016184999999999998, 66896, 7886, 0, 0, 104, 2, 2, 0.006516, 0.006396, 61540, 598, 0, 0, 1144, 9, 1
ca-certificates, 700442, 0.01, 8, 0, 0, 0, 328082, 39664, 22, 40, 0, 49152, 0, 0.08052999999999999, 0.0, 66860, 6675, 0, 0, 96, 0, 1, 0.0, 0.0, 0, 0, 0, 0, 0, 0, 0
cantarell-fonts, 935168, 0.02, 8, 0, 0, 0, 361805, 49322, 46, 54, 0, 53248, 0, 0.089851, 0.008168, 68276, 5038, 0, 0, 104, 0, 56, 0.0, 0.0, 0, 0, 0, 0, 0, 0, 0
packagegroup-core-x11-base, 701624, 0.03, 6, 1, 0, 0, 950328, 620017, 262, 188, 0, 638976, 0, 0.066138, 0.016534, 66868, 7919, 0, 0, 104, 2, 2, 0.005338, 0.005501, 61796, 603, 0, 0, 1144, 9, 3
update-rc.d, 473751, 0.02, 6, 1, 0, 0, 325561, 39516, 22, 40, 0, 53248, 0, 0.063648, 0.011231999999999999, 64208, 4719, 0, 0, 104, 0, 81, 0.0, 0.0, 0, 0, 0, 0, 0, 0, 0
liberation-fonts, 702210, 0.01, 5, 1, 0, 0, 331431, 41476, 28, 43, 0, 49152, 0, 0.059616999999999996, 0.015898, 66880, 6648, 0, 0, 96, 0, 2, 0.0, 0.0, 0, 0, 0, 0, 0, 0, 0
adwaita-icon-theme, 3850973, 0.26, 33, 1, 0, 0, 355490, 48832, 43, 53, 0, 53248, 0, 0.334926, 0.011961, 60624, 8120, 0, 0, 104, 0, 33, 0.0, 0.0, 0, 0, 0, 0, 0, 0, 0
wayland-protocols, 935163, 0.06, 9, 1, 0, 0, 348817, 46419, 37, 50, 24576, 53248, 0, 0.09702799999999999, 0.012128, 67972, 4896, 0, 48, 104, 6, 27, 0.0, 0.0, 0, 0, 0, 0, 0, 0, 0
hicolor-icon-theme, 696070, 0.01, 7, 1, 0, 0, 346288, 42666, 30, 44, 0, 49152, 0, 0.073206, 0.012917999999999999, 67144, 6661, 0, 0, 96, 0, 51, 0.0, 0.0, 0, 0, 0, 0, 0, 0, 0
wireless-regdb, 703715, 0.01, 6, 2, 0, 0, 327614, 40526, 24, 41, 0, 49152, 0, 0.060371999999999995, 0.022639, 66612, 6571, 0, 0, 96, 0, 5, 0.0, 0.0, 0, 0, 0, 0, 0, 0, 0
sato-icon-theme, 3851901, 0.33, 30, 1, 0, 0, 352521, 45897, 38, 48, 0, 49152, 0, 0.30938699999999997, 0.018637, 60364, 6042, 0, 0, 96, 0, 183, 0.0, 0.0, 0, 0, 0, 0, 0, 0, 0
iso-codes, 686391, 0.02, 9, 0, 0, 0, 346459, 42415, 30, 44, 0, 53248, 0, 0.097491, 0.009283999999999999, 66984, 6790, 0, 0, 104, 0, 93, 0.0, 0.0, 0, 0, 0, 0, 0, 0, 0
packagegroup-core-x11, 703697, 0.02, 6, 0, 0, 0, 950632, 619772, 262, 188, 0, 638976, 0, 0.06895, 0.008111, 66612, 7777, 0, 0, 104, 3, 4, 0.007405999999999999, 0.0013469999999999999, 61468, 598, 0, 0, 1144, 8, 0
packagegroup-base, 701689, 0.03, 7, 2, 1, 0, 957720, 618574, 259, 186, 4096, 638976, 0, 0.072931, 0.020257999999999998, 67456, 8147, 0, 8, 104, 3, 4, 0.01077, 0.001166, 62568, 610, 0, 0, 1144, 9, 1
xserver-nodm-init, 1477527, 0.20, 13, 1, 0, 0, 341458, 41467, 27, 42, 0, 49152, 0, 0.130122, 0.017349, 68976, 4889, 0, 0, 96, 0, 147, 0.0, 0.0, 0, 0, 0, 0, 0, 0, 0
matchbox-session-sato, 1478927, 0.20, 11, 0, 0, 0, 326227, 40020, 22, 40, 0, 49152, 0, 0.110243, 0.0036739999999999997, 69212, 4956, 0, 0, 96, 0, 65, 0.0, 0.0, 0, 0, 0, 0, 0, 0, 0
v86d, 1479368, 0.29, 15, 1, 0, 0, 323236, 39184, 20, 39, 0, 49152, 0, 0.15614799999999998, 0.011425, 69148, 5093, 0, 0, 96, 0, 30, 0.0, 0.0, 0, 0, 0, 0, 0, 0, 0
depmodwrapper-cross, 699233, 0.02, 9, 0, 0, 0, 324279, 39508, 22, 40, 0, 49152, 0, 0.099782, 0.007982, 66920, 6534, 0, 0, 96, 0, 3, 0.0, 0.0, 0, 0, 0, 0, 0, 0, 0
packagegroup-core-x11-xserver, 703668, 0.04, 10, 1, 1, 0, 947601, 619821, 260, 187, 0, 638976, 0, 0.107913, 0.015986999999999998, 66548, 7833, 0, 0, 104, 2, 0, 0.010758, 0.001218, 61212, 609, 0, 0, 1144, 8, 5
connman-conf, 1475568, 0.11, 12, 1, 0, 0, 322672, 39282, 20, 39, 0, 49152, 0, 0.127541, 0.019927999999999998, 69044, 6928, 0, 0, 96, 0, 82, 0.0, 0.0, 0, 0, 0, 0, 0, 0, 0
core-image-sato, 1363324, 0.15, 17, 2, 0, 0, 671576, 114741, 207, 78, 229376, 118784, 0, 0.173455, 0.024779, 71988, 11657, 0, 432, 104, 48, 145, 0.007326, 0.001958, 65824, 827, 0, 16, 128, 13, 12
sysvinit-inittab, 702118, 0.01, 8, 0, 0, 0, 323835, 38978, 20, 39, 0, 53248, 0, 0.080612, 0.00403, 66876, 6714, 0, 0, 104, 0, 5, 0.0, 0.0, 0, 0, 0, 0, 0, 0, 0
packagegroup-core-boot, 701754, 0.02, 7, 1, 0, 0, 946044, 618815, 258, 186, 0, 638976, 0, 0.074443, 0.01959, 66876, 7965, 0, 0, 104, 2, 5, 0.006914, 0.00153, 61540, 613, 0, 0, 1144, 8, 3
pointercal-xinput, 1476081, 0.21, 14, 0, 0, 0, 322832, 39392, 20, 39, 0, 49152, 0, 0.14024699999999998, 0.004249, 68956, 6824, 0, 0, 96, 0, 35, 0.0, 0.0, 0, 0, 0, 0, 0, 0, 0
shadow-securetty, 701970, 0.02, 9, 2, 0, 0, 323279, 38950, 20, 39, 0, 49152, 0, 0.09573999999999999, 0.023934999999999998, 66876, 6715, 0, 0, 96, 0, 6, 0.0, 0.0, 0, 0, 0, 0, 0, 0, 0
packagegroup-core-x11-sato, 701502, 0.03, 9, 0, 0, 0, 948649, 619644, 260, 187, 0, 638976, 0, 0.092653, 0.0040279999999999995, 66848, 8048, 0, 0, 104, 2, 40, 0.009127999999999999, 0.0, 61800, 618, 0, 0, 1144, 9, 1
init-ifupdown, 1479424, 0.12, 11, 0, 0, 0, 327680, 40156, 22, 40, 0, 49152, 0, 0.11338, 0.004049, 68908, 4903, 0, 0, 96, 0, 37, 0.0, 0.0, 0, 0, 0, 0, 0, 0, 0
xserver-xf86-config, 1475760, 0.22, 15, 1, 0, 0, 322572, 40072, 22, 40, 0, 49152, 0, 0.157112, 0.010961, 69012, 6850, 0, 0, 96, 0, 75, 0.0, 0.0, 0, 0, 0, 0, 0, 0, 0
formfactor, 697928, 0.01, 5, 1, 0, 0, 322844, 39542, 22, 40, 0, 49152, 0, 0.059387999999999996, 0.015836, 66876, 6664, 0, 0, 96, 0, 1, 0.0, 0.0, 0, 0, 0, 0, 0, 0, 0
linux-yocto, 1471398, 0.23, 22, 1, 0, 0, 720982, 114657, 181, 75, 0, 118784, 0, 0.227122, 0.018168999999999998, 73916, 10649, 0, 0, 104, 28, 82, 0.0074849999999999995, 0.0, 68732, 592, 0, 0, 128, 14, 6
base-files, 496215, 0.01, 3, 1, 0, 0, 328750, 38920, 20, 39, 0, 53248, 0, 0.036065, 0.012020999999999999, 64808, 4726, 0, 0, 104, 0, 2, 0.0, 0.0, 0, 0, 0, 0, 0, 0, 0
psmisc, 2643269, 0.18, 12, 0, 0, 0, 360321, 44253, 35, 46, 0, 49152, 0, 0.12750899999999998, 0.0, 71716, 5372, 0, 0, 96, 0, 36, 0.0, 0.0, 0, 0, 0, 0, 0, 0, 0
libxext, 2099445, 0.26, 18, 0, 0, 0, 347012, 44702, 34, 46, 0, 49152, 0, 0.186194, 0.0, 71464, 5186, 0, 0, 96, 2, 33, 0.0, 0.0, 0, 0, 0, 0, 0, 0, 0
gstreamer1.0, 3179515, 0.77, 20, 0, 0, 0, 362101, 51625, 49, 56, 327680, 53248, 0, 0.20518599999999998, 0.003871, 57596, 5706, 0, 640, 104, 80, 95, 0.0, 0.0, 0, 0, 0, 0, 0, 0, 0
rxvt-unicode, 3335439, 0.91, 19, 1, 0, 0, 359606, 44932, 35, 46, 0, 53248, 0, 0.19361799999999998, 0.019756, 58932, 5616, 0, 0, 104, 0, 57, 0.0, 0.0, 0, 0, 0, 0, 0, 0, 0
libxcrypt, 1452839, 0.21, 12, 0, 0, 0, 343809, 43485, 32, 45, 278528, 53248, 0, 0.127919, 0.008527, 69072, 7009, 0, 544, 104, 20, 24, 0.0, 0.0, 0, 0, 0, 0, 0, 0, 0
libgpg-error, 1455025, 0.13, 13, 1, 0, 0, 372518, 47646, 45, 51, 69632, 53248, 0, 0.136633, 0.013222, 69612, 7156, 0, 136, 104, 17, 22, 0.0, 0.0, 0, 0, 0, 0, 0, 0, 0
neard, 2960808, 0.31, 21, 0, 0, 0, 358946, 44808, 35, 46, 0, 49152, 0, 0.21941, 0.008279, 61108, 5604, 0, 0, 96, 1, 66, 0.0, 0.0, 0, 0, 0, 0, 0, 0, 0
libxrandr, 2211238, 0.10, 13, 1, 0, 0, 346905, 44953, 34, 46, 0, 49152, 0, 0.131162, 0.013116, 71204, 5045, 0, 0, 96, 0, 173, 0.0, 0.0, 0, 0, 0, 0, 0, 0, 0
libgcc-initial, 1368482, 0.14, 9, 1, 0, 0, 377602, 47734, 49, 53, 4096, 53248, 0, 0.094095, 0.016364, 69260, 4941, 0, 8, 104, 1, 148, 0.0, 0.0, 0, 0, 0, 0, 0, 0, 0
libxkbcommon, 3211827, 0.76, 16, 1, 0, 0, 346605, 47064, 35, 49, 0, 49152, 0, 0.16966599999999998, 0.012119, 57804, 5698, 0, 0, 96, 0, 87, 0.0, 0.0, 0, 0, 0, 0, 0, 0, 0
lua, 2309714, 0.05, 15, 1, 0, 0, 351286, 43286, 33, 45, 0, 49152, 0, 0.159018, 0.012232, 70660, 7008, 0, 0, 96, 0, 37, 0.0, 0.0, 0, 0, 0, 0, 0, 0, 0
bzip2, 1453925, 0.17, 16, 2, 0, 0, 369067, 44741, 37, 47, 73728, 53248, 0, 0.161129, 0.021773999999999998, 69436, 7048, 0, 144, 104, 18, 49, 0.0, 0.0, 0, 0, 0, 0, 0, 0, 0
libexif, 1474947, 0.18, 14, 1, 0, 0, 353912, 44786, 36, 47, 102400, 53248, 0, 0.146501, 0.013734, 69448, 7176, 0, 200, 104, 25, 83, 0.0, 0.0, 0, 0, 0, 0, 0, 0, 0
libpcap, 3414287, 0.57, 28, 1, 0, 0, 345644, 43894, 32, 45, 0, 49152, 0, 0.282416, 0.013448, 57652, 7505, 0, 0, 96, 0, 71, 0.0, 0.0, 0, 0, 0, 0, 0, 0, 0
sbc, 2311661, 0.06, 16, 1, 0, 0, 343747, 43152, 30, 44, 0, 49152, 0, 0.161456, 0.015750999999999998, 70588, 6982, 0, 0, 96, 0, 63, 0.0, 0.0, 0, 0, 0, 0, 0, 0, 0
xhost, 2714886, 0.08, 15, 0, 0, 0, 346644, 44906, 34, 46, 0, 49152, 0, 0.156277, 0.004223, 72980, 5458, 0, 0, 96, 0, 57, 0.0, 0.0, 0, 0, 0, 0, 0, 0, 0
sqlite3, 1453794, 0.10, 12, 1, 0, 0, 345824, 43461, 32, 45, 311296, 53248, 0, 0.128683, 0.011354, 68872, 6877, 0, 608, 104, 20, 96, 0.0, 0.0, 0, 0, 0, 0, 0, 0, 0
mkfontscale, 2638013, 0.33, 13, 0, 0, 0, 346543, 44975, 34, 46, 0, 49152, 0, 0.134701, 0.00898, 72536, 5335, 0, 0, 96, 0, 63, 0.0, 0.0, 0, 0, 0, 0, 0, 0, 0
libpng, 1457332, 0.12, 9, 2, 0, 0, 345103, 43850, 32, 45, 106496, 53248, 0, 0.09064499999999999, 0.025897999999999997, 69492, 5097, 0, 208, 104, 26, 32, 0.0, 0.0, 0, 0, 0, 0, 0, 0, 0
libxfont2, 2322008, 0.14, 20, 1, 0, 0, 346925, 45048, 34, 46, 0, 53248, 0, 0.203919, 0.01483, 71388, 7413, 0, 0, 104, 0, 64, 0.0, 0.0, 0, 0, 0, 0, 0, 0, 0
matchbox-keyboard, 3905545, 0.64, 36, 1, 0, 0, 354072, 46273, 38, 48, 0, 49152, 0, 0.360942, 0.010827999999999999, 60892, 6235, 0, 0, 96, 0, 105, 0.0, 0.0, 0, 0, 0, 0, 0, 0, 0
gmp, 1454801, 0.14, 13, 3, 0, 0, 347213, 43965, 34, 46, 77824, 53248, 0, 0.132965, 0.031024999999999997, 68992, 6985, 0, 152, 104, 19, 24, 0.0, 0.0, 0, 0, 0, 0, 0, 0, 0
vulkan-loader, 3211075, 0.47, 17, 0, 0, 0, 335294, 42194, 27, 42, 0, 49152, 0, 0.17181, 0.003436, 57632, 5480, 0, 0, 96, 0, 85, 0.0, 0.0, 0, 0, 0, 0, 0, 0, 0
libwebp, 1474908, 0.13, 12, 2, 0, 0, 345226, 42748, 30, 44, 86016, 53248, 0, 0.12575899999999998, 0.02434, 69192, 6929, 0, 168, 104, 21, 56, 0.0, 0.0, 0, 0, 0, 0, 0, 0, 0
mini-x-session, 1479183, 0.15, 10, 1, 0, 0, 337200, 40099, 23, 40, 0, 49152, 0, 0.10116499999999999, 0.018064999999999998, 69308, 4987, 0, 0, 96, 0, 35, 0.0, 0.0, 0, 0, 0, 0, 0, 0, 0
zstd, 1455248, 0.08, 11, 1, 0, 0, 323594, 39202, 20, 39, 0, 49152, 0, 0.112657, 0.018775999999999998, 68712, 6928, 0, 0, 96, 0, 50, 0.0, 0.0, 0, 0, 0, 0, 0, 0, 0
matchbox-desktop, 3851247, 0.32, 38, 0, 0, 0, 346618, 44005, 32, 45, 0, 53248, 0, 0.38638999999999996, 0.003942, 59856, 5992, 0, 0, 104, 0, 102, 0.0, 0.0, 0, 0, 0, 0, 0, 0, 0
ttyrun, 1476121, 0.26, 14, 1, 0, 0, 322865, 39220, 20, 39, 0, 49152, 0, 0.141899, 0.017199, 69160, 6930, 0, 0, 96, 0, 45, 0.0, 0.0, 0, 0, 0, 0, 0, 0, 0
bash-completion, 1453140, 0.21, 12, 1, 0, 0, 344170, 43129, 30, 44, 319488, 53248, 0, 0.12224199999999999, 0.015773, 69156, 7005, 0, 624, 104, 22, 62, 0.0, 0.0, 0, 0, 0, 0, 0, 0, 0
libsndfile1, 2072423, 0.16, 10, 1, 0, 0, 346152, 45534, 36, 47, 0, 49152, 0, 0.109944, 0.015705999999999998, 70412, 5014, 0, 0, 96, 0, 67, 0.0, 0.0, 0, 0, 0, 0, 0, 0, 0
libedit, 2146676, 0.10, 14, 0, 0, 0, 357901, 43071, 31, 44, 0, 49152, 0, 0.145093, 0.007842, 70824, 7043, 0, 0, 96, 0, 136, 0.0, 0.0, 0, 0, 0, 0, 0, 0, 0
glib-networking, 3389444, 0.53, 14, 1, 0, 0, 359627, 51070, 49, 56, 16384, 49152, 0, 0.149732, 0.016635999999999998, 56920, 5660, 2, 32, 96, 3, 59, 0.0, 0.0, 0, 0, 0, 0, 0, 0, 0
libxdamage, 2214139, 0.11, 15, 1, 0, 0, 347289, 44850, 34, 46, 0, 49152, 0, 0.15692299999999998, 0.014596999999999999, 72156, 5192, 0, 0, 96, 0, 67, 0.0, 0.0, 0, 0, 0, 0, 0, 0, 0
iw, 2695312, 0.13, 13, 0, 0, 0, 323064, 40033, 22, 40, 0, 53248, 0, 0.132606, 0.008287, 71212, 5224, 0, 0, 104, 2, 328, 0.0, 0.0, 0, 0, 0, 0, 0, 0, 0
sysvinit, 2695359, 0.10, 13, 0, 0, 0, 343548, 41188, 25, 41, 0, 53248, 0, 0.138547, 0.008659, 71500, 5452, 0, 0, 104, 0, 76, 0.0, 0.0, 0, 0, 0, 0, 0, 0, 0
ell, 2953112, 0.45, 16, 0, 0, 0, 343684, 43099, 30, 44, 0, 49152, 0, 0.162292, 0.009016, 61008, 5558, 0, 0, 96, 0, 119, 0.0, 0.0, 0, 0, 0, 0, 0, 0, 0
sato-screenshot, 3905720, 0.34, 37, 1, 0, 0, 346295, 43867, 32, 45, 0, 49152, 0, 0.37360499999999996, 0.011097, 60600, 6044, 0, 0, 96, 0, 100, 0.0, 0.0, 0, 0, 0, 0, 0, 0, 0
glibc, 1371140, 0.06, 14, 1, 0, 0, 381790, 47842, 48, 52, 0, 53248, 0, 0.146372, 0.01428, 69776, 5342, 0, 0, 104, 0, 124, 0.0, 0.0, 0, 0, 0, 0, 0, 0, 0
binutils, 3616853, 0.32, 14, 2, 0, 0, 371949, 47702, 43, 50, 0, 53248, 0, 0.144901, 0.021953999999999998, 58196, 5622, 0, 0, 104, 0, 96, 0.0, 0.0, 0, 0, 0, 0, 0, 0, 0
bluez5, 3206407, 0.93, 28, 2, 0, 0, 374244, 47610, 43, 50, 73728, 49152, 0, 0.281752, 0.027017, 58720, 7709, 7, 144, 96, 8, 141, 0.0, 0.0, 0, 0, 0, 0, 0, 0, 0
lame, 2629267, 0.19, 13, 0, 0, 0, 343826, 43069, 30, 44, 0, 53248, 0, 0.138097, 0.003945, 71460, 7152, 0, 0, 104, 0, 46, 0.0, 0.0, 0, 0, 0, 0, 0, 0, 0
kmod, 2004360, 0.09, 14, 1, 0, 0, 371297, 47831, 45, 51, 0, 53248, 0, 0.147162, 0.010766999999999999, 70936, 7224, 0, 0, 104, 0, 82, 0.0, 0.0, 0, 0, 0, 0, 0, 0, 0
libxft, 2668793, 0.10, 13, 1, 0, 0, 347350, 44928, 34, 46, 0, 49152, 0, 0.136457, 0.011696, 72856, 5641, 0, 0, 96, 0, 41, 0.0, 0.0, 0, 0, 0, 0, 0, 0, 0
unzip, 1476580, 0.13, 13, 0, 0, 0, 339229, 39941, 23, 40, 0, 53248, 0, 0.13996, 0.003499, 69292, 6999, 0, 0, 104, 0, 37, 0.0, 0.0, 0, 0, 0, 0, 0, 0, 0
python3-iniparse, 2972506, 0.31, 16, 1, 0, 0, 330000, 44580, 34, 46, 0, 49152, 0, 0.167569, 0.015233, 60256, 5383, 0, 0, 96, 0, 94, 0.0, 0.0, 0, 0, 0, 0, 0, 0, 0
libgcrypt, 2041366, 0.09, 13, 1, 0, 0, 355596, 45836, 38, 48, 0, 53248, 0, 0.138019, 0.013800999999999999, 70824, 7254, 0, 0, 104, 0, 70, 0.0, 0.0, 0, 0, 0, 0, 0, 0, 0
pinentry, 2644083, 0.21, 12, 0, 0, 0, 344231, 43362, 30, 44, 0, 49152, 0, 0.125862, 0.00839, 71924, 5217, 0, 0, 96, 0, 74, 0.0, 0.0, 0, 0, 0, 0, 0, 0, 0
gstreamer1.0-plugins-bad, 3901268, 0.65, 39, 1, 0, 0, 364037, 54161, 50, 56, 0, 53248, 0, 0.39932999999999996, 0.011979, 61816, 8538, 0, 0, 104, 0, 105, 0.0, 0.0, 0, 0, 0, 0, 0, 0, 0
desktop-file-utils, 2734765, 0.16, 12, 1, 0, 0, 343726, 43441, 30, 44, 0, 49152, 0, 0.12085599999999999, 0.011694999999999999, 72552, 5276, 0, 0, 96, 0, 71, 0.0, 0.0, 0, 0, 0, 0, 0, 0, 0
libcap-ng, 1453746, 0.09, 13, 0, 0, 0, 344348, 43375, 32, 45, 106496, 53248, 0, 0.132763, 0.00885, 68904, 6880, 0, 208, 104, 26, 39, 0.0, 0.0, 0, 0, 0, 0, 0, 0, 0
speex, 2628488, 0.08, 14, 2, 0, 0, 343983, 43701, 32, 45, 0, 53248, 0, 0.141794, 0.029085999999999997, 71336, 7075, 0, 0, 104, 0, 67, 0.0, 0.0, 0, 0, 0, 0, 0, 0, 0
matchbox-theme-sato, 3386683, 1.03, 28, 0, 0, 0, 346044, 44440, 34, 46, 16384, 49152, 0, 0.288244, 0.004575, 57936, 5648, 3, 32, 96, 3, 55, 0.0, 0.0, 0, 0, 0, 0, 0, 0, 0
bc, 2642798, 0.25, 15, 1, 0, 0, 368182, 45033, 37, 47, 0, 49152, 0, 0.151776, 0.013009, 71744, 5464, 0, 0, 96, 0, 46, 0.0, 0.0, 0, 0, 0, 0, 0, 0, 0
libstd-rs, 1470387, 0.15, 12, 1, 0, 0, 357455, 44155, 35, 46, 217088, 53248, 0, 0.12421299999999999, 0.017744, 69884, 5404, 0, 424, 104, 30, 50, 0.0, 0.0, 0, 0, 0, 0, 0, 0, 0
libcheck, 1455861, 0.12, 13, 0, 0, 0, 345350, 44290, 34, 46, 102400, 53248, 0, 0.137119, 0.0048969999999999994, 68976, 7112, 0, 200, 104, 25, 34, 0.0, 0.0, 0, 0, 0, 0, 0, 0, 0
xcb-util, 2306583, 0.30, 18, 1, 0, 0, 346543, 44549, 34, 46, 0, 53248, 0, 0.18564699999999998, 0.011849, 71284, 7138, 0, 0, 104, 0, 48, 0.0, 0.0, 0, 0, 0, 0, 0, 0, 0
python3-six, 2970834, 0.16, 14, 1, 0, 0, 329930, 45017, 36, 47, 0, 49152, 0, 0.141527, 0.014896999999999999, 59836, 7315, 0, 0, 96, 0, 68, 0.0, 0.0, 0, 0, 0, 0, 0, 0, 0
debugedit, 3617038, 0.35, 15, 1, 0, 0, 343980, 43247, 30, 44, 0, 49152, 0, 0.152965, 0.011191999999999999, 57684, 5354, 0, 0, 96, 0, 47, 0.0, 0.0, 0, 0, 0, 0, 0, 0, 0
ppp, 3440998, 0.42, 20, 0, 0, 0, 356534, 43041, 31, 44, 0, 49152, 0, 0.200309, 0.004173, 58220, 5682, 0, 0, 96, 0, 49, 0.0, 0.0, 0, 0, 0, 0, 0, 0, 0
xf86-input-libinput, 3571881, 0.61, 28, 0, 0, 0, 347364, 45613, 36, 47, 0, 49152, 0, 0.28771199999999997, 7.3e-05, 59696, 5798, 0, 0, 96, 0, 131, 0.0, 0.0, 0, 0, 0, 0, 0, 0, 0
pcmanfm, 3917980, 0.62, 39, 1, 0, 0, 349845, 45181, 34, 46, 0, 49152, 0, 0.39991499999999996, 0.016663, 60788, 6033, 0, 0, 96, 0, 73, 0.0, 0.0, 0, 0, 0, 0, 0, 0, 0
alsa-plugins, 3522371, 0.47, 20, 1, 0, 0, 351164, 43438, 31, 44, 0, 49152, 0, 0.20962799999999998, 0.011033, 59472, 5788, 0, 0, 96, 0, 108, 0.0, 0.0, 0, 0, 0, 0, 0, 0, 0
libdaemon, 1456667, 0.16, 14, 0, 0, 0, 343789, 42910, 30, 44, 102400, 53248, 0, 0.143276, 0.003673, 69156, 5114, 0, 200, 104, 25, 99, 0.0, 0.0, 0, 0, 0, 0, 0, 0, 0
libxkbfile, 2311865, 0.06, 15, 0, 0, 0, 346681, 44735, 34, 46, 0, 53248, 0, 0.15156899999999998, 0.008192, 71664, 7090, 0, 0, 104, 0, 62, 0.0, 0.0, 0, 0, 0, 0, 0, 0, 0
libxinerama, 2623174, 0.36, 16, 0, 0, 0, 346891, 44749, 34, 46, 0, 53248, 0, 0.16474999999999998, 0.004576, 72568, 7334, 0, 0, 104, 0, 101, 0.0, 0.0, 0, 0, 0, 0, 0, 0, 0
matchbox-wm, 3369464, 1.07, 23, 0, 0, 0, 346757, 44639, 32, 45, 0, 53248, 0, 0.238305, 0.008217, 58720, 7587, 0, 0, 104, 0, 58, 0.0, 0.0, 0, 0, 0, 0, 0, 0, 0
consolekit, 3034403, 0.41, 18, 2, 0, 0, 347551, 44362, 32, 45, 0, 49152, 0, 0.18009699999999998, 0.026264, 60776, 7405, 0, 0, 96, 0, 209, 0.0, 0.0, 0, 0, 0, 0, 0, 0, 0
e2fsprogs, 2574852, 0.12, 14, 0, 0, 0, 376862, 48032, 45, 51, 0, 49152, 0, 0.144505, 0.0, 72468, 5508, 0, 0, 96, 0, 119, 0.0, 0.0, 0, 0, 0, 0, 0, 0, 0
coreutils, 2329687, 0.08, 13, 1, 0, 0, 377267, 46260, 40, 48, 0, 49152, 0, 0.13228299999999998, 0.015562, 70972, 7448, 0, 0, 96, 2, 66, 0.0, 0.0, 0, 0, 0, 0, 0, 0, 0
taglib, 1475287, 0.12, 14, 0, 0, 0, 333887, 41581, 27, 42, 0, 53248, 0, 0.14829599999999998, 0.003707, 69244, 7018, 0, 0, 104, 0, 46, 0.0, 0.0, 0, 0, 0, 0, 0, 0, 0
libxdmcp, 1630727, 0.09, 16, 1, 0, 0, 347965, 45342, 36, 47, 0, 49152, 0, 0.162185, 0.011866999999999999, 71160, 7228, 0, 0, 96, 0, 2, 0.0, 0.0, 0, 0, 0, 0, 0, 0, 0
npth, 1475333, 0.30, 15, 1, 0, 0, 346373, 43285, 32, 45, 430080, 53248, 0, 0.15155, 0.015543, 69120, 6945, 0, 840, 104, 26, 71, 0.0, 0.0, 0, 0, 0, 0, 0, 0, 0
pixman, 1457496, 0.18, 15, 0, 0, 0, 347183, 45937, 35, 49, 0, 49152, 0, 0.157486, 0.008288, 69784, 5311, 0, 0, 96, 0, 62, 0.0, 0.0, 0, 0, 0, 0, 0, 0, 0
libassuan, 2301781, 0.06, 10, 1, 0, 0, 347963, 45051, 36, 47, 0, 53248, 0, 0.109666, 0.011344, 70840, 5041, 0, 0, 104, 0, 71, 0.0, 0.0, 0, 0, 0, 0, 0, 0, 0
pango, 3752415, 0.73, 33, 2, 0, 0, 362237, 52365, 51, 57, 12288, 49152, 0, 0.337929, 0.020859, 59260, 8091, 1, 24, 96, 0, 69, 0.0, 0.0, 0, 0, 0, 0, 0, 0, 0
libffi, 1452714, 0.24, 16, 0, 0, 0, 347226, 44098, 34, 46, 139264, 53248, 0, 0.16511399999999998, 0.004233, 69096, 7017, 0, 272, 104, 18, 29, 0.0, 0.0, 0, 0, 0, 0, 0, 0, 0
libxv, 2325882, 0.17, 17, 0, 0, 0, 346788, 44690, 34, 46, 0, 53248, 0, 0.17427299999999998, 0.008298, 71164, 7149, 0, 0, 104, 0, 105, 0.0, 0.0, 0, 0, 0, 0, 0, 0, 0
connman-gnome, 3851371, 0.27, 33, 1, 0, 0, 349860, 45811, 36, 47, 0, 53248, 0, 0.330978, 0.011963, 60680, 6054, 0, 0, 104, 0, 56, 0.0, 0.0, 0, 0, 0, 0, 0, 0, 0
xcb-proto, 1452628, 0.20, 11, 2, 0, 0, 345207, 44541, 34, 46, 421888, 53248, 0, 0.113426, 0.024305, 69504, 7249, 0, 824, 104, 29, 77, 0.0, 0.0, 0, 0, 0, 0, 0, 0, 0
libatomic-ops, 1458191, 0.13, 14, 0, 0, 0, 343881, 43636, 32, 45, 483328, 53248, 0, 0.144598, 0.008262, 69060, 4986, 0, 944, 104, 27, 68, 0.0, 0.0, 0, 0, 0, 0, 0, 0, 0
mdadm, 2692129, 0.29, 17, 0, 0, 0, 367270, 44933, 37, 47, 0, 49152, 0, 0.17635099999999998, 0.007666999999999999, 72668, 5452, 0, 0, 96, 1, 161, 0.0, 0.0, 0, 0, 0, 0, 0, 0, 0
libxrender, 2099777, 0.11, 16, 1, 0, 0, 346924, 44746, 34, 46, 0, 49152, 0, 0.165015, 0.015000999999999999, 71292, 5147, 0, 0, 96, 0, 46, 0.0, 0.0, 0, 0, 0, 0, 0, 0, 0
shadow-sysroot, 1913025, 0.12, 12, 0, 0, 0, 323473, 39863, 22, 40, 0, 53248, 0, 0.121706, 0.008393, 70076, 4778, 0, 0, 104, 0, 35, 0.0, 0.0, 0, 0, 0, 0, 0, 0, 0
libsoup, 3185494, 0.70, 15, 0, 0, 0, 353612, 50291, 45, 54, 0, 49152, 0, 0.15611899999999998, 0.0078049999999999994, 57512, 5663, 0, 0, 96, 0, 65, 0.0, 0.0, 0, 0, 0, 0, 0, 0, 0
curl, 2524879, 0.15, 18, 1, 0, 0, 377317, 47232, 43, 50, 0, 49152, 0, 0.183248, 0.017046, 72244, 7360, 0, 0, 96, 0, 58, 0.0, 0.0, 0, 0, 0, 0, 0, 0, 0
at-spi2-core, 3178287, 0.67, 18, 0, 0, 0, 363108, 51047, 48, 55, 0, 53248, 0, 0.18279199999999998, 0.007168, 58252, 5752, 0, 0, 104, 0, 101, 0.0, 0.0, 0, 0, 0, 0, 0, 0, 0
xserver-xorg, 3506300, 0.26, 26, 1, 0, 0, 356243, 49386, 39, 51, 0, 49152, 0, 0.260646, 0.015796, 59360, 7717, 0, 0, 96, 0, 75, 0.0, 0.0, 0, 0, 0, 0, 0, 0, 0
libyaml, 1469316, 0.17, 10, 0, 0, 0, 343443, 42130, 28, 43, 167936, 53248, 0, 0.10727099999999999, 0.007150999999999999, 69428, 5185, 0, 328, 104, 26, 69, 0.0, 0.0, 0, 0, 0, 0, 0, 0, 0
xinput, 2641426, 0.24, 14, 0, 0, 0, 346232, 44920, 34, 46, 0, 49152, 0, 0.143877, 0.007018, 72808, 5546, 0, 0, 96, 0, 60, 0.0, 0.0, 0, 0, 0, 0, 0, 0, 0
gnome-desktop-testing, 2735052, 0.19, 12, 0, 0, 0, 343859, 43288, 30, 44, 0, 49152, 0, 0.12752, 0.00375, 72656, 5306, 0, 0, 96, 0, 48, 0.0, 0.0, 0, 0, 0, 0, 0, 0, 0
startup-notification, 2312821, 0.08, 16, 2, 0, 0, 346743, 44106, 32, 45, 0, 53248, 0, 0.16192299999999998, 0.022593, 71324, 7047, 0, 0, 104, 0, 61, 0.0, 0.0, 0, 0, 0, 0, 0, 0, 0
libevdev, 1474523, 0.09, 13, 0, 0, 0, 343522, 43143, 30, 44, 106496, 53248, 0, 0.139809, 0.004236, 69144, 6917, 0, 208, 104, 26, 69, 0.0, 0.0, 0, 0, 0, 0, 0, 0, 0
json-glib, 2976882, 0.22, 16, 0, 0, 0, 364444, 53618, 57, 60, 0, 49152, 0, 0.160912, 0.008045, 61212, 5765, 0, 0, 96, 0, 104, 0.0, 0.0, 0, 0, 0, 0, 0, 0, 0
gstreamer1.0-plugins-good, 3818722, 0.89, 38, 0, 0, 0, 355406, 51885, 43, 53, 0, 49152, 0, 0.383156, 0.0038699999999999997, 61400, 6393, 0, 0, 96, 0, 158, 0.0, 0.0, 0, 0, 0, 0, 0, 0, 0
xkbcomp, 2639816, 0.27, 13, 1, 0, 0, 346428, 44710, 34, 46, 0, 49152, 0, 0.1359, 0.010452999999999999, 72472, 5324, 0, 0, 96, 0, 97, 0.0, 0.0, 0, 0, 0, 0, 0, 0, 0
librsvg, 3779865, 0.56, 46, 1, 0, 0, 436566, 224870, 66, 359, 0, 49152, 0, 0.467022, 0.016104, 60768, 8309, 0, 0, 96, 0, 383, 0.0, 0.0, 0, 0, 0, 0, 0, 0, 0
vala, 2734431, 0.13, 15, 1, 0, 0, 361985, 46075, 39, 48, 0, 49152, 0, 0.15791, 0.019257, 72648, 5335, 0, 0, 96, 0, 106, 0.0, 0.0, 0, 0, 0, 0, 0, 0, 0
gstreamer1.0-plugins-base, 3779853, 0.46, 27, 0, 0, 0, 359569, 53265, 47, 55, 0, 49152, 0, 0.272685, 0.00401, 59280, 7938, 0, 0, 96, 0, 40, 0.0, 0.0, 0, 0, 0, 0, 0, 0, 0
quota, 2956135, 0.62, 22, 1, 0, 0, 345680, 44750, 34, 46, 0, 49152, 0, 0.221439, 0.011259, 61108, 5587, 0, 0, 96, 0, 91, 0.0, 0.0, 0, 0, 0, 0, 0, 0, 0
l3afpad, 3851572, 0.42, 39, 1, 0, 0, 349608, 44598, 34, 46, 0, 49152, 0, 0.393949, 0.019311, 60276, 5855, 0, 0, 96, 0, 153, 0.0, 0.0, 0, 0, 0, 0, 0, 0, 0
libx11, 1880275, 0.07, 12, 0, 0, 0, 348362, 45813, 36, 47, 0, 49152, 0, 0.12871, 0.0039, 71456, 5297, 0, 0, 96, 0, 93, 0.0, 0.0, 0, 0, 0, 0, 0, 0, 0
perl, 2322997, 0.18, 22, 2, 0, 0, 368282, 43018, 33, 44, 0, 53248, 0, 0.221546, 0.020513, 70876, 7127, 0, 0, 104, 0, 57, 0.0, 0.0, 0, 0, 0, 0, 0, 0, 0
xinit, 2641706, 0.32, 14, 0, 0, 0, 346589, 44574, 34, 46, 0, 49152, 0, 0.143649, 0.0, 72448, 5297, 0, 0, 96, 0, 73, 0.0, 0.0, 0, 0, 0, 0, 0, 0, 0
procps, 2633880, 0.16, 11, 0, 0, 0, 361899, 44449, 35, 46, 0, 53248, 0, 0.117462, 0.00783, 71684, 5281, 0, 0, 104, 0, 36, 0.0, 0.0, 0, 0, 0, 0, 0, 0, 0
icu, 1454645, 0.11, 13, 1, 0, 0, 348636, 43930, 32, 45, 430080, 53248, 0, 0.133762, 0.016212999999999998, 69432, 7243, 0, 840, 104, 32, 44, 0.0, 0.0, 0, 0, 0, 0, 0, 0, 0
liberror-perl, 3112076, 0.28, 15, 0, 0, 0, 1030798, 43889, 146, 46, 155648, 53248, 0, 0.157689, 0.008523, 58896, 5370, 0, 304, 104, 6, 180, 0.0, 0.0, 0, 0, 0, 0, 0, 0, 0
libsoup-2.4, 3186188, 0.77, 15, 2, 0, 0, 356167, 50380, 45, 54, 0, 49152, 0, 0.15065699999999999, 0.022047, 57672, 7596, 0, 0, 96, 0, 66, 0.0, 0.0, 0, 0, 0, 0, 0, 0, 0
matchbox-session, 1476271, 0.18, 13, 1, 0, 0, 337123, 40135, 23, 40, 0, 49152, 0, 0.130491, 0.016311, 69188, 7002, 0, 0, 96, 0, 36, 0.0, 0.0, 0, 0, 0, 0, 0, 0, 0
xdpyinfo, 2651302, 3.04, 19, 2, 0, 0, 346522, 45522, 34, 46, 0, 49152, 0, 0.195962, 0.023514999999999998, 72724, 7377, 0, 0, 96, 1, 49, 0.0, 0.0, 0, 0, 0, 0, 0, 0, 0
libxcvt, 1457150, 0.16, 15, 1, 0, 0, 345447, 45083, 33, 48, 0, 49152, 0, 0.15044, 0.011007, 69536, 5238, 0, 0, 96, 0, 69, 0.0, 0.0, 0, 0, 0, 0, 0, 0, 0
libmnl, 1475008, 0.22, 13, 1, 0, 0, 343506, 42870, 30, 44, 450560, 53248, 0, 0.136653, 0.010787999999999999, 69348, 6985, 0, 880, 104, 26, 88, 0.0, 0.0, 0, 0, 0, 0, 0, 0, 0
xf86-video-cirrus, 3572402, 0.55, 28, 0, 0, 0, 347357, 45599, 36, 47, 0, 49152, 0, 0.289821, 0.007833, 59456, 5832, 0, 0, 96, 0, 52, 0.0, 0.0, 0, 0, 0, 0, 0, 0, 0
libxcb, 1665692, 0.14, 12, 2, 0, 0, 346610, 44310, 32, 45, 0, 49152, 0, 0.12792299999999998, 0.020631999999999998, 70508, 7139, 0, 0, 96, 1, 98, 0.0, 0.0, 0, 0, 0, 0, 0, 0, 0
expat, 1453466, 0.15, 16, 0, 0, 0, 340888, 42567, 31, 44, 0, 49152, 0, 0.162908, 0.003973, 69416, 7041, 0, 0, 96, 0, 45, 0.0, 0.0, 0, 0, 0, 0, 0, 0, 0
wpa-supplicant, 2954574, 0.51, 15, 1, 0, 0, 337502, 41094, 25, 41, 0, 49152, 0, 0.156998, 0.011486999999999999, 60940, 5681, 0, 0, 96, 0, 53, 0.0, 0.0, 0, 0, 0, 0, 0, 0, 0
xz, 1454115, 0.14, 13, 0, 0, 0, 360068, 43505, 33, 45, 69632, 53248, 0, 0.134063, 0.009575, 69380, 7113, 0, 136, 104, 17, 20, 0.0, 0.0, 0, 0, 0, 0, 0, 0, 0
libfm-extra, 2734453, 0.08, 12, 0, 0, 0, 352687, 46925, 40, 49, 0, 53248, 0, 0.12375299999999999, 0.0, 72740, 5349, 0, 0, 104, 0, 119, 0.0, 0.0, 0, 0, 0, 0, 0, 0, 0
libglu, 3487957, 0.41, 16, 3, 0, 0, 348395, 46746, 37, 50, 0, 49152, 0, 0.163858, 0.030484999999999998, 58864, 5692, 0, 0, 96, 0, 113, 0.0, 0.0, 0, 0, 0, 0, 0, 0, 0
font-util, 2294112, 0.12, 13, 0, 0, 0, 347558, 44620, 34, 46, 0, 53248, 0, 0.138353, 0.0, 71132, 5121, 0, 0, 104, 0, 52, 0.0, 0.0, 0, 0, 0, 0, 0, 0, 0
glib-2.0, 2572527, 0.18, 17, 0, 0, 0, 372300, 53665, 55, 60, 0, 49152, 0, 0.174372, 0.004151, 72624, 7501, 0, 0, 96, 0, 93, 0.0, 0.0, 0, 0, 0, 0, 0, 0, 0
libcap, 1454891, 0.11, 11, 1, 0, 0, 324754, 40172, 22, 40, 0, 49152, 0, 0.11928599999999999, 0.015903999999999998, 68772, 6932, 0, 0, 96, 0, 107, 0.0, 0.0, 0, 0, 0, 0, 0, 0, 0
libxfixes, 2100319, 0.12, 12, 1, 0, 0, 346835, 44724, 34, 46, 0, 49152, 0, 0.122128, 0.011448999999999999, 71456, 5168, 0, 0, 96, 0, 57, 0.0, 0.0, 0, 0, 0, 0, 0, 0, 0
alsa-lib, 1455091, 0.15, 16, 0, 0, 0, 344500, 42906, 30, 44, 73728, 53248, 0, 0.166018, 0.0083, 68992, 6986, 0, 144, 104, 18, 39, 0.0, 0.0, 0, 0, 0, 0, 0, 0, 0
libpcre2, 1710409, 0.16, 14, 0, 0, 0, 345857, 43589, 32, 45, 0, 49152, 0, 0.14174, 0.004295, 70152, 5104, 0, 0, 96, 0, 46, 0.0, 0.0, 0, 0, 0, 0, 0, 0, 0
util-linux-libuuid, 1453362, 0.23, 10, 1, 0, 0, 346658, 44594, 34, 46, 606208, 53248, 0, 0.108583, 0.018097, 69516, 7206, 0, 1184, 104, 25, 32, 0.0, 0.0, 0, 0, 0, 0, 0, 0, 0
matchbox-config-gtk, 3851495, 0.30, 29, 1, 0, 0, 346132, 43940, 32, 45, 0, 49152, 0, 0.29072899999999996, 0.011628999999999999, 60080, 5968, 0, 0, 96, 0, 1579, 0.0, 0.0, 0, 0, 0, 0, 0, 0, 0
libxt, 2574448, 0.29, 16, 1, 0, 0, 347336, 45119, 34, 46, 0, 49152, 0, 0.165926, 0.017018, 72636, 7331, 0, 0, 96, 0, 57, 0.0, 0.0, 0, 0, 0, 0, 0, 0, 0
rgb, 2640820, 0.28, 13, 1, 0, 0, 346341, 44792, 34, 46, 0, 49152, 0, 0.13031399999999999, 0.010565999999999999, 72548, 5300, 0, 0, 96, 0, 114, 0.0, 0.0, 0, 0, 0, 0, 0, 0, 0
elfutils, 3437564, 0.19, 16, 1, 0, 0, 360310, 45490, 36, 47, 0, 49152, 0, 0.16830199999999998, 0.016829999999999998, 56852, 5503, 0, 0, 96, 0, 66, 0.0, 0.0, 0, 0, 0, 0, 0, 0, 0
shared-mime-info, 3176018, 0.45, 14, 1, 0, 0, 349550, 47978, 39, 51, 0, 49152, 0, 0.143528, 0.012664, 57512, 5662, 0, 0, 96, 0, 75, 0.0, 0.0, 0, 0, 0, 0, 0, 0, 0
gawk, 2611705, 0.14, 14, 0, 0, 0, 370574, 45683, 39, 48, 0, 53248, 0, 0.150009, 0.004285, 72060, 5349, 0, 0, 104, 0, 51, 0.0, 0.0, 0, 0, 0, 0, 0, 0, 0
libksba, 2629337, 0.13, 13, 0, 0, 0, 346322, 44377, 34, 46, 0, 53248, 0, 0.135424, 0.007737999999999999, 71436, 7117, 0, 0, 104, 0, 99, 0.0, 0.0, 0, 0, 0, 0, 0, 0, 0
libtasn1, 1455440, 0.13, 16, 1, 0, 0, 353152, 47052, 42, 50, 225280, 53248, 0, 0.162675, 0.017586, 69336, 7127, 0, 440, 104, 26, 39, 0.0, 0.0, 0, 0, 0, 0, 0, 0, 0
python3-pygobject, 3673680, 0.71, 30, 0, 0, 0, 353438, 50730, 47, 55, 0, 49152, 0, 0.30020199999999997, 0.007411999999999999, 58432, 5923, 0, 0, 96, 0, 132, 0.0, 0.0, 0, 0, 0, 0, 0, 0, 0
libgudev, 2976051, 0.46, 21, 1, 0, 0, 354882, 49290, 43, 53, 0, 49152, 0, 0.210885, 0.018885, 61020, 5715, 0, 0, 96, 0, 200, 0.0, 0.0, 0, 0, 0, 0, 0, 0, 0
libpciaccess, 1871714, 0.09, 14, 3, 0, 0, 346739, 44519, 34, 46, 0, 53248, 0, 0.148922, 0.030548, 70572, 7036, 0, 0, 104, 0, 74, 0.0, 0.0, 0, 0, 0, 0, 0, 0, 0
libical, 3177638, 0.45, 13, 0, 0, 0, 339613, 46077, 37, 47, 28672, 49152, 0, 0.13511099999999998, 0.008444, 57392, 5488, 5, 56, 96, 5, 93, 0.0, 0.0, 0, 0, 0, 0, 0, 0, 0
readline, 2147402, 0.09, 16, 1, 0, 0, 360390, 44268, 35, 46, 0, 49152, 0, 0.162488, 0.018893999999999998, 70892, 7103, 0, 0, 96, 0, 59, 0.0, 0.0, 0, 0, 0, 0, 0, 0, 0
libunistring, 1454604, 0.09, 11, 2, 0, 0, 345140, 43064, 30, 44, 290816, 53248, 0, 0.113505, 0.028376, 68904, 6884, 0, 568, 104, 25, 77, 0.0, 0.0, 0, 0, 0, 0, 0, 0, 0
sed, 1464765, 0.14, 10, 2, 0, 0, 370058, 45748, 39, 48, 233472, 53248, 0, 0.10123599999999999, 0.028346, 69688, 5163, 0, 456, 104, 28, 100, 0.0, 0.0, 0, 0, 0, 0, 0, 0, 0
gconf, 3180531, 0.71, 23, 1, 0, 0, 360064, 50061, 48, 53, 294912, 53248, 0, 0.238918, 0.016477, 58156, 5815, 0, 576, 104, 72, 81, 0.0, 0.0, 0, 0, 0, 0, 0, 0, 0
vulkan-headers, 1454280, 0.10, 13, 0, 0, 0, 332042, 40238, 23, 40, 0, 49152, 0, 0.13350299999999998, 0.003926, 69320, 7027, 0, 0, 96, 0, 65, 0.0, 0.0, 0, 0, 0, 0, 0, 0, 0
init-system-helpers, 1476877, 0.14, 13, 1, 0, 0, 323661, 39380, 20, 39, 0, 49152, 0, 0.131965, 0.013890999999999999, 69272, 4987, 0, 0, 96, 0, 96, 0.0, 0.0, 0, 0, 0, 0, 0, 0, 0
gtk+3, 3779827, 0.62, 39, 3, 0, 0, 382150, 54940, 54, 58, 0, 53248, 0, 0.39273399999999997, 0.032389999999999995, 59724, 8159, 0, 0, 104, 0, 63, 0.0, 0.0, 0, 0, 0, 0, 0, 0, 0
libxau, 1631877, 0.07, 13, 1, 0, 0, 347694, 45329, 36, 47, 0, 49152, 0, 0.132333, 0.018379, 70216, 7156, 0, 0, 96, 0, 49, 0.0, 0.0, 0, 0, 0, 0, 0, 0, 0
connman, 3509315, 0.56, 21, 1, 0, 0, 383071, 46894, 41, 48, 0, 49152, 0, 0.21173899999999998, 0.011549, 59504, 6007, 0, 0, 96, 0, 50, 0.0, 0.0, 0, 0, 0, 0, 0, 0, 0
xorgproto, 1450217, 0.19, 14, 0, 0, 0, 345752, 45359, 33, 48, 0, 49152, 0, 0.146259, 0.004062, 69764, 5489, 0, 0, 96, 0, 46, 0.0, 0.0, 0, 0, 0, 0, 0, 0, 0
gpgme, 2969214, 0.24, 15, 2, 0, 0, 352882, 47898, 44, 51, 0, 53248, 0, 0.154545, 0.020333999999999998, 60088, 7435, 0, 0, 104, 0, 185, 0.0, 0.0, 0, 0, 0, 0, 0, 0, 0
libseccomp, 1455519, 0.14, 16, 0, 0, 0, 355939, 45601, 38, 48, 114688, 53248, 0, 0.164301, 0.009127, 68972, 6944, 0, 224, 104, 27, 44, 0.0, 0.0, 0, 0, 0, 0, 0, 0, 0
libsm, 1842520, 0.20, 14, 0, 0, 0, 347247, 44786, 34, 46, 0, 49152, 0, 0.14987, 0.007685, 70724, 6918, 0, 0, 96, 0, 78, 0.0, 0.0, 0, 0, 0, 0, 0, 0, 0
sudo, 2643516, 0.17, 11, 0, 0, 0, 347819, 42803, 30, 44, 0, 49152, 0, 0.11941099999999999, 0.0, 71540, 5226, 0, 0, 96, 0, 79, 0.0, 0.0, 0, 0, 0, 0, 0, 0, 0
dbus-glib, 2952779, 0.42, 18, 0, 0, 0, 353866, 47460, 42, 50, 0, 49152, 0, 0.181118, 0.0, 61004, 5634, 0, 0, 96, 1, 81, 0.0, 0.0, 0, 0, 0, 0, 0, 0, 0
python3-dbus, 2970902, 0.34, 19, 1, 0, 0, 347595, 47578, 39, 51, 0, 53248, 0, 0.199626, 0.016295999999999998, 61168, 7622, 0, 0, 104, 0, 88, 0.0, 0.0, 0, 0, 0, 0, 0, 0, 0
libinput, 2686324, 0.27, 13, 0, 0, 0, 355535, 48201, 41, 52, 0, 49152, 0, 0.139786, 0.007764999999999999, 72904, 5646, 0, 0, 96, 0, 96, 0.0, 0.0, 0, 0, 0, 0, 0, 0, 0
wayland, 3175667, 0.32, 18, 1, 0, 0, 356000, 47802, 39, 51, 0, 49152, 0, 0.180755, 0.014459999999999999, 56932, 5800, 0, 0, 96, 4, 83, 0.0, 0.0, 0, 0, 0, 0, 0, 0, 0
alsa-state, 1477005, 0.08, 9, 1, 0, 0, 328575, 40074, 22, 40, 0, 53248, 0, 0.09727, 0.011672, 68976, 4881, 0, 0, 104, 0, 39, 0.0, 0.0, 0, 0, 0, 0, 0, 0, 0
busybox, 2695635, 0.27, 21, 2, 0, 0, 413217, 44823, 42, 47, 0, 53248, 0, 0.214616, 0.022994, 72048, 7660, 0, 0, 104, 0, 59, 0.0, 0.0, 0, 0, 0, 0, 0, 0, 0
zip, 1476449, 0.23, 12, 1, 0, 0, 324339, 39166, 20, 39, 0, 49152, 0, 0.129222, 0.012114, 69116, 6958, 0, 0, 96, 0, 40, 0.0, 0.0, 0, 0, 0, 0, 0, 0, 0
iptables, 1469803, 0.15, 11, 1, 0, 0, 357622, 43756, 33, 45, 487424, 53248, 0, 0.11963, 0.013803, 69452, 5275, 0, 952, 104, 27, 37, 0.0, 0.0, 0, 0, 0, 0, 0, 0, 0
popt, 1456693, 0.20, 14, 1, 0, 0, 353279, 44071, 34, 46, 114688, 53248, 0, 0.14110999999999999, 0.014471999999999999, 69568, 5054, 0, 224, 104, 26, 52, 0.0, 0.0, 0, 0, 0, 0, 0, 0, 0
xf86-video-vesa, 3572179, 0.41, 24, 0, 0, 0, 347544, 45683, 36, 47, 0, 49152, 0, 0.249327, 0.003957, 59328, 5808, 0, 0, 96, 0, 80, 0.0, 0.0, 0, 0, 0, 0, 0, 0, 0
pciutils, 2694829, 0.13, 18, 0, 0, 0, 350895, 43068, 30, 44, 0, 53248, 0, 0.182936, 0.0038109999999999997, 72040, 5325, 0, 0, 104, 0, 54, 0.0, 0.0, 0, 0, 0, 0, 0, 0, 0
puzzles, 3851640, 0.42, 38, 0, 0, 0, 334900, 41564, 27, 42, 0, 49152, 0, 0.389987, 0.0072889999999999995, 59884, 6011, 0, 0, 96, 0, 144, 0.0, 0.0, 0, 0, 0, 0, 0, 0, 0
fribidi, 1455215, 0.11, 14, 1, 0, 0, 346224, 47304, 39, 51, 0, 49152, 0, 0.140873, 0.01243, 69612, 7198, 0, 0, 96, 0, 75, 0.0, 0.0, 0, 0, 0, 0, 0, 0, 0
matchbox-panel-2, 3850673, 0.30, 38, 2, 0, 0, 347912, 45005, 34, 46, 0, 53248, 0, 0.387496, 0.023724, 60388, 7805, 0, 0, 104, 0, 40, 0.0, 0.0, 0, 0, 0, 0, 0, 0, 0
vte, 3850882, 0.25, 32, 2, 0, 0, 355892, 50902, 47, 55, 0, 53248, 0, 0.327816, 0.023697, 60356, 8410, 0, 0, 104, 0, 147, 0.0, 0.0, 0, 0, 0, 0, 0, 0, 0
libgcc, 1393714, 0.05, 10, 1, 0, 0, 376926, 47300, 47, 52, 0, 49152, 0, 0.10929599999999999, 0.013661999999999999, 69392, 7159, 0, 0, 96, 0, 71, 0.0, 0.0, 0, 0, 0, 0, 0, 0, 0
mobile-broadband-provider-info, 1456296, 0.17, 13, 0, 0, 0, 343398, 42703, 28, 43, 90112, 53248, 0, 0.137738, 0.003935, 69572, 5166, 0, 176, 104, 22, 35, 0.0, 0.0, 0, 0, 0, 0, 0, 0, 0
openssl, 1453990, 0.12, 15, 2, 0, 0, 373016, 46320, 43, 50, 0, 49152, 0, 0.157823, 0.029858, 69488, 7042, 0, 0, 96, 0, 50, 0.0, 0.0, 0, 0, 0, 0, 0, 0, 0
gtk-doc, 1471204, 0.16, 11, 1, 0, 0, 346782, 43707, 32, 45, 458752, 53248, 0, 0.110562, 0.016378999999999998, 69412, 5047, 0, 896, 104, 56, 31, 0.0, 0.0, 0, 0, 0, 0, 0, 0, 0
udev-extraconf, 1478717, 0.14, 10, 0, 0, 0, 324235, 39258, 20, 39, 0, 49152, 0, 0.102575, 0.0046619999999999995, 69300, 4941, 0, 0, 96, 0, 27, 0.0, 0.0, 0, 0, 0, 0, 0, 0, 0
psplash, 1475473, 0.33, 19, 2, 0, 0, 377060, 48246, 40, 50, 327680, 53248, 0, 0.190684, 0.022171999999999997, 69552, 7023, 0, 640, 104, 28, 107, 0.0, 0.0, 0, 0, 0, 0, 0, 0, 0
gnupg, 3389467, 0.45, 13, 0, 0, 0, 348013, 45164, 34, 46, 143360, 53248, 0, 0.135876, 0.0, 56148, 5291, 1, 280, 104, 32, 37, 0.0, 0.0, 0, 0, 0, 0, 0, 0, 0
xset, 2714797, 0.12, 15, 0, 0, 0, 346357, 44886, 34, 46, 0, 49152, 0, 0.154062, 0.0, 73396, 5684, 0, 0, 96, 0, 101, 0.0, 0.0, 0, 0, 0, 0, 0, 0, 0
libxtst, 2293874, 0.11, 14, 1, 0, 0, 346830, 44808, 34, 46, 0, 49152, 0, 0.145693, 0.012487999999999999, 71532, 5169, 0, 0, 96, 0, 192, 0.0, 0.0, 0, 0, 0, 0, 0, 0, 0
tcp-wrappers, 2606415, 0.18, 10, 0, 0, 0, 326871, 39418, 20, 39, 0, 53248, 0, 0.109398, 0.006836999999999999, 71616, 5184, 0, 0, 104, 0, 55, 0.0, 0.0, 0, 0, 0, 0, 0, 0, 0
base-passwd, 1454432, 0.08, 12, 1, 0, 0, 347166, 42410, 28, 43, 344064, 53248, 0, 0.125909, 0.013989, 68948, 6990, 0, 672, 104, 22, 28, 0.0, 0.0, 0, 0, 0, 0, 0, 0, 0
file, 2045912, 0.13, 13, 1, 0, 0, 359364, 43212, 31, 44, 0, 53248, 0, 0.13008999999999998, 0.013009, 70664, 7186, 0, 0, 104, 0, 50, 0.0, 0.0, 0, 0, 0, 0, 0, 0, 0
libmicrohttpd, 3389420, 0.56, 9, 0, 0, 0, 344978, 44811, 34, 46, 122880, 53248, 0, 0.094719, 0.00902, 55920, 5260, 0, 240, 104, 30, 40, 0.0, 0.0, 0, 0, 0, 0, 0, 0, 0
rpcbind, 2992185, 0.52, 16, 0, 0, 0, 390752, 47102, 43, 49, 0, 49152, 0, 0.163177, 0.007588999999999999, 61264, 7531, 0, 0, 96, 0, 97, 0.0, 0.0, 0, 0, 0, 0, 0, 0, 0
gcc, 2635323, 0.22, 16, 0, 0, 0, 379113, 47621, 46, 51, 0, 53248, 0, 0.164932, 0.008458, 71972, 5612, 0, 0, 104, 0, 43, 0.0, 0.0, 0, 0, 0, 0, 0, 0, 0
libpthread-stubs, 1452585, 0.08, 9, 1, 0, 0, 343423, 42450, 28, 43, 335872, 53248, 0, 0.09972199999999999, 0.015955, 69120, 5129, 0, 656, 104, 27, 40, 0.0, 0.0, 0, 0, 0, 0, 0, 0, 0
gcc-runtime, 1401171, 0.04, 15, 0, 0, 0, 390298, 48054, 50, 53, 0, 49152, 0, 0.15534599999999998, 0.008176, 69724, 7258, 0, 0, 96, 0, 17, 0.0, 0.0, 0, 0, 0, 0, 0, 0, 0
eudev, 2573723, 0.23, 17, 1, 0, 0, 357433, 46426, 40, 49, 0, 53248, 0, 0.17205199999999998, 0.020006, 72316, 7336, 0, 0, 104, 0, 64, 0.0, 0.0, 0, 0, 0, 0, 0, 0, 0
libxml2, 2967806, 0.26, 19, 1, 0, 0, 359673, 47787, 44, 51, 0, 49152, 0, 0.19705799999999998, 0.010947, 60252, 7541, 0, 0, 96, 0, 99, 0.0, 0.0, 0, 0, 0, 0, 0, 0, 0
iproute2, 3616941, 1.36, 15, 0, 0, 0, 340165, 42448, 27, 42, 0, 49152, 0, 0.150616, 0.008605999999999999, 57944, 5516, 0, 0, 96, 1, 38, 0.0, 0.0, 0, 0, 0, 0, 0, 0, 0
libpsl, 2586987, 0.19, 10, 2, 0, 0, 355049, 48224, 46, 52, 0, 53248, 0, 0.105821, 0.022046, 71940, 5214, 0, 0, 104, 0, 65, 0.0, 0.0, 0, 0, 0, 0, 0, 0, 0
rpm, 3616602, 0.45, 17, 2, 0, 0, 352774, 45942, 36, 47, 0, 53248, 0, 0.174376, 0.02325, 57960, 7442, 0, 0, 104, 0, 63, 0.0, 0.0, 0, 0, 0, 0, 0, 0, 0
xinput-calibrator, 2649378, 0.35, 16, 1, 0, 0, 346831, 44051, 32, 45, 0, 53248, 0, 0.16152, 0.011817999999999999, 72720, 7519, 0, 0, 104, 0, 127, 0.0, 0.0, 0, 0, 0, 0, 0, 0, 0
ncurses, 1453858, 0.09, 14, 0, 0, 0, 372590, 45490, 40, 48, 221184, 53248, 0, 0.144113, 0.003431, 69428, 7056, 0, 432, 104, 20, 59, 0.0, 0.0, 0, 0, 0, 0, 0, 0, 0
xf86-video-vmware, 3572633, 0.55, 23, 1, 0, 0, 347324, 45716, 36, 47, 0, 49152, 0, 0.23752399999999999, 0.011132999999999999, 59440, 5842, 0, 0, 96, 0, 100, 0.0, 0.0, 0, 0, 0, 0, 0, 0, 0
mpg123, 3522310, 0.99, 29, 1, 0, 0, 345489, 43014, 30, 44, 0, 53248, 0, 0.29906, 0.015948999999999998, 59192, 5677, 0, 0, 104, 0, 51, 0.0, 0.0, 0, 0, 0, 0, 0, 0, 0
findutils, 1475433, 0.29, 22, 0, 0, 0, 369137, 46613, 41, 49, 376832, 53248, 0, 0.222028, 0.004269, 69572, 7060, 0, 736, 104, 29, 53, 0.0, 0.0, 0, 0, 0, 0, 0, 0, 0
libxi, 2214372, 0.20, 16, 1, 0, 0, 346949, 44798, 34, 46, 0, 49152, 0, 0.16697299999999998, 0.018149, 71976, 5241, 0, 0, 96, 0, 60, 0.0, 0.0, 0, 0, 0, 0, 0, 0, 0
gdk-pixbuf, 3269950, 0.66, 25, 1, 0, 0, 366978, 53337, 55, 59, 12288, 53248, 0, 0.25901199999999996, 0.01774, 58400, 7842, 3, 24, 104, 3, 115, 0.0, 0.0, 0, 0, 0, 0, 0, 0, 0
dosfstools, 1479268, 0.13, 15, 0, 0, 0, 359356, 45039, 37, 47, 221184, 53248, 0, 0.153226, 0.0038299999999999996, 69516, 5096, 0, 432, 104, 25, 48, 0.0, 0.0, 0, 0, 0, 0, 0, 0, 0
libdnf, 3729185, 0.26, 24, 2, 0, 0, 346679, 47711, 41, 49, 0, 49152, 0, 0.24554499999999999, 0.025654, 58456, 5760, 0, 0, 96, 0, 252, 0.0, 0.0, 0, 0, 0, 0, 0, 0, 0
libtool, 1457715, 0.13, 11, 1, 0, 0, 362862, 44716, 37, 47, 0, 49152, 0, 0.115852, 0.010860999999999999, 69656, 5135, 0, 0, 96, 0, 68, 0.0, 0.0, 0, 0, 0, 0, 0, 0, 0
openssh, 2694265, 0.05, 13, 1, 0, 0, 409487, 49645, 51, 53, 0, 53248, 0, 0.13632, 0.011684, 72712, 5756, 0, 0, 104, 0, 193, 0.0, 0.0, 0, 0, 0, 0, 0, 0, 0
dbus, 2734404, 0.17, 20, 0, 0, 0, 381767, 49493, 47, 52, 0, 53248, 0, 0.20371, 0.008147999999999999, 73436, 5428, 0, 0, 104, 0, 41, 0.0, 0.0, 0, 0, 0, 0, 0, 0, 0
libmatchbox, 2785661, 0.20, 11, 1, 0, 0, 346713, 44143, 32, 45, 0, 49152, 0, 0.11315, 0.015085999999999999, 73120, 5363, 0, 0, 96, 0, 35, 0.0, 0.0, 0, 0, 0, 0, 0, 0, 0
nettle, 2056506, 0.07, 13, 1, 0, 0, 355834, 44731, 36, 47, 0, 53248, 0, 0.13648, 0.011065, 70348, 7187, 0, 0, 104, 0, 76, 0.0, 0.0, 0, 0, 0, 0, 0, 0, 0
speexdsp, 1456112, 0.14, 11, 0, 0, 0, 343864, 42902, 30, 44, 368640, 53248, 0, 0.119242, 0.009172, 68992, 7016, 0, 720, 104, 26, 28, 0.0, 0.0, 0, 0, 0, 0, 0, 0, 0
acl, 2050038, 0.11, 13, 1, 0, 0, 355108, 44171, 34, 46, 0, 53248, 0, 0.130848, 0.015392999999999999, 70596, 7302, 0, 0, 104, 0, 170, 0.0, 0.0, 0, 0, 0, 0, 0, 0, 0
btrfs-tools, 2973311, 0.27, 18, 1, 0, 0, 353524, 48034, 44, 51, 0, 49152, 0, 0.18179599999999999, 0.014258, 60520, 5505, 0, 0, 96, 0, 56, 0.0, 0.0, 0, 0, 0, 0, 0, 0, 0
socat, 2642416, 0.20, 11, 0, 0, 0, 344549, 42488, 28, 43, 0, 49152, 0, 0.119405, 0.004117, 71892, 5278, 0, 0, 96, 0, 31, 0.0, 0.0, 0, 0, 0, 0, 0, 0, 0
opkg-utils, 1450715, 0.17, 10, 0, 0, 0, 324661, 40035, 22, 40, 0, 49152, 0, 0.10244099999999999, 0.008907, 69252, 4997, 0, 0, 96, 0, 36, 0.0, 0.0, 0, 0, 0, 0, 0, 0, 0
zlib, 1452239, 0.11, 13, 0, 0, 0, 331829, 40435, 24, 41, 0, 49152, 0, 0.138038, 0.0039429999999999995, 69044, 5006, 0, 0, 96, 0, 47, 0.0, 0.0, 0, 0, 0, 0, 0, 0, 0
dropbear, 2694359, 0.16, 11, 1, 0, 0, 376312, 44570, 36, 46, 0, 49152, 0, 0.11656899999999999, 0.014570999999999999, 71792, 5422, 0, 0, 96, 0, 47, 0.0, 0.0, 0, 0, 0, 0, 0, 0, 0
libxshmfence, 2101647, 0.14, 12, 1, 0, 0, 346865, 44636, 34, 46, 0, 49152, 0, 0.12468, 0.014667999999999999, 71468, 5177, 0, 0, 96, 0, 94, 0.0, 0.0, 0, 0, 0, 0, 0, 0, 0
shadow, 1907105, 0.06, 11, 1, 0, 0, 365774, 44982, 37, 47, 0, 53248, 0, 0.11212699999999999, 0.012013, 70940, 5353, 0, 0, 104, 0, 76, 0.0, 0.0, 0, 0, 0, 0, 0, 0, 0
make, 1456859, 0.19, 11, 0, 0, 0, 345839, 44855, 36, 47, 106496, 53248, 0, 0.11801299999999999, 0.0, 69416, 5094, 0, 208, 104, 26, 26, 0.0, 0.0, 0, 0, 0, 0, 0, 0, 0
libusb1, 2682049, 0.36, 16, 1, 0, 0, 352835, 44901, 36, 47, 0, 49152, 0, 0.16189299999999998, 0.017041, 72532, 5383, 0, 0, 96, 0, 53, 0.0, 0.0, 0, 0, 0, 0, 0, 0, 0
json-c, 1470713, 0.20, 13, 1, 0, 0, 340569, 41381, 27, 42, 0, 49152, 0, 0.13902299999999998, 0.016850999999999998, 69628, 5037, 0, 0, 96, 1, 64, 0.0, 0.0, 0, 0, 0, 0, 0, 0, 0
matchbox-terminal, 3898860, 0.87, 34, 1, 0, 0, 346021, 43892, 32, 45, 0, 49152, 0, 0.345677, 0.011918999999999999, 60492, 7954, 0, 0, 96, 1, 129, 0.0, 0.0, 0, 0, 0, 0, 0, 0, 0
libidn2, 2241921, 0.04, 9, 1, 0, 0, 354778, 47782, 44, 51, 0, 49152, 0, 0.098719, 0.015795, 71228, 5127, 0, 0, 96, 0, 24, 0.0, 0.0, 0, 0, 0, 0, 0, 0, 0
grep, 2632510, 0.08, 15, 1, 0, 0, 360688, 45365, 37, 47, 0, 49152, 0, 0.158862, 0.0169, 71636, 7215, 0, 0, 96, 0, 87, 0.0, 0.0, 0, 0, 0, 0, 0, 0, 0
librepo, 3182912, 0.33, 16, 0, 0, 0, 335012, 44243, 33, 45, 0, 49152, 0, 0.160624, 0.007647999999999999, 57476, 5517, 0, 0, 96, 2, 84, 0.0, 0.0, 0, 0, 0, 0, 0, 0, 0
libcomps, 3184040, 0.22, 12, 0, 0, 0, 334950, 43180, 31, 44, 0, 49152, 0, 0.127461, 0.004111, 57016, 5388, 0, 0, 96, 0, 86, 0.0, 0.0, 0, 0, 0, 0, 0, 0, 0
mtdev, 1474623, 0.17, 16, 1, 0, 0, 343567, 42866, 30, 44, 94208, 53248, 0, 0.16519699999999998, 0.017859, 69140, 7036, 0, 184, 104, 23, 47, 0.0, 0.0, 0, 0, 0, 0, 0, 0, 0
util-macros, 1452443, 0.14, 13, 1, 0, 0, 343731, 43568, 32, 45, 118784, 53248, 0, 0.133443, 0.013344, 69476, 5178, 0, 232, 104, 27, 32, 0.0, 0.0, 0, 0, 0, 0, 0, 0, 0
pulseaudio, 3453603, 0.40, 33, 2, 0, 0, 390089, 54903, 56, 58, 0, 53248, 0, 0.332673, 0.024773, 59512, 8392, 0, 0, 104, 0, 144, 0.0, 0.0, 0, 0, 0, 0, 0, 0, 0
libvorbis, 2038680, 0.06, 15, 1, 0, 0, 343696, 43281, 30, 44, 0, 53248, 0, 0.155272, 0.015924999999999998, 70260, 7128, 0, 0, 104, 0, 41, 0.0, 0.0, 0, 0, 0, 0, 0, 0, 0
orc, 1455969, 0.19, 17, 0, 0, 0, 350075, 46720, 37, 50, 0, 49152, 0, 0.172956, 0.008647, 69476, 7299, 0, 0, 96, 0, 39, 0.0, 0.0, 0, 0, 0, 0, 0, 0, 0
gdbm, 1454170, 0.08, 14, 0, 0, 0, 354869, 45423, 38, 48, 69632, 53248, 0, 0.14154, 0.004044, 69312, 6995, 0, 136, 104, 17, 58, 0.0, 0.0, 0, 0, 0, 0, 0, 0, 0
diffutils, 1475382, 0.24, 16, 0, 0, 0, 369426, 46488, 41, 49, 589824, 53248, 0, 0.163855, 0.0045509999999999995, 69572, 7078, 0, 1152, 104, 32, 51, 0.0, 0.0, 0, 0, 0, 0, 0, 0, 0
xf86-video-fbdev, 3572502, 0.33, 24, 1, 0, 0, 347258, 45237, 36, 47, 0, 49152, 0, 0.249305, 0.012895, 59372, 5799, 0, 0, 96, 0, 133, 0.0, 0.0, 0, 0, 0, 0, 0, 0, 0
linux-libc-headers, 252336, 0.01, 7, 0, 0, 0, 342011, 43431, 31, 45, 0, 49152, 0, 0.072532, 0.008059, 62848, 4755, 0, 0, 96, 0, 31, 0.0, 0.0, 0, 0, 0, 0, 0, 0, 0
xkeyboard-config, 2045345, 0.09, 18, 1, 0, 0, 347005, 47149, 37, 50, 0, 53248, 0, 0.180779, 0.011297999999999999, 70848, 7294, 0, 0, 104, 0, 69, 0.0, 0.0, 0, 0, 0, 0, 0, 0, 0
util-linux, 2145848, 0.07, 18, 1, 0, 0, 398396, 50311, 53, 54, 0, 49152, 0, 0.181083, 0.011809, 71372, 7199, 0, 0, 96, 0, 176, 0.0, 0.0, 0, 0, 0, 0, 0, 0, 0
libice, 1834084, 0.15, 14, 0, 0, 0, 347124, 44691, 34, 46, 0, 53248, 0, 0.14115999999999998, 0.007842, 71088, 7146, 0, 0, 104, 0, 193, 0.0, 0.0, 0, 0, 0, 0, 0, 0, 0
gnutls, 2526215, 0.15, 18, 2, 0, 0, 365553, 49813, 48, 53, 0, 49152, 0, 0.181394, 0.021092, 72264, 7294, 0, 0, 96, 0, 85, 0.0, 0.0, 0, 0, 0, 0, 0, 0, 0
attr, 1454515, 0.10, 12, 2, 0, 0, 369334, 45376, 39, 48, 77824, 53248, 0, 0.128389, 0.024849, 69492, 7062, 0, 152, 104, 19, 156, 0.0, 0.0, 0, 0, 0, 0, 0, 0, 0
avahi, 2975324, 0.47, 19, 1, 0, 0, 389075, 51175, 53, 54, 0, 49152, 0, 0.198205, 0.011011, 61792, 5824, 0, 0, 96, 0, 62, 0.0, 0.0, 0, 0, 0, 0, 0, 0, 0
libfontenc, 2306118, 0.26, 20, 1, 0, 0, 346653, 44840, 34, 46, 0, 53248, 0, 0.20788199999999998, 0.01663, 71504, 7119, 0, 0, 104, 0, 42, 0.0, 0.0, 0, 0, 0, 0, 0, 0, 0
which, 1476222, 0.17, 14, 1, 0, 0, 359426, 43715, 33, 45, 303104, 53248, 0, 0.14424399999999998, 0.013113, 69136, 7117, 0, 592, 104, 27, 35, 0.0, 0.0, 0, 0, 0, 0, 0, 0, 0
libepoxy, 3487847, 0.41, 14, 1, 0, 0, 348694, 47320, 39, 51, 0, 53248, 0, 0.14754599999999998, 0.014051999999999999, 58212, 5737, 0, 0, 104, 0, 61, 0.0, 0.0, 0, 0, 0, 0, 0, 0, 0
gobject-introspection, 2968232, 0.31, 21, 2, 0, 0, 375991, 51267, 49, 55, 0, 49152, 0, 0.215937, 0.020763, 60960, 7672, 0, 0, 96, 0, 72, 0.0, 0.0, 0, 0, 0, 0, 0, 0, 0
xauth, 2714691, 0.11, 13, 1, 0, 0, 346315, 44897, 34, 46, 0, 49152, 0, 0.134728, 0.019246, 73492, 5457, 0, 0, 96, 0, 58, 0.0, 0.0, 0, 0, 0, 0, 0, 0, 0
libmpc, 2628309, 0.14, 12, 1, 0, 0, 344471, 43623, 32, 45, 0, 53248, 0, 0.12398999999999999, 0.011623999999999999, 71304, 7058, 0, 0, 104, 0, 45, 0.0, 0.0, 0, 0, 0, 0, 0, 0, 0
menu-cache, 2785793, 0.20, 11, 0, 0, 0, 352645, 46842, 40, 49, 0, 49152, 0, 0.115281, 0.007205, 72832, 5273, 0, 0, 96, 0, 60, 0.0, 0.0, 0, 0, 0, 0, 0, 0, 0
initscripts, 472873, 0.02, 8, 0, 0, 0, 329225, 39030, 20, 39, 0, 53248, 0, 0.08423599999999999, 0.0, 64208, 4817, 0, 0, 104, 0, 54, 0.0, 0.0, 0, 0, 0, 0, 0, 0, 0
libtirpc, 1453507, 0.14, 12, 1, 0, 0, 343981, 42910, 30, 44, 69632, 53248, 0, 0.120473, 0.01721, 68936, 7009, 0, 136, 104, 17, 35, 0.0, 0.0, 0, 0, 0, 0, 0, 0, 0
cairo, 3487777, 0.18, 21, 1, 0, 0, 372031, 48952, 45, 51, 0, 53248, 0, 0.21049099999999998, 0.011693, 59104, 5852, 0, 0, 104, 0, 121, 0.0, 0.0, 0, 0, 0, 0, 0, 0, 0
gst-examples, 3959283, 0.39, 41, 1, 0, 0, 349024, 47602, 37, 50, 0, 49152, 0, 0.41579699999999997, 0.011767, 62180, 8205, 0, 0, 96, 0, 180, 0.0, 0.0, 0, 0, 0, 0, 0, 0, 0
libmodulemd, 2976146, 0.42, 18, 2, 0, 0, 349499, 47834, 39, 51, 0, 49152, 0, 0.186034, 0.027223999999999998, 60724, 5656, 0, 0, 96, 0, 111, 0.0, 0.0, 0, 0, 0, 0, 0, 0, 0
libnl, 2316400, 0.05, 11, 2, 0, 0, 353780, 45087, 36, 47, 0, 53248, 0, 0.11945299999999999, 0.026973, 70724, 7263, 0, 0, 104, 0, 71, 0.0, 0.0, 0, 0, 0, 0, 0, 0, 0
nghttp2, 1474852, 0.14, 14, 0, 0, 0, 337807, 43554, 33, 45, 0, 53248, 0, 0.149923, 0.004051, 69280, 6937, 0, 0, 104, 0, 43, 0.0, 0.0, 0, 0, 0, 0, 0, 0, 0
fontconfig, 2572964, 0.24, 14, 1, 0, 0, 346638, 44870, 34, 46, 0, 53248, 0, 0.15007399999999999, 0.011840999999999999, 72104, 7172, 0, 0, 104, 0, 95, 0.0, 0.0, 0, 0, 0, 0, 0, 0, 0
libxxf86vm, 2211867, 0.15, 16, 0, 0, 0, 346810, 44738, 34, 46, 0, 49152, 0, 0.16300199999999998, 0.009054999999999999, 71408, 5004, 0, 0, 96, 0, 64, 0.0, 0.0, 0, 0, 0, 0, 0, 0, 0
libdrm, 1875531, 0.11, 18, 1, 0, 0, 349486, 46905, 37, 50, 0, 53248, 0, 0.18787399999999999, 0.011741999999999999, 71424, 7331, 0, 0, 104, 0, 109, 0.0, 0.0, 0, 0, 0, 0, 0, 0, 0
flac, 2055154, 0.09, 15, 1, 0, 0, 345325, 43161, 30, 44, 0, 49152, 0, 0.15295799999999998, 0.012074999999999999, 70204, 7124, 0, 0, 96, 0, 167, 0.0, 0.0, 0, 0, 0, 0, 0, 0, 0
settings-daemon, 3851133, 0.30, 31, 0, 0, 0, 349252, 44601, 34, 46, 0, 53248, 0, 0.318971, 0.007875, 60088, 5996, 0, 0, 104, 0, 161, 0.0, 0.0, 0, 0, 0, 0, 0, 0, 0
bash, 2299447, 0.06, 12, 1, 0, 0, 373050, 46350, 41, 49, 0, 49152, 0, 0.123622, 0.019315, 70972, 5200, 0, 0, 96, 0, 64, 0.0, 0.0, 0, 0, 0, 0, 0, 0, 0
libptytty, 1475160, 0.18, 17, 1, 0, 0, 331464, 40110, 23, 40, 0, 53248, 0, 0.17309, 0.012665, 69312, 7007, 0, 0, 104, 0, 43, 0.0, 0.0, 0, 0, 0, 0, 0, 0, 0
glibc-locale, 1458384, 0.20, 11, 0, 0, 0, 439297, 105769, 129, 63, 0, 114688, 0, 0.116745, 0.0, 69012, 6490, 0, 0, 96, 2, 25, 0.004618, 0.002092, 63396, 586, 0, 0, 128, 7, 1
libarchive, 2294724, 0.05, 11, 1, 0, 0, 359790, 44419, 33, 45, 0, 53248, 0, 0.114892, 0.011489, 71140, 5308, 0, 0, 104, 0, 42, 0.0, 0.0, 0, 0, 0, 0, 0, 0, 0
libfakekey, 2635046, 0.19, 13, 1, 0, 0, 346994, 44414, 34, 46, 0, 53248, 0, 0.132219, 0.01706, 72624, 5350, 0, 0, 104, 0, 71, 0.0, 0.0, 0, 0, 0, 0, 0, 0, 0
libogg, 1454545, 0.11, 12, 0, 0, 0, 343583, 43115, 30, 44, 106496, 53248, 0, 0.129393, 0.008923, 68880, 6877, 0, 208, 104, 26, 41, 0.0, 0.0, 0, 0, 0, 0, 0, 0, 0
mpfr, 2531326, 0.14, 14, 3, 0, 0, 344824, 43299, 30, 44, 0, 53248, 0, 0.14798799999999998, 0.030468, 71600, 6934, 0, 0, 104, 0, 55, 0.0, 0.0, 0, 0, 0, 0, 0, 0, 0
mesa, 3228632, 0.66, 27, 1, 0, 0, 365263, 50627, 43, 52, 0, 49152, 0, 0.27283599999999997, 0.010912999999999999, 58928, 5968, 0, 0, 96, 0, 116, 0.0, 0.0, 0, 0, 0, 0, 0, 0, 0
libtool-cross, 1449904, 0.25, 13, 0, 0, 0, 348593, 43866, 34, 46, 0, 49152, 0, 0.13314499999999999, 0.004438, 68996, 4861, 0, 0, 96, 0, 61, 0.0, 0.0, 0, 0, 0, 0, 0, 0, 0
ofono, 3414268, 0.61, 29, 1, 0, 0, 359797, 45883, 37, 47, 0, 49152, 0, 0.29337399999999997, 0.012572999999999999, 57724, 7679, 0, 0, 96, 0, 51, 0.0, 0.0, 0, 0, 0, 0, 0, 0, 0
libtheora, 2324854, 0.04, 13, 1, 0, 0, 343595, 43052, 30, 44, 0, 53248, 0, 0.132021, 0.012001, 70556, 7020, 0, 0, 104, 0, 47, 0.0, 0.0, 0, 0, 0, 0, 0, 0, 0
libsamplerate0, 2607001, 0.16, 10, 1, 0, 0, 344093, 44026, 32, 45, 0, 53248, 0, 0.10170399999999999, 0.017686999999999998, 71920, 5213, 0, 0, 104, 0, 74, 0.0, 0.0, 0, 0, 0, 0, 0, 0, 0
ptest-runner, 2075650, 0.08, 13, 2, 0, 0, 340398, 41141, 25, 41, 0, 53248, 0, 0.133016, 0.022168999999999998, 71060, 5091, 0, 0, 104, 0, 41, 0.0, 0.0, 0, 0, 0, 0, 0, 0, 0
alsa-utils, 2688814, 0.10, 15, 2, 0, 0, 354555, 45341, 36, 47, 0, 49152, 0, 0.15889, 0.023252, 72836, 5549, 0, 0, 96, 0, 84, 0.0, 0.0, 0, 0, 0, 0, 0, 0, 0
dbus-wait, 2959079, 0.49, 15, 1, 0, 0, 343356, 42994, 30, 44, 0, 49152, 0, 0.15381699999999998, 0.010731, 60968, 5551, 0, 0, 96, 0, 59, 0.0, 0.0, 0, 0, 0, 0, 0, 0, 0
dnf, 3769827, 0.32, 25, 0, 0, 0, 348711, 45316, 38, 47, 0, 49152, 0, 0.25904, 0.007508, 57936, 7699, 0, 0, 96, 0, 90, 0.0, 0.0, 0, 0, 0, 0, 0, 0, 0
libxcomposite, 2275482, 0.07, 16, 1, 0, 0, 347216, 44992, 34, 46, 0, 49152, 0, 0.16555999999999998, 0.01155, 71768, 7150, 0, 0, 96, 0, 61, 0.0, 0.0, 0, 0, 0, 0, 0, 0, 0
harfbuzz, 3653453, 0.28, 28, 2, 0, 0, 355087, 50201, 45, 54, 8192, 49152, 0, 0.281954, 0.020430999999999998, 58384, 6008, 2, 16, 96, 2, 121, 0.0, 0.0, 0, 0, 0, 0, 0, 0, 0
python3, 2244919, 0.05, 18, 1, 0, 0, 490527, 48336, 47, 49, 0, 49152, 0, 0.18195599999999998, 0.016173, 73312, 7649, 0, 0, 96, 0, 143, 0.0, 0.0, 0, 0, 0, 0, 0, 0, 0
libnsl2, 1707014, 0.18, 14, 1, 0, 0, 344583, 43708, 32, 45, 0, 53248, 0, 0.140364, 0.016041, 70324, 5149, 0, 0, 104, 0, 45, 0.0, 0.0, 0, 0, 0, 0, 0, 0, 0
modutils-initscripts, 1479509, 0.18, 12, 2, 0, 0, 327109, 40267, 22, 40, 0, 49152, 0, 0.12468499999999999, 0.024936, 69044, 4887, 0, 0, 96, 0, 37, 0.0, 0.0, 0, 0, 0, 0, 0, 0, 0
xrandr, 2275142, 0.07, 14, 1, 0, 0, 346302, 44820, 34, 46, 0, 49152, 0, 0.14174699999999998, 0.012506999999999999, 71948, 7168, 0, 0, 96, 0, 326, 0.0, 0.0, 0, 0, 0, 0, 0, 0, 0
strace, 3414304, 0.42, 22, 1, 0, 0, 353527, 43715, 32, 45, 0, 49152, 0, 0.22707999999999998, 0.012386, 57420, 7413, 0, 0, 96, 0, 50, 0.0, 0.0, 0, 0, 0, 0, 0, 0, 0
libsolv, 3724025, 0.20, 20, 0, 0, 0, 332078, 40533, 23, 40, 0, 49152, 0, 0.209703, 0.007358, 57176, 5410, 0, 0, 96, 0, 78, 0.0, 0.0, 0, 0, 0, 0, 0, 0, 0
python3-pycairo, 3653532, 0.26, 25, 2, 0, 0, 346865, 47411, 39, 51, 0, 49152, 0, 0.25526499999999996, 0.020259, 58360, 5919, 0, 0, 96, 0, 150, 0.0, 0.0, 0, 0, 0, 0, 0, 0, 0
qemuwrapper-cross, 935166, 0.06, 8, 2, 0, 0, 325912, 39671, 22, 40, 0, 53248, 0, 0.089404, 0.021457, 67744, 4765, 0, 0, 104, 0, 350, 0.0, 0.0, 0, 0, 0, 0, 0, 0, 0
libxmu, 2605670, 0.35, 14, 1, 0, 0, 347050, 44680, 34, 46, 0, 49152, 0, 0.144668, 0.011420999999999999, 72860, 5544, 0, 0, 96, 0, 82, 0.0, 0.0, 0, 0, 0, 0, 0, 0, 0
xtrans, 1626852, 0.07, 13, 2, 0, 0, 347922, 45201, 36, 47, 0, 53248, 0, 0.134815, 0.024510999999999998, 70060, 7133, 0, 0, 104, 0, 29, 0.0, 0.0, 0, 0, 0, 0, 0, 0, 0
libfm, 3850726, 0.27, 34, 1, 0, 0, 362161, 49510, 46, 52, 40960, 53248, 0, 0.34968699999999997, 0.012197999999999999, 60724, 7989, 6, 80, 104, 6, 23, 0.0, 0.0, 0, 0, 0, 0, 0, 0, 0
libnss-mdns, 3170981, 0.65, 14, 0, 0, 0, 344094, 43113, 30, 44, 16384, 53248, 0, 0.146175, 0.00406, 57768, 5518, 4, 32, 104, 4, 43, 0.0, 0.0, 0, 0, 0, 0, 0, 0, 0
xmodmap, 2693265, 0.16, 16, 0, 0, 0, 346402, 44607, 34, 46, 0, 49152, 0, 0.166009, 0.007904999999999999, 72568, 5349, 0, 0, 96, 0, 52, 0.0, 0.0, 0, 0, 0, 0, 0, 0, 0
freetype, 1740946, 0.12, 11, 2, 0, 0, 346456, 43981, 32, 45, 0, 53248, 0, 0.119519, 0.020606, 70228, 5106, 0, 0, 104, 0, 96, 0.0, 0.0, 0, 0, 0, 0, 0, 0, 0
libjpeg-turbo, 1454841, 0.14, 11, 2, 0, 0, 334025, 41044, 25, 41, 0, 49152, 0, 0.119682, 0.027025, 69296, 7026, 0, 0, 96, 0, 39, 0.0, 0.0, 0, 0, 0, 0, 0, 0, 0
libxcursor, 2215781, 0.09, 16, 1, 0, 0, 346932, 44747, 34, 46, 0, 49152, 0, 0.164933, 0.010995, 71044, 5018, 0, 0, 96, 0, 201, 0.0, 0.0, 0, 0, 0, 0, 0, 0, 0
gcc-source, None, 0.04, 8, 2, 0, 0, 355932, 45389, 40, 49, 0, 49152, 0, 0.081116, 0.021346, 67356, 6530, 0, 0, 96, 0, 99, 0.0, 0.0, 0, 0, 0, 0, 0, 0, 0
