Package, PID, Elapsed time, utime, stime, cutime, cstime, IO rchar, IO wchar, IO syscr, IO syscw, IO read_bytes, IO write_bytes, IO cancelled_write_bytes, rusage ru_utime, rusage ru_stime, rusage ru_maxrss, rusage ru_minflt, rusage ru_majflt, rusage ru_inblock, rusage ru_oublock, rusage ru_nvcsw, rusage ru_nivcsw, Child rusage ru_utime, Child rusage ru_stime, Child rusage ru_maxrss, Child rusage ru_minflt, Child rusage ru_majflt, Child rusage ru_inblock, Child rusage ru_oublock, Child rusage ru_nvcsw, Child rusage ru_nivcsw
libassuan-native, 672802, 0.01, 7, 1, 0, 0, 507145, 52105, 39, 68, 4096, 53248, 0, 0.072933, 0.011515, 67580, 6901, 0, 8, 104, 1, 6, 0.0, 0.0, 0, 0, 0, 0, 0, 0, 0
kmod-native, 68435, 0.02, 6, 1, 1, 0, 1073554, 59750, 240, 80, 0, 53248, 0, 0.062813, 0.015702999999999998, 62216, 8075, 0, 0, 104, 2, 3, 0.010931, 0.001339, 58328, 1940, 0, 0, 0, 7, 1
libcap-native, 24205, 6.76, 6, 1, 0, 0, 728600, 252253, 353, 396, 0, 258048, 0, 0.063081, 0.011826999999999999, 60112, 8069, 0, 0, 120, 37, 2, 0.005006, 0.0, 56576, 898, 0, 0, 384, 122, 1
libcap-ng-native, 25339, 7.64, 7, 0, 0, 0, 1014049, 515694, 509, 750, 0, 516096, 0, 0.073186, 0.008131, 60184, 7995, 0, 0, 112, 56, 6, 0.0013779999999999999, 0.005729, 56640, 899, 0, 0, 896, 157, 0
qemu-helper-native, 794708, 0.01, 5, 0, 0, 0, 269904, 14080, 19, 39, 0, 20480, 0, 0.057179999999999995, 0.006353, 67680, 4470, 0, 0, 40, 0, 124, 0.0, 0.0, 0, 0, 0, 0, 0, 0, 0
libyaml-native, 683002, 0.01, 8, 0, 0, 0, 502623, 46509, 31, 60, 0, 53248, 0, 0.083684, 0.007607, 68072, 6951, 0, 0, 104, 0, 53, 0.0, 0.0, 0, 0, 0, 0, 0, 0, 0
freetype-native, 44253, 0.02, 6, 0, 0, 0, 505633, 47684, 35, 62, 0, 53248, 0, 0.065855, 0.0038729999999999997, 61640, 6893, 0, 0, 104, 0, 1, 0.0, 0.0, 0, 0, 0, 0, 0, 0, 0
tzcode-native, 585182, 8.79, 8, 0, 0, 1, 1138165, 822753, 948, 1238, 0, 827392, 0, 0.081564, 0.003707, 66016, 6883, 0, 0, 136, 75, 86, 0.0036439999999999997, 0.013491999999999999, 62796, 1812, 0, 0, 1480, 446, 11
icon-naming-utils-native, 637028, 0.09, 8, 0, 0, 0, 615349, 130330, 266, 260, 0, 131072, 0, 0.080745, 0.004037, 67248, 8064, 0, 0, 112, 48, 47, 0.0042109999999999995, 0.0, 63596, 814, 0, 0, 144, 49, 2
libcomps-native, 691865, 0.09, 14, 0, 2, 0, 1043058, 56396, 226, 72, 0, 57344, 0, 0.14474399999999998, 0.0042569999999999995, 67764, 8255, 0, 0, 112, 3, 52, 0.020402, 0.0, 64696, 1947, 0, 0, 0, 7, 7
libxfixes-native, 69490, 0.02, 6, 0, 0, 0, 506014, 48415, 37, 63, 0, 53248, 0, 0.065902, 0.0077529999999999995, 62568, 7065, 0, 0, 104, 0, 3, 0.0, 0.0, 0, 0, 0, 0, 0, 0, 0
util-linux-libuuid-native, 18163, 6.88, 17, 1, 2, 4, 8946385, 8474600, 8124, 11967, 0, 8437760, 0, 0.17852099999999999, 0.012454, 66468, 9414, 0, 0, 136, 517, 17, 0.02728, 0.041447, 55424, 898, 0, 0, 16344, 5512, 17
libxcb-native, 44114, 0.02, 5, 1, 0, 0, 505787, 50628, 35, 66, 0, 53248, 0, 0.059614999999999994, 0.011923, 61608, 6867, 0, 0, 104, 0, 3, 0.0, 0.0, 0, 0, 0, 0, 0, 0, 0
dtc-native, 794609, 3.85, 15, 0, 21, 6, 7554712, 4986783, 8241, 1594, 0, 1912832, 12288, 0.152714, 0.004242, 68852, 8757, 2, 0, 152, 228, 71, 0.211232, 0.061295999999999996, 65108, 12220, 0, 0, 3584, 1917, 129
ca-certificates-native, 50191, 3.51, 8, 0, 21, 3, 8060133, 5071794, 5346, 1308, 0, 1867776, 12288, 0.081153, 0.004057, 62364, 10145, 0, 0, 152, 97, 4, 0.217379, 0.03261, 58800, 15760, 0, 0, 3496, 1351, 49
python3-pygments-native, 38576, 1.82, 12, 0, 0, 1, 5430931, 4952713, 4920, 7056, 0, 4939776, 0, 0.1271, 0.003851, 65060, 8846, 0, 0, 120, 316, 7, 0.007930999999999999, 0.016291, 57900, 904, 0, 0, 9528, 3116, 7
libpciaccess-native, 698605, 0.01, 8, 1, 0, 0, 505920, 51693, 37, 67, 4096, 53248, 0, 0.08348799999999999, 0.015902, 68452, 7158, 0, 8, 104, 1, 3, 0.0, 0.0, 0, 0, 0, 0, 0, 0, 0
cmake-native, 17891, 54.78, 16, 3, 3, 8, 11340235, 11075211, 9838, 15570, 0, 11055104, 0, 0.168656, 0.0353, 65728, 7240, 0, 0, 128, 660, 30, 0.03685, 0.080062, 54364, 904, 0, 0, 21464, 6512, 23
flex-native, 9053, 1.58, 17, 0, 0, 1, 2003143, 1507950, 1481, 2178, 0, 1490944, 0, 0.17182899999999998, 0.0076359999999999996, 58992, 8101, 0, 0, 128, 109, 8, 0.005796, 0.013142, 55148, 912, 0, 0, 2784, 804, 3
unfs3-native, 795081, 1.13, 13, 1, 13, 5, 4887524, 1895132, 4372, 1214, 0, 802816, 12288, 0.130558, 0.015359, 68600, 8434, 0, 0, 152, 110, 90, 0.13122, 0.054837, 64772, 11833, 0, 0, 1416, 831, 134
libffi-native, 18226, 1.54, 9, 0, 0, 1, 1986647, 1438710, 1590, 2109, 0, 1429504, 0, 0.0928, 0.004419, 59288, 8330, 0, 0, 120, 132, 6, 0.0, 0.014554999999999998, 55436, 932, 0, 0, 2672, 829, 5
m4-native, 8803, 13.66, 8, 1, 0, 1, 3322505, 3031361, 2625, 4310, 0, 3022848, 0, 0.08187, 0.018607, 58216, 5848, 0, 0, 120, 177, 13, 0.009805, 0.015996, 53716, 902, 0, 0, 5784, 1630, 8
make-native, 11124, 3.75, 10, 1, 0, 0, 2915671, 2419617, 1661, 3438, 0, 2416640, 0, 0.10016599999999999, 0.012019, 58816, 8353, 0, 0, 120, 113, 82, 0.008270999999999999, 0.007048, 54944, 900, 1, 0, 4600, 833, 4
makedevs-native, 696814, 0.01, 12, 0, 0, 0, 480941, 15491, 21, 43, 0, 20480, 0, 0.12485399999999999, 0.008055, 67528, 6784, 0, 0, 40, 0, 5, 0.0, 0.0, 0, 0, 0, 0, 0, 0, 0
python3-markupsafe-native, 38569, 0.12, 7, 1, 0, 0, 573031, 85166, 264, 185, 0, 81920, 0, 0.075393, 0.015872, 61788, 8350, 0, 0, 120, 18, 2, 0.004267, 0.002655, 57900, 899, 0, 0, 40, 21, 1
texinfo-dummy-native, 8502, 0.00, 5, 0, 0, 0, 270152, 17705, 19, 43, 0, 20480, 0, 0.053696999999999995, 0.0, 56960, 3876, 0, 0, 40, 0, 4, 0.0, 0.0, 0, 0, 0, 0, 0, 0, 0
cargo-native, 44710, 66.72, 7, 0, 0, 0, 525222, 68790, 48, 92, 0, 61440, 0, 0.077537, 0.008161, 61816, 6885, 0, 0, 120, 5, 2, 0.0, 0.0, 0, 0, 0, 0, 0, 0, 0
gmp-native, 8967, 63.52, 16, 1, 0, 1, 3236170, 2995205, 2528, 4819, 0, 2785280, 0, 0.16361699999999998, 0.015581999999999999, 58460, 9321, 0, 0, 272, 706, 16, 0.006669, 0.015849, 54496, 1684, 0, 0, 5168, 611, 10
ldconfig-native, 696755, 0.01, 4, 1, 0, 0, 270304, 52046, 19, 83, 0, 32768, 0, 0.047355, 0.015785, 67144, 6450, 0, 0, 64, 0, 1, 0.0, 0.0, 0, 0, 0, 0, 0, 0, 0
libssh2-native, 50033, 11.79, 9, 0, 0, 0, 1638542, 1396071, 1646, 2444, 0, 1187840, 0, 0.096564, 0.004389, 62440, 9609, 0, 0, 256, 461, 24, 0.0016259999999999998, 0.007094, 58832, 1610, 0, 0, 2064, 452, 1
libical-native, 40801, 1.16, 8, 0, 0, 0, 1535836, 994055, 1145, 1425, 0, 987136, 0, 0.083546, 0.003978, 61640, 8394, 0, 0, 120, 68, 3, 0.00439, 0.0030169999999999997, 57708, 937, 0, 0, 1808, 570, 1
libtool-native, 8987, 1.95, 8, 1, 0, 0, 2294774, 2049196, 1301, 2907, 0, 2019328, 0, 0.081394, 0.015503, 57236, 5699, 0, 0, 144, 98, 5, 0.009903, 0.008329, 53776, 903, 0, 0, 3800, 557, 6
fontconfig-native, 62729, 0.02, 7, 0, 0, 0, 505816, 51430, 37, 67, 0, 53248, 0, 0.075501, 0.0, 62432, 6939, 0, 0, 104, 0, 5, 0.0, 0.0, 0, 0, 0, 0, 0, 0, 0
curl-native, 22609, 6.97, 11, 2, 0, 1, 3259613, 2740536, 2725, 3902, 0, 2727936, 0, 0.11341599999999999, 0.020252, 59988, 8535, 0, 0, 120, 192, 11, 0.008039, 0.013283, 56436, 907, 0, 0, 5208, 1436, 5
virglrenderer-native, 794138, 10.28, 14, 1, 237, 12, 30734947, 30245394, 27440, 8863, 0, 10608640, 12288, 0.147857, 0.018482, 68700, 8601, 0, 0, 160, 201, 106, 2.373392, 0.124093, 68432, 36334, 1, 0, 20560, 10647, 163
util-macros-native, 35179, 0.02, 7, 0, 0, 0, 502909, 50990, 35, 66, 0, 53248, 0, 0.07350799999999999, 0.0, 61768, 6963, 0, 0, 104, 0, 6, 0.0, 0.0, 0, 0, 0, 0, 0, 0, 0
docbook-xml-dtd4-native, 36210, 2.16, 7, 1, 2, 0, 1201781, 542647, 1116, 989, 0, 544768, 0, 0.073961, 0.016434999999999998, 61716, 12845, 0, 0, 176, 92, 40, 0.021619, 0.006228, 58184, 4535, 0, 0, 888, 319, 10
quilt-native, 8467, 2.50, 8, 1, 1, 0, 910363, 622474, 611, 924, 0, 610304, 0, 0.082508, 0.018751, 57328, 5452, 0, 0, 128, 45, 9, 0.014988, 0.003245, 53776, 918, 0, 0, 1064, 281, 2
libfontenc-native, 44764, 1.52, 6, 0, 0, 0, 835444, 333219, 489, 528, 0, 331776, 0, 0.06723, 0.007909, 61736, 8024, 0, 0, 112, 42, 0, 0.005797, 0.0, 58140, 897, 0, 0, 536, 174, 2
libxau-native, 44054, 0.02, 6, 0, 0, 0, 506873, 48856, 39, 64, 0, 53248, 0, 0.061957, 0.00826, 61548, 6849, 0, 0, 104, 0, 1, 0.0, 0.0, 0, 0, 0, 0, 0, 0, 0
createrepo-c-native, 696499, 1.68, 18, 2, 47, 7, 21471243, 21557649, 18850, 8409, 0, 7503872, 12288, 0.18497999999999998, 0.023122, 68616, 10726, 0, 0, 168, 207, 23, 0.474747, 0.077362, 64700, 13262, 0, 0, 14488, 7114, 73
autoconf-native, 9046, 4.51, 12, 1, 0, 1, 2693307, 2298506, 1839, 3276, 0, 2228224, 0, 0.12018899999999999, 0.017169, 58384, 8213, 0, 0, 192, 120, 10, 0.001789, 0.015505, 54976, 898, 0, 0, 4160, 1082, 5
pkgconfig-native, 9080, 9.71, 12, 1, 23, 5, 10866736, 8926706, 6956, 2941, 0, 3170304, 12288, 0.124053, 0.016006, 58316, 9612, 0, 0, 152, 166, 7, 0.233767, 0.051087, 54716, 13874, 0, 0, 6040, 3036, 48
gnutls-native, 25783, 9.38, 17, 0, 2, 2, 7083416, 6543076, 10376, 9232, 0, 6512640, 0, 0.17274399999999998, 0.009932, 64764, 9144, 0, 0, 120, 1494, 10, 0.027452999999999998, 0.021773, 56452, 907, 0, 0, 12600, 3914, 8
python3-mako-native, 38363, 0.31, 8, 1, 0, 0, 1042578, 560980, 564, 826, 0, 565248, 0, 0.088988, 0.012712, 61740, 8180, 0, 0, 120, 39, 4, 0.006183999999999999, 0.006874, 57900, 908, 0, 0, 984, 226, 6
libidn2-native, 25605, 14.35, 9, 1, 1, 0, 2659643, 2154375, 2094, 3073, 0, 2146304, 0, 0.093647, 0.016562, 60324, 8381, 0, 0, 112, 134, 8, 0.018411, 0.005554, 56408, 906, 0, 0, 4080, 1350, 5
xmlto-native, 39319, 8.53, 7, 0, 10, 2, 4147125, 1082260, 2873, 878, 0, 512000, 12288, 0.07869899999999999, 0.0046289999999999994, 61336, 9837, 0, 0, 136, 95, 6, 0.107676, 0.020309, 57536, 11784, 0, 0, 864, 588, 14
libxxf86vm-native, 701202, 0.01, 9, 0, 0, 0, 505990, 48436, 37, 63, 4096, 53248, 0, 0.09553199999999999, 0.00398, 68480, 7422, 0, 8, 104, 1, 4, 0.0, 0.0, 0, 0, 0, 0, 0, 0, 0
pango-native, 526388, 0.01, 7, 0, 0, 0, 521417, 61864, 54, 84, 0, 53248, 0, 0.079967, 0.007996, 66564, 7217, 0, 0, 104, 0, 3, 0.0, 0.0, 0, 0, 0, 0, 0, 0, 0
python3-setuptools-native, 26744, 0.43, 11, 0, 0, 0, 2754966, 2280504, 2040, 3292, 0, 2269184, 0, 0.11788699999999999, 0.0, 60464, 8443, 0, 0, 120, 163, 19, 0.005078, 0.007332999999999999, 56940, 906, 0, 0, 4312, 1020, 4
rust-llvm-native, 42387, 28.37, 158, 16, 21, 68, 141689966, 141044535, 130954, 196906, 0, 140808192, 0, 1.58544, 0.16605599999999998, 195772, 30104, 0, 0, 136, 9686, 159, 0.216966, 0.686565, 57632, 907, 0, 0, 274880, 76028, 245
libxrender-native, 61169, 0.02, 6, 1, 0, 0, 506101, 48317, 37, 63, 0, 53248, 0, 0.061554, 0.01231, 62408, 7014, 0, 0, 104, 0, 3, 0.0, 0.0, 0, 0, 0, 0, 0, 0, 0
re2c-native, 17346, 1.75, 9, 0, 0, 1, 2019766, 1517997, 1531, 2208, 0, 1515520, 0, 0.09042599999999999, 0.00822, 59160, 8096, 0, 0, 120, 93, 3, 0.008480999999999999, 0.014473, 55348, 917, 0, 0, 2840, 773, 2
gtk-doc-native, 21472, 16.92, 10, 1, 1, 0, 1096366, 874280, 1051, 1579, 0, 651264, 0, 0.100574, 0.012067999999999999, 59904, 9359, 0, 0, 280, 291, 3, 0.011365, 0.0, 56368, 1676, 0, 0, 992, 287, 5
libxdamage-native, 548046, 0.03, 11, 1, 0, 0, 506471, 48436, 37, 63, 86016, 53248, 0, 0.115895, 0.012417, 66036, 6964, 2, 168, 104, 2, 39, 0.0, 0.0, 0, 0, 0, 0, 0, 0, 0
python3-docutils-native, 425966, 0.79, 16, 0, 0, 0, 2610453, 2128657, 1767, 3100, 4096, 2125824, 0, 0.160992, 0.008048999999999999, 65564, 8510, 0, 8, 120, 163, 11, 0.007906999999999999, 0.006273, 61692, 901, 0, 0, 4032, 828, 5
alsa-lib-native, 794200, 0.02, 13, 1, 0, 0, 503682, 50298, 33, 65, 4096, 53248, 0, 0.133028, 0.012872999999999999, 68604, 5248, 0, 8, 104, 1, 25, 0.0, 0.0, 0, 0, 0, 0, 0, 0, 0
ncurses-native, 11125, 33.13, 10, 1, 383, 39, 94255759, 93108643, 73361, 34674, 0, 31846400, 12288, 0.104598, 0.013073999999999999, 59184, 9879, 0, 0, 168, 249, 11, 3.839306, 0.39575, 55468, 56650, 0, 0, 62032, 44649, 435
util-linux-native, 25395, 0.01, 7, 1, 0, 0, 557573, 80932, 56, 103, 0, 61440, 0, 0.074615, 0.015708, 60712, 6964, 0, 0, 120, 0, 3, 0.0, 0.0, 0, 0, 0, 0, 0, 0, 0
glib-2.0-native, 29351, 90.06, 16, 2, 0, 5, 5940206, 5445817, 6120, 7752, 0, 5406720, 0, 0.166822, 0.024412999999999997, 65332, 9150, 0, 0, 144, 730, 25, 0.009433, 0.058188, 57412, 920, 0, 0, 10416, 3182, 20
cross-localedef-native, 530828, 431.12, 131, 22, 281, 240, 879691197, 897309481, 279395, 436262, 46628864, 591151104, 12288, 1.31734, 0.226549, 65124, 13070, 75, 784, 200, 16512, 118, 2.815396, 2.403331, 61660, 21351, 19, 90288, 1154392, 179171, 9796
gettext-minimal-native, 8279, 101.30, 38, 6, 10, 14, 26507960, 26215513, 23404, 36685, 0, 26177536, 0, 0.384055, 0.062069, 81820, 9332, 0, 0, 128, 1548, 62, 0.100836, 0.143349, 53520, 901, 0, 0, 51000, 15493, 84
libxml2-native, 31882, 8.39, 7, 0, 0, 0, 519776, 56752, 49, 76, 0, 53248, 0, 0.074103, 0.0078, 61608, 6824, 0, 0, 104, 2, 2, 0.0, 0.0, 0, 0, 0, 0, 0, 0, 0
nasm-native, 40414, 11.25, 9, 0, 1, 1, 1918486, 1422444, 1615, 2072, 0, 1417216, 0, 0.090747, 0.008642, 61732, 8459, 0, 0, 120, 166, 4, 0.012019, 0.014135, 58140, 901, 0, 0, 2648, 784, 4
attr-native, 9050, 2.04, 14, 0, 1, 0, 1057412, 532644, 493, 831, 0, 528384, 0, 0.145179, 0.0, 59132, 7983, 0, 0, 120, 33, 8, 0.014761999999999999, 0.00148, 55400, 921, 0, 0, 912, 201, 1
patch-native, 9055, 3.07, 13, 1, 1, 0, 1767124, 1282908, 1229, 1869, 0, 1265664, 0, 0.13427799999999998, 0.010886999999999999, 58360, 7958, 0, 0, 136, 75, 146, 0.015832, 0.0, 54716, 891, 0, 0, 2336, 669, 7
mpfr-native, 9071, 16.05, 13, 1, 0, 0, 2058715, 1557520, 1012, 2260, 0, 1556480, 0, 0.135681, 0.019953, 58304, 7840, 0, 0, 112, 82, 22, 0.00792, 0.0, 54716, 909, 0, 0, 2928, 438, 2
python3-iniparse-native, 692595, 0.02, 13, 0, 0, 0, 489182, 47999, 37, 62, 0, 53248, 0, 0.1344, 0.007904999999999999, 67032, 6687, 0, 0, 104, 0, 63, 0.0, 0.0, 0, 0, 0, 0, 0, 0, 0
libslirp-native, 794052, 3.83, 14, 2, 18, 5, 6222900, 3335753, 7711, 1462, 4096, 1310720, 12288, 0.142766, 0.021630999999999997, 68612, 8563, 0, 0, 144, 161, 258, 0.180717, 0.056924999999999996, 64764, 12376, 1, 8, 2416, 1740, 76
libmicrohttpd-native, 25905, 1.60, 9, 0, 0, 1, 2462217, 1964090, 2111, 2843, 0, 1961984, 0, 0.094014, 0.008546, 60292, 8316, 0, 0, 112, 127, 7, 0.00138, 0.019996, 56492, 898, 0, 0, 3720, 1096, 5
dwarfsrcfiles-native, 27542, 0.00, 4, 0, 0, 0, 480925, 15683, 21, 43, 0, 20480, 0, 0.049138999999999995, 0.003779, 60604, 4712, 0, 0, 40, 0, 2, 0.0, 0.0, 0, 0, 0, 0, 0, 0, 0
libmodulemd-native, 685483, 0.09, 13, 0, 2, 0, 1045236, 55944, 232, 74, 0, 53248, 0, 0.134573, 0.003958, 67844, 8011, 0, 0, 104, 3, 89, 0.024888999999999998, 0.0, 64920, 1932, 0, 0, 0, 7, 8
xorgproto-native, 31676, 6.49, 6, 0, 0, 0, 504929, 50581, 36, 67, 0, 53248, 0, 0.06600199999999999, 0.007764, 61604, 6893, 0, 0, 104, 1, 1, 0.0, 0.0, 0, 0, 0, 0, 0, 0, 0
libxcursor-native, 549388, 0.02, 7, 0, 0, 0, 506112, 48436, 37, 63, 0, 53248, 0, 0.074559, 0.008284, 66156, 6917, 0, 0, 104, 0, 1, 0.0, 0.0, 0, 0, 0, 0, 0, 0, 0
swig-native, 382339, 21.40, 27, 3, 4, 5, 9208261, 8700656, 7397, 12266, 0, 8675328, 0, 0.27569699999999997, 0.036489, 72656, 9674, 0, 0, 136, 522, 158, 0.041239, 0.051240999999999995, 61252, 928, 1, 0, 16808, 5055, 43
libxslt-native, 36162, 0.75, 9, 0, 0, 0, 2155666, 1646841, 1565, 2377, 0, 1642496, 0, 0.093193, 0.008102999999999999, 61776, 8419, 0, 0, 112, 173, 6, 0.006379, 0.009779999999999999, 57928, 918, 0, 0, 3096, 616, 5
shadow-native, 34670, 1.01, 17, 0, 0, 0, 524954, 68926, 40, 92, 0, 57344, 0, 0.17074899999999998, 0.007587999999999999, 61448, 6718, 0, 0, 112, 1, 178, 0.0, 0.0, 0, 0, 0, 0, 0, 0, 0
gdbm-native, 11120, 1.31, 9, 0, 0, 0, 1688879, 1185970, 785, 1702, 0, 1183744, 0, 0.09231299999999999, 0.007692, 59224, 8123, 0, 0, 120, 47, 7, 0.0013989999999999999, 0.006388, 55552, 895, 1, 0, 2192, 339, 6
icu-native, 35135, 31.27, 64, 8, 11, 34, 47281502, 46691468, 47446, 65451, 0, 46592000, 0, 0.640161, 0.082983, 86452, 16769, 0, 0, 136, 3041, 102, 0.11265499999999999, 0.348442, 58188, 1844, 0, 0, 90864, 30862, 123
itstool-native, 39374, 11.18, 9, 2, 0, 0, 680204, 444407, 332, 900, 0, 241664, 0, 0.096439, 0.020090999999999998, 61396, 9416, 0, 0, 264, 57, 4, 0.003163, 0.00603, 57576, 1617, 0, 0, 208, 56, 3
meson-native, 28534, 1.94, 11, 1, 1, 1, 2815654, 2280991, 2646, 3275, 0, 2260992, 0, 0.11412299999999999, 0.017557, 61008, 8518, 0, 0, 128, 163, 34, 0.016782, 0.013956, 57296, 935, 0, 0, 4288, 1530, 11
chrpath-native, 38404, 0.32, 5, 1, 0, 0, 675917, 194974, 381, 360, 0, 196608, 0, 0.057569999999999996, 0.01919, 61692, 8316, 0, 0, 120, 84, 4, 0.0014069999999999998, 0.003355, 57900, 809, 0, 0, 264, 87, 2
spirv-headers-native, 496230, 6.00, 9, 1, 91, 8, 11211076, 8397008, 10903, 3537, 4096, 3014656, 12288, 0.093401, 0.015566, 66320, 10177, 0, 0, 144, 156, 23, 0.915913, 0.085271, 62752, 20203, 0, 8, 5744, 3667, 285
readline-native, 27083, 6.82, 10, 0, 1, 1, 3628086, 3122815, 2719, 4455, 0, 3112960, 0, 0.10812, 0.008649, 60648, 8663, 0, 0, 120, 178, 11, 0.010454999999999999, 0.013744, 56996, 912, 0, 0, 5960, 1750, 5
sqlite3-native, 9038, 10.68, 20, 1, 1, 1, 3725149, 3246937, 4268, 5460, 0, 3235840, 0, 0.204449, 0.016689, 58660, 8318, 0, 0, 112, 1272, 23, 0.011138, 0.012433, 54844, 809, 0, 0, 6208, 1289, 5
shared-mime-info-native, 40282, 49.03, 9, 1, 187, 30, 85188332, 88166501, 32880, 24213, 0, 29732864, 8192, 0.099509, 0.010294, 61812, 10073, 0, 0, 168, 231, 11, 1.874371, 0.300253, 58140, 16825, 0, 0, 57904, 28939, 306
wayland-native, 31962, 3.08, 8, 0, 0, 0, 805309, 306100, 575, 493, 0, 299008, 0, 0.08044799999999999, 0.008468, 61676, 8302, 0, 0, 120, 73, 1, 0.004457, 0.001393, 57984, 904, 0, 0, 464, 139, 2
intltool-native, 63160, 0.95, 6, 1, 0, 0, 731068, 237396, 434, 434, 0, 233472, 0, 0.063648, 0.015912, 62424, 8324, 0, 0, 128, 42, 2, 0.0063349999999999995, 0.0, 58800, 921, 0, 0, 328, 107, 2
mesa-native, 701434, 0.01, 10, 2, 0, 0, 524444, 64809, 46, 87, 4096, 57344, 0, 0.101043, 0.020208, 69184, 7749, 0, 8, 112, 1, 3, 0.0, 0.0, 0, 0, 0, 0, 0, 0, 0
unzip-native, 19915, 1.93, 9, 0, 0, 0, 1938185, 1510161, 1495, 2159, 0, 1462272, 0, 0.095163, 0.003806, 59568, 8306, 0, 0, 160, 96, 7, 0.005056, 0.007359999999999999, 56004, 908, 0, 0, 2696, 902, 6
libdnf-native, 692072, 0.07, 17, 1, 2, 0, 1042459, 68194, 234, 89, 0, 57344, 0, 0.179083, 0.01143, 67876, 8288, 0, 0, 112, 3, 194, 0.026386999999999997, 0.0, 64892, 1962, 1, 0, 0, 7, 5
vala-native, 38911, 1.59, 11, 1, 1, 1, 4608552, 4080324, 2831, 5888, 0, 4067328, 0, 0.115397, 0.011538999999999999, 64716, 8820, 0, 0, 120, 332, 8, 0.011327, 0.016507, 57852, 916, 0, 0, 7824, 552, 12
libnsl2-native, 18445, 0.89, 7, 1, 7, 2, 4415523, 1428550, 3075, 1051, 0, 622592, 12288, 0.07124899999999999, 0.014249, 59360, 9810, 0, 0, 144, 100, 5, 0.077526, 0.028690999999999998, 55508, 11771, 0, 0, 1072, 767, 17
zstd-native, 9310, 48.15, 9, 0, 443, 68, 130745591, 144977405, 134674, 53115, 0, 49717248, 8192, 0.0964, 0.007415, 58856, 9859, 0, 0, 176, 277, 14, 4.438091, 0.6823969999999999, 55396, 31908, 0, 0, 96928, 69890, 724
mkfontscale-native, 46139, 1.27, 6, 1, 0, 0, 705419, 203424, 310, 315, 0, 204800, 0, 0.063257, 0.016867999999999998, 62160, 8190, 0, 0, 112, 25, 6, 0.0014269999999999999, 0.003466, 58356, 899, 0, 0, 288, 90, 1
file-native, 27045, 12.12, 9, 0, 99, 18, 34493699, 35158082, 44667, 13258, 0, 12517376, 12288, 0.09659999999999999, 0.007728, 60672, 10131, 0, 0, 160, 230, 15, 0.99373, 0.188049, 56736, 16366, 0, 0, 24288, 19432, 199
qemu-system-native, 794382, 106.28, 10, 0, 0, 0, 309440, 94109, 43, 125, 0, 69632, 0, 0.109955, 0.004398, 67448, 4876, 0, 0, 136, 1, 22, 0.0, 0.0, 0, 0, 0, 0, 0, 0, 0
unifdef-native, 9193, 0.64, 5, 1, 1, 0, 604292, 122296, 211, 235, 0, 126976, 0, 0.05842, 0.018255999999999998, 58396, 7607, 0, 0, 112, 17, 5, 0.010001, 0.0042499999999999994, 54936, 899, 0, 0, 136, 46, 1
json-c-native, 684970, 0.01, 8, 1, 0, 0, 499749, 48232, 30, 62, 4096, 53248, 0, 0.08691399999999999, 0.011850999999999999, 67792, 6982, 0, 8, 104, 1, 5, 0.0, 0.0, 0, 0, 0, 0, 0, 0, 0
libcheck-native, 685486, 0.02, 14, 1, 0, 0, 504533, 54387, 37, 71, 4096, 53248, 0, 0.143442, 0.015938, 67628, 6835, 0, 8, 104, 1, 45, 0.0, 0.0, 0, 0, 0, 0, 0, 0, 0
gobject-introspection-native, 33609, 0.85, 9, 1, 0, 1, 1663728, 1139889, 1224, 1668, 0, 1126400, 0, 0.09731, 0.016218, 61556, 8372, 0, 0, 120, 132, 58, 0.005654, 0.012794999999999999, 58052, 926, 0, 0, 2080, 529, 3
libxml-namespacesupport-perl-native, 530617, 0.38, 7, 0, 0, 0, 577219, 83950, 259, 191, 0, 81920, 0, 0.077022, 0.008107, 66496, 8527, 0, 0, 120, 17, 1, 0.001553, 0.004051, 62624, 914, 0, 0, 40, 21, 1
python3-packaging-native, 24086, 0.27, 6, 0, 0, 0, 678743, 197208, 306, 317, 0, 200704, 0, 0.066551, 0.008317999999999999, 60144, 7932, 0, 0, 120, 19, 3, 0.00295, 0.0016029999999999998, 56296, 905, 0, 0, 272, 92, 0
libgcrypt-native, 24343, 14.52, 13, 1, 1, 2, 4387427, 3877001, 6310, 5490, 0, 3854336, 0, 0.130824, 0.015391, 63452, 8854, 0, 0, 128, 903, 48, 0.010289, 0.029726, 57184, 901, 0, 0, 7400, 2430, 6
kern-tools-native, 43209, 1.08, 3, 1, 9, 2, 5239459, 2527613, 3811, 825, 0, 1019904, 12288, 0.035594, 0.013347999999999999, 60648, 7429, 0, 0, 136, 109, 4, 0.093667, 0.025897999999999997, 57188, 11985, 0, 0, 1856, 1027, 42
glslang-native, 36579, 109.89, 16, 2, 928, 99, 240186160, 243114931, 160882, 89494, 0, 82243584, 8192, 0.166292, 0.025866999999999998, 61628, 10155, 0, 0, 184, 349, 37, 9.286519, 0.9919, 57644, 26135, 0, 0, 160448, 114565, 3024
libpthread-stubs-native, 43897, 0.02, 5, 1, 0, 0, 502601, 46536, 31, 60, 0, 53248, 0, 0.056097999999999995, 0.012020999999999999, 61888, 6918, 0, 0, 104, 0, 4, 0.0, 0.0, 0, 0, 0, 0, 0, 0, 0
debianutils-native, 696919, 2.53, 12, 1, 15, 4, 5934190, 3007880, 4745, 985, 0, 1175552, 12288, 0.12068599999999999, 0.011314, 67840, 9953, 0, 0, 152, 113, 9, 0.15719, 0.041905, 64700, 12166, 0, 0, 2144, 1083, 37
xcb-proto-native, 44049, 0.02, 5, 1, 0, 0, 504385, 54653, 37, 71, 0, 53248, 0, 0.059058, 0.011811, 61964, 6958, 0, 0, 104, 0, 5, 0.0, 0.0, 0, 0, 0, 0, 0, 0, 0
rust-native, 42880, 77.24, 130, 10, 26, 46, 98843644, 98139803, 89157, 137620, 0, 97959936, 0, 1.303831, 0.10241499999999999, 120252, 25695, 0, 0, 176, 6334, 165, 0.26717399999999997, 0.463503, 58164, 2738, 0, 0, 191152, 59531, 303
pixman-native, 409090, 0.05, 16, 0, 0, 0, 506365, 54427, 38, 72, 0, 53248, 0, 0.169317, 0.0039369999999999995, 65588, 7179, 0, 0, 104, 0, 40, 0.0, 0.0, 0, 0, 0, 0, 0, 0, 0
docbook-xsl-stylesheets-native, 36263, 22.46, 32, 6, 7, 15, 22576978, 22074799, 21302, 30948, 0, 22032384, 0, 0.322611, 0.061255, 82388, 11594, 0, 0, 120, 1390, 33, 0.07563, 0.152417, 58184, 924, 0, 0, 42912, 13670, 68
gettext-native, 21016, 90.22, 7, 0, 0, 0, 521919, 66188, 42, 89, 0, 61440, 0, 0.076692, 0.004118, 59996, 6744, 0, 0, 120, 1, 4, 0.0, 0.0, 0, 0, 0, 0, 0, 0, 0
librepo-native, 678240, 0.03, 9, 1, 0, 0, 1070536, 56907, 228, 73, 0, 57344, 0, 0.09128599999999999, 0.011906, 67328, 8097, 0, 0, 112, 3, 4, 0.007091, 0.008558, 63944, 1946, 0, 0, 0, 7, 2
python3-pyproject-hooks-native, 21260, 0.17, 7, 0, 0, 0, 561568, 80096, 210, 179, 0, 86016, 0, 0.072763, 0.0, 59888, 7844, 0, 0, 120, 18, 2, 0.001545, 0.0037029999999999997, 56288, 897, 0, 0, 48, 21, 0
desktop-file-utils-native, 687101, 0.02, 14, 1, 0, 0, 502908, 47483, 33, 61, 0, 53248, 0, 0.14768399999999998, 0.01846, 67636, 6827, 0, 0, 104, 0, 206, 0.0, 0.0, 0, 0, 0, 0, 0, 0, 0
acl-native, 9072, 3.33, 10, 0, 1, 0, 1095919, 592798, 640, 914, 0, 581632, 0, 0.10945099999999999, 0.008107, 59072, 7994, 0, 0, 120, 43, 8, 0.018087, 0.0, 55404, 916, 0, 0, 1016, 331, 3
gperf-native, 9723, 1.24, 7, 1, 0, 0, 1778023, 1283823, 1059, 1841, 0, 1282048, 0, 0.076122, 0.011418, 59096, 8109, 0, 0, 120, 71, 16, 0.008694, 0.0, 55400, 898, 0, 0, 2384, 479, 3
at-spi2-core-native, 549379, 0.01, 8, 0, 0, 0, 522289, 55052, 51, 74, 0, 53248, 0, 0.085864, 0.004088, 66300, 7038, 0, 0, 104, 0, 4, 0.0, 0.0, 0, 0, 0, 0, 0, 0, 0
bison-native, 9059, 3.88, 13, 2, 1, 1, 3387388, 2892028, 2421, 4154, 0, 2883584, 0, 0.137648, 0.025026999999999997, 58304, 8285, 0, 0, 120, 160, 13, 0.012459999999999999, 0.010909, 54460, 902, 0, 0, 5512, 1413, 7
libxtst-native, 547150, 0.02, 7, 0, 0, 0, 506011, 48382, 37, 63, 0, 53248, 0, 0.071938, 0.007993, 66484, 7140, 0, 0, 104, 0, 5, 0.0, 0.0, 0, 0, 0, 0, 0, 0, 0
dbus-native, 58908, 0.01, 7, 0, 0, 0, 540945, 59563, 50, 81, 0, 53248, 0, 0.078013, 0.0, 62612, 7239, 0, 0, 104, 0, 2, 0.0, 0.0, 0, 0, 0, 0, 0, 0, 0
popt-native, 9081, 3.24, 11, 1, 0, 0, 1147773, 659926, 1043, 1141, 0, 659456, 0, 0.112241, 0.016628, 58876, 8075, 0, 0, 120, 290, 11, 0.001256, 0.0069229999999999995, 54936, 806, 0, 0, 1168, 297, 2
libxdmcp-native, 44059, 0.02, 6, 0, 0, 0, 507142, 48876, 39, 64, 0, 53248, 0, 0.064724, 0.004045, 61576, 6903, 0, 0, 104, 0, 1, 0.0, 0.0, 0, 0, 0, 0, 0, 0, 0
libxi-native, 489401, 0.02, 7, 0, 0, 0, 506129, 48346, 37, 63, 0, 53248, 0, 0.074532, 0.003922, 65388, 6922, 0, 0, 104, 0, 2, 0.0, 0.0, 0, 0, 0, 0, 0, 0, 0
opkg-utils-native, 547164, 0.04, 7, 0, 0, 0, 1022827, 50754, 217, 64, 0, 53248, 0, 0.071196, 0.007494, 66388, 8239, 0, 0, 104, 3, 42, 0.009075, 0.0036639999999999997, 62876, 1931, 0, 0, 0, 7, 1
wayland-protocols-native, 701132, 0.01, 12, 2, 0, 0, 508004, 52055, 40, 69, 4096, 53248, 0, 0.1296, 0.0243, 68588, 7363, 0, 8, 104, 1, 0, 0.0, 0.0, 0, 0, 0, 0, 0, 0, 0
gconf-native, 696007, 0.01, 11, 0, 0, 0, 519245, 63595, 51, 86, 0, 57344, 0, 0.111286, 0.007949, 67888, 6936, 0, 0, 112, 0, 8, 0.0, 0.0, 0, 0, 0, 0, 0, 0, 0
xrandr-native, 701237, 0.01, 12, 0, 0, 0, 505484, 48364, 37, 63, 4096, 53248, 0, 0.123847, 0.007989999999999999, 68388, 7403, 0, 8, 104, 1, 2, 0.0, 0.0, 0, 0, 0, 0, 0, 0, 0
libxml-simple-perl-native, 577410, 0.28, 12, 1, 0, 0, 632347, 142983, 245, 252, 0, 147456, 0, 0.129827, 0.014837, 66868, 8370, 0, 0, 120, 18, 199, 0.002146, 0.006129, 62976, 897, 0, 0, 168, 51, 3
gnu-config-native, 8936, 3.45, 9, 2, 29, 5, 7094535, 4486039, 6329, 1120, 0, 1740800, 12288, 0.091968, 0.022992, 58396, 11608, 0, 0, 144, 134, 14, 0.292554, 0.052544999999999994, 54536, 13224, 1, 0, 3256, 1157, 113
libxrandr-native, 547171, 0.02, 9, 1, 0, 0, 506085, 48418, 37, 63, 0, 53248, 0, 0.09819299999999999, 0.01571, 66480, 7115, 0, 0, 104, 0, 5, 0.0, 0.0, 0, 0, 0, 0, 0, 0, 0
libxcomposite-native, 549250, 0.02, 7, 1, 0, 0, 506398, 51537, 37, 67, 0, 53248, 0, 0.076164, 0.012025, 66172, 6970, 0, 0, 104, 0, 8, 0.0, 0.0, 0, 0, 0, 0, 0, 0, 0
autoconf-archive-native, 8971, 3.40, 14, 1, 0, 0, 1242276, 741121, 666, 1104, 0, 741376, 0, 0.141039, 0.015247, 58760, 7795, 0, 0, 112, 44, 15, 0.004966, 0.006594999999999999, 55048, 903, 0, 0, 1336, 350, 7
qemu-native, 29480, 442.18, 313, 48, 48, 125, 124617489, 124648730, 221022, 220681, 33841152, 124284928, 0, 3.130282, 0.48350499999999996, 177836, 17750, 260, 66096, 296, 71878, 723, 0.482942, 1.259831, 55964, 1708, 0, 0, 242448, 72654, 564
dbus-glib-native, 59151, 1.68, 6, 1, 0, 0, 1287032, 785411, 950, 1130, 0, 778240, 0, 0.06712599999999999, 0.016781, 62484, 8422, 0, 0, 120, 98, 2, 0.00904, 0.0, 58576, 905, 0, 0, 1400, 399, 2
perlcross-native, 11122, 2.22, 7, 1, 0, 0, 720902, 195526, 475, 367, 57344, 192512, 0, 0.077875, 0.012296, 58548, 7826, 0, 0, 128, 60, 5, 0.00588, 0.0014269999999999999, 55088, 921, 0, 112, 248, 89, 4
libsdl2-native, 705840, 3.56, 32, 3, 0, 5, 7889290, 7422688, 6967, 11675, 0, 7405568, 0, 0.326329, 0.035816, 74084, 9653, 0, 0, 112, 2153, 445, 0.007405999999999999, 0.059605, 65212, 809, 0, 0, 14352, 2162, 66
pbzip2-native, 696614, 0.48, 10, 0, 0, 0, 594917, 109508, 243, 191, 0, 114688, 0, 0.10284599999999999, 0.008227, 67596, 8192, 0, 0, 120, 21, 68, 0.002198, 0.00658, 64444, 916, 0, 0, 104, 45, 2
perl-native, 14318, 11.30, 30, 3, 2, 7, 21914793, 21400643, 20706, 30011, 0, 21344256, 0, 0.306004, 0.033081, 79148, 11337, 0, 0, 136, 1309, 20, 0.025027999999999998, 0.074971, 55372, 899, 0, 0, 41552, 13739, 23
orc-native, 426699, 0.01, 9, 0, 0, 0, 509255, 51753, 40, 69, 0, 53248, 0, 0.09732099999999999, 0.00811, 65568, 7074, 0, 0, 104, 0, 6, 0.0, 0.0, 0, 0, 0, 0, 0, 0, 0
libx11-native, 44308, 0.02, 6, 0, 0, 0, 507539, 51709, 39, 68, 0, 53248, 0, 0.066888, 0.003934, 61616, 6891, 0, 0, 104, 0, 2, 0.0, 0.0, 0, 0, 0, 0, 0, 0, 0
nettle-native, 25612, 1.42, 9, 1, 1, 0, 2973450, 2474397, 1867, 3518, 0, 2465792, 0, 0.097649, 0.012206, 60388, 8614, 0, 0, 120, 152, 6, 0.014915, 0.004509, 56416, 895, 0, 0, 4696, 824, 4
update-rc.d-native, 33428, 0.30, 5, 1, 5, 1, 3369869, 116150, 1625, 176, 0, 274432, 8192, 0.054631, 0.015607999999999999, 61272, 9743, 0, 0, 120, 15, 2, 0.054037999999999996, 0.015626, 57752, 12069, 1, 0, 416, 75, 40
cairo-native, 409949, 84.56, 13, 1, 0, 0, 531213, 65578, 48, 88, 0, 61440, 0, 0.133152, 0.017993, 65576, 7135, 0, 0, 120, 1, 175, 0.0, 0.0, 0, 0, 0, 0, 0, 0, 0
libtasn1-native, 25649, 3.36, 11, 1, 2, 0, 2359907, 1858472, 1678, 2644, 0, 1855488, 0, 0.11118199999999999, 0.011118, 60320, 8508, 0, 0, 120, 117, 2, 0.02503, 0.007857, 56420, 904, 0, 0, 3504, 918, 6
python3-wheel-native, 26165, 0.21, 7, 0, 0, 0, 642756, 160654, 301, 258, 0, 163840, 0, 0.073355, 0.0, 60432, 7986, 0, 0, 120, 27, 10, 0.0049499999999999995, 0.0, 56600, 906, 0, 0, 200, 80, 1
python3-flit-core-native, 20027, 0.50, 6, 0, 0, 0, 686373, 203862, 326, 328, 0, 208896, 0, 0.069775, 0.008721, 59544, 7838, 0, 0, 120, 30, 6, 0.003891, 0.001209, 56016, 906, 0, 0, 288, 86, 2
spirv-tools-native, 536022, 37.53, 10, 1, 451, 49, 107123113, 112742872, 132681, 40900, 233472, 39116800, 8192, 0.10703, 0.014594999999999999, 66456, 10230, 0, 24, 168, 256, 15, 4.513371, 0.49206, 62880, 21546, 8, 432, 76232, 51114, 1680
libsm-native, 409011, 0.06, 10, 0, 0, 0, 506428, 48346, 37, 63, 0, 53248, 0, 0.10417599999999999, 0.007183999999999999, 65496, 7109, 0, 0, 104, 0, 33, 0.0, 0.0, 0, 0, 0, 0, 0, 0, 0
gtk+3-native, 550118, 0.01, 8, 0, 0, 0, 541331, 59287, 57, 81, 0, 53248, 0, 0.08590099999999999, 0.008180999999999999, 66380, 7114, 0, 0, 104, 0, 4, 0.0, 0.0, 0, 0, 0, 0, 0, 0, 0
libsolv-native, 684769, 0.03, 9, 0, 1, 0, 1082533, 50332, 218, 64, 0, 53248, 0, 0.094703, 0.007891, 67732, 8152, 0, 0, 104, 3, 5, 0.010201, 0.003912, 64920, 1960, 0, 0, 0, 7, 2
automake-native, 9042, 5.21, 14, 0, 1, 0, 2956550, 2477972, 1917, 3530, 0, 2461696, 0, 0.1451, 0.00403, 58768, 8304, 0, 0, 128, 137, 15, 0.010522, 0.008723, 54824, 891, 0, 0, 4680, 1053, 4
bzip2-native, 14339, 33.46, 10, 2, 17, 9, 11838892, 12285784, 5494, 3920, 0, 4788224, 12288, 0.10579, 0.029182999999999997, 59136, 11384, 0, 0, 168, 168, 17, 0.176921, 0.091219, 55392, 13629, 0, 0, 9184, 4040, 48
libunistring-native, 23568, 16.26, 12, 0, 1, 2, 4845213, 4346886, 3998, 6181, 0, 4337664, 0, 0.125906, 0.008121999999999999, 63680, 8589, 0, 0, 112, 249, 11, 0.012104, 0.021443, 56484, 899, 0, 0, 8360, 2548, 10
pseudo-native, 8888, 3.69, 13, 1, 12, 2, 5737465, 2759248, 6565, 1177, 49152, 1216512, 12288, 0.132739, 0.01517, 58644, 10999, 0, 0, 160, 235, 10, 0.12436699999999999, 0.020165, 54792, 12882, 3, 96, 2216, 1552, 16
harfbuzz-native, 525299, 0.01, 8, 0, 0, 0, 514268, 54422, 48, 73, 0, 53248, 0, 0.088846, 0.0, 66400, 7177, 0, 0, 104, 0, 4, 0.0, 0.0, 0, 0, 0, 0, 0, 0, 0
python3-native, 18949, 9.35, 35, 2, 6, 5, 20914477, 20246151, 19664, 28366, 0, 20148224, 0, 0.350588, 0.020867999999999998, 78088, 11581, 0, 0, 176, 1270, 30, 0.061064999999999994, 0.05943, 58252, 901, 0, 0, 39176, 12600, 32
python3-six-native, 682877, 0.01, 8, 1, 0, 0, 489111, 48545, 39, 63, 0, 53248, 0, 0.08344, 0.01192, 68136, 6945, 0, 0, 104, 0, 5, 0.0, 0.0, 0, 0, 0, 0, 0, 0, 0
zlib-native, 9067, 7.72, 13, 2, 0, 0, 2048699, 1565390, 1394, 2281, 0, 1564672, 0, 0.131097, 0.020482999999999998, 58236, 7823, 0, 0, 120, 145, 10, 0.007821, 0.006447, 54716, 886, 0, 0, 2936, 502, 4
makedepend-native, 38338, 1.25, 6, 1, 0, 0, 746323, 246398, 384, 385, 0, 245760, 0, 0.06611199999999999, 0.011666, 61708, 8086, 0, 0, 112, 31, 7, 0.004693999999999999, 0.0014249999999999998, 58156, 899, 0, 0, 368, 131, 1
librsvg-native, 566718, 93.48, 126, 39, 81, 54, 42699348, 35771542, 55339, 62406, 200704, 34803712, 0, 1.267618, 0.39713299999999996, 80712, 179192, 0, 0, 2192, 5856, 1737, 0.814109, 0.5493049999999999, 66188, 124772, 9, 392, 65784, 18413, 1254
lua-native, 27230, 10.63, 7, 0, 0, 0, 928932, 426984, 530, 675, 0, 430080, 0, 0.071244, 0.008381, 60688, 8299, 0, 0, 120, 46, 5, 0.001359, 0.00482, 57068, 903, 0, 0, 720, 228, 3
dnf-native, 696570, 0.03, 16, 1, 0, 0, 1044465, 71826, 231, 95, 0, 61440, 0, 0.16372899999999999, 0.016371999999999998, 68680, 8687, 0, 0, 120, 5, 33, 0.009115, 0.0065639999999999995, 64960, 1972, 0, 0, 0, 7, 8
rpm-native, 27437, 98.37, 12, 1, 879, 117, 250899955, 274110251, 243995, 99757, 0, 94269440, 8192, 0.12215, 0.015267999999999999, 60652, 10012, 0, 0, 208, 333, 18, 8.799104, 1.174141, 56836, 25218, 0, 0, 183912, 137833, 1645
gdk-pixbuf-native, 55347, 46.39, 8, 0, 0, 0, 526155, 66456, 58, 90, 0, 57344, 0, 0.08244399999999999, 0.003925, 62632, 7200, 0, 0, 112, 1, 3, 0.0, 0.0, 0, 0, 0, 0, 0, 0, 0
bc-native, 57159, 1.10, 7, 0, 0, 0, 1003480, 492509, 489, 759, 0, 487424, 0, 0.07740999999999999, 0.008147999999999999, 62556, 8396, 0, 0, 120, 34, 3, 0.007186, 0.0013959999999999999, 58840, 905, 0, 0, 832, 233, 0
libjpeg-turbo-native, 51631, 0.01, 6, 0, 0, 0, 493203, 44816, 28, 57, 0, 53248, 0, 0.06835, 0.008041, 62384, 7016, 0, 0, 104, 0, 83, 0.0, 0.0, 0, 0, 0, 0, 0, 0, 0
libxext-native, 59066, 0.02, 5, 1, 0, 0, 506189, 48245, 37, 63, 0, 53248, 0, 0.056317, 0.012067, 61696, 6942, 0, 0, 104, 0, 2, 0.0, 0.0, 0, 0, 0, 0, 0, 0, 0
rsync-native, 9105, 0.95, 8, 1, 1, 1, 1711184, 1224015, 1188, 1777, 0, 1216512, 0, 0.088143, 0.016026, 58476, 7967, 0, 0, 120, 84, 7, 0.010114, 0.013294, 54716, 902, 0, 0, 2256, 619, 2
libdrm-native, 699138, 0.01, 9, 1, 0, 0, 508666, 51834, 40, 69, 4096, 53248, 0, 0.09164599999999999, 0.011953, 68536, 7367, 0, 8, 104, 1, 2, 0.0, 0.0, 0, 0, 0, 0, 0, 0, 0
pigz-native, 696578, 1.40, 14, 2, 0, 0, 654578, 175868, 270, 325, 0, 180224, 0, 0.14046799999999998, 0.020057, 67636, 7981, 0, 0, 112, 51, 3, 0.003378, 0.0031579999999999998, 64492, 794, 0, 0, 240, 55, 0
libxml-parser-perl-native, 54697, 0.27, 6, 1, 0, 0, 809699, 323001, 393, 470, 0, 323584, 0, 0.068592, 0.016139, 62468, 8715, 0, 0, 120, 26, 11, 0.0052899999999999996, 0.0, 58588, 906, 0, 0, 512, 155, 2
elfutils-native, 26020, 22.65, 21, 4, 3, 7, 9764833, 9258317, 10287, 13089, 0, 9220096, 0, 0.214384, 0.041372, 67928, 9542, 0, 0, 136, 1103, 50, 0.03173, 0.075752, 56504, 894, 0, 0, 17872, 5468, 31
llvm-native, 698274, 1123.54, 39, 5, 44710, 3697, 8851587356, 9711722975, 9626893, 3515959, 1795309568, 3395063808, 8192, 0.392318, 0.058601999999999994, 68596, 10926, 64, 840, 304, 1820, 51, 447.100549, 36.971308, 1268304, 540766, 703, 3505624, 6630680, 4087478, 80607
cwautomacros-native, 615136, 3.11, 15, 1, 1, 0, 585529, 93395, 240, 196, 0, 94208, 0, 0.154189, 0.014454999999999999, 67056, 8192, 0, 0, 120, 21, 100, 0.011127999999999999, 0.0, 63152, 920, 0, 0, 64, 50, 8
python3-build-native, 23778, 0.17, 6, 0, 0, 0, 585905, 103112, 313, 196, 0, 106496, 0, 0.066913, 0.007871999999999999, 60136, 7918, 0, 0, 120, 40, 3, 0.0031609999999999997, 0.001173, 56264, 898, 0, 0, 88, 42, 0
libpng-native, 43301, 0.02, 4, 2, 0, 0, 504283, 47647, 35, 62, 0, 53248, 0, 0.050013999999999996, 0.020839, 61540, 6875, 0, 0, 104, 0, 1, 0.0, 0.0, 0, 0, 0, 0, 0, 0, 0
xz-native, 9015, 22.72, 23, 0, 0, 2, 3479893, 3214502, 3166, 5272, 0, 3006464, 0, 0.235542, 0.0, 59068, 9245, 0, 0, 256, 881, 4, 0.002786, 0.025290999999999998, 55432, 1683, 0, 0, 5616, 839, 9
shaderc-native, 538146, 2.42, 8, 1, 22, 8, 13659316, 11847732, 19975, 4645, 0, 4243456, 12288, 0.08842499999999999, 0.016826999999999998, 66352, 10358, 0, 0, 152, 211, 3, 0.224489, 0.08244699999999999, 62364, 13257, 0, 0, 8136, 6208, 40
python3-installer-native, 20676, 0.38, 7, 1, 0, 0, 1021302, 541623, 644, 824, 0, 540672, 0, 0.070792, 0.011177, 59784, 8155, 0, 0, 120, 39, 23, 0.00116, 0.004248, 55912, 905, 0, 0, 936, 295, 4
gpgme-native, 677610, 0.01, 8, 0, 0, 0, 512063, 83514, 47, 112, 0, 61440, 0, 0.090015, 0.007826999999999999, 67724, 6888, 0, 0, 120, 0, 4, 0.0, 0.0, 0, 0, 0, 0, 0, 0, 0
fribidi-native, 525686, 0.01, 6, 1, 0, 0, 505404, 52505, 42, 70, 0, 53248, 0, 0.066746, 0.015705, 66460, 7195, 0, 0, 104, 0, 3, 0.0, 0.0, 0, 0, 0, 0, 0, 0, 0
libmpc-native, 9394, 1.46, 7, 1, 0, 0, 1335232, 835466, 869, 1247, 0, 835584, 0, 0.070925, 0.011819999999999999, 58976, 7916, 0, 0, 112, 57, 10, 0.008668, 0.0, 55400, 901, 0, 0, 1520, 461, 3
libxml-sax-base-perl-native, 581404, 5.61, 10, 2, 0, 0, 580911, 92855, 234, 193, 0, 90112, 0, 0.10894899999999999, 0.022541, 66960, 8219, 0, 0, 120, 28, 96, 0.005934, 0.002408, 62988, 902, 0, 0, 56, 27, 6
groff-native, 40353, 9.16, 18, 1, 2, 5, 8032163, 7527405, 7063, 10647, 0, 7499776, 0, 0.182387, 0.015522, 66396, 9472, 0, 0, 120, 450, 12, 0.024394, 0.050401999999999995, 58144, 899, 0, 0, 14528, 4294, 12
expat-native, 15560, 2.13, 8, 1, 0, 0, 1184978, 638107, 766, 977, 4096, 634880, 0, 0.08888299999999999, 0.015456999999999999, 59188, 8088, 0, 8, 120, 51, 3, 0.009557999999999999, 0.005468, 55532, 931, 0, 0, 1120, 360, 5
ninja-native, 17850, 15.06, 8, 1, 83, 21, 31483357, 34514826, 41905, 12946, 0, 11968512, 12288, 0.085182, 0.017995, 59092, 9677, 0, 0, 160, 233, 12, 0.837625, 0.211142, 55636, 15277, 0, 0, 23216, 18857, 171
libxml-sax-perl-native, 581775, 5.50, 11, 2, 0, 0, 600807, 111594, 315, 209, 0, 110592, 0, 0.11841299999999999, 0.027628999999999997, 67296, 8373, 0, 0, 120, 47, 124, 0.0, 0.008334, 63324, 899, 0, 0, 96, 42, 15
libxshmfence-native, 701363, 0.01, 9, 1, 0, 0, 506045, 51719, 37, 67, 4096, 53248, 0, 0.091473, 0.011930999999999999, 68528, 7273, 0, 8, 104, 1, 3, 0.0, 0.0, 0, 0, 0, 0, 0, 0, 0
libpcre2-native, 25190, 1.72, 8, 1, 1, 0, 2378037, 1872944, 1954, 2722, 0, 1867776, 0, 0.087409, 0.011401, 60188, 8341, 0, 0, 120, 125, 11, 0.017856, 0.003323, 56340, 916, 0, 0, 3528, 1049, 3
openssl-native, 14653, 4.80, 26, 1, 2, 6, 16219714, 15681387, 15053, 22591, 0, 15642624, 0, 0.26520699999999997, 0.016838, 71756, 10515, 0, 0, 128, 1053, 12, 0.023555, 0.066984, 54952, 910, 0, 0, 30424, 7586, 22
libgpg-error-native, 24135, 14.06, 14, 1, 1, 1, 1636885, 1589547, 2203, 2972, 0, 1216512, 0, 0.14382899999999998, 0.013075, 60312, 9484, 0, 0, 376, 648, 8, 0.010124, 0.01354, 56848, 1676, 0, 0, 2000, 662, 6
e2fsprogs-native, 25454, 45.85, 10, 1, 334, 46, 113219924, 131702617, 82872, 27332, 0, 45109248, 8192, 0.109706, 0.011347999999999999, 60096, 9994, 0, 0, 176, 287, 14, 3.340434, 0.469668, 56656, 25654, 0, 0, 87928, 45344, 625
xtrans-native, 43691, 0.02, 6, 0, 0, 0, 507099, 51697, 39, 68, 0, 53248, 0, 0.067159, 0.007901, 61972, 6989, 0, 0, 104, 0, 1, 0.0, 0.0, 0, 0, 0, 0, 0, 0, 0
libedit-native, 18307, 5.70, 7, 0, 1, 0, 1108617, 598234, 851, 898, 0, 598016, 0, 0.07743799999999999, 0.004075, 59324, 8196, 0, 0, 120, 109, 7, 0.012315, 0.0, 55472, 899, 0, 0, 1048, 231, 3
libepoxy-native, 705346, 0.05, 15, 2, 1, 0, 1073074, 55802, 234, 74, 0, 53248, 0, 0.155502, 0.022213999999999998, 68804, 8673, 0, 0, 104, 3, 56, 0.018363, 0.007111999999999999, 64704, 1932, 1, 0, 0, 8, 4
binutils-cross-x86_64, 8432, 330.74, 36, 5, 28, 42, 72394132, 72080744, 61553, 100798, 4096, 71974912, 0, 0.360211, 0.059416, 57772, 5853, 0, 8, 160, 4175, 137, 0.28051, 0.420865, 53928, 920, 0, 0, 140416, 42139, 230
libice-native, 407345, 0.03, 9, 1, 0, 0, 506305, 48364, 37, 63, 0, 53248, 0, 0.098909, 0.011869, 65128, 6921, 0, 0, 104, 0, 6, 0.0, 0.0, 0, 0, 0, 0, 0, 0, 0
libtirpc-native, 14669, 3.91, 8, 0, 0, 0, 1127254, 626476, 709, 911, 0, 626688, 0, 0.084502, 0.004023, 59032, 7988, 0, 0, 120, 49, 3, 0.008757, 0.0018709999999999998, 55208, 914, 0, 0, 1104, 368, 5
libarchive-native, 25883, 1.29, 22, 3, 1, 9, 8053036, 7567545, 10626, 12557, 0, 7548928, 0, 0.22727499999999998, 0.031818, 65732, 9317, 0, 0, 120, 3226, 39, 0.012858, 0.09795, 56724, 816, 0, 0, 14624, 3259, 23
font-util-native, 43611, 1.33, 7, 0, 0, 0, 707334, 204228, 274, 316, 0, 204800, 0, 0.078827, 0.003941, 61588, 8075, 0, 0, 112, 19, 0, 0.006536999999999999, 0.0, 58004, 903, 0, 0, 288, 69, 0
libxft-native, 524932, 0.02, 7, 0, 0, 0, 506531, 48364, 37, 63, 0, 53248, 0, 0.077634, 0.008172, 66376, 7090, 0, 0, 104, 0, 4, 0.0, 0.0, 0, 0, 0, 0, 0, 0, 0
alsa-ucm-conf, 622701, 0.36, 8, 1, 0, 0, 363346, 97310, 157, 153, 0, 106496, 0, 0.082035, 0.014267, 65672, 5656, 0, 0, 120, 10, 30, 0.005712999999999999, 0.002626, 62468, 890, 0, 0, 88, 35, 2
encodings, 46411, 1.51, 4, 0, 0, 0, 645627, 356806, 421, 527, 0, 360448, 0, 0.046969, 0.003613, 60440, 5760, 0, 0, 112, 40, 3, 0.006058, 0.0, 56792, 887, 0, 0, 592, 125, 2
alsa-topology-conf, 622587, 0.24, 6, 1, 0, 0, 330194, 64563, 130, 145, 0, 73728, 0, 0.062681, 0.017908999999999998, 65672, 5678, 0, 0, 120, 7, 131, 0.0077269999999999995, 0.0, 62468, 889, 0, 0, 24, 18, 7
netbase, 609582, 0.15, 7, 0, 0, 0, 336026, 84294, 154, 163, 0, 90112, 0, 0.071662, 0.0, 65692, 5716, 0, 0, 112, 22, 22, 0.002117, 0.002813, 62444, 793, 0, 0, 64, 24, 4
pulseaudio-client-conf-sato, 650289, 0.00, 6, 0, 0, 0, 263412, 14135, 15, 37, 0, 20480, 0, 0.060759, 0.0, 66176, 4385, 0, 0, 40, 0, 41, 0.0, 0.0, 0, 0, 0, 0, 0, 0, 0
run-postinsts, 639438, 0.01, 7, 0, 0, 0, 278309, 22388, 20, 47, 0, 24576, 0, 0.078584, 0.004621999999999999, 66568, 4471, 0, 0, 48, 0, 46, 0.0, 0.0, 0, 0, 0, 0, 0, 0, 0
tzdata, 590737, 6.39, 7, 1, 0, 0, 271764, 41594, 21, 50, 0, 57344, 0, 0.075205, 0.011874, 65836, 6722, 0, 0, 112, 2, 55, 0.0, 0.0, 0, 0, 0, 0, 0, 0, 0
xcursor-transparent-theme, 647938, 0.42, 7, 0, 7, 3, 3193516, 146876, 1751, 332, 0, 380928, 8192, 0.073696, 0.008669999999999999, 66332, 9590, 0, 0, 128, 15, 4, 0.071904, 0.036015, 62868, 12416, 0, 0, 616, 87, 76
shutdown-desktop, 647766, 0.00, 4, 0, 0, 0, 263532, 13843, 15, 37, 0, 20480, 0, 0.042520999999999996, 0.003865, 66100, 4327, 0, 0, 40, 0, 19, 0.0, 0.0, 0, 0, 0, 0, 0, 0, 0
ca-certificates, 593793, 0.05, 7, 0, 1, 0, 820647, 64172, 209, 73, 0, 61440, 0, 0.075374, 0.007934, 65756, 5815, 0, 0, 120, 3, 105, 0.017904, 0.002634, 62468, 1916, 0, 0, 0, 6, 4
cantarell-fonts, 621833, 0.84, 11, 1, 0, 0, 705856, 405914, 594, 632, 0, 409600, 0, 0.114745, 0.017653, 66216, 8049, 0, 0, 128, 67, 77, 0.009514, 0.00445, 62728, 912, 0, 0, 672, 223, 16
update-rc.d, 33506, 0.19, 3, 0, 1, 0, 801588, 43857, 207, 53, 0, 53248, 0, 0.036299, 0.004536999999999999, 59760, 5428, 0, 0, 104, 4, 2, 0.011585999999999999, 0.000323, 56484, 1918, 0, 0, 0, 7, 3
liberation-fonts, 597088, 1.59, 6, 0, 0, 0, 2776763, 2458481, 2037, 3513, 4096, 2453504, 0, 0.069184, 0.007281999999999999, 66012, 6233, 0, 0, 120, 155, 18, 0.0069619999999999994, 0.008568, 62452, 915, 0, 8, 4672, 1045, 10
adwaita-icon-theme, 588895, 7.31, 17, 2, 1, 1, 4681620, 4379419, 3393, 6256, 0, 4366336, 0, 0.17682299999999998, 0.028784999999999998, 69620, 8713, 0, 0, 128, 406, 108, 0.018414, 0.015947, 62468, 914, 0, 0, 8400, 1226, 36
wayland-protocols, 36767, 1.23, 4, 0, 0, 0, 436891, 152643, 325, 253, 0, 159744, 0, 0.050112, 0.004176, 60008, 5716, 0, 0, 120, 38, 5, 0.004748, 0.001673, 56604, 899, 0, 0, 192, 64, 1
hicolor-icon-theme, 496689, 1.19, 5, 1, 0, 0, 394358, 108506, 195, 223, 0, 110592, 0, 0.053925, 0.012444, 64560, 5820, 0, 0, 112, 12, 5, 0.001452, 0.0038079999999999998, 60948, 893, 0, 0, 104, 46, 0
wireless-regdb, 654676, 0.61, 6, 1, 0, 0, 356512, 85108, 168, 168, 0, 94208, 0, 0.062493, 0.011717, 66104, 5671, 0, 0, 120, 12, 36, 0.002384, 0.005938, 62600, 908, 0, 0, 64, 28, 8
sato-icon-theme, 650771, 1.65, 10, 1, 11, 5, 5533000, 3461885, 3324, 1232, 0, 1327104, 12288, 0.10976799999999999, 0.012665, 66424, 9719, 0, 0, 152, 107, 113, 0.110106, 0.052835, 62860, 11675, 0, 0, 2440, 1030, 128
iso-codes, 400087, 27.46, 10, 1, 1226, 66, 428814169, 430116004, 118473, 59559, 0, 144564224, 8192, 0.100978, 0.014959, 63700, 7756, 0, 0, 152, 235, 59, 12.269112, 0.66359, 60036, 84878, 0, 0, 282200, 61625, 9457
xserver-nodm-init, 668259, 0.01, 4, 0, 0, 0, 279506, 36842, 20, 63, 0, 28672, 0, 0.043677, 0.0, 66620, 4602, 0, 0, 56, 0, 1, 0.0, 0.0, 0, 0, 0, 0, 0, 0, 0
matchbox-session-sato, 649465, 0.01, 5, 1, 0, 0, 264275, 17548, 15, 41, 0, 20480, 0, 0.055958999999999995, 0.011991, 66152, 4430, 0, 0, 40, 0, 24, 0.0, 0.0, 0, 0, 0, 0, 0, 0, 0
v86d, 660008, 0.30, 9, 0, 0, 0, 387122, 147399, 259, 272, 0, 151552, 0, 0.09622, 0.008017999999999999, 66148, 8128, 0, 0, 120, 59, 32, 0.0041199999999999995, 0.002417, 62436, 811, 0, 0, 176, 60, 4
depmodwrapper-cross, 682727, 0.00, 3, 0, 0, 0, 262330, 9995, 15, 33, 0, 20480, 0, 0.035819, 0.003979, 66440, 4054, 0, 0, 40, 0, 4, 0.0, 0.0, 0, 0, 0, 0, 0, 0, 0
connman-conf, 621885, 0.02, 7, 1, 0, 0, 260720, 13016, 13, 36, 0, 24576, 0, 0.075154, 0.017683, 65612, 4442, 0, 0, 48, 0, 71, 0.0, 0.0, 0, 0, 0, 0, 0, 0, 0
sysvinit-inittab, 633127, 0.00, 3, 0, 0, 0, 261887, 16411, 13, 40, 0, 20480, 0, 0.036862, 0.004095, 65680, 4313, 0, 0, 40, 0, 3, 0.0, 0.0, 0, 0, 0, 0, 0, 0, 0
pointercal-xinput, 622217, 0.01, 9, 0, 0, 0, 260881, 13497, 13, 36, 0, 24576, 0, 0.09165999999999999, 0.0, 65612, 4426, 0, 0, 48, 0, 33, 0.0, 0.0, 0, 0, 0, 0, 0, 0, 0
shadow-securetty, 622501, 0.01, 6, 1, 0, 0, 261330, 12960, 13, 36, 0, 24576, 0, 0.067856, 0.018848999999999998, 65692, 4382, 0, 0, 48, 0, 57, 0.0, 0.0, 0, 0, 0, 0, 0, 0, 0
init-ifupdown, 660648, 0.01, 6, 0, 0, 0, 265728, 24058, 15, 49, 0, 24576, 0, 0.062876, 0.004190999999999999, 66216, 4433, 0, 0, 48, 0, 26, 0.0, 0.0, 0, 0, 0, 0, 0, 0, 0
xserver-xf86-config, 622178, 0.01, 6, 0, 0, 0, 260619, 14975, 15, 37, 0, 24576, 0, 0.063003, 0.007875, 65696, 4411, 0, 0, 48, 0, 28, 0.0, 0.0, 0, 0, 0, 0, 0, 0, 0
formfactor, 579610, 0.02, 7, 1, 0, 0, 260897, 18263, 15, 41, 0, 20480, 0, 0.076945, 0.010992, 65268, 4251, 0, 0, 40, 0, 28, 0.0, 0.0, 0, 0, 0, 0, 0, 0, 0
linux-yocto, 43776, 1162.65, 40, 4, 45784, 4231, 7964483921, 9321488951, 12265950, 1581444, 1255907328, 3368157184, 20480, 0.402389, 0.049349, 65392, 14667, 43, 688, 344, 2127, 56, 457.846322, 42.317826, 2029764, 860604, 461, 2452256, 6578088, 5234415, 92818
base-files, 34490, 0.04, 8, 1, 0, 0, 266800, 52804, 13, 84, 0, 32768, 0, 0.086271, 0.018854, 59840, 4142, 0, 0, 64, 0, 55, 0.0, 0.0, 0, 0, 0, 0, 0, 0, 0
psmisc, 623099, 2.37, 11, 2, 46, 7, 16145974, 13498680, 8516, 2231, 0, 4739072, 12288, 0.115684, 0.023136, 66056, 10129, 0, 0, 160, 145, 32, 0.46957099999999996, 0.07468, 62472, 13745, 0, 0, 9096, 2101, 500
libxext, 32932, 1.75, 4, 0, 0, 0, 683078, 396824, 445, 597, 0, 401408, 0, 0.049817, 0.004151, 59840, 5656, 0, 0, 112, 43, 9, 0.006847, 0.0, 56444, 904, 0, 0, 672, 126, 1
gstreamer1.0, 43514, 4.45, 10, 1, 1, 0, 2160972, 1884163, 2024, 2731, 0, 1863680, 0, 0.10621, 0.015733999999999998, 60556, 8382, 0, 0, 128, 200, 29, 0.011091, 0.009535, 56780, 907, 0, 0, 3512, 948, 4
rxvt-unicode, 621730, 62.65, 15, 1, 0, 1, 1251989, 1231911, 1903, 2331, 0, 1028096, 0, 0.151276, 0.017287999999999998, 66012, 9687, 0, 0, 288, 638, 75, 0.002758, 0.019399, 62252, 1621, 0, 0, 1720, 580, 18
libxcrypt, 26911, 2.05, 6, 1, 36, 6, 12553066, 11316168, 11111, 4711, 0, 3993600, 12288, 0.064563, 0.010759999999999999, 59096, 7803, 0, 0, 160, 211, 5, 0.36202999999999996, 0.06308699999999999, 55744, 13237, 0, 0, 7640, 4485, 70
libgpg-error, 32121, 0.02, 5, 0, 0, 0, 311489, 58665, 40, 72, 0, 57344, 0, 0.052586999999999995, 0.00809, 60316, 6796, 0, 0, 112, 0, 3, 0.0, 0.0, 0, 0, 0, 0, 0, 0, 0
neard, 654086, 2.70, 12, 0, 17, 2, 6427029, 3962953, 8127, 1224, 0, 1589248, 12288, 0.1201, 0.007748, 66416, 10091, 0, 0, 152, 179, 38, 0.177861, 0.020742999999999998, 62600, 12318, 0, 0, 2952, 2314, 65
libxrandr, 35136, 1.82, 6, 0, 0, 0, 624963, 338959, 365, 522, 0, 339968, 0, 0.065186, 0.0, 60376, 5766, 0, 0, 112, 32, 3, 0.0037359999999999997, 0.002319, 56968, 895, 0, 0, 552, 94, 4
libxkbcommon, 52640, 10.79, 4, 1, 0, 0, 817091, 534330, 605, 817, 0, 536576, 0, 0.043091, 0.015669, 60732, 5907, 0, 0, 112, 49, 1, 0.008617999999999999, 0.00138, 57256, 914, 0, 0, 936, 292, 9
lua, 43355, 0.67, 5, 1, 0, 0, 478886, 197646, 237, 316, 0, 200704, 0, 0.056917999999999996, 0.012196, 60176, 5979, 0, 0, 120, 15, 3, 0.006643, 0.0, 56780, 922, 0, 0, 272, 71, 2
bzip2, 21306, 26.92, 5, 1, 0, 0, 845716, 57701, 226, 72, 0, 57344, 0, 0.051956999999999996, 0.012988999999999999, 58660, 7869, 0, 0, 112, 5, 4, 0.005364, 0.0075, 54820, 1928, 0, 0, 0, 6, 1
libexif, 58964, 1.56, 7, 0, 0, 1, 2405352, 2069026, 2051, 2954, 0, 2060288, 0, 0.072318, 0.008508, 61496, 6481, 0, 0, 120, 161, 4, 0.007312, 0.017886, 57616, 926, 0, 0, 3904, 1144, 12
libpcap, 504458, 1.35, 11, 1, 1, 0, 1295877, 1011855, 910, 1470, 0, 1015808, 0, 0.115947, 0.01087, 64992, 6092, 0, 0, 112, 91, 99, 0.011285, 0.004502, 61604, 908, 0, 0, 1872, 355, 12
sbc, 67147, 0.42, 4, 0, 0, 0, 608304, 327286, 400, 516, 0, 335872, 0, 0.049405, 0.004117, 60720, 5725, 0, 0, 112, 25, 4, 0.005965, 0.0, 57352, 893, 0, 0, 544, 168, 5
xhost, 667535, 1.17, 5, 1, 0, 0, 474897, 188877, 298, 305, 0, 192512, 0, 0.052718, 0.011295999999999999, 66680, 7952, 0, 0, 112, 24, 25, 0.001813, 0.003312, 63236, 901, 0, 0, 264, 86, 1
sqlite3, 27909, 0.01, 3, 1, 0, 0, 284793, 43898, 27, 54, 0, 53248, 0, 0.034869, 0.011623, 59340, 4452, 0, 0, 104, 0, 4, 0.0, 0.0, 0, 0, 0, 0, 0, 0, 0
mkfontscale, 621826, 0.08, 12, 0, 0, 0, 285519, 44716, 29, 55, 4096, 57344, 0, 0.129863, 0.004327999999999999, 65996, 6737, 0, 8, 112, 1, 49, 0.0, 0.0, 0, 0, 0, 0, 0, 0, 0
libpng, 33149, 3.66, 4, 2, 1, 0, 1371230, 1083412, 763, 1556, 0, 1085440, 0, 0.048185, 0.020076999999999998, 59884, 5792, 0, 0, 120, 60, 36, 0.012237, 0.0, 56504, 916, 0, 0, 2000, 393, 3
libxfont2, 382963, 1.44, 10, 1, 0, 0, 790383, 504183, 580, 743, 0, 507904, 0, 0.108987, 0.012575, 63684, 5809, 0, 0, 112, 65, 52, 0.008461999999999999, 0.003103, 60308, 892, 0, 0, 880, 221, 11
matchbox-keyboard, 647854, 0.70, 11, 2, 10, 3, 3913346, 932860, 2827, 513, 0, 475136, 12288, 0.110691, 0.020498, 66464, 10071, 0, 0, 136, 77, 8, 0.101631, 0.031104, 62600, 11766, 0, 0, 792, 344, 85
gmp, 32067, 17.32, 4, 0, 0, 0, 286178, 54208, 29, 67, 0, 53248, 0, 0.048222, 0.0, 59788, 4487, 0, 0, 104, 1, 2, 0.0, 0.0, 0, 0, 0, 0, 0, 0, 0
vulkan-loader, 36104, 55.52, 8, 1, 837, 73, 143388665, 175536822, 138730, 64541, 0, 60063744, 8192, 0.086199, 0.018147, 60252, 11048, 0, 0, 176, 382, 15, 8.372048, 0.736552, 56684, 28970, 0, 0, 117136, 84356, 2668
libwebp, 512760, 1.64, 14, 2, 1, 1, 4492112, 4231870, 6125, 7113, 0, 4222976, 0, 0.14496299999999998, 0.025581, 68632, 6601, 0, 0, 112, 1935, 39, 0.014685, 0.016781, 61608, 806, 0, 0, 8136, 1925, 13
mini-x-session, 650898, 0.01, 6, 2, 0, 0, 275249, 13867, 16, 37, 0, 20480, 0, 0.06879099999999999, 0.020232, 66192, 4435, 0, 0, 40, 0, 25, 0.0, 0.0, 0, 0, 0, 0, 0, 0, 0
zstd, 42268, 0.02, 4, 0, 1, 0, 799078, 46561, 205, 56, 0, 53248, 0, 0.040902999999999995, 0.00409, 59888, 5637, 0, 0, 104, 3, 4, 0.01045, 0.001328, 56400, 1926, 0, 0, 0, 7, 1
matchbox-desktop, 596999, 0.70, 5, 2, 7, 1, 3858249, 899643, 3000, 530, 0, 466944, 12288, 0.054799999999999995, 0.023486, 65968, 9924, 0, 0, 136, 88, 4, 0.0784, 0.012031, 62452, 11658, 0, 0, 776, 556, 9
ttyrun, 622493, 3.76, 15, 0, 49, 10, 18906969, 18286007, 19219, 7219, 8192, 6455296, 12288, 0.152468, 0.00847, 65604, 9660, 0, 0, 160, 221, 73, 0.491988, 0.10423199999999999, 62468, 13574, 1, 16, 12448, 10015, 59
bash-completion, 28784, 1.03, 6, 0, 0, 0, 658197, 373736, 464, 602, 0, 376832, 0, 0.067645, 0.003979, 59556, 5668, 0, 0, 120, 31, 5, 0.0040479999999999995, 0.007711, 56152, 914, 0, 0, 616, 199, 6
libsndfile1, 54696, 1.04, 5, 0, 0, 0, 1133110, 803895, 869, 1220, 0, 798720, 0, 0.050501, 0.008416, 61004, 6196, 0, 0, 120, 78, 7, 0.0, 0.008725, 57628, 929, 0, 0, 1440, 320, 8
libedit, 28044, 0.01, 4, 0, 0, 0, 296870, 46840, 26, 57, 0, 53248, 0, 0.047927, 0.0, 59456, 4542, 0, 0, 104, 0, 1, 0.0, 0.0, 0, 0, 0, 0, 0, 0, 0
glib-networking, 490441, 1.45, 12, 0, 0, 0, 644744, 360719, 470, 566, 0, 352256, 0, 0.127083, 0.007702, 64168, 8286, 0, 0, 128, 32, 5, 0.008610999999999999, 0.002029, 60348, 931, 0, 0, 560, 203, 0
libxdamage, 36963, 2.58, 4, 0, 0, 0, 600536, 314227, 412, 516, 0, 315392, 0, 0.049529, 0.003809, 60344, 5788, 0, 0, 112, 36, 24, 0.004502, 0.001354, 56940, 898, 0, 0, 504, 148, 2
iw, 659969, 0.82, 9, 0, 0, 0, 518751, 256872, 322, 397, 0, 262144, 0, 0.094024, 0.008546999999999999, 66172, 8041, 0, 0, 120, 20, 42, 0.006193, 0.0036999999999999997, 62612, 914, 0, 0, 392, 143, 12
sysvinit, 661526, 7.85, 10, 1, 0, 0, 565597, 312052, 358, 496, 0, 294912, 0, 0.104625, 0.019375, 66284, 8115, 0, 0, 144, 32, 77, 0.009590999999999999, 0.002571, 62888, 922, 0, 0, 432, 151, 4
ell, 60418, 0.48, 4, 1, 0, 0, 906201, 623469, 505, 948, 0, 630784, 0, 0.044938, 0.011234, 60948, 5967, 0, 0, 112, 41, 7, 0.00558, 0.001307, 57360, 900, 0, 0, 1120, 174, 0
sato-screenshot, 647915, 0.44, 7, 0, 7, 3, 3239674, 202869, 1852, 445, 0, 212992, 12288, 0.07014999999999999, 0.008768, 66368, 9650, 0, 0, 136, 20, 3, 0.072837, 0.035088, 62860, 11526, 0, 0, 280, 110, 51
glibc, 10589, 181.35, 27, 1, 10, 26, 40463760, 40184724, 35056, 56218, 0, 40087552, 0, 0.276339, 0.01812, 58120, 7836, 0, 0, 168, 2338, 86, 0.10359, 0.265654, 54724, 895, 0, 0, 78128, 23710, 135
binutils, 579816, 74.57, 14, 1, 0, 0, 309998, 101722, 36, 130, 0, 77824, 4096, 0.145206, 0.011169, 65824, 6646, 0, 0, 152, 1, 69, 0.0, 0.0, 0, 0, 0, 0, 0, 0, 0
bluez5, 41961, 0.49, 8, 0, 0, 1, 2710373, 2427738, 2027, 3454, 0, 2412544, 0, 0.084267, 0.008426, 60400, 8308, 0, 0, 136, 153, 35, 0.001352, 0.01125, 56864, 899, 0, 0, 4576, 1037, 3
lame, 553846, 4.79, 7, 0, 1, 0, 1871435, 1590389, 1355, 2282, 0, 1589248, 0, 0.077238, 0.003861, 66088, 6318, 0, 0, 120, 109, 55, 0.013883, 0.004173, 61896, 909, 1, 0, 2984, 844, 8
kmod, 40583, 8.84, 8, 0, 45, 13, 19162253, 20389150, 13139, 4957, 0, 7073792, 12288, 0.08722099999999999, 0.008306, 60488, 10053, 0, 0, 160, 205, 10, 0.450449, 0.131023, 56668, 13297, 0, 0, 13656, 6811, 86
libxft, 40112, 4.72, 5, 0, 0, 1, 654961, 368332, 488, 589, 0, 372736, 0, 0.055122, 0.00424, 60300, 5824, 0, 0, 112, 45, 19, 0.004535, 0.010483, 56948, 899, 0, 0, 616, 190, 2
unzip, 633495, 0.03, 6, 0, 0, 0, 278199, 123492, 18, 149, 4096, 81920, 0, 0.064863, 0.004053, 65784, 6604, 0, 8, 160, 1, 7, 0.0, 0.0, 0, 0, 0, 0, 0, 0, 0
python3-iniparse, 552777, 0.23, 8, 0, 0, 0, 357828, 91933, 226, 183, 0, 98304, 0, 0.086878, 0.008687, 64864, 5848, 0, 0, 120, 11, 55, 0.004853, 0.0, 61264, 896, 0, 0, 72, 15, 3
libgcrypt, 37939, 0.01, 5, 0, 0, 0, 294567, 67137, 33, 81, 0, 61440, 0, 0.05173, 0.0, 60448, 4678, 0, 0, 120, 0, 2, 0.0, 0.0, 0, 0, 0, 0, 0, 0, 0
pinentry, 632971, 0.41, 6, 1, 0, 0, 891335, 612350, 1007, 892, 0, 614400, 0, 0.063439, 0.011894, 65796, 8082, 0, 0, 120, 142, 7, 0.0016339999999999998, 0.00567, 62348, 899, 0, 0, 1080, 334, 4
gstreamer1.0-plugins-bad, 559996, 26.95, 17, 1, 4, 3, 5926118, 5637905, 6299, 8031, 0, 5619712, 0, 0.176124, 0.019143, 69432, 9221, 0, 0, 136, 665, 69, 0.040681999999999996, 0.034437999999999996, 62256, 906, 0, 0, 10840, 3433, 22
desktop-file-utils, 489856, 1.59, 5, 0, 0, 0, 423188, 140126, 223, 237, 0, 147456, 0, 0.053792, 0.004137, 63976, 5754, 0, 0, 120, 17, 3, 0.004667999999999999, 0.001568, 60584, 902, 0, 0, 168, 43, 2
libcap-ng, 29207, 0.01, 4, 0, 0, 0, 283319, 43949, 27, 54, 0, 53248, 0, 0.042366999999999995, 0.0042309999999999995, 59572, 4458, 0, 0, 104, 0, 5, 0.0, 0.0, 0, 0, 0, 0, 0, 0, 0
speex, 553662, 3.38, 6, 0, 0, 0, 1388455, 1103464, 982, 1619, 0, 1101824, 0, 0.06838799999999999, 0.003799, 64904, 6012, 0, 0, 112, 77, 6, 0.007899999999999999, 0.002214, 61296, 911, 0, 0, 2040, 525, 1
matchbox-theme-sato, 628925, 0.50, 6, 0, 6, 3, 3265532, 242828, 1809, 323, 0, 229376, 12288, 0.06779299999999999, 0.007532, 65860, 9587, 0, 0, 128, 20, 4, 0.061463, 0.031059, 62336, 11558, 0, 0, 320, 200, 26
bc, 498570, 0.02, 6, 0, 0, 0, 307149, 57647, 32, 72, 0, 57344, 0, 0.06335099999999999, 0.003959, 64820, 6812, 0, 0, 112, 0, 4, 0.0, 0.0, 0, 0, 0, 0, 0, 0, 0
libstd-rs, 61156, 0.02, 5, 1, 0, 0, 296425, 68168, 30, 83, 0, 61440, 0, 0.056213, 0.012045, 61388, 6765, 0, 0, 120, 0, 2, 0.0, 0.0, 0, 0, 0, 0, 0, 0, 0
libcheck, 43841, 1.28, 5, 0, 0, 0, 1175664, 847118, 1088, 1296, 0, 843776, 0, 0.054868999999999994, 0.003919, 60192, 6014, 0, 0, 120, 100, 3, 0.005578, 0.006444999999999999, 56796, 926, 0, 0, 1528, 486, 6
xcb-util, 61865, 1.69, 6, 0, 0, 0, 610721, 325005, 434, 525, 0, 327680, 0, 0.067392, 0.0, 60920, 5857, 0, 0, 112, 42, 4, 0.00898, 0.0, 57580, 897, 0, 0, 528, 157, 2
python3-six, 498869, 0.16, 4, 0, 0, 0, 359492, 94033, 232, 185, 0, 102400, 0, 0.046067, 0.008374999999999999, 64600, 5777, 0, 0, 120, 21, 1, 0.001348, 0.004491, 61012, 907, 0, 0, 80, 25, 0
debugedit, 621693, 1.25, 12, 2, 0, 0, 503288, 221299, 300, 372, 0, 233472, 0, 0.120184, 0.022255999999999998, 65592, 7765, 0, 0, 120, 27, 37, 0.0054659999999999995, 0.004973, 62132, 902, 0, 0, 336, 98, 6
ppp, 553424, 2.80, 7, 1, 1, 0, 1523831, 1264850, 1179, 1802, 0, 1245184, 0, 0.07732599999999999, 0.016279, 65140, 8293, 0, 0, 136, 84, 7, 0.011569, 0.0, 61548, 903, 0, 0, 2296, 611, 5
xf86-input-libinput, 622118, 1.42, 11, 2, 0, 1, 670341, 384900, 472, 594, 0, 389120, 0, 0.11476099999999999, 0.029615, 66004, 7954, 0, 0, 120, 47, 44, 0.0, 0.012062999999999999, 62472, 896, 0, 0, 640, 181, 1
pcmanfm, 650841, 69.17, 14, 2, 0, 1, 820717, 786306, 823, 1473, 0, 569344, 0, 0.144376, 0.024062, 66396, 9406, 0, 0, 280, 255, 66, 0.006823999999999999, 0.012204999999999999, 62896, 1733, 0, 0, 832, 206, 15
alsa-plugins, 628396, 0.47, 6, 2, 0, 0, 754072, 468784, 434, 670, 0, 471040, 0, 0.060497999999999996, 0.020166, 66228, 8260, 0, 0, 120, 32, 12, 0.0, 0.009337999999999999, 62420, 902, 0, 0, 800, 210, 5
libdaemon, 59636, 10.68, 4, 1, 0, 0, 661831, 399023, 686, 712, 0, 405504, 0, 0.047577999999999995, 0.012974999999999999, 61012, 6108, 0, 0, 120, 196, 6, 0.002286, 0.0038559999999999996, 57616, 804, 0, 0, 672, 195, 1
libxkbfile, 371272, 1.70, 9, 0, 0, 0, 654194, 368457, 360, 589, 0, 372736, 0, 0.092056, 0.004841, 63600, 5796, 0, 0, 112, 30, 62, 0.002179, 0.006307999999999999, 60224, 901, 0, 0, 616, 103, 4
libxinerama, 529328, 1.40, 5, 0, 0, 0, 603118, 317175, 421, 517, 0, 319488, 0, 0.055036999999999996, 0.004233, 64664, 5824, 0, 0, 112, 40, 3, 0.006137, 0.0, 61312, 896, 0, 0, 512, 147, 0
matchbox-wm, 550382, 1.40, 10, 1, 15, 4, 4727533, 1815227, 4319, 706, 69632, 794624, 12288, 0.101826, 0.012218999999999999, 64828, 11208, 0, 0, 136, 98, 59, 0.15617799999999998, 0.043657, 61484, 12348, 1, 136, 1416, 965, 45
consolekit, 628126, 1.71, 6, 1, 0, 0, 711699, 431744, 560, 677, 0, 434176, 0, 0.06808, 0.012764999999999999, 66204, 8138, 0, 0, 128, 55, 38, 0.008045, 0.0, 62676, 903, 0, 0, 720, 209, 1
e2fsprogs, 55080, 0.03, 5, 0, 0, 0, 899687, 64459, 232, 80, 0, 57344, 0, 0.059107999999999994, 0.008444, 61424, 8165, 0, 0, 112, 3, 4, 0.008608, 0.0034709999999999997, 57884, 1963, 0, 0, 0, 7, 0
coreutils, 61880, 2.78, 12, 1, 0, 2, 6368736, 6066317, 4794, 8569, 0, 6045696, 0, 0.123467, 0.01703, 66396, 9050, 0, 0, 120, 348, 13, 0.008354, 0.021108, 57836, 900, 0, 0, 11688, 2617, 12
taglib, 535223, 6.81, 7, 0, 0, 1, 1707297, 1431943, 1162, 2069, 0, 1437696, 0, 0.075941, 0.0, 65164, 6205, 0, 0, 120, 97, 8, 0.001756, 0.010813999999999999, 61404, 911, 1, 0, 2688, 559, 4
libxdmcp, 31119, 7.28, 4, 1, 0, 0, 638874, 352389, 471, 526, 0, 356352, 0, 0.044725, 0.012197, 59788, 5652, 0, 0, 112, 49, 10, 0.006369, 0.005228, 56368, 893, 0, 0, 584, 177, 3
npth, 552645, 0.43, 7, 1, 0, 0, 645476, 364144, 529, 533, 0, 368640, 0, 0.074879, 0.015764, 64828, 6115, 0, 0, 120, 58, 94, 0.006122, 0.002241, 61520, 908, 0, 0, 600, 131, 3
pixman, 38726, 13.55, 6, 0, 1, 1, 1302850, 1024100, 1200, 1476, 0, 1024000, 0, 0.065782, 0.008771, 60332, 6175, 0, 0, 120, 127, 6, 0.011549, 0.010298999999999999, 56892, 904, 0, 0, 1880, 591, 3
libassuan, 63230, 0.37, 5, 0, 0, 0, 924555, 640217, 873, 958, 0, 643072, 0, 0.058150999999999994, 0.0038759999999999997, 60976, 6067, 0, 0, 120, 126, 5, 0.0013369999999999999, 0.00594, 57580, 904, 0, 0, 1136, 186, 3
pango, 40728, 48.65, 9, 0, 0, 1, 2316328, 2022265, 2240, 2901, 0, 2015232, 0, 0.09409999999999999, 0.00392, 60712, 8424, 0, 0, 128, 273, 4, 0.001367, 0.017684, 56920, 914, 0, 0, 3808, 1047, 5
libffi, 27601, 0.01, 5, 0, 0, 0, 286194, 51217, 29, 63, 0, 53248, 0, 0.051794, 0.003984, 59264, 4481, 0, 0, 104, 0, 33, 0.0, 0.0, 0, 0, 0, 0, 0, 0, 0
libxv, 401003, 1.74, 9, 0, 0, 0, 618712, 332655, 386, 521, 0, 335872, 0, 0.09229599999999999, 0.003691, 63636, 5832, 0, 0, 112, 36, 193, 0.007175, 0.002267, 60296, 900, 0, 0, 544, 131, 10
connman-gnome, 647780, 0.73, 7, 2, 8, 3, 3842861, 932842, 2701, 632, 0, 475136, 12288, 0.079492, 0.025102, 66392, 9908, 0, 0, 144, 47, 13, 0.08969099999999999, 0.03312, 62852, 11633, 0, 0, 784, 312, 88
xcb-proto, 31462, 1.45, 6, 0, 0, 0, 492013, 215702, 313, 317, 0, 217088, 0, 0.066618, 0.004163, 60144, 5957, 0, 0, 120, 26, 4, 0.0013629999999999998, 0.008687, 56748, 900, 0, 0, 304, 97, 1
libatomic-ops, 389540, 1.23, 7, 1, 1, 0, 872879, 589020, 653, 914, 0, 593920, 0, 0.070283, 0.011713, 64012, 5935, 0, 0, 120, 61, 12, 0.012081999999999999, 0.0, 60644, 913, 0, 0, 1040, 287, 29
mdadm, 498772, 0.28, 10, 0, 0, 0, 815095, 611959, 524, 860, 0, 552960, 0, 0.109315, 0.0040479999999999995, 64824, 8290, 0, 0, 184, 37, 121, 0.003678, 0.005095, 61012, 901, 0, 0, 896, 264, 10
libxrender, 33093, 1.54, 5, 0, 0, 0, 645615, 359646, 376, 527, 0, 360448, 0, 0.052598, 0.0, 59840, 5670, 0, 0, 112, 34, 2, 0.00667, 0.001308, 56488, 898, 0, 0, 592, 105, 3
shadow-sysroot, 34695, 0.04, 6, 1, 0, 0, 261518, 13365, 15, 37, 0, 20480, 0, 0.067546, 0.013509, 59704, 4028, 0, 0, 40, 0, 34, 0.0, 0.0, 0, 0, 0, 0, 0, 0, 0
libsoup, 554005, 2.06, 7, 1, 0, 0, 1897275, 1606736, 1478, 2299, 0, 1601536, 0, 0.075247, 0.010261, 66352, 8316, 0, 0, 120, 140, 7, 0.005906, 0.004534, 61896, 919, 0, 0, 3008, 739, 4
curl, 35459, 0.02, 5, 1, 0, 0, 316282, 59528, 38, 75, 0, 57344, 0, 0.051802999999999995, 0.011954, 60580, 6776, 0, 0, 112, 0, 3, 0.0, 0.0, 0, 0, 0, 0, 0, 0, 0
at-spi2-core, 54026, 11.58, 6, 0, 0, 0, 935598, 636033, 694, 983, 0, 634880, 0, 0.06382399999999999, 0.008509, 61168, 8052, 0, 0, 120, 58, 10, 0.006541, 0.00123, 57372, 921, 0, 0, 1120, 348, 4
xserver-xorg, 482205, 13.63, 20, 2, 3, 2, 5307778, 5020209, 5359, 7158, 61440, 5009408, 0, 0.207276, 0.024873, 68916, 9043, 0, 0, 128, 559, 167, 0.031437, 0.024845, 61396, 914, 1, 120, 9656, 2799, 31
libyaml, 436616, 6.60, 8, 2, 0, 0, 949609, 665121, 639, 956, 0, 667648, 0, 0.089504, 0.020654, 64100, 6080, 0, 0, 112, 44, 38, 0.008052, 0.0, 60504, 896, 0, 0, 1192, 356, 3
xinput, 622263, 1.21, 12, 1, 0, 0, 494850, 209257, 301, 310, 0, 217088, 0, 0.12775, 0.015968, 65952, 7893, 0, 0, 120, 30, 26, 0.006767, 0.00266, 62472, 894, 0, 0, 304, 89, 8
gnome-desktop-testing, 559808, 2.18, 6, 2, 8, 2, 3653461, 714462, 2706, 675, 0, 393216, 12288, 0.062258999999999995, 0.027238, 65396, 11574, 0, 0, 144, 83, 14, 0.089155, 0.029056, 61744, 11764, 0, 0, 624, 313, 77
startup-notification, 383548, 2.24, 8, 1, 0, 0, 699534, 422336, 469, 614, 0, 417792, 0, 0.084047, 0.016808999999999998, 64040, 6182, 0, 0, 120, 46, 134, 0.006705999999999999, 0.004474, 60644, 898, 0, 0, 696, 175, 11
libevdev, 65466, 1.86, 5, 1, 0, 0, 796745, 512758, 671, 750, 0, 516096, 0, 0.059170999999999994, 0.011833999999999999, 60716, 5717, 0, 0, 112, 67, 4, 0.001333, 0.0058189999999999995, 57324, 899, 0, 0, 896, 287, 1
json-glib, 390586, 1.53, 14, 2, 0, 1, 1677565, 1383516, 1199, 2012, 0, 1372160, 0, 0.146974, 0.023833, 64440, 8433, 0, 0, 120, 92, 15, 0.001549, 0.015014999999999999, 60888, 922, 0, 0, 2560, 701, 7
gstreamer1.0-plugins-good, 627973, 3.37, 11, 1, 0, 2, 3209187, 2926532, 3076, 4178, 0, 2916352, 0, 0.112117, 0.016609, 67776, 8748, 0, 0, 128, 340, 14, 0.0, 0.021235, 62932, 903, 0, 0, 5568, 1463, 10
xkbcomp, 621966, 1.48, 12, 2, 1, 0, 575881, 290131, 388, 450, 0, 299008, 0, 0.125904, 0.022217999999999998, 65952, 7904, 0, 0, 120, 35, 52, 0.010595, 0.0, 62472, 903, 0, 0, 464, 145, 0
librsvg, 436696, 133.84, 126, 39, 84, 61, 33835228, 25325237, 50649, 50727, 667648, 24506368, 0, 1.267901, 0.399306, 69824, 219275, 0, 0, 2680, 5814, 1501, 0.8445119999999999, 0.619741, 62684, 154402, 24, 1304, 45184, 10647, 1783
vala, 41486, 0.01, 3, 1, 0, 0, 300951, 45697, 34, 57, 0, 53248, 0, 0.03759, 0.01253, 60092, 4573, 0, 0, 104, 0, 1, 0.0, 0.0, 0, 0, 0, 0, 0, 0, 0
gstreamer1.0-plugins-base, 484906, 2.11, 16, 1, 0, 1, 2732625, 2451560, 2339, 3525, 0, 2437120, 0, 0.16605899999999998, 0.019309, 65392, 8631, 0, 0, 128, 261, 67, 0.0057399999999999994, 0.013557, 61144, 904, 0, 0, 4632, 936, 14
quota, 565307, 1.80, 8, 0, 1, 0, 868664, 586603, 573, 893, 0, 585728, 0, 0.087907, 0.007991, 65116, 6078, 0, 0, 120, 40, 28, 0.010084, 0.002568, 61680, 918, 0, 0, 1024, 312, 13
l3afpad, 647870, 0.89, 12, 1, 15, 4, 5625761, 2977901, 3876, 1504, 0, 1155072, 12288, 0.120137, 0.014133, 66404, 9562, 0, 0, 136, 101, 19, 0.150841, 0.041257999999999996, 62860, 12162, 0, 0, 2120, 1115, 205
libx11, 31762, 2.59, 7, 1, 1, 1, 2210038, 1925227, 1972, 2781, 0, 1921024, 0, 0.073533, 0.012255, 61476, 6211, 0, 0, 120, 228, 14, 0.016302, 0.012237999999999999, 56768, 900, 0, 0, 3632, 813, 13
perl, 44640, 0.02, 5, 0, 0, 0, 307248, 79370, 28, 97, 0, 65536, 0, 0.055446999999999996, 0.007921, 60476, 6512, 0, 0, 128, 0, 0, 0.0, 0.0, 0, 0, 0, 0, 0, 0, 0
xinit, 622264, 1.24, 10, 1, 0, 0, 498845, 216441, 305, 375, 0, 225280, 0, 0.106834, 0.012327, 65988, 8090, 0, 0, 128, 26, 80, 0.0036639999999999997, 0.006496, 62472, 899, 0, 0, 312, 98, 5
procps, 579660, 4.43, 16, 1, 209, 14, 52055238, 52778824, 25507, 6843, 0, 18092032, 12288, 0.165514, 0.011822, 65712, 9909, 0, 0, 160, 388, 111, 2.095926, 0.143082, 62316, 17345, 0, 0, 35176, 9741, 1407
icu, 37888, 22.47, 5, 0, 0, 0, 288526, 56448, 29, 70, 0, 57344, 0, 0.053471, 0.008225999999999999, 60540, 6689, 0, 0, 112, 2, 6, 0.0, 0.0, 0, 0, 0, 0, 0, 0, 0
liberror-perl, 487436, 0.27, 4, 0, 0, 0, 348864, 93050, 184, 173, 0, 98304, 0, 0.049201999999999996, 0.008199999999999999, 63940, 6011, 0, 0, 120, 26, 5, 0.0014399999999999999, 0.002196, 60548, 813, 0, 0, 72, 27, 1
libsoup-2.4, 564565, 0.85, 13, 1, 0, 1, 1871481, 1575726, 1554, 2304, 0, 1572864, 0, 0.134022, 0.014488, 65900, 8166, 0, 0, 120, 181, 95, 0.007851, 0.0104, 61920, 924, 1, 0, 2952, 673, 15
matchbox-session, 632223, 0.00, 6, 0, 0, 0, 275171, 14043, 16, 37, 0, 20480, 0, 0.063861, 0.0, 65724, 4373, 0, 0, 40, 0, 44, 0.0, 0.0, 0, 0, 0, 0, 0, 0, 0
xdpyinfo, 667329, 2.75, 5, 1, 0, 0, 479045, 196678, 319, 310, 0, 200704, 0, 0.050538, 0.012634, 66416, 8124, 0, 0, 120, 26, 4, 0.0045579999999999996, 0.001615, 62900, 903, 0, 0, 272, 104, 2
libxcvt, 383082, 0.94, 9, 1, 9, 2, 3270378, 227588, 1879, 459, 0, 217088, 12288, 0.09396199999999999, 0.018068999999999998, 63720, 11214, 0, 0, 128, 21, 118, 0.09246499999999999, 0.025896, 60304, 11581, 0, 0, 296, 135, 75
libmnl, 539800, 8.98, 4, 0, 0, 0, 655673, 370522, 425, 585, 0, 376832, 0, 0.049324, 0.007587999999999999, 65056, 5969, 0, 0, 120, 36, 29, 0.006539, 0.0, 61660, 914, 0, 0, 616, 182, 0
xf86-video-cirrus, 665343, 1.36, 6, 0, 0, 0, 646562, 360955, 464, 528, 0, 360448, 0, 0.06523799999999999, 0.008154, 66744, 8013, 0, 0, 112, 45, 5, 0.006259, 0.0, 63236, 904, 0, 0, 592, 180, 0
libxcb, 31565, 7.05, 5, 0, 0, 0, 796866, 513863, 548, 755, 0, 516096, 0, 0.053751, 0.008269, 59748, 5836, 0, 0, 120, 60, 1, 0.008948, 0.003819, 56416, 898, 0, 0, 888, 176, 2
expat, 21064, 0.01, 4, 0, 0, 0, 279855, 46459, 26, 57, 0, 53248, 0, 0.046543999999999995, 0.0042309999999999995, 58428, 4488, 0, 0, 104, 0, 4, 0.0, 0.0, 0, 0, 0, 0, 0, 0, 0
wpa-supplicant, 541448, 7.56, 10, 1, 0, 1, 3828881, 3603723, 5893, 6200, 0, 3588096, 0, 0.101556, 0.011283999999999999, 67536, 6785, 0, 0, 144, 1885, 10, 0.005755, 0.013101999999999999, 61404, 809, 0, 0, 6864, 1863, 6
xz, 27855, 0.01, 4, 0, 0, 0, 299032, 43836, 28, 54, 0, 53248, 0, 0.045147, 0.004104, 59420, 4549, 0, 0, 104, 0, 2, 0.0, 0.0, 0, 0, 0, 0, 0, 0, 0
libfm-extra, 425702, 8.71, 7, 2, 0, 0, 1300373, 1014219, 797, 1485, 0, 1007616, 0, 0.073235, 0.023125999999999997, 64220, 8192, 0, 0, 120, 68, 5, 0.006209, 0.006777999999999999, 60728, 916, 0, 0, 1848, 428, 5
libglu, 402666, 9.31, 10, 1, 0, 1, 570721, 279857, 394, 465, 4096, 278528, 0, 0.107959, 0.014889999999999999, 63688, 6000, 0, 8, 112, 46, 35, 0.0, 0.011001, 60304, 922, 0, 0, 432, 127, 11
font-util, 54943, 0.01, 5, 0, 0, 0, 286528, 44593, 29, 55, 0, 53248, 0, 0.056673999999999995, 0.0, 61000, 4707, 0, 0, 104, 0, 3, 0.0, 0.0, 0, 0, 0, 0, 0, 0, 0
glib-2.0, 30313, 87.32, 5, 1, 0, 0, 311271, 84191, 50, 105, 0, 65536, 0, 0.059479, 0.011887, 60144, 6628, 0, 0, 128, 1, 6, 0.0, 0.0, 0, 0, 0, 0, 0, 0, 0
libcap, 36909, 0.01, 3, 0, 0, 0, 263723, 47850, 17, 57, 0, 53248, 0, 0.036358999999999995, 0.008079, 60180, 4563, 0, 0, 104, 0, 1, 0.0, 0.0, 0, 0, 0, 0, 0, 0, 0
libxfixes, 35046, 1.91, 5, 0, 0, 0, 608169, 322279, 381, 518, 0, 323584, 0, 0.05488, 0.00392, 60316, 5763, 0, 0, 112, 32, 61, 0.005719, 0.0, 56968, 897, 0, 0, 520, 119, 5
alsa-lib, 44202, 13.44, 6, 0, 0, 0, 1447711, 1168984, 1114, 1681, 0, 1171456, 0, 0.061686, 0.004112, 60212, 6070, 0, 0, 120, 84, 7, 0.001104, 0.007996999999999999, 56816, 906, 0, 0, 2168, 713, 0
libpcre2, 30259, 0.01, 4, 0, 0, 0, 284827, 43963, 27, 54, 0, 53248, 0, 0.046501999999999995, 0.004227, 59676, 4506, 0, 0, 104, 0, 2, 0.0, 0.0, 0, 0, 0, 0, 0, 0, 0
util-linux-libuuid, 26964, 0.01, 4, 1, 0, 0, 285629, 78943, 29, 87, 0, 65536, 0, 0.044654, 0.012178, 59152, 4486, 0, 0, 128, 0, 6, 0.0, 0.0, 0, 0, 0, 0, 0, 0, 0
matchbox-config-gtk, 647851, 0.46, 7, 0, 7, 1, 3243918, 208824, 1798, 313, 0, 217088, 12288, 0.079673, 0.003793, 66364, 9860, 0, 0, 128, 25, 2, 0.078386, 0.019697, 62852, 11530, 1, 0, 296, 116, 31
libxt, 405410, 2.73, 10, 1, 0, 0, 1033075, 749476, 604, 1108, 0, 749568, 0, 0.109486, 0.019551, 64028, 6226, 0, 0, 120, 56, 41, 0.006886, 0.004495, 60684, 896, 0, 0, 1344, 204, 12
rgb, 622030, 1.26, 12, 1, 0, 0, 474544, 188769, 291, 305, 0, 196608, 0, 0.126186, 0.019715999999999997, 65980, 7891, 0, 0, 120, 27, 77, 0.007068, 0.002704, 62728, 898, 0, 0, 264, 89, 21
elfutils, 43107, 0.02, 5, 0, 0, 0, 299281, 80383, 31, 96, 0, 65536, 0, 0.057581999999999994, 0.008225999999999999, 60428, 6497, 0, 0, 128, 0, 6, 0.0, 0.0, 0, 0, 0, 0, 0, 0, 0
shared-mime-info, 41322, 41.70, 4, 0, 0, 0, 842968, 50966, 226, 64, 0, 57344, 0, 0.048136, 0.004376, 60080, 5661, 0, 0, 112, 4, 4, 0.008695, 0.003991, 56820, 1964, 0, 0, 0, 6, 1
gawk, 406464, 35.50, 18, 1, 3, 2, 7033548, 6729989, 5096, 9492, 0, 6721536, 0, 0.190021, 0.017925999999999997, 68768, 9240, 0, 0, 128, 380, 70, 0.034963, 0.029264, 60088, 901, 0, 0, 13000, 3280, 41
libksba, 552383, 0.44, 5, 1, 0, 0, 1015266, 731376, 1193, 1100, 0, 737280, 0, 0.055347999999999994, 0.010062999999999999, 64924, 6126, 0, 0, 120, 174, 6, 0.002404, 0.008407, 61504, 903, 0, 0, 1320, 356, 14
libtasn1, 37993, 0.01, 4, 0, 0, 0, 292122, 50357, 37, 63, 0, 53248, 0, 0.040119999999999996, 0.008024, 60436, 4675, 0, 0, 104, 0, 0, 0.0, 0.0, 0, 0, 0, 0, 0, 0, 0
python3-pygobject, 589028, 31.93, 11, 1, 1, 0, 927130, 630999, 767, 939, 0, 634880, 0, 0.11170899999999999, 0.015958, 66208, 8162, 0, 0, 128, 107, 109, 0.014568, 0.0, 62724, 924, 0, 0, 1112, 306, 2
libgudev, 495687, 18.99, 5, 1, 0, 0, 389662, 95414, 233, 191, 0, 102400, 0, 0.051663999999999995, 0.012915999999999999, 64736, 5993, 0, 0, 128, 37, 4, 0.0, 0.006238, 61188, 931, 0, 0, 72, 37, 1
libpciaccess, 36620, 1.41, 5, 0, 0, 0, 674498, 392436, 534, 598, 0, 393216, 0, 0.052523999999999994, 0.009549, 60336, 5970, 0, 0, 120, 49, 59, 0.0, 0.006147, 56940, 891, 0, 0, 648, 223, 1
libical, 40937, 0.01, 4, 0, 0, 0, 278581, 48832, 32, 60, 0, 53248, 0, 0.040616, 0.008123, 59928, 4521, 0, 0, 104, 0, 3, 0.0, 0.0, 0, 0, 0, 0, 0, 0, 0
readline, 40529, 0.01, 4, 0, 0, 0, 299360, 50878, 30, 63, 0, 53248, 0, 0.043325999999999996, 0.007877, 60424, 4667, 0, 0, 104, 0, 2, 0.0, 0.0, 0, 0, 0, 0, 0, 0, 0
libunistring, 33208, 0.01, 3, 0, 0, 0, 284112, 43399, 25, 53, 0, 53248, 0, 0.037521, 0.007503999999999999, 59908, 4443, 0, 0, 104, 0, 0, 0.0, 0.0, 0, 0, 0, 0, 0, 0, 0
sed, 64984, 1.42, 8, 0, 0, 0, 1766482, 1462479, 1165, 2119, 0, 1466368, 0, 0.08302, 0.004151, 60824, 8266, 0, 0, 120, 80, 81, 0.0015099999999999998, 0.008636999999999999, 57000, 894, 0, 0, 2744, 550, 4
gconf, 469406, 34.40, 15, 1, 0, 1, 1930648, 1642916, 1797, 2390, 0, 1638400, 0, 0.15861899999999998, 0.015106, 64436, 8394, 0, 0, 136, 225, 96, 0.008268, 0.014790999999999999, 60884, 930, 0, 0, 3064, 834, 10
vulkan-headers, 33738, 67.85, 8, 0, 650, 73, 138155492, 135790694, 62463, 50245, 0, 45461504, 8192, 0.08846799999999999, 0.006804999999999999, 60264, 10874, 0, 0, 168, 257, 17, 6.505533, 0.739567, 86168, 87276, 0, 0, 88624, 63486, 758
init-system-helpers, 633518, 2.06, 5, 1, 9, 1, 4302152, 1482742, 4359, 757, 0, 663552, 12288, 0.055439999999999996, 0.017325, 65640, 9579, 0, 0, 144, 100, 41, 0.095439, 0.016316999999999998, 62132, 11903, 0, 0, 1152, 689, 23
gtk+3, 58327, 15.17, 23, 2, 1, 4, 12849091, 12500172, 10102, 17701, 0, 12464128, 0, 0.235309, 0.024957, 72344, 10258, 0, 0, 120, 1217, 128, 0.019913, 0.044294, 57616, 926, 0, 0, 24224, 3870, 26
libxau, 31335, 6.90, 4, 0, 1, 0, 617509, 331257, 440, 521, 0, 331776, 0, 0.049821, 0.008303, 59752, 5650, 0, 0, 112, 47, 3, 0.012358, 0.0, 56396, 892, 0, 0, 536, 166, 4
connman, 624701, 0.42, 14, 2, 0, 0, 1157142, 857886, 767, 1273, 0, 856064, 0, 0.142587, 0.020368999999999998, 65952, 8333, 0, 0, 136, 58, 6, 0.004069, 0.006572, 62148, 893, 0, 0, 1536, 327, 3
xorgproto, 29953, 13.85, 7, 0, 1, 0, 1102486, 818726, 894, 1183, 0, 819200, 0, 0.079304, 0.008347, 59628, 5884, 0, 0, 112, 96, 8, 0.013302, 0.001766, 56232, 902, 0, 0, 1488, 398, 6
gpgme, 412705, 3.72, 17, 1, 1, 1, 2080050, 1821253, 2677, 2601, 0, 1798144, 0, 0.17990499999999998, 0.011243999999999999, 63876, 8257, 0, 0, 144, 370, 92, 0.01, 0.01868, 60356, 908, 0, 0, 3368, 955, 16
libseccomp, 32576, 5.32, 7, 1, 34, 7, 10561707, 8295967, 13876, 3525, 0, 3055616, 12288, 0.070161, 0.016191, 59920, 7843, 0, 0, 160, 191, 3, 0.34091299999999997, 0.070531, 56428, 12819, 0, 0, 5808, 3724, 179
libsm, 33318, 1.36, 4, 1, 0, 0, 649982, 363377, 478, 528, 0, 364544, 0, 0.041893, 0.013963999999999999, 59860, 5705, 0, 0, 112, 45, 5, 0.006829999999999999, 0.0, 56532, 897, 0, 0, 600, 195, 3
sudo, 632500, 9.75, 12, 1, 1, 0, 5668104, 5383911, 4058, 7695, 0, 5373952, 0, 0.127962, 0.019388, 69544, 8778, 0, 0, 120, 358, 18, 0.016391, 0.005954, 62344, 909, 0, 0, 10376, 1838, 9
dbus-glib, 62029, 0.02, 4, 1, 0, 0, 292836, 53316, 37, 67, 0, 53248, 0, 0.042516, 0.019325, 61096, 6660, 0, 0, 104, 0, 3, 0.0, 0.0, 0, 0, 0, 0, 0, 0, 0
python3-dbus, 588994, 1.97, 12, 0, 1, 0, 951484, 668224, 770, 975, 0, 667648, 0, 0.122004, 0.0073939999999999995, 66084, 8155, 0, 0, 120, 84, 160, 0.010067, 0.002424, 62724, 904, 0, 0, 1184, 329, 5
libinput, 69655, 5.41, 8, 0, 109, 7, 25896040, 25632687, 33021, 7633, 0, 9199616, 12288, 0.087916, 0.008373, 61436, 10000, 0, 0, 160, 214, 6, 1.093312, 0.074851, 57984, 15093, 0, 0, 17808, 12171, 114
wayland, 32005, 3.07, 5, 0, 0, 0, 294970, 57965, 34, 72, 0, 57344, 0, 0.058096999999999996, 0.008298999999999999, 60488, 6666, 0, 0, 112, 1, 1, 0.0, 0.0, 0, 0, 0, 0, 0, 0, 0
alsa-state, 598564, 0.00, 3, 0, 0, 0, 266624, 20030, 15, 45, 0, 20480, 0, 0.038127999999999995, 0.003812, 65464, 4375, 0, 0, 40, 0, 1, 0.0, 0.0, 0, 0, 0, 0, 0, 0, 0
busybox, 523026, 3.88, 10, 2, 1, 0, 2943361, 2773401, 2188, 3907, 0, 2658304, 0, 0.108996, 0.02096, 65608, 8686, 0, 0, 248, 226, 6, 0.01469, 0.0, 62124, 904, 0, 0, 4944, 793, 1
zip, 633211, 2.95, 7, 1, 0, 0, 1447555, 1206033, 1214, 1724, 0, 1191936, 0, 0.07046999999999999, 0.011125999999999999, 65776, 8163, 0, 0, 136, 80, 7, 0.006111999999999999, 0.007723, 62124, 912, 0, 0, 2192, 773, 6
iptables, 508955, 16.35, 11, 3, 1, 0, 1006934, 1006615, 1214, 1832, 24576, 786432, 0, 0.11347, 0.031301999999999996, 65088, 10611, 1, 48, 288, 350, 252, 0.010317999999999999, 0.003777, 61876, 1612, 0, 0, 1248, 365, 7
popt, 43397, 0.01, 4, 0, 0, 0, 292244, 47604, 29, 59, 0, 53248, 0, 0.044482999999999995, 0.004043, 60280, 4604, 0, 0, 104, 0, 1, 0.0, 0.0, 0, 0, 0, 0, 0, 0, 0
xf86-video-vesa, 665275, 2.20, 10, 1, 0, 0, 619204, 333376, 437, 521, 0, 335872, 0, 0.107857, 0.015978, 66728, 8005, 0, 0, 112, 42, 3, 0.004775, 0.0015229999999999998, 63236, 894, 0, 0, 544, 156, 1
pciutils, 651702, 0.31, 9, 1, 0, 0, 789252, 504939, 450, 742, 0, 512000, 0, 0.098171, 0.018879, 66332, 8085, 0, 0, 120, 35, 30, 0.007535, 0.002595, 62860, 893, 0, 0, 880, 210, 12
puzzles, 614891, 38.65, 17, 1, 199, 29, 81531604, 79927588, 26978, 13926, 4096, 26980352, 8192, 0.17480099999999998, 0.014875999999999999, 65936, 9769, 0, 0, 168, 357, 69, 1.9992329999999998, 0.299554, 62444, 13598, 3, 8, 52528, 23195, 976
fribidi, 40224, 1.87, 7, 1, 0, 1, 1572054, 1239749, 1327, 1789, 0, 1236992, 0, 0.073778, 0.013019, 60848, 6130, 0, 0, 120, 89, 4, 0.008201, 0.010131, 56940, 938, 0, 0, 2296, 679, 3
matchbox-panel-2, 529298, 0.82, 9, 1, 7, 2, 4085235, 1199612, 3236, 601, 233472, 573440, 12288, 0.097506, 0.0117, 64700, 7936, 0, 0, 136, 94, 2, 0.070842, 0.027975, 61312, 11698, 6, 456, 984, 610, 22
vte, 559836, 0.76, 7, 1, 1, 0, 1266154, 974665, 1139, 1438, 0, 970752, 0, 0.07611699999999999, 0.016024, 65732, 8391, 0, 0, 120, 117, 32, 0.014398, 0.0, 62256, 922, 0, 0, 1776, 525, 9
mobile-broadband-provider-info, 60030, 1.40, 4, 1, 27, 2, 4738583, 1952263, 3999, 790, 0, 827392, 12288, 0.042145999999999996, 0.019157, 61008, 7778, 0, 0, 144, 82, 3, 0.279111, 0.028940999999999998, 57612, 14166, 0, 0, 1472, 610, 27
openssl, 21364, 0.02, 6, 0, 0, 0, 311985, 65161, 38, 79, 0, 57344, 0, 0.067692, 0.003981, 58768, 6520, 0, 0, 112, 0, 1, 0.0, 0.0, 0, 0, 0, 0, 0, 0, 0
gtk-doc, 499808, 0.05, 8, 0, 0, 0, 285754, 57538, 27, 70, 24576, 57344, 0, 0.08563799999999999, 0.0, 64988, 4728, 0, 48, 112, 1, 49, 0.0, 0.0, 0, 0, 0, 0, 0, 0, 0
udev-extraconf, 647930, 0.01, 4, 0, 0, 0, 262283, 28873, 13, 56, 0, 24576, 0, 0.045471, 0.003789, 66144, 4334, 0, 0, 48, 0, 3, 0.0, 0.0, 0, 0, 0, 0, 0, 0, 0
psplash, 637951, 0.58, 10, 1, 8, 3, 3495074, 493814, 2017, 391, 0, 315392, 12288, 0.10843599999999999, 0.014955999999999999, 66472, 9986, 0, 0, 144, 52, 20, 0.089921, 0.033892, 63076, 11627, 0, 0, 472, 215, 163
gnupg, 621690, 1.72, 24, 5, 1, 4, 7758370, 7443028, 10296, 10500, 0, 7426048, 0, 0.248441, 0.052946, 69284, 9167, 0, 0, 136, 1549, 260, 0.019486, 0.049949, 62136, 906, 0, 0, 14368, 3498, 8
xset, 666880, 1.38, 4, 1, 0, 0, 480576, 198085, 268, 310, 0, 200704, 0, 0.049991, 0.012497, 66744, 8133, 0, 0, 120, 20, 2, 0.0, 0.0056359999999999995, 63236, 905, 0, 0, 272, 73, 1
libxtst, 44362, 1.49, 5, 0, 0, 0, 630310, 344175, 472, 523, 0, 348160, 0, 0.055663, 0.007951, 60192, 5708, 0, 0, 112, 43, 6, 0.004748, 0.006676, 56848, 894, 0, 0, 568, 179, 3
tcp-wrappers, 496060, 0.91, 7, 0, 0, 0, 401013, 267005, 281, 387, 0, 204800, 0, 0.07321699999999999, 0.0040669999999999994, 64768, 6040, 0, 0, 200, 62, 2, 0.0014839999999999999, 0.002281, 61540, 801, 0, 0, 200, 65, 2
base-passwd, 33008, 0.80, 6, 1, 0, 0, 408334, 140916, 279, 280, 0, 135168, 0, 0.066194, 0.012411, 59836, 5845, 0, 0, 136, 23, 21, 0.004269, 0.005709, 56464, 910, 0, 0, 128, 51, 8
file, 42325, 0.02, 4, 0, 1, 0, 867391, 49270, 218, 61, 0, 53248, 0, 0.049059, 0.0, 60148, 5788, 0, 0, 104, 3, 2, 0.011009999999999999, 0.0013909999999999999, 56660, 1961, 0, 0, 0, 7, 0
libmicrohttpd, 43047, 0.01, 4, 0, 0, 0, 283951, 44711, 29, 55, 0, 53248, 0, 0.047109, 0.0, 60164, 4490, 0, 0, 104, 0, 1, 0.0, 0.0, 0, 0, 0, 0, 0, 0, 0
rpcbind, 652662, 8.77, 10, 1, 1, 0, 514544, 199743, 288, 337, 0, 192512, 0, 0.106763, 0.012317999999999999, 66684, 8196, 0, 0, 128, 27, 190, 0.010048, 0.0, 63116, 924, 1, 0, 248, 85, 3
libpthread-stubs, 30956, 7.99, 5, 0, 1, 0, 396118, 112422, 219, 230, 0, 114688, 0, 0.052495, 0.0, 59672, 5578, 0, 0, 112, 22, 2, 0.010031, 0.001351, 56340, 900, 0, 0, 112, 46, 2
eudev, 41363, 2.48, 11, 1, 2, 2, 2562460, 2279839, 2548, 3277, 0, 2269184, 0, 0.11921899999999999, 0.012773, 60072, 8187, 0, 0, 128, 185, 11, 0.022729, 0.02435, 56588, 908, 0, 0, 4304, 1416, 5
libxml2, 30063, 20.70, 13, 3, 0, 3, 9055367, 8668400, 6078, 12413, 0, 8638464, 0, 0.130735, 0.030504, 63348, 10603, 0, 0, 136, 688, 12, 0.009292, 0.030227999999999998, 55988, 1844, 0, 0, 16736, 2146, 12
iproute2, 593985, 0.61, 12, 1, 0, 1, 1261749, 987915, 809, 1458, 0, 995328, 0, 0.12341999999999999, 0.017023, 65984, 8284, 0, 0, 120, 54, 68, 0.004666, 0.011901, 62708, 893, 0, 0, 1824, 434, 7
libpsl, 478113, 4.23, 20, 0, 2, 3, 7998092, 7705338, 6453, 10897, 0, 7684096, 0, 0.20851, 0.007722, 68672, 9083, 0, 0, 120, 475, 199, 0.025903, 0.032723999999999996, 60884, 921, 0, 0, 14888, 4100, 42
rpm, 406341, 0.08, 8, 2, 2, 0, 828306, 98931, 221, 120, 0, 69632, 0, 0.086296, 0.023535, 63852, 7925, 0, 0, 136, 2, 56, 0.023169, 0.002104, 60348, 2003, 1, 0, 0, 7, 8
xinput-calibrator, 666837, 1.42, 6, 0, 7, 1, 4165970, 1276995, 3211, 830, 0, 589824, 12288, 0.064132, 0.00855, 66744, 10053, 0, 0, 144, 100, 5, 0.07456499999999999, 0.018855, 63236, 11724, 0, 0, 1008, 658, 17
ncurses, 26081, 12.31, 5, 0, 0, 0, 850437, 68409, 227, 85, 0, 61440, 0, 0.054057, 0.008316, 59148, 7902, 0, 0, 120, 4, 1, 0.005526, 0.006483999999999999, 55372, 1947, 0, 0, 0, 7, 1
xf86-video-vmware, 666343, 2.71, 5, 0, 0, 0, 760340, 474790, 570, 737, 0, 475136, 0, 0.058776999999999996, 0.008395999999999999, 66412, 7970, 0, 0, 112, 53, 2, 0.0, 0.006924, 62900, 907, 0, 0, 816, 228, 2
mpg123, 554180, 10.98, 6, 0, 1, 0, 1439710, 1152687, 1200, 1683, 0, 1155072, 0, 0.069811, 0.0036739999999999997, 65732, 6052, 0, 0, 112, 137, 171, 0.015446, 0.0, 61896, 901, 0, 0, 2144, 569, 9
findutils, 490656, 1.61, 10, 1, 1, 0, 2416597, 2119039, 1558, 3002, 0, 2113536, 0, 0.104317, 0.012036, 64212, 8430, 0, 0, 120, 111, 5, 0.013158999999999999, 0.001418, 60368, 901, 0, 0, 4008, 785, 3
libxi, 42205, 1.52, 4, 1, 0, 0, 747482, 461039, 506, 673, 0, 462848, 0, 0.043765, 0.013129, 60000, 5684, 0, 0, 112, 48, 6, 0.0012619999999999999, 0.004299, 56640, 899, 0, 0, 792, 154, 6
gdk-pixbuf, 41419, 78.25, 18, 2, 3, 3, 6918441, 6619201, 7155, 9426, 0, 6602752, 0, 0.183669, 0.024489, 65516, 9253, 0, 0, 136, 864, 19, 0.039749, 0.034106, 56940, 919, 0, 0, 12760, 3751, 21
dosfstools, 652617, 0.92, 13, 0, 0, 0, 735949, 385686, 553, 639, 0, 389120, 0, 0.132496, 0.0040149999999999995, 66392, 8056, 0, 0, 120, 57, 44, 0.009802, 0.0026669999999999997, 62604, 937, 1, 0, 640, 170, 1
libdnf, 535257, 4.49, 9, 1, 131, 13, 53274535, 57310489, 80400, 21152, 0, 20340736, 8192, 0.097176, 0.012674999999999999, 65136, 10033, 0, 0, 176, 225, 13, 1.318305, 0.136593, 61660, 16725, 0, 0, 39552, 28150, 268
libtool, 386290, 0.03, 8, 0, 0, 0, 301834, 102226, 32, 120, 0, 73728, 0, 0.089822, 0.0074849999999999995, 64128, 4854, 0, 0, 144, 0, 125, 0.0, 0.0, 0, 0, 0, 0, 0, 0, 0
openssh, 522937, 2.75, 10, 2, 0, 1, 2232285, 1951215, 3036, 3282, 0, 1916928, 0, 0.101572, 0.022570999999999997, 65604, 8602, 0, 0, 144, 939, 9, 0.0, 0.014018, 62120, 801, 0, 0, 3600, 951, 4
dbus, 34913, 3.35, 12, 1, 0, 1, 1754380, 1445388, 1294, 2073, 0, 1437696, 0, 0.127711, 0.017027999999999998, 60836, 8380, 0, 0, 120, 128, 73, 0.0, 0.013026999999999999, 56968, 894, 0, 0, 2688, 512, 8
libmatchbox, 499167, 4.57, 11, 0, 11, 3, 3680129, 714220, 2947, 685, 0, 393216, 12288, 0.119325, 0.008523, 64604, 7653, 0, 0, 144, 213, 95, 0.119821, 0.036805, 61268, 11664, 0, 0, 624, 258, 358
nettle, 32380, 0.01, 4, 0, 0, 0, 294802, 55304, 31, 68, 0, 57344, 0, 0.043271, 0.007866999999999999, 59928, 4565, 0, 0, 112, 0, 21, 0.0, 0.0, 0, 0, 0, 0, 0, 0, 0
speexdsp, 65126, 17.63, 6, 0, 0, 0, 1267195, 981795, 874, 1469, 0, 983040, 0, 0.068312, 0.0, 60672, 5801, 0, 0, 112, 79, 54, 0.0061979999999999995, 0.004830999999999999, 57268, 910, 0, 0, 1808, 483, 1
acl, 37405, 0.02, 8, 1, 0, 0, 294074, 57615, 29, 71, 0, 57344, 0, 0.085771, 0.019493, 60408, 4696, 0, 0, 112, 0, 81, 0.0, 0.0, 0, 0, 0, 0, 0, 0, 0
btrfs-tools, 622815, 8.32, 13, 2, 197, 20, 38065665, 40177371, 39981, 8952, 0, 14180352, 12288, 0.13082, 0.021803, 66092, 10009, 0, 0, 168, 282, 64, 1.9710679999999998, 0.201591, 62728, 17550, 0, 0, 27528, 14161, 698
socat, 622817, 6.99, 12, 1, 0, 0, 842115, 577437, 934, 1026, 0, 585728, 0, 0.12115899999999999, 0.014686, 65984, 7936, 0, 0, 120, 281, 46, 0.005915, 0.0035199999999999997, 62472, 801, 0, 0, 1024, 280, 4
opkg-utils, 20684, 14.19, 4, 0, 9, 1, 3490854, 527964, 2299, 421, 0, 327680, 12288, 0.048820999999999996, 0.0034869999999999996, 58184, 7574, 0, 0, 136, 87, 11, 0.096953, 0.010811, 54696, 11710, 0, 0, 504, 402, 6
zlib, 20870, 0.01, 4, 0, 0, 0, 270794, 47703, 19, 58, 0, 53248, 0, 0.042411, 0.003855, 58244, 4465, 0, 0, 104, 0, 4, 0.0, 0.0, 0, 0, 0, 0, 0, 0, 0
dropbear, 650945, 12.92, 14, 1, 0, 2, 2702678, 2416196, 1742, 3525, 0, 2400256, 0, 0.146005, 0.013273, 66516, 8529, 0, 0, 136, 186, 166, 0.002277, 0.025561999999999998, 63120, 901, 0, 0, 4552, 875, 1
libxshmfence, 37844, 1.74, 6, 0, 0, 0, 601609, 319578, 435, 520, 0, 323584, 0, 0.06589099999999999, 0.008236, 60336, 5974, 0, 0, 120, 39, 8, 0.00775, 0.0, 56940, 901, 0, 0, 512, 159, 3
shadow, 34224, 2.18, 16, 1, 2, 1, 4641325, 4360191, 3484, 6250, 0, 4333568, 0, 0.165052, 0.016928, 63504, 8683, 0, 0, 136, 269, 25, 0.020294, 0.018116999999999998, 56324, 911, 0, 0, 8328, 2187, 8
make, 526592, 0.01, 4, 0, 0, 0, 284807, 48594, 31, 60, 0, 53248, 0, 0.044296999999999996, 0.008054, 65048, 4741, 0, 0, 104, 0, 2, 0.0, 0.0, 0, 0, 0, 0, 0, 0, 0
libusb1, 58781, 1.14, 5, 0, 0, 0, 978290, 692672, 942, 1080, 0, 688128, 0, 0.055305999999999994, 0.0039499999999999995, 60744, 6222, 0, 0, 120, 91, 5, 0.004256, 0.003021, 57320, 915, 0, 0, 1224, 397, 2
json-c, 55073, 1.19, 6, 0, 0, 0, 727816, 448020, 577, 685, 0, 454656, 0, 0.061799999999999994, 0.007724999999999999, 61024, 6170, 0, 0, 120, 43, 3, 0.002806, 0.00993, 57628, 908, 0, 0, 768, 228, 4
matchbox-terminal, 634113, 0.36, 5, 1, 4, 3, 3200295, 159277, 1811, 365, 0, 434176, 8192, 0.05391, 0.015401999999999999, 65900, 9556, 0, 0, 128, 16, 5, 0.040712, 0.034423999999999996, 62420, 12874, 0, 0, 720, 98, 18
libidn2, 33906, 0.01, 4, 0, 0, 0, 293749, 47578, 39, 60, 0, 53248, 0, 0.040615, 0.008123, 60088, 4531, 0, 0, 104, 0, 5, 0.0, 0.0, 0, 0, 0, 0, 0, 0, 0
grep, 579589, 1.88, 14, 1, 0, 0, 2064875, 1766963, 917, 2548, 0, 1765376, 0, 0.14909, 0.012088, 65544, 8093, 0, 0, 112, 63, 71, 0.005915, 0.008492, 62056, 901, 0, 0, 3336, 378, 9
librepo, 440220, 11.28, 12, 1, 36, 9, 14444420, 12907663, 14056, 5250, 0, 4571136, 8192, 0.12526299999999999, 0.016162, 64140, 11461, 0, 0, 168, 231, 116, 0.364575, 0.09539399999999999, 60812, 12839, 0, 0, 8760, 5956, 149
libcomps, 535249, 2.87, 6, 1, 19, 4, 10430423, 8254646, 9176, 3650, 503808, 2957312, 12288, 0.067685, 0.015040999999999999, 65000, 11484, 0, 0, 160, 196, 9, 0.19178299999999998, 0.041309, 61660, 14350, 16, 984, 5616, 3804, 43
mtdev, 65771, 0.31, 5, 0, 0, 0, 617079, 350664, 627, 619, 0, 356352, 0, 0.052488, 0.008074999999999999, 60720, 5782, 0, 0, 112, 158, 12, 0.001241, 0.006281999999999999, 57076, 806, 0, 0, 584, 174, 2
util-macros, 29536, 13.30, 3, 1, 0, 0, 443672, 164387, 307, 301, 0, 167936, 0, 0.037734, 0.015092999999999999, 59520, 5845, 0, 0, 120, 31, 5, 0.008638, 0.0, 56184, 899, 0, 0, 208, 79, 0
pulseaudio, 480226, 14.49, 11, 1, 1, 1, 1938140, 1631069, 1806, 2373, 0, 1622016, 0, 0.11727299999999999, 0.011727, 64852, 8547, 0, 0, 136, 187, 68, 0.019476999999999998, 0.011977999999999999, 61396, 908, 1, 0, 3032, 907, 9
libvorbis, 44418, 4.32, 8, 0, 1, 0, 1549029, 1267627, 1170, 1841, 0, 1265664, 0, 0.08312, 0.0, 60212, 6037, 0, 0, 120, 83, 8, 0.014263999999999999, 0.0051199999999999996, 56860, 902, 0, 0, 2352, 568, 7
orc, 65361, 1.68, 4, 1, 0, 0, 549220, 262513, 380, 393, 0, 262144, 0, 0.0446, 0.012163, 60792, 5901, 0, 0, 112, 35, 2, 0.00828, 0.0, 57296, 903, 0, 0, 400, 138, 1
gdbm, 21431, 0.02, 5, 0, 0, 0, 293835, 51917, 33, 65, 0, 53248, 0, 0.051843, 0.007975, 58620, 6458, 0, 0, 104, 0, 3, 0.0, 0.0, 0, 0, 0, 0, 0, 0, 0
diffutils, 490585, 3.51, 7, 1, 0, 1, 1993712, 1695646, 1440, 2419, 0, 1691648, 0, 0.076474, 0.018208, 64164, 8252, 0, 0, 120, 94, 16, 0.004122, 0.010443, 60612, 901, 0, 0, 3184, 866, 4
xf86-video-fbdev, 665547, 1.39, 6, 0, 0, 0, 638502, 352994, 469, 526, 0, 356352, 0, 0.060868, 0.008114999999999999, 66768, 8072, 0, 0, 112, 44, 5, 0.006698, 0.0, 63236, 898, 0, 0, 584, 183, 1
linux-libc-headers, 9251, 70.56, 166, 20, 47, 88, 139621673, 139179437, 138845, 194223, 0, 138977280, 0, 1.6684350000000001, 0.205979, 192336, 27236, 0, 0, 128, 9226, 197, 0.47096, 0.8822789999999999, 53928, 899, 0, 0, 271312, 89391, 408
xkeyboard-config, 44530, 1.84, 6, 1, 0, 1, 1241610, 958087, 886, 1400, 0, 954368, 0, 0.06687599999999999, 0.019669, 60380, 5939, 0, 0, 112, 80, 6, 0.0051129999999999995, 0.010825, 56884, 910, 0, 0, 1752, 305, 4
util-linux, 29310, 0.02, 6, 0, 0, 0, 337366, 82514, 48, 95, 0, 65536, 0, 0.063586, 0.007948, 60228, 6658, 0, 0, 128, 0, 3, 0.0, 0.0, 0, 0, 0, 0, 0, 0, 0
libice, 33262, 1.38, 5, 0, 0, 0, 679043, 392622, 515, 596, 0, 397312, 0, 0.055063, 0.0, 59900, 5675, 0, 0, 112, 49, 13, 0.0038669999999999998, 0.002508, 56528, 900, 0, 0, 664, 206, 1
gnutls, 38066, 0.02, 5, 0, 0, 0, 304520, 62085, 43, 78, 0, 57344, 0, 0.058141, 0.008305, 60680, 6694, 0, 0, 112, 0, 3, 0.0, 0.0, 0, 0, 0, 0, 0, 0, 0
attr, 31622, 0.02, 5, 0, 0, 0, 308299, 48794, 34, 61, 0, 53248, 0, 0.054991, 0.004229999999999999, 60012, 6529, 0, 0, 104, 0, 2, 0.0, 0.0, 0, 0, 0, 0, 0, 0, 0
avahi, 69533, 1.13, 7, 2, 0, 0, 2038606, 1718548, 1473, 2489, 0, 1675264, 0, 0.07503699999999999, 0.022511, 62308, 8460, 0, 0, 152, 101, 7, 0.0013599999999999999, 0.008721999999999999, 58500, 934, 0, 0, 3120, 712, 3
libfontenc, 60736, 0.01, 4, 0, 0, 0, 285624, 44595, 29, 55, 0, 53248, 0, 0.042335, 0.004233, 61008, 4660, 0, 0, 104, 0, 1, 0.0, 0.0, 0, 0, 0, 0, 0, 0, 0
which, 622820, 1.20, 12, 2, 0, 0, 504721, 209007, 262, 311, 0, 221184, 0, 0.12104699999999999, 0.021615, 66020, 8263, 0, 0, 128, 18, 58, 0.002642, 0.006313, 62216, 900, 0, 0, 304, 84, 6
libepoxy, 49907, 2.60, 7, 0, 38, 4, 12363796, 10978138, 9648, 4536, 0, 3846144, 12288, 0.074725, 0.008791, 61060, 11185, 0, 0, 152, 154, 21, 0.381835, 0.049377, 57572, 24305, 0, 0, 7360, 4601, 42
gobject-introspection, 36100, 0.02, 5, 0, 0, 0, 314961, 50425, 44, 64, 0, 53248, 0, 0.057749999999999996, 0.00825, 60756, 6862, 0, 0, 104, 0, 2, 0.0, 0.0, 0, 0, 0, 0, 0, 0, 0
xauth, 666448, 1.23, 5, 0, 0, 0, 498842, 213189, 335, 371, 0, 217088, 0, 0.056569999999999995, 0.007541999999999999, 66344, 7903, 0, 0, 112, 27, 7, 0.006493, 0.0, 62900, 902, 0, 0, 312, 98, 0
libmpc, 541386, 0.01, 3, 0, 0, 0, 283442, 43972, 27, 54, 4096, 53248, 0, 0.039661999999999996, 0.007932, 65000, 4734, 1, 8, 104, 1, 3, 0.0, 0.0, 0, 0, 0, 0, 0, 0, 0
menu-cache, 527114, 65.01, 7, 2, 0, 0, 648986, 612882, 851, 1233, 0, 405504, 0, 0.070676, 0.020787, 65084, 9462, 0, 0, 272, 263, 9, 0.009075, 0.001423, 61820, 1726, 0, 0, 520, 210, 1
initscripts, 33424, 0.01, 4, 0, 0, 0, 267275, 93820, 13, 132, 0, 49152, 0, 0.041328, 0.008265, 59752, 4244, 0, 0, 96, 0, 4, 0.0, 0.0, 0, 0, 0, 0, 0, 0, 0
libtirpc, 26285, 0.01, 4, 1, 0, 0, 282951, 43351, 25, 53, 0, 53248, 0, 0.044003, 0.012, 59036, 4436, 0, 0, 104, 0, 4, 0.0, 0.0, 0, 0, 0, 0, 0, 0, 0
cairo, 38844, 220.71, 86, 13, 23, 35, 42541434, 42159798, 45522, 59287, 18558976, 42123264, 0, 0.867578, 0.137219, 98428, 14541, 142, 36040, 136, 4908, 698, 0.233621, 0.35072899999999996, 57148, 917, 1, 208, 82136, 24481, 211
gst-examples, 647975, 1.57, 9, 0, 13, 5, 6086658, 3742673, 4713, 1413, 0, 1445888, 12288, 0.094514, 0.008218, 66792, 10179, 0, 0, 144, 200, 34, 0.132371, 0.053337999999999997, 63460, 12115, 0, 0, 2680, 910, 148
libmodulemd, 499895, 10.44, 13, 1, 45, 9, 19423878, 18681622, 22355, 7336, 188416, 6582272, 8192, 0.133486, 0.013807999999999999, 65100, 11331, 0, 0, 152, 260, 38, 0.454814, 0.09770799999999999, 61612, 14001, 8, 368, 12704, 8879, 387
libnl, 44474, 1.82, 8, 1, 0, 1, 1430831, 1140875, 1406, 1661, 0, 1138688, 0, 0.08569, 0.014280999999999999, 60468, 8043, 0, 0, 120, 110, 8, 0.008296, 0.018203999999999998, 57124, 915, 0, 0, 2104, 654, 8
nghttp2, 495869, 1.23, 7, 0, 0, 0, 1939437, 1615005, 1349, 2349, 0, 1609728, 0, 0.07765999999999999, 0.0077659999999999995, 64644, 6250, 0, 0, 120, 96, 5, 0.00597, 0.008473, 61200, 934, 0, 0, 3024, 683, 2
fontconfig, 35915, 18.31, 10, 0, 2, 0, 2479652, 2191912, 2241, 3166, 0, 2187264, 0, 0.100214, 0.0, 60848, 6344, 0, 0, 120, 282, 15, 0.029363, 0.004638, 56968, 906, 0, 0, 4152, 897, 8
libxxf86vm, 37515, 1.59, 4, 0, 0, 0, 607930, 322078, 365, 518, 0, 323584, 0, 0.044472, 0.007411999999999999, 60344, 5834, 0, 0, 112, 31, 2, 0.003466, 0.002093, 56940, 901, 0, 0, 520, 90, 5
libdrm, 37459, 2.10, 11, 0, 0, 0, 820554, 534488, 584, 821, 0, 532480, 0, 0.115954, 0.003865, 60592, 7939, 0, 0, 112, 61, 28, 0.006533, 0.0, 57196, 905, 0, 0, 928, 193, 2
flac, 44639, 5.32, 6, 1, 2, 0, 1352902, 1065847, 981, 1549, 0, 1064960, 0, 0.064993, 0.017331, 60292, 5820, 0, 0, 112, 70, 2, 0.023016, 0.0, 56896, 909, 0, 0, 1968, 480, 3
settings-daemon, 596884, 0.41, 5, 2, 4, 3, 3279877, 249340, 1983, 492, 81920, 229376, 12288, 0.053036, 0.024478, 65972, 10050, 0, 0, 144, 27, 2, 0.044964, 0.031326, 62452, 11549, 4, 160, 304, 192, 4
bash, 55435, 24.58, 21, 1, 3, 3, 11350861, 11058698, 9655, 15523, 0, 11022336, 0, 0.211705, 0.017072, 70420, 9865, 0, 0, 128, 666, 32, 0.037198999999999996, 0.032559, 57872, 904, 0, 0, 21400, 6357, 21
libptytty, 535174, 68.00, 8, 0, 0, 0, 387959, 379165, 262, 746, 0, 184320, 0, 0.080566, 0.00848, 64888, 10350, 0, 0, 264, 100, 3, 0.006292, 0.0015459999999999998, 61784, 1606, 0, 0, 96, 41, 2
libarchive, 42942, 0.01, 4, 0, 0, 0, 298760, 47535, 28, 58, 0, 53248, 0, 0.044448, 0.00404, 60244, 4579, 0, 0, 104, 0, 3, 0.0, 0.0, 0, 0, 0, 0, 0, 0, 0
libfakekey, 564190, 0.52, 12, 1, 9, 2, 3226098, 184966, 1925, 471, 0, 200704, 12288, 0.124425, 0.01659, 65064, 11082, 0, 0, 136, 45, 47, 0.09346499999999999, 0.028967, 61664, 11487, 1, 0, 256, 118, 150
libogg, 42139, 3.92, 5, 0, 0, 0, 771626, 486344, 515, 748, 0, 487424, 0, 0.054417999999999994, 0.0, 60028, 5717, 0, 0, 112, 37, 2, 0.002521, 0.0038269999999999997, 56632, 902, 0, 0, 840, 249, 0
mpfr, 484306, 0.02, 5, 0, 0, 0, 283793, 43360, 25, 53, 0, 53248, 0, 0.055233, 0.008497, 63888, 4634, 0, 0, 104, 3, 25, 0.0, 0.0, 0, 0, 0, 0, 0, 0, 0
mesa, 38477, 49.86, 36, 3, 10, 14, 19302964, 18968693, 20628, 26714, 0, 18931712, 0, 0.36194899999999997, 0.037443, 77364, 10988, 0, 0, 136, 2162, 78, 0.106682, 0.147086, 57544, 924, 0, 0, 36840, 10866, 57
libtool-cross, 20354, 0.01, 4, 0, 0, 0, 287563, 101271, 29, 119, 0, 73728, 0, 0.04154, 0.008308, 58260, 4297, 0, 0, 144, 0, 3, 0.0, 0.0, 0, 0, 0, 0, 0, 0, 0
ofono, 368787, 0.65, 11, 2, 1, 0, 1453396, 1169486, 962, 1693, 0, 1167360, 0, 0.12000799999999999, 0.023226999999999998, 63712, 6234, 0, 0, 128, 76, 62, 0.015517, 0.0, 60216, 896, 0, 0, 2152, 545, 11
libtheora, 397822, 9.95, 11, 0, 0, 1, 2250730, 1969641, 1449, 2852, 0, 1966080, 0, 0.11596, 0.0, 64852, 6237, 0, 0, 120, 120, 86, 0.0066099999999999996, 0.017081, 60292, 910, 0, 0, 3720, 801, 9
libsamplerate0, 505877, 2.98, 11, 1, 1, 1, 3676653, 3393781, 3067, 4819, 0, 3387392, 0, 0.113935, 0.018376, 67780, 6419, 0, 0, 120, 208, 54, 0.019936, 0.01755, 61604, 919, 0, 0, 6496, 2028, 19
ptest-runner, 424377, 0.61, 6, 3, 6, 2, 3376259, 369837, 2125, 373, 0, 274432, 12288, 0.061257, 0.03243, 64060, 7710, 0, 0, 128, 29, 37, 0.069546, 0.029501, 60516, 11583, 0, 0, 408, 249, 21
alsa-utils, 582412, 1.42, 14, 2, 0, 1, 1978362, 1695159, 1313, 2414, 0, 1687552, 0, 0.143962, 0.02273, 66096, 8521, 0, 0, 120, 94, 81, 0.002388, 0.019492, 62728, 907, 0, 0, 3176, 770, 16
dbus-wait, 627858, 0.42, 10, 2, 5, 3, 3200232, 158884, 1627, 183, 0, 311296, 8192, 0.104238, 0.020045, 66136, 9633, 0, 0, 128, 15, 2, 0.058879, 0.037725, 62672, 12135, 0, 0, 480, 118, 4
dnf, 611296, 14.46, 14, 2, 578, 91, 178257694, 194171097, 131689, 71378, 0, 66117632, 8192, 0.14391199999999998, 0.021804, 66044, 10037, 0, 0, 176, 308, 85, 5.784541, 0.9140419999999999, 62704, 20406, 0, 0, 128960, 74190, 12598
libxcomposite, 53584, 1.38, 3, 1, 0, 0, 608631, 326003, 421, 522, 0, 327680, 0, 0.037458, 0.016648, 60980, 5990, 0, 0, 120, 40, 1, 0.0012439999999999999, 0.004514, 57628, 893, 0, 0, 520, 151, 2
harfbuzz, 40183, 12.46, 29, 3, 3, 13, 19367361, 19011092, 19326, 26672, 0, 18972672, 0, 0.290153, 0.030364, 77896, 10705, 0, 0, 120, 1247, 37, 0.031813, 0.139326, 57196, 928, 0, 0, 36936, 12269, 40
python3, 28154, 0.02, 8, 0, 0, 0, 429495, 140288, 42, 166, 0, 86016, 0, 0.08532, 0.008125, 61752, 6994, 0, 0, 168, 1, 1, 0.0, 0.0, 0, 0, 0, 0, 0, 0, 0
libnsl2, 27973, 0.02, 4, 0, 0, 0, 822820, 46825, 219, 58, 0, 53248, 0, 0.042413, 0.004241, 59308, 5444, 0, 0, 104, 3, 3, 0.008477, 0.003392, 55960, 1933, 0, 0, 0, 7, 1
modutils-initscripts, 662703, 0.01, 6, 0, 0, 0, 265157, 14161, 15, 37, 0, 20480, 0, 0.064409, 0.0037879999999999997, 66204, 4435, 0, 0, 40, 0, 42, 0.0, 0.0, 0, 0, 0, 0, 0, 0, 0
xrandr, 37571, 1.20, 4, 0, 0, 0, 515619, 230141, 374, 375, 0, 233472, 0, 0.048369999999999996, 0.00403, 60300, 5838, 0, 0, 112, 29, 4, 0.005149, 0.0, 56940, 892, 0, 0, 344, 116, 2
strace, 498512, 17.18, 8, 1, 0, 1, 2767003, 2506988, 1935, 3594, 61440, 2490368, 0, 0.084696, 0.013373, 65236, 6451, 0, 0, 144, 162, 11, 0.001333, 0.017148999999999998, 61256, 921, 1, 120, 4720, 1024, 6
libsolv, 491679, 11.56, 10, 1, 142, 32, 46027815, 48814515, 37294, 18366, 24576, 16781312, 12288, 0.10142999999999999, 0.013989999999999999, 64024, 11178, 0, 0, 160, 228, 24, 1.4204759999999998, 0.32064499999999996, 60688, 14362, 1, 48, 32616, 21775, 347
python3-pycairo, 535018, 1.07, 5, 1, 0, 0, 746660, 412304, 564, 626, 225280, 413696, 0, 0.052308999999999994, 0.012071, 65128, 6173, 0, 0, 120, 42, 4, 0.007877, 0.0, 61660, 942, 4, 440, 688, 209, 1
qemuwrapper-cross, 594672, 0.01, 8, 0, 0, 0, 263965, 10148, 15, 33, 0, 20480, 0, 0.08325199999999999, 0.008324999999999999, 65680, 4344, 0, 0, 40, 0, 21, 0.0, 0.0, 0, 0, 0, 0, 0, 0, 0
libxmu, 491562, 1.39, 6, 0, 0, 0, 692527, 406083, 505, 599, 0, 409600, 0, 0.06919399999999999, 0.0, 64040, 5844, 0, 0, 112, 51, 5, 0.005251, 0.001862, 60680, 893, 0, 0, 688, 195, 3
xtrans, 30735, 8.08, 4, 2, 0, 1, 513546, 230477, 349, 379, 0, 233472, 0, 0.046314999999999995, 0.025262, 59692, 5831, 0, 0, 120, 34, 3, 0.0, 0.010187, 56320, 903, 0, 0, 336, 105, 1
libfm, 564988, 0.03, 7, 0, 0, 0, 301131, 55224, 41, 69, 0, 53248, 0, 0.073271, 0.00407, 65712, 6731, 0, 0, 104, 1, 9, 0.0, 0.0, 0, 0, 0, 0, 0, 0, 0
libnss-mdns, 598724, 0.82, 6, 1, 6, 2, 3958317, 981223, 3498, 845, 0, 479232, 12288, 0.061271, 0.015316999999999999, 65636, 9647, 0, 0, 136, 77, 42, 0.066957, 0.024037, 62124, 11711, 0, 0, 800, 485, 20
xmodmap, 667561, 1.18, 6, 0, 0, 0, 481392, 195740, 303, 306, 0, 200704, 0, 0.060691999999999996, 0.003793, 66748, 7981, 0, 0, 112, 25, 2, 0.001468, 0.004001, 63236, 906, 0, 0, 280, 96, 1
freetype, 34773, 8.01, 11, 2, 0, 1, 2857145, 2567940, 2387, 3653, 0, 2560000, 0, 0.119583, 0.023145, 61344, 6102, 0, 0, 112, 161, 39, 0.0077789999999999995, 0.016498, 56968, 919, 0, 0, 4888, 1577, 5
libjpeg-turbo, 39992, 5.00, 8, 0, 0, 2, 3141956, 2867232, 3130, 4086, 0, 2863104, 0, 0.081375, 0.00775, 60300, 6268, 0, 0, 120, 189, 7, 0.006624, 0.021386, 56688, 916, 0, 0, 5472, 1831, 7
libxcursor, 52435, 1.50, 5, 0, 0, 0, 623138, 337046, 423, 522, 0, 339968, 0, 0.056116, 0.003741, 60640, 5715, 0, 0, 112, 38, 59, 0.00613, 0.0, 57244, 901, 0, 0, 552, 118, 4
gcc-source, None, 328.50, 141, 13, 26, 60, 88462152, 88209709, 76933, 123226, 46473216, 87977984, 0, 1.412495, 0.137606, 141660, 19094, 355, 90440, 224, 5218, 310, 0.262737, 0.605304, 54188, 911, 5, 328, 171608, 53378, 304
