Package, PID, Elapsed time, utime, stime, cutime, cstime, IO rchar, IO wchar, IO syscr, IO syscw, IO read_bytes, IO write_bytes, IO cancelled_write_bytes, rusage ru_utime, rusage ru_stime, rusage ru_maxrss, rusage ru_minflt, rusage ru_majflt, rusage ru_inblock, rusage ru_oublock, rusage ru_nvcsw, rusage ru_nivcsw, Child rusage ru_utime, Child rusage ru_stime, Child rusage ru_maxrss, Child rusage ru_minflt, Child rusage ru_majflt, Child rusage ru_inblock, Child rusage ru_oublock, Child rusage ru_nvcsw, Child rusage ru_nivcsw
alsa-ucm-conf, 1356982, 0.56, 18, 2, 4, 1, 788919, 257512, 788, 298, 0, 172032, 0, 0.185914, 0.028291, 70428, 22577, 0, 0, 192, 53, 73, 0.042596999999999996, 0.01678, 67628, 6815, 0, 0, 144, 115, 112
encodings, 1350153, 0.94, 19, 2, 3, 2, 721039, 217255, 851, 310, 0, 180224, 0, 0.194876, 0.029654999999999997, 71204, 22812, 0, 0, 200, 54, 72, 0.036035, 0.021738999999999998, 68404, 6828, 2, 0, 152, 169, 116
alsa-topology-conf, 1356693, 0.70, 16, 3, 3, 2, 662931, 186962, 800, 290, 0, 135168, 0, 0.16966399999999998, 0.034624999999999996, 70428, 22544, 0, 0, 192, 72, 87, 0.036171, 0.022439999999999998, 67628, 6772, 1, 0, 72, 126, 138
netbase, 1354997, 0.57, 19, 2, 3, 2, 681526, 202794, 863, 301, 0, 176128, 0, 0.19472399999999998, 0.021165, 70432, 22479, 0, 0, 192, 71, 92, 0.034866, 0.022254, 67632, 6791, 0, 0, 152, 125, 126
pulseaudio-client-conf-sato, 1358569, 0.63, 14, 4, 3, 1, 688160, 207367, 863, 302, 0, 180224, 0, 0.143647, 0.041041999999999995, 70584, 20433, 0, 0, 200, 68, 67, 0.037503, 0.018838999999999998, 67768, 6736, 0, 0, 152, 102, 120
run-postinsts, 1365981, 0.87, 16, 1, 4, 0, 703784, 206786, 899, 303, 0, 176128, 0, 0.161824, 0.016597, 70596, 23046, 0, 0, 192, 86, 46, 0.048423, 0.009347, 67768, 6788, 0, 0, 152, 104, 167
tzdata, 1371594, 0.88, 15, 7, 4, 2, 1153937, 487016, 986, 348, 0, 364544, 0, 0.154044, 0.070723, 70532, 23288, 0, 0, 216, 44, 78, 0.040887, 0.024388999999999997, 67732, 6871, 0, 0, 496, 143, 81
xcursor-transparent-theme, 1357978, 0.82, 17, 2, 3, 2, 746977, 235603, 869, 310, 4096, 192512, 0, 0.17188799999999999, 0.024555, 70840, 20763, 0, 8, 216, 67, 60, 0.03841, 0.020042, 68040, 6832, 1, 0, 160, 99, 135
shutdown-desktop, 1357773, 0.59, 15, 4, 4, 1, 685274, 205283, 877, 302, 0, 180224, 0, 0.151252, 0.041594, 70648, 20470, 0, 0, 200, 78, 84, 0.04145, 0.014006999999999999, 67848, 6765, 2, 0, 152, 112, 113
packagegroup-core-ssh-dropbear, 1358696, 0.61, 14, 4, 3, 1, 686568, 206788, 860, 299, 0, 167936, 0, 0.142484, 0.040187, 70560, 20234, 0, 0, 208, 81, 49, 0.039166, 0.01722, 67760, 6768, 0, 0, 120, 132, 109
ca-certificates, 1353680, 0.62, 15, 5, 2, 2, 734439, 233249, 847, 306, 0, 192512, 0, 0.151761, 0.052939, 70496, 22597, 0, 0, 200, 59, 146, 0.029209, 0.026993, 67696, 6752, 1, 0, 176, 159, 142
cantarell-fonts, 1356280, 0.56, 20, 2, 3, 2, 734139, 224494, 919, 318, 4096, 188416, 0, 0.206562, 0.027281, 71388, 23161, 0, 8, 216, 87, 74, 0.039188, 0.020531, 68568, 6818, 0, 0, 152, 171, 149
packagegroup-core-x11-base, 1358500, 0.65, 16, 2, 4, 1, 689165, 206862, 847, 300, 0, 163840, 0, 0.163096, 0.027181999999999998, 70580, 20354, 0, 0, 200, 73, 61, 0.041518, 0.013939, 67780, 6794, 3, 0, 120, 143, 138
update-rc.d, 1350702, 1.28, 15, 1, 3, 2, 682626, 204105, 896, 301, 0, 176128, 0, 0.157359, 0.017983, 70444, 22598, 0, 0, 192, 84, 56, 0.035282, 0.020215999999999998, 67644, 6773, 0, 0, 152, 114, 178
liberation-fonts, 1354306, 0.73, 17, 2, 3, 1, 673652, 190772, 788, 293, 0, 135168, 0, 0.171807, 0.027968, 70488, 22495, 0, 0, 192, 63, 151, 0.037804, 0.019032, 67684, 6787, 0, 0, 72, 118, 114
adwaita-icon-theme, 3861032, 0.30, 16, 4, 3, 1, 1143090, 436688, 925, 342, 0, 299008, 0, 0.165674, 0.047861, 62232, 23089, 0, 0, 208, 39, 56, 0.034048999999999996, 0.019410999999999998, 59380, 6902, 0, 0, 376, 142, 49
wayland-protocols, 1348509, 0.80, 14, 6, 4, 1, 701297, 206078, 803, 305, 106496, 155648, 0, 0.148723, 0.064312, 71028, 22954, 0, 208, 216, 67, 129, 0.042193999999999995, 0.015319999999999999, 68228, 6819, 1, 0, 88, 151, 100
hicolor-icon-theme, 1353570, 0.79, 14, 4, 4, 1, 711301, 213697, 868, 308, 0, 184320, 0, 0.142617, 0.046349999999999995, 70548, 22836, 0, 0, 208, 66, 356, 0.044274, 0.013394, 67812, 6797, 1, 0, 152, 153, 138
wireless-regdb, 1359487, 0.78, 13, 4, 4, 0, 668385, 189027, 780, 293, 0, 143360, 0, 0.13988499999999998, 0.043962999999999995, 70564, 20418, 0, 0, 192, 51, 43, 0.048183, 0.009655, 67756, 6791, 1, 0, 88, 135, 103
sato-icon-theme, 3890507, 0.60, 18, 4, 4, 1, 1081095, 376203, 882, 324, 8192, 270336, 0, 0.184668, 0.047006, 62452, 22973, 0, 8, 208, 39, 84, 0.046674, 0.015705999999999998, 59664, 6852, 0, 8, 320, 124, 56
iso-codes, 1379372, 1.04, 22, 6, 5, 9, 2879985, 2282045, 3319, 867, 147456, 1884160, 0, 0.220275, 0.067776, 70852, 22807, 0, 0, 792, 76, 85, 0.057074, 0.09325599999999999, 68052, 7619, 4, 288, 2888, 244, 110
packagegroup-core-x11, 1357675, 0.78, 14, 3, 4, 1, 706329, 224249, 889, 309, 0, 196608, 0, 0.142034, 0.036523, 70620, 20415, 0, 0, 200, 66, 144, 0.043732, 0.013762, 67820, 6798, 0, 0, 184, 112, 105
packagegroup-base, 1366626, 0.77, 20, 6, 4, 3, 1007013, 513465, 1650, 447, 0, 696320, 0, 0.20166199999999998, 0.062049999999999994, 70888, 23869, 0, 0, 328, 75, 165, 0.041037, 0.037239999999999995, 68120, 7112, 0, 0, 1032, 158, 168
xserver-nodm-init, 1477467, 1.02, 19, 3, 5, 0, 726844, 224347, 2656, 306, 4096, 196608, 0, 0.194692, 0.032431, 71180, 20868, 0, 8, 224, 79, 89, 0.051990999999999996, 0.007416, 68368, 6896, 0, 0, 160, 119, 141
matchbox-session-sato, 1473949, 1.10, 21, 3, 5, 1, 711743, 224073, 831, 304, 4096, 196608, 0, 0.21278799999999998, 0.032118, 70912, 23643, 0, 8, 224, 56, 72, 0.053536, 0.01177, 68104, 6899, 1, 0, 160, 170, 72
v86d, 1485696, 1.23, 19, 2, 5, 0, 711468, 223128, 887, 303, 0, 192512, 0, 0.192771, 0.020953, 70564, 23273, 0, 0, 216, 83, 113, 0.056297, 0.006336, 67756, 6885, 0, 0, 160, 121, 172
packagegroup-core-x11-xserver, 1355661, 0.61, 16, 3, 4, 1, 702280, 225338, 798, 301, 0, 180224, 0, 0.16225699999999998, 0.039574, 70448, 22841, 0, 0, 224, 42, 71, 0.04043, 0.017665, 67708, 6879, 0, 0, 128, 150, 113
connman-conf, 1472009, 1.14, 21, 2, 5, 1, 700405, 218714, 841, 302, 24576, 192512, 0, 0.213286, 0.025092, 70880, 23412, 0, 0, 216, 60, 55, 0.052972, 0.010961, 68080, 6873, 2, 48, 160, 186, 110
sysvinit-inittab, 1358432, 0.70, 15, 3, 4, 1, 698279, 220928, 870, 303, 0, 192512, 0, 0.15994999999999998, 0.035988, 70684, 20844, 0, 0, 216, 74, 92, 0.044774999999999995, 0.011498, 67884, 6890, 0, 0, 160, 96, 184
packagegroup-core-boot, 1356071, 0.69, 15, 4, 3, 2, 698729, 222393, 817, 299, 114688, 176128, 0, 0.156575, 0.044162, 70524, 22834, 0, 224, 216, 56, 66, 0.033616, 0.024673, 67704, 6865, 1, 0, 128, 135, 103
pointercal-xinput, 1472613, 2.31, 20, 2, 5, 1, 702703, 220669, 863, 303, 0, 196608, 0, 0.208581, 0.029200999999999998, 70908, 23505, 0, 0, 224, 72, 149, 0.054461999999999997, 0.011731, 68100, 6899, 0, 0, 160, 172, 107
shadow-securetty, 1356326, 0.68, 17, 4, 2, 2, 696090, 220129, 820, 303, 0, 192512, 0, 0.17801599999999998, 0.046439, 70536, 22965, 0, 0, 216, 45, 100, 0.029987, 0.027254, 67732, 6857, 0, 0, 160, 107, 107
packagegroup-core-x11-sato, 1357480, 0.62, 15, 5, 4, 1, 773412, 293288, 990, 332, 0, 290816, 0, 0.156986, 0.057086, 70620, 20965, 0, 0, 248, 58, 143, 0.046057, 0.014504, 67884, 6950, 1, 0, 320, 116, 157
init-ifupdown, 1474400, 0.88, 22, 3, 5, 1, 711757, 221780, 890, 303, 0, 192512, 0, 0.222458, 0.032956, 71024, 22910, 0, 0, 216, 83, 74, 0.051022, 0.011172, 68188, 6886, 0, 0, 160, 108, 112
xserver-xf86-config, 1472518, 2.20, 20, 4, 5, 0, 703983, 222129, 873, 305, 0, 196608, 0, 0.200314, 0.042373999999999995, 70920, 23446, 0, 0, 224, 77, 87, 0.057698, 0.005941, 68108, 6893, 0, 0, 160, 163, 113
formfactor, 1350932, 0.66, 14, 3, 3, 1, 694730, 219764, 895, 303, 0, 188416, 0, 0.144443, 0.036109999999999996, 70540, 23018, 0, 0, 208, 87, 55, 0.038236, 0.014421999999999999, 67740, 6835, 1, 0, 160, 102, 111
linux-yocto, 3449828, 2.30, 37, 11, 32, 26, 40597744, 24750643, 13599, 4712, 315392, 14381056, 0, 0.37840999999999997, 0.119498, 62512, 27302, 7, 608, 2000, 77, 119, 0.327297, 0.26755, 59484, 13973, 3, 8, 26088, 785, 903
base-files, 1351329, 1.22, 14, 4, 4, 1, 697254, 217958, 825, 298, 0, 172032, 0, 0.147194, 0.042054999999999995, 70632, 22950, 0, 0, 208, 62, 94, 0.045537, 0.010607, 67828, 6878, 0, 0, 128, 114, 112
psmisc, 2617331, 3.07, 21, 5, 4, 2, 1210285, 639614, 1348, 425, 0, 552960, 0, 0.216445, 0.052245, 73188, 24052, 0, 0, 344, 46, 94, 0.049696, 0.025852, 70448, 7063, 0, 0, 736, 137, 93
libxext, 2205159, 0.95, 17, 3, 5, 0, 808906, 273962, 918, 317, 0, 208896, 0, 0.174478, 0.037388, 73092, 23107, 0, 0, 224, 80, 100, 0.052431, 0.005791, 70292, 6901, 1, 0, 184, 141, 104
gstreamer1.0, 3319105, 4.89, 20, 5, 4, 4, 1953466, 1115165, 1676, 517, 4096, 843776, 0, 0.208316, 0.058328, 59956, 21991, 0, 8, 400, 91, 118, 0.043608, 0.046192, 57040, 7279, 0, 0, 1248, 239, 252
rxvt-unicode, 3362784, 3.21, 21, 4, 5, 0, 835531, 257612, 862, 315, 61440, 212992, 0, 0.218553, 0.042176, 59856, 24069, 8, 120, 232, 66, 73, 0.054321999999999995, 0.007333999999999999, 57012, 6948, 0, 0, 184, 126, 82
libxcrypt, 1617622, 0.65, 13, 3, 3, 2, 812524, 303893, 841, 319, 0, 208896, 0, 0.138261, 0.031602, 71764, 23776, 0, 0, 224, 39, 15, 0.032365, 0.020354999999999998, 69028, 6938, 0, 0, 184, 123, 61
libgpg-error, 1737746, 1.55, 17, 5, 5, 1, 1085044, 532324, 1180, 392, 4096, 430080, 0, 0.175821, 0.058607, 71412, 23536, 0, 0, 304, 53, 107, 0.054931999999999995, 0.013002, 68672, 7064, 0, 8, 536, 119, 89
neard, 3017763, 1.07, 17, 4, 4, 1, 816790, 250675, 870, 315, 0, 208896, 0, 0.17249199999999998, 0.044125, 62568, 23894, 0, 0, 224, 59, 182, 0.042803, 0.015974, 59628, 6900, 5, 0, 184, 123, 123
libxrandr, 2269998, 0.43, 17, 3, 3, 2, 795305, 267405, 903, 316, 0, 204800, 0, 0.174252, 0.038722, 72856, 22909, 0, 0, 224, 70, 74, 0.033395, 0.025002999999999997, 70056, 6897, 0, 0, 176, 134, 146
libxkbcommon, 3227716, 1.20, 21, 5, 4, 1, 882185, 314686, 950, 332, 4096, 249856, 0, 0.21517599999999998, 0.054705, 59388, 24249, 1, 8, 224, 66, 144, 0.04657, 0.018064, 56500, 6978, 0, 0, 264, 128, 89
lua, 2251747, 0.20, 20, 2, 3, 1, 795824, 257229, 853, 316, 0, 217088, 0, 0.20502299999999998, 0.029289, 72428, 23795, 0, 0, 232, 40, 37, 0.0365, 0.015462, 69604, 6999, 0, 0, 192, 123, 66
bzip2, 1604541, 0.53, 20, 3, 3, 1, 844390, 293641, 879, 323, 0, 225280, 0, 0.20536, 0.036964, 72200, 24227, 0, 0, 224, 36, 10, 0.030761999999999998, 0.014282999999999999, 69400, 6895, 0, 0, 216, 155, 29
libexif, 2296582, 0.47, 20, 5, 6, 0, 1160493, 599557, 1266, 407, 0, 483328, 0, 0.20760699999999999, 0.058755999999999996, 72668, 23443, 0, 0, 312, 58, 71, 0.063983, 0.009533, 69868, 7043, 0, 0, 632, 126, 114
libpcap, 3437928, 0.94, 17, 2, 5, 0, 855700, 290131, 906, 318, 139264, 212992, 0, 0.170238, 0.024319, 59524, 21269, 0, 264, 224, 74, 56, 0.05337, 0.007155, 56660, 6893, 0, 8, 192, 147, 91
sbc, 2296880, 0.49, 18, 3, 3, 2, 822142, 298868, 908, 320, 0, 217088, 0, 0.189516, 0.038675999999999995, 72320, 23347, 0, 0, 224, 68, 171, 0.033944999999999996, 0.026751999999999998, 69584, 6886, 1, 0, 200, 139, 109
xhost, 2780692, 0.87, 17, 2, 2, 3, 773045, 231987, 877, 311, 0, 196608, 0, 0.174554, 0.029092, 74156, 23638, 0, 0, 224, 66, 693, 0.023396, 0.033068, 71356, 6876, 0, 0, 160, 141, 110
sqlite3, 1665962, 4.51, 19, 2, 4, 1, 775873, 266285, 922, 315, 0, 208896, 0, 0.193692, 0.023243, 71704, 23304, 0, 0, 232, 80, 95, 0.045762, 0.015739, 68904, 6889, 0, 0, 176, 149, 105
mkfontscale, 2612107, 0.94, 21, 2, 5, 0, 800387, 266731, 908, 314, 0, 200704, 0, 0.214532, 0.026268999999999997, 73956, 23595, 0, 0, 232, 81, 119, 0.052676999999999995, 0.008804, 71156, 6892, 1, 0, 160, 174, 95
libpng, 1648046, 3.76, 18, 5, 3, 2, 814756, 305336, 897, 321, 0, 217088, 0, 0.18465099999999998, 0.051073, 71556, 23171, 0, 0, 224, 64, 84, 0.039696999999999996, 0.024076, 68756, 6922, 0, 0, 200, 122, 124
libxfont2, 2081490, 0.82, 16, 5, 4, 1, 800806, 271573, 900, 318, 0, 212992, 0, 0.165275, 0.058331999999999995, 73084, 20979, 0, 0, 224, 70, 67, 0.043792, 0.014398999999999999, 70276, 6902, 0, 0, 192, 144, 103
matchbox-keyboard, 3934307, 0.09, 9, 3, 2, 0, 849132, 270591, 900, 322, 0, 225280, 0, 0.095939, 0.030699999999999998, 62268, 23379, 0, 0, 224, 41, 3, 0.024423999999999998, 0.008956, 59416, 6918, 0, 0, 216, 181, 12
gmp, 1862949, 0.76, 17, 4, 4, 1, 933925, 372156, 902, 329, 0, 249856, 0, 0.174362, 0.048624, 72596, 23293, 0, 0, 224, 61, 88, 0.049755, 0.019093, 69796, 6918, 0, 0, 264, 140, 126
vulkan-loader, 3216630, 1.18, 16, 3, 5, 0, 840131, 298812, 878, 316, 12288, 200704, 0, 0.16028399999999998, 0.030529999999999998, 59348, 21295, 3, 24, 216, 65, 92, 0.054527, 0.00597, 56492, 6910, 0, 0, 176, 126, 75
libwebp, 2292394, 0.61, 17, 3, 3, 1, 860205, 295151, 903, 322, 0, 241664, 0, 0.17577299999999998, 0.032285, 72364, 23521, 0, 0, 224, 59, 82, 0.038007, 0.018829, 69564, 6913, 0, 0, 248, 121, 75
mini-x-session, 1474006, 1.11, 20, 4, 5, 1, 719623, 220864, 3231, 304, 135168, 188416, 0, 0.208149, 0.047127999999999996, 70988, 22913, 0, 256, 216, 73, 52, 0.052731999999999994, 0.012164999999999999, 68176, 6884, 1, 8, 152, 149, 120
zstd, 1518292, 1.63, 19, 4, 4, 1, 793527, 285730, 861, 315, 0, 221184, 0, 0.192052, 0.047033, 71212, 22938, 0, 0, 224, 51, 47, 0.044905, 0.017232, 68412, 6903, 6, 0, 208, 137, 93
matchbox-desktop, 3855578, 0.20, 18, 3, 3, 1, 813892, 248236, 857, 312, 0, 200704, 0, 0.189303, 0.030906, 61196, 23780, 0, 0, 224, 39, 54, 0.030181999999999997, 0.018673, 58244, 6910, 0, 0, 168, 139, 101
ttyrun, 1472780, 1.69, 19, 5, 5, 1, 702459, 219593, 858, 304, 0, 196608, 0, 0.194397, 0.05135, 70904, 23544, 0, 0, 232, 70, 115, 0.050685, 0.013651, 68100, 6892, 0, 0, 152, 152, 111
bash-completion, 1597850, 0.55, 17, 4, 3, 2, 930836, 342687, 906, 322, 0, 266240, 0, 0.17077199999999998, 0.048261, 71228, 23372, 0, 0, 224, 57, 89, 0.033878, 0.025165, 68428, 6923, 0, 0, 296, 110, 83
libsndfile1, 2235741, 0.24, 18, 4, 2, 2, 882558, 335292, 946, 328, 0, 233472, 0, 0.180505, 0.040111999999999995, 72692, 23498, 0, 0, 224, 78, 70, 0.029761, 0.026565, 69896, 6963, 1, 0, 232, 123, 134
libedit, 2238833, 0.25, 16, 4, 3, 2, 816907, 272592, 854, 315, 0, 208896, 0, 0.169073, 0.040255, 72696, 23520, 0, 0, 224, 40, 52, 0.03385, 0.022227, 69896, 6909, 3, 0, 184, 121, 62
glib-networking, 3386512, 1.39, 19, 4, 7, 1, 1708652, 1127533, 1939, 563, 16384, 937984, 0, 0.19758399999999998, 0.045949, 58444, 21630, 3, 32, 488, 73, 158, 0.077337, 0.017929, 55564, 7324, 1, 0, 1344, 152, 93
libxdamage, 2269181, 0.39, 19, 3, 2, 2, 798166, 267510, 892, 316, 0, 208896, 0, 0.198481, 0.038917, 72940, 23021, 0, 0, 232, 64, 48, 0.029466, 0.026685, 70140, 6909, 0, 0, 176, 128, 93
iw, 2622733, 1.00, 18, 3, 4, 0, 741547, 224323, 868, 305, 0, 196608, 0, 0.184962, 0.030827, 72932, 23860, 0, 0, 224, 70, 96, 0.049985999999999996, 0.008357999999999999, 70124, 6888, 2, 0, 160, 147, 109
sysvinit, 2622811, 1.13, 20, 4, 4, 1, 832408, 269651, 896, 315, 0, 221184, 0, 0.20455299999999998, 0.049243999999999996, 73052, 23968, 0, 0, 224, 64, 102, 0.045881, 0.017017, 70308, 6888, 0, 0, 208, 116, 116
ell, 3012572, 1.25, 14, 5, 4, 2, 866642, 309625, 929, 319, 4096, 217088, 0, 0.14368599999999998, 0.050484, 62456, 21204, 0, 0, 232, 88, 48, 0.041308, 0.021835999999999998, 59640, 6900, 0, 8, 192, 149, 125
sato-screenshot, 3928769, 0.65, 19, 3, 4, 2, 797982, 234262, 936, 311, 0, 204800, 0, 0.19839099999999998, 0.033065, 61872, 24188, 0, 0, 232, 94, 86, 0.042127, 0.020026, 59020, 6894, 0, 0, 168, 119, 114
glibc, 1391480, 0.58, 24, 4, 6, 1, 2564900, 1380764, 1321, 445, 0, 851968, 0, 0.24617799999999998, 0.047624, 71660, 23689, 0, 0, 288, 45, 180, 0.061446999999999995, 0.019424999999999998, 68860, 7399, 1, 0, 1376, 150, 128
binutils, 3802859, 0.75, 27, 3, 4, 4, 1702674, 915982, 1442, 457, 16384, 684032, 0, 0.27860399999999996, 0.032302, 59724, 23858, 4, 32, 368, 65, 86, 0.046024999999999996, 0.043801, 56840, 7339, 0, 0, 968, 169, 143
bluez5, 3411341, 2.11, 21, 2, 5, 1, 1236257, 499566, 999, 355, 20480, 348160, 0, 0.210316, 0.027431999999999998, 59300, 24279, 1, 40, 232, 61, 95, 0.056535999999999996, 0.010466, 56408, 6982, 0, 0, 448, 172, 64
lame, 2479521, 2.55, 18, 4, 4, 2, 820531, 284038, 909, 320, 0, 233472, 0, 0.189999, 0.049399, 72148, 22985, 0, 0, 240, 70, 193, 0.044836, 0.020999999999999998, 69348, 6916, 0, 0, 216, 136, 130
kmod, 1861453, 0.61, 16, 4, 3, 2, 837499, 292731, 916, 327, 0, 225280, 0, 0.16313999999999998, 0.040784999999999995, 72944, 23347, 0, 0, 224, 59, 45, 0.037047, 0.020664, 70136, 6897, 1, 0, 216, 127, 91
libxft, 2781058, 0.89, 18, 5, 4, 1, 827375, 273282, 916, 318, 0, 212992, 0, 0.183939, 0.055980999999999996, 74136, 23544, 0, 0, 224, 78, 70, 0.04041, 0.018747, 71400, 6934, 0, 0, 192, 113, 120
unzip, 1501178, 1.05, 21, 3, 6, 0, 744119, 235983, 828, 305, 0, 192512, 0, 0.211388, 0.031907, 71028, 22748, 0, 0, 224, 49, 56, 0.061884999999999996, 0.006181, 68224, 6912, 3, 0, 152, 127, 74
python3-iniparse, 2962443, 1.15, 17, 2, 4, 1, 758657, 234472, 4146, 311, 4096, 196608, 0, 0.174287, 0.029047, 61820, 24196, 1, 8, 224, 98, 112, 0.041005, 0.015715, 58924, 6934, 0, 0, 160, 104, 117
libgcrypt, 1903562, 0.68, 18, 2, 4, 1, 901412, 320872, 896, 328, 0, 253952, 0, 0.186249, 0.02963, 72756, 21436, 0, 0, 232, 53, 164, 0.045362, 0.016122, 69956, 6900, 3, 0, 264, 111, 100
pinentry, 2617421, 2.73, 21, 3, 4, 1, 767256, 232974, 911, 309, 0, 200704, 0, 0.21045799999999998, 0.035738, 73164, 23867, 0, 0, 232, 88, 79, 0.045427999999999996, 0.014521, 70364, 6919, 0, 0, 160, 170, 169
gstreamer1.0-plugins-bad, 3950706, 0.23, 10, 3, 3, 4, 3580117, 2486308, 4073, 983, 139264, 2523136, 0, 0.108592, 0.031025999999999998, 62736, 24910, 0, 248, 720, 42, 2, 0.036534, 0.043046999999999995, 59820, 8053, 0, 24, 4208, 294, 14
desktop-file-utils, 2727370, 5.76, 13, 4, 2, 2, 774257, 236555, 820, 309, 0, 196608, 0, 0.137316, 0.04161, 74040, 21096, 0, 0, 224, 45, 56, 0.025567, 0.023528, 71236, 6917, 3, 0, 160, 191, 50
libcap-ng, 1621922, 0.48, 17, 4, 4, 0, 766081, 251853, 904, 316, 0, 217088, 0, 0.17726899999999998, 0.046244, 71776, 23928, 0, 0, 224, 69, 61, 0.047897999999999996, 0.009293, 69016, 6901, 1, 0, 200, 143, 218
speex, 2472029, 0.74, 21, 3, 4, 1, 838899, 307351, 898, 321, 0, 217088, 0, 0.218471, 0.030662, 72416, 23006, 0, 0, 224, 66, 82, 0.048556999999999996, 0.01308, 69616, 6920, 0, 0, 200, 124, 110
matchbox-theme-sato, 3399735, 1.04, 22, 2, 5, 0, 778714, 231015, 844, 311, 4096, 204800, 0, 0.22885, 0.026404999999999998, 59132, 23843, 1, 8, 240, 55, 86, 0.058261999999999994, 0.006201, 56288, 6902, 1, 0, 160, 139, 43
bc, 2615835, 2.21, 19, 4, 4, 2, 805496, 247188, 870, 316, 0, 212992, 0, 0.193681, 0.04842, 73252, 24155, 0, 0, 232, 52, 98, 0.040977, 0.020694999999999998, 70516, 6894, 0, 0, 184, 113, 95
libstd-rs, 3414162, 0.92, 20, 2, 5, 0, 820213, 249177, 836, 315, 241664, 208896, 0, 0.204063, 0.029758999999999997, 57724, 23712, 9, 472, 224, 50, 47, 0.058913, 0.0038139999999999997, 54872, 6914, 0, 0, 184, 108, 42
libcheck, 1952267, 0.75, 20, 5, 4, 1, 793822, 271849, 867, 319, 0, 221184, 0, 0.200431, 0.051089999999999997, 71988, 23620, 0, 0, 232, 45, 52, 0.043137999999999996, 0.018730999999999998, 69192, 6909, 0, 0, 200, 158, 95
xcb-util, 1983962, 0.96, 21, 2, 4, 2, 807120, 290098, 873, 318, 0, 204800, 0, 0.21637099999999998, 0.027538, 72668, 23973, 0, 0, 224, 59, 336, 0.047708999999999994, 0.021004, 69844, 6916, 0, 0, 176, 131, 108
python3-six, 2952875, 1.13, 18, 3, 5, 0, 752439, 231267, 898, 311, 0, 192512, 0, 0.187138, 0.031853, 61680, 23957, 0, 0, 216, 81, 151, 0.054334, 0.0047139999999999994, 58900, 6956, 0, 0, 160, 164, 110
debugedit, 3615945, 0.97, 18, 3, 5, 0, 787255, 232791, 869, 309, 0, 200704, 0, 0.188491, 0.030684, 59724, 23371, 0, 0, 232, 63, 62, 0.057956999999999995, 0.005095, 56824, 6914, 0, 0, 160, 140, 63
ppp, 3506662, 0.79, 20, 5, 4, 1, 918117, 325984, 1066, 343, 0, 323584, 0, 0.203613, 0.054019, 59940, 23395, 0, 0, 248, 74, 197, 0.048473999999999996, 0.019197, 57132, 6930, 0, 0, 384, 149, 160
xf86-input-libinput, 3632035, 1.50, 18, 3, 5, 1, 806313, 250131, 891, 316, 0, 204800, 0, 0.185113, 0.039384999999999996, 60928, 24044, 0, 0, 224, 66, 90, 0.051017, 0.010253, 58124, 6925, 0, 0, 176, 150, 111
pcmanfm, 3933594, 0.13, 10, 2, 3, 1, 1434427, 879036, 1661, 489, 0, 733184, 0, 0.10588, 0.02647, 61972, 23475, 0, 0, 408, 41, 11, 0.036233, 0.011933, 59064, 7196, 0, 0, 1024, 221, 4
alsa-plugins, 3552223, 0.96, 19, 5, 4, 2, 952283, 363032, 1136, 360, 0, 385024, 0, 0.19797299999999998, 0.0533, 60736, 23420, 0, 0, 272, 69, 67, 0.044135, 0.022969, 57844, 6978, 2, 0, 480, 128, 85
libdaemon, 1980391, 0.67, 16, 5, 4, 1, 781617, 265385, 919, 314, 4096, 204800, 0, 0.164717, 0.052015, 71956, 24007, 0, 0, 224, 84, 65, 0.049179999999999995, 0.011493, 69156, 6892, 0, 8, 176, 127, 133
libxkbfile, 2243035, 0.28, 19, 2, 2, 2, 791483, 266388, 848, 316, 0, 204800, 0, 0.19431299999999999, 0.024804999999999997, 73040, 23644, 0, 0, 224, 43, 39, 0.027791, 0.023844999999999998, 70240, 6913, 0, 0, 176, 124, 80
libxinerama, 2294991, 1.15, 20, 4, 4, 1, 792608, 265687, 878, 316, 0, 204800, 0, 0.204948, 0.040185, 72796, 23395, 0, 0, 224, 60, 58, 0.047802, 0.012874, 69996, 6916, 0, 0, 176, 103, 86
matchbox-wm, 3381939, 3.50, 17, 3, 4, 1, 805370, 247724, 884, 312, 4096, 200704, 0, 0.172036, 0.035990999999999995, 59212, 23304, 0, 8, 224, 78, 212, 0.046832, 0.015784, 56288, 6954, 0, 0, 168, 129, 102
consolekit, 3116811, 2.09, 18, 3, 4, 2, 831838, 267819, 854, 318, 110592, 229376, 0, 0.181636, 0.039871, 61556, 23305, 16, 184, 240, 65, 103, 0.044830999999999996, 0.020051, 58672, 6904, 1, 32, 208, 140, 98
e2fsprogs, 2710915, 2.19, 21, 5, 4, 2, 1777944, 951269, 1499, 454, 0, 704512, 0, 0.21571099999999999, 0.056766, 74124, 23771, 0, 0, 336, 79, 187, 0.047739, 0.02795, 71324, 7205, 0, 0, 1040, 170, 147
coreutils, 2469538, 0.78, 18, 5, 4, 3, 2877481, 1639575, 1805, 570, 0, 1126400, 0, 0.18958, 0.050553999999999995, 72596, 23349, 0, 0, 392, 80, 78, 0.04528, 0.036368, 69852, 7433, 1, 0, 1808, 130, 117
taglib, 1487398, 1.36, 20, 4, 6, 0, 904653, 363063, 948, 326, 0, 245760, 0, 0.20793, 0.045744, 70708, 23641, 0, 0, 216, 85, 58, 0.060818, 0.004493, 67908, 6945, 1, 0, 264, 157, 133
libxdmcp, 1660105, 2.73, 15, 5, 3, 2, 778348, 266268, 853, 317, 0, 204800, 0, 0.153591, 0.056586, 72156, 23102, 0, 0, 224, 52, 32, 0.036535, 0.020256, 69356, 6889, 1, 0, 176, 121, 60
npth, 2405253, 0.76, 16, 5, 3, 2, 808749, 284453, 882, 317, 0, 208896, 0, 0.161764, 0.055146999999999995, 72276, 23566, 0, 0, 232, 67, 115, 0.038201, 0.021238999999999997, 69476, 6911, 0, 0, 176, 124, 118
pixman, 1498338, 1.15, 20, 3, 5, 1, 800178, 292680, 892, 322, 0, 204800, 0, 0.201923, 0.037087999999999996, 71672, 23219, 0, 0, 216, 71, 73, 0.0535, 0.011897999999999999, 68872, 6954, 0, 0, 184, 164, 91
libassuan, 1993651, 0.95, 18, 4, 4, 1, 789994, 268996, 865, 317, 0, 204800, 0, 0.18984199999999998, 0.043504999999999995, 72060, 23836, 0, 0, 224, 58, 119, 0.046994, 0.01834, 69260, 6893, 0, 0, 176, 125, 85
pango, 3776913, 0.74, 19, 5, 4, 1, 1065726, 404781, 899, 346, 0, 270336, 0, 0.19108799999999998, 0.054002999999999995, 60136, 24351, 0, 0, 216, 35, 54, 0.048124, 0.018723999999999998, 57228, 7017, 0, 0, 312, 153, 38
libffi, 1605628, 1.80, 18, 2, 2, 1, 785025, 268806, 839, 316, 0, 204800, 0, 0.188526, 0.027493, 71996, 23857, 0, 0, 224, 37, 17, 0.024926999999999998, 0.016491, 69196, 6917, 0, 0, 176, 196, 22
libxv, 2282092, 0.56, 18, 2, 3, 1, 792747, 265162, 928, 316, 0, 204800, 0, 0.18065099999999998, 0.028904, 73064, 20976, 0, 0, 224, 88, 64, 0.038786999999999995, 0.019885999999999997, 70256, 6902, 0, 0, 176, 144, 165
connman-gnome, 3856371, 0.22, 15, 4, 2, 2, 827183, 252798, 868, 315, 0, 204800, 0, 0.158849, 0.044802999999999996, 62036, 24259, 0, 0, 224, 50, 117, 0.028458999999999998, 0.024940999999999998, 59136, 6905, 0, 0, 176, 138, 99
xcb-proto, 1576228, 0.42, 15, 3, 3, 2, 758365, 248616, 868, 316, 0, 212992, 0, 0.15651299999999999, 0.039127999999999996, 71816, 21135, 0, 0, 232, 56, 55, 0.031515999999999995, 0.02972, 69016, 6922, 0, 0, 184, 101, 83
libatomic-ops, 2032902, 0.95, 20, 4, 4, 2, 774788, 250733, 889, 314, 0, 208896, 0, 0.207619, 0.043254, 72040, 23329, 0, 0, 224, 69, 68, 0.041178, 0.023854999999999998, 69240, 6899, 1, 0, 184, 155, 106
mdadm, 2709604, 1.86, 21, 3, 4, 1, 863131, 277739, 933, 320, 0, 221184, 0, 0.218883, 0.030719999999999997, 73960, 23454, 0, 0, 224, 83, 87, 0.044219999999999995, 0.016114, 71160, 6949, 0, 0, 208, 180, 106
libxrender, 2198158, 0.87, 16, 5, 4, 1, 792310, 267436, 879, 316, 0, 204800, 0, 0.163361, 0.050265, 72848, 23035, 0, 0, 224, 62, 100, 0.043447, 0.015747999999999998, 70048, 6897, 0, 0, 176, 139, 77
libsoup, 3212571, 1.40, 19, 5, 5, 6, 1962069, 1429446, 1908, 589, 139264, 946176, 0, 0.196317, 0.051053, 59216, 21483, 0, 264, 544, 61, 107, 0.054883999999999995, 0.063502, 56372, 7327, 0, 8, 1304, 221, 151
curl, 2971074, 1.25, 18, 5, 5, 0, 2100352, 962925, 1121, 394, 4096, 589824, 0, 0.180085, 0.053207, 61684, 23646, 0, 0, 232, 72, 104, 0.05622, 0.009675, 58880, 7244, 2, 8, 920, 144, 89
at-spi2-core, 3223356, 1.70, 24, 5, 5, 5, 2105559, 1507053, 2344, 667, 24576, 1261568, 0, 0.24336999999999998, 0.054082, 59916, 24518, 2, 48, 592, 51, 100, 0.050482, 0.056372, 56976, 7467, 0, 0, 1872, 169, 126
xserver-xorg, 3562548, 0.91, 16, 4, 4, 2, 1303303, 594110, 1211, 398, 4096, 516096, 0, 0.169181, 0.043379, 61224, 21850, 0, 0, 264, 57, 71, 0.048062, 0.022838999999999998, 58440, 7130, 0, 8, 744, 147, 93
libyaml, 2074414, 0.52, 14, 4, 4, 1, 799960, 284975, 852, 315, 0, 208896, 0, 0.146748, 0.048916, 72480, 20975, 0, 0, 232, 48, 100, 0.044576, 0.018246, 69672, 6917, 0, 0, 176, 112, 302
xinput, 2614010, 0.96, 16, 5, 4, 1, 762221, 231416, 879, 311, 0, 204800, 0, 0.167603, 0.05157, 74040, 23690, 0, 0, 240, 74, 65, 0.047935, 0.013902, 71240, 6910, 2, 0, 160, 118, 113
gnome-desktop-testing, 2727211, 5.81, 16, 2, 3, 2, 773452, 236217, 855, 310, 0, 200704, 0, 0.166481, 0.029134, 74152, 21164, 0, 0, 232, 50, 39, 0.032799, 0.020361, 71348, 6920, 0, 0, 160, 213, 38
startup-notification, 2194137, 0.90, 18, 2, 5, 0, 819248, 296332, 879, 318, 0, 204800, 0, 0.188016, 0.028610999999999998, 72944, 23103, 0, 0, 224, 62, 73, 0.054988999999999996, 0.00397, 70144, 6913, 0, 0, 176, 124, 84
libevdev, 2290460, 0.33, 15, 3, 2, 2, 775262, 246694, 841, 313, 0, 212992, 0, 0.150673, 0.03172, 72708, 21017, 0, 0, 232, 42, 67, 0.027254999999999998, 0.029043, 69904, 6927, 0, 0, 184, 103, 69
json-glib, 3032264, 1.29, 21, 3, 5, 4, 1844457, 1286783, 1845, 560, 0, 843776, 0, 0.21251299999999998, 0.039846, 62308, 24516, 0, 0, 496, 94, 130, 0.056787, 0.042430999999999996, 59468, 7275, 0, 0, 1152, 145, 244
gstreamer1.0-plugins-good, 3878485, 1.40, 25, 4, 4, 6, 2656048, 1768207, 2916, 751, 0, 1695744, 0, 0.25590399999999996, 0.043306, 62508, 24522, 0, 0, 576, 74, 74, 0.049776999999999995, 0.065013, 59572, 7718, 1, 0, 2736, 200, 219
xkbcomp, 2612669, 1.05, 20, 2, 4, 1, 780445, 245482, 856, 313, 0, 204800, 0, 0.201732, 0.020583999999999998, 73904, 23809, 0, 0, 232, 54, 81, 0.047092999999999996, 0.012358, 71104, 6918, 0, 0, 168, 127, 92
librsvg, 3896488, 1.08, 27, 7, 3, 2, 989700, 710322, 985, 1242, 143360, 274432, 0, 0.279738, 0.076292, 63884, 26891, 0, 272, 312, 79, 438, 0.03686, 0.027873, 61004, 6992, 0, 8, 224, 112, 122
vala, 2861870, 1.15, 20, 3, 4, 1, 980209, 347099, 959, 328, 4096, 270336, 0, 0.205064, 0.031702, 74044, 23626, 0, 8, 240, 90, 81, 0.049094, 0.011693, 71220, 6962, 0, 0, 288, 133, 110
gstreamer1.0-plugins-base, 3814659, 1.02, 20, 5, 7, 4, 2422632, 1576917, 2586, 691, 8192, 1466368, 0, 0.20925, 0.052312, 60820, 21889, 2, 16, 528, 44, 95, 0.07127499999999999, 0.049295, 57932, 7586, 1, 0, 2336, 214, 69
quota, 2984887, 1.34, 18, 2, 5, 0, 868604, 309914, 925, 325, 0, 237568, 0, 0.18870499999999998, 0.022643999999999997, 62432, 24184, 0, 0, 240, 66, 128, 0.053419999999999995, 0.008183, 59640, 6942, 0, 0, 224, 142, 65
l3afpad, 3859302, 0.86, 16, 1, 3, 3, 1274690, 698270, 1395, 439, 0, 589824, 0, 0.16894099999999998, 0.019644, 61568, 23189, 0, 0, 368, 41, 119, 0.033213, 0.036017, 58720, 7120, 0, 0, 784, 116, 87
libx11, 2092900, 1.29, 19, 4, 4, 1, 1163525, 484448, 985, 339, 4096, 335872, 0, 0.196036, 0.047048, 72708, 23463, 0, 0, 232, 73, 131, 0.049403999999999997, 0.015674, 69884, 7039, 0, 8, 424, 170, 107
perl, 3013466, 2.49, 23, 6, 12, 17, 9181896, 6543058, 11117, 2310, 12288, 7684096, 0, 0.234758, 0.06501, 61716, 24235, 0, 16, 1608, 55, 167, 0.121652, 0.173927, 58840, 10458, 1, 8, 13400, 282, 491
xinit, 2614617, 1.53, 18, 6, 4, 1, 764425, 231383, 843, 311, 4096, 200704, 0, 0.187996, 0.066581, 73888, 23840, 0, 0, 232, 53, 157, 0.049981, 0.012782, 71088, 6896, 0, 8, 160, 121, 83
procps, 2545418, 0.78, 19, 6, 6, 0, 1041442, 460158, 1096, 367, 0, 368640, 0, 0.19813999999999998, 0.063554, 73536, 23406, 0, 0, 272, 59, 174, 0.069314, 0.005645, 70800, 6999, 2, 0, 448, 194, 99
icu, 1994229, 0.78, 23, 3, 5, 1, 1256146, 556099, 1044, 358, 0, 401408, 0, 0.23887499999999998, 0.038528, 72016, 24232, 0, 0, 240, 68, 78, 0.056552, 0.016855, 69280, 6983, 0, 0, 544, 167, 97
liberror-perl, 3022969, 1.26, 14, 5, 4, 0, 2174395, 248700, 1106, 314, 0, 208896, 0, 0.149037, 0.05089, 61500, 24117, 0, 0, 232, 60, 63, 0.048429, 0.007078999999999999, 58652, 6925, 0, 0, 176, 124, 71
libsoup-2.4, 3206707, 1.41, 23, 3, 5, 3, 1640444, 1066879, 1882, 545, 94208, 892928, 0, 0.23932599999999998, 0.03474, 59396, 23806, 9, 184, 464, 88, 115, 0.055975, 0.034251, 56548, 7267, 0, 0, 1280, 154, 274
matchbox-session, 1472811, 1.79, 20, 3, 5, 1, 717978, 221061, 846, 305, 0, 192512, 0, 0.20596499999999998, 0.037829999999999996, 71000, 23493, 0, 0, 224, 81, 62, 0.051132, 0.011569999999999999, 68184, 6884, 0, 0, 152, 154, 73
xdpyinfo, 2683611, 2.82, 20, 1, 4, 1, 770554, 233121, 899, 311, 0, 200704, 0, 0.20743299999999998, 0.016269, 74044, 23812, 0, 0, 232, 80, 125, 0.041171, 0.019049, 71244, 6908, 1, 0, 160, 154, 135
libxcvt, 1459894, 0.88, 16, 3, 3, 2, 731665, 231828, 879, 315, 0, 200704, 0, 0.161355, 0.036303999999999996, 71568, 21311, 0, 0, 216, 62, 137, 0.039230999999999995, 0.020999, 68768, 6933, 1, 0, 176, 131, 90
libmnl, 2305803, 0.89, 21, 5, 4, 1, 787671, 261994, 896, 314, 0, 204800, 0, 0.21455, 0.051491999999999996, 72284, 23770, 0, 0, 224, 71, 60, 0.049439, 0.012976, 69484, 6898, 0, 0, 176, 101, 89
xf86-video-cirrus, 3624661, 1.04, 17, 5, 5, 1, 803815, 248746, 895, 314, 4096, 200704, 0, 0.176776, 0.050506999999999996, 60940, 21310, 1, 8, 224, 72, 71, 0.051023, 0.013595999999999999, 58020, 6944, 0, 0, 168, 144, 90
libxcb, 1867933, 1.18, 19, 3, 4, 4, 1787027, 944046, 1448, 447, 4096, 745472, 0, 0.19244799999999998, 0.033961, 72912, 23261, 0, 0, 296, 47, 53, 0.042817999999999995, 0.04475, 70112, 7263, 0, 8, 1160, 222, 163
expat, 1474038, 1.00, 24, 3, 6, 0, 808220, 304505, 922, 323, 0, 233472, 0, 0.24134599999999998, 0.030167999999999997, 71112, 23062, 0, 0, 240, 69, 152, 0.062250999999999994, 0.008405, 68312, 6923, 0, 0, 216, 139, 128
wpa-supplicant, 2976114, 0.94, 16, 3, 5, 0, 957050, 349880, 923, 325, 0, 274432, 0, 0.162151, 0.031639, 62512, 21358, 0, 0, 224, 57, 158, 0.05307, 0.006424, 59668, 6986, 1, 0, 312, 142, 70
xz, 1673300, 2.44, 19, 2, 4, 2, 1158737, 581259, 1212, 398, 135168, 462848, 0, 0.192205, 0.026819, 71736, 23294, 0, 256, 296, 52, 117, 0.040722999999999995, 0.025512, 68976, 7033, 0, 8, 608, 154, 74
libfm-extra, 2780771, 1.04, 20, 2, 2, 3, 811353, 269388, 918, 320, 0, 208896, 0, 0.20995899999999998, 0.024225999999999998, 74060, 23821, 0, 0, 232, 76, 112, 0.024477, 0.032554, 71280, 6937, 0, 0, 176, 99, 162
libglu, 3483626, 2.46, 14, 2, 3, 2, 873673, 296680, 942, 325, 4096, 225280, 0, 0.148947, 0.026284, 60592, 21382, 0, 8, 224, 88, 310, 0.030969999999999998, 0.021155, 57684, 6963, 0, 0, 216, 118, 192
font-util, 1916268, 0.53, 18, 3, 4, 1, 761912, 244532, 860, 313, 0, 200704, 0, 0.184672, 0.039292, 72756, 21074, 0, 0, 224, 55, 98, 0.042676, 0.016914, 69952, 6926, 0, 0, 168, 118, 87
glib-2.0, 2710961, 4.00, 26, 5, 6, 6, 3656848, 2626382, 2605, 800, 0, 1671168, 0, 0.263135, 0.056386, 74448, 23999, 0, 0, 712, 59, 572, 0.06807099999999999, 0.06713, 71644, 7691, 1, 0, 2552, 230, 192
libcap, 1459137, 0.89, 18, 2, 4, 2, 757018, 259525, 884, 312, 4096, 212992, 0, 0.183518, 0.024468999999999998, 70536, 20624, 0, 0, 216, 65, 88, 0.046048, 0.020413, 67736, 6874, 0, 8, 200, 119, 81
libxfixes, 2211126, 0.49, 17, 2, 4, 2, 787922, 265130, 875, 316, 0, 204800, 0, 0.174226, 0.026115, 72636, 20721, 0, 0, 224, 57, 82, 0.040915, 0.021897, 69832, 6923, 1, 0, 176, 108, 95
alsa-lib, 1914176, 0.50, 16, 4, 4, 1, 918253, 369531, 926, 332, 0, 266240, 0, 0.16061999999999999, 0.040154999999999996, 72244, 21264, 0, 0, 248, 57, 88, 0.049956999999999994, 0.014750999999999998, 69444, 6972, 0, 0, 272, 162, 115
libpcre2, 1694567, 1.87, 11, 3, 2, 2, 899345, 348775, 1013, 339, 0, 286720, 0, 0.115061, 0.035708, 71952, 23210, 0, 0, 240, 69, 45, 0.027649999999999997, 0.024340999999999998, 69152, 6964, 0, 0, 320, 156, 100
util-linux-libuuid, 1817468, 0.79, 17, 4, 5, 0, 809755, 295804, 907, 319, 0, 204800, 0, 0.17835399999999998, 0.041742, 72348, 23669, 0, 0, 224, 77, 122, 0.057782999999999994, 0.002315, 69548, 6919, 0, 0, 176, 120, 106
matchbox-config-gtk, 3855396, 0.28, 17, 5, 2, 2, 792047, 234205, 862, 311, 0, 196608, 0, 0.171348, 0.055786999999999996, 61140, 23900, 0, 0, 224, 53, 52, 0.025807, 0.024690999999999998, 58284, 6955, 0, 0, 160, 119, 140
libxt, 2599580, 1.19, 20, 3, 4, 2, 892754, 317429, 900, 323, 0, 229376, 0, 0.205207, 0.038001, 74140, 21214, 0, 0, 224, 68, 124, 0.042696, 0.022209, 71396, 6944, 0, 0, 224, 139, 110
rgb, 2613867, 1.12, 21, 4, 5, 1, 760215, 229271, 915, 311, 0, 200704, 0, 0.21312499999999998, 0.042624999999999996, 73876, 23806, 0, 0, 232, 86, 82, 0.05325, 0.01145, 71076, 6926, 0, 0, 160, 113, 104
elfutils, 3601787, 0.89, 18, 5, 6, 1, 2062722, 1006570, 1215, 424, 0, 659456, 0, 0.186, 0.052565, 59900, 23759, 0, 0, 272, 53, 65, 0.06349099999999999, 0.010622, 57016, 7156, 0, 0, 1016, 143, 117
shared-mime-info, 3230730, 1.32, 21, 2, 5, 3, 1882665, 1264669, 2021, 583, 8192, 1044480, 0, 0.219109, 0.028939, 59296, 24290, 0, 16, 512, 72, 148, 0.052656999999999995, 0.037714, 56432, 7364, 1, 0, 1528, 180, 205
gawk, 2573833, 1.08, 20, 5, 6, 1, 1351253, 671998, 1262, 404, 0, 512000, 0, 0.203709, 0.053789, 73708, 23560, 0, 0, 304, 73, 116, 0.06762, 0.011382999999999999, 70948, 7077, 1, 0, 696, 144, 112
libksba, 2412263, 0.87, 17, 4, 4, 1, 805283, 269842, 916, 317, 0, 208896, 0, 0.17829499999999998, 0.048624999999999995, 72332, 23564, 0, 0, 224, 80, 124, 0.049511, 0.010497, 69508, 6900, 0, 0, 184, 148, 144
libtasn1, 1901820, 0.65, 17, 5, 4, 1, 820614, 292236, 903, 325, 4096, 217088, 0, 0.170807, 0.050464999999999996, 72588, 21374, 0, 8, 224, 60, 35, 0.046608, 0.012648, 69852, 6940, 0, 0, 200, 131, 105
python3-pygobject, 3694695, 1.71, 20, 3, 5, 1, 859690, 280220, 924, 327, 40960, 221184, 0, 0.208448, 0.034032, 59796, 24346, 3, 80, 240, 82, 75, 0.052303999999999996, 0.013089, 56932, 6938, 0, 0, 192, 135, 160
libgudev, 3001606, 1.40, 21, 2, 5, 0, 841630, 294271, 937, 325, 0, 204800, 0, 0.21872699999999998, 0.022243, 62420, 23618, 0, 0, 224, 84, 77, 0.052787, 0.009462, 59612, 6903, 2, 0, 176, 167, 90
libpciaccess, 1698203, 0.36, 18, 4, 3, 1, 776916, 265824, 828, 316, 0, 204800, 0, 0.18625, 0.040489, 71876, 23204, 0, 0, 224, 33, 85, 0.036913, 0.016198999999999998, 69076, 6893, 0, 0, 176, 133, 73
libical, 3189631, 1.19, 20, 4, 4, 1, 880010, 297498, 861, 323, 0, 233472, 0, 0.20482299999999998, 0.040160999999999995, 59124, 24158, 0, 0, 224, 47, 88, 0.040732, 0.019325, 56252, 6981, 0, 0, 232, 147, 97
readline, 2226248, 0.40, 20, 2, 3, 2, 855210, 310486, 907, 320, 0, 208896, 0, 0.201366, 0.024657, 72500, 23536, 0, 0, 224, 71, 131, 0.032587, 0.029369, 69700, 6910, 0, 0, 184, 107, 110
libunistring, 2231682, 0.30, 16, 4, 3, 2, 1015690, 390082, 887, 323, 0, 266240, 0, 0.163076, 0.044846, 72240, 23452, 0, 0, 224, 50, 75, 0.033703, 0.021845999999999997, 69440, 6949, 0, 0, 296, 116, 97
sed, 2293070, 0.74, 21, 3, 4, 3, 1329394, 758875, 1454, 454, 0, 626688, 0, 0.21115599999999998, 0.036545999999999995, 72532, 23765, 0, 0, 368, 54, 132, 0.042204, 0.037717, 69704, 7087, 0, 0, 856, 167, 112
gconf, 3354395, 6.02, 27, 2, 7, 3, 1836243, 1274143, 2141, 606, 61440, 1081344, 0, 0.273929, 0.029053, 59836, 24198, 11, 120, 536, 77, 118, 0.071862, 0.035793, 56864, 7313, 0, 0, 1576, 156, 106
vulkan-headers, 1452248, 1.07, 20, 4, 4, 1, 726833, 229071, 879, 305, 0, 188416, 0, 0.20976399999999998, 0.040339, 70748, 23776, 0, 0, 216, 75, 48, 0.046797, 0.014277999999999999, 67948, 6890, 2, 0, 152, 101, 110
init-system-helpers, 1473662, 1.20, 18, 4, 4, 1, 736587, 242119, 897, 309, 0, 208896, 0, 0.186298, 0.041399, 70916, 23506, 0, 0, 224, 74, 287, 0.04878, 0.018355, 68112, 6914, 1, 0, 184, 115, 137
gtk+3, 3842569, 1.96, 22, 7, 6, 5, 3085648, 2138786, 2916, 790, 106496, 1748992, 0, 0.22688599999999998, 0.07090199999999999, 60876, 24972, 5, 72, 664, 61, 91, 0.064311, 0.055208, 58080, 7710, 0, 136, 2752, 178, 123
libxau, 1659573, 3.98, 18, 5, 5, 0, 775512, 265374, 884, 317, 0, 204800, 0, 0.18559, 0.050263999999999996, 71844, 23093, 0, 0, 224, 64, 121, 0.054944, 0.007506, 69044, 6903, 0, 0, 176, 149, 99
connman, 3571700, 1.08, 19, 2, 4, 2, 995719, 359473, 995, 337, 0, 274432, 0, 0.19234199999999999, 0.025644999999999998, 61000, 24228, 0, 0, 240, 77, 67, 0.043164999999999995, 0.021200999999999998, 58072, 6945, 0, 0, 296, 131, 121
xorgproto, 1454471, 0.86, 19, 4, 5, 0, 764744, 251708, 857, 317, 0, 208896, 0, 0.196273, 0.048066, 71468, 23312, 0, 0, 224, 53, 97, 0.058684999999999994, 0.00342, 68668, 6922, 0, 0, 184, 126, 85
gpgme, 3139594, 1.69, 23, 3, 5, 1, 938375, 344713, 935, 335, 0, 258048, 0, 0.23599499999999998, 0.034325999999999995, 60816, 23978, 0, 0, 240, 61, 115, 0.053779999999999994, 0.010329, 58028, 6988, 1, 0, 264, 120, 82
libseccomp, 1851609, 0.72, 20, 4, 5, 1, 1032014, 389277, 939, 339, 0, 286720, 0, 0.200155, 0.044479, 72192, 23056, 0, 0, 232, 62, 222, 0.052001, 0.010291999999999999, 69392, 6974, 0, 0, 328, 162, 96
libsm, 1848308, 0.73, 17, 4, 2, 2, 779638, 264271, 884, 316, 0, 204800, 0, 0.178439, 0.048326999999999995, 72760, 22978, 0, 0, 224, 56, 254, 0.029231, 0.026993, 69960, 6907, 1, 0, 176, 137, 113
sudo, 2753140, 0.87, 21, 3, 5, 1, 1397027, 799961, 1522, 454, 0, 643072, 0, 0.219938, 0.030336, 73624, 23936, 0, 0, 360, 80, 84, 0.056606, 0.018980999999999998, 70824, 7109, 0, 0, 896, 157, 229
dbus-glib, 3030158, 1.61, 19, 2, 4, 1, 883853, 330650, 986, 331, 0, 241664, 0, 0.19674, 0.029300999999999997, 62644, 24221, 0, 0, 256, 95, 148, 0.043946, 0.019157999999999998, 59648, 6946, 0, 0, 216, 123, 143
python3-dbus, 2964980, 1.14, 18, 3, 4, 1, 805763, 255727, 927, 321, 0, 208896, 0, 0.189935, 0.031009, 62572, 24503, 0, 0, 224, 88, 80, 0.040053, 0.017131999999999998, 59788, 6991, 0, 0, 184, 121, 164
libinput, 2718939, 0.82, 16, 4, 3, 2, 998297, 378255, 932, 339, 0, 258048, 0, 0.165343, 0.040326999999999995, 74528, 21708, 0, 0, 216, 61, 94, 0.033625999999999996, 0.028055, 71728, 6990, 0, 0, 288, 165, 115
wayland, 3190045, 1.20, 19, 3, 3, 1, 913645, 313700, 949, 332, 12288, 241664, 0, 0.19730899999999998, 0.032119999999999996, 58904, 23534, 1, 24, 216, 81, 94, 0.039305, 0.017095, 56040, 6952, 0, 0, 256, 110, 132
alsa-state, 1469386, 1.32, 18, 2, 4, 0, 710956, 222208, 870, 307, 0, 204800, 0, 0.182755, 0.029074, 71020, 23324, 0, 0, 232, 66, 74, 0.047596, 0.009370999999999999, 68204, 6892, 1, 0, 168, 155, 115
busybox, 2623018, 1.04, 21, 3, 4, 1, 1343022, 531253, 1083, 361, 0, 393216, 0, 0.21259699999999998, 0.036654, 73668, 24930, 0, 0, 232, 88, 103, 0.048519, 0.015585, 70868, 7039, 1, 0, 536, 165, 141
zip, 1473038, 1.34, 19, 4, 5, 1, 713299, 223376, 863, 304, 110592, 192512, 0, 0.19936299999999998, 0.047994999999999996, 70972, 23481, 0, 208, 224, 76, 60, 0.05082, 0.012525999999999999, 68168, 6864, 0, 8, 152, 130, 109
iptables, 2275864, 0.36, 19, 5, 4, 2, 1702435, 971439, 2307, 571, 0, 1114112, 0, 0.196134, 0.052035, 72440, 23330, 0, 0, 408, 101, 55, 0.045708, 0.027701, 69640, 7298, 0, 0, 1768, 154, 160
popt, 2002694, 0.72, 18, 4, 4, 4, 1375441, 862895, 1434, 453, 0, 589824, 0, 0.18392599999999998, 0.048796, 72008, 23187, 0, 0, 384, 68, 148, 0.042973, 0.04035, 69272, 7114, 0, 0, 768, 156, 106
xf86-video-vesa, 3626876, 0.93, 19, 3, 4, 1, 791654, 236690, 909, 313, 4096, 200704, 0, 0.196729, 0.035411, 60660, 23943, 1, 8, 224, 80, 63, 0.045159, 0.013798999999999999, 57872, 6908, 0, 0, 168, 121, 116
pciutils, 2620407, 1.52, 19, 3, 4, 2, 826415, 280548, 932, 320, 0, 225280, 0, 0.198937, 0.033860999999999995, 73244, 24019, 0, 0, 224, 75, 73, 0.044442999999999996, 0.02216, 70432, 6927, 1, 0, 216, 160, 130
puzzles, 3864257, 0.75, 17, 4, 4, 1, 909214, 294875, 881, 319, 0, 229376, 0, 0.178842, 0.040147999999999996, 61688, 24016, 0, 0, 224, 61, 118, 0.045785, 0.013484999999999999, 58808, 6953, 0, 0, 224, 114, 80
fribidi, 1464160, 0.85, 17, 5, 5, 1, 824211, 314689, 890, 327, 0, 217088, 0, 0.175455, 0.057213, 71292, 23773, 0, 0, 224, 58, 101, 0.052813, 0.011458999999999999, 68548, 6923, 0, 0, 200, 112, 114
matchbox-panel-2, 3900954, 0.96, 18, 3, 4, 1, 876246, 293267, 877, 319, 0, 212992, 0, 0.18231, 0.036462, 61860, 23261, 0, 0, 224, 53, 39, 0.045341, 0.013722, 58984, 6912, 2, 0, 192, 119, 89
vte, 3889679, 2.19, 20, 4, 4, 6, 1954328, 1398393, 2335, 650, 0, 1212416, 0, 0.200701, 0.042456, 62100, 23607, 0, 0, 560, 43, 67, 0.046827, 0.069557, 59176, 7394, 0, 0, 1808, 195, 108
libgcc, 1399955, 0.14, 18, 3, 3, 0, 863205, 302613, 837, 320, 0, 200704, 0, 0.185385, 0.030267, 71012, 23051, 0, 0, 224, 39, 4, 0.03669, 0.007825, 68172, 6935, 2, 0, 168, 213, 14
mobile-broadband-provider-info, 1981244, 0.65, 19, 4, 4, 2, 750299, 235793, 895, 310, 0, 204800, 0, 0.197062, 0.043352999999999996, 71996, 23968, 0, 0, 232, 77, 69, 0.042071, 0.020234, 69196, 6873, 1, 0, 168, 149, 126
openssl, 1726422, 1.44, 18, 4, 5, 2, 2760725, 1388498, 1319, 449, 0, 864256, 0, 0.18223699999999998, 0.049700999999999995, 71772, 23708, 0, 0, 240, 75, 79, 0.051673, 0.021835, 68964, 7327, 0, 0, 1448, 147, 110
gtk-doc, 2277344, 0.59, 16, 4, 3, 2, 760936, 232171, 826, 310, 0, 196608, 0, 0.16200399999999998, 0.042429, 72648, 23242, 0, 0, 216, 39, 73, 0.033541, 0.021071, 69848, 6916, 0, 0, 168, 118, 106
udev-extraconf, 1473810, 1.30, 20, 4, 5, 0, 727910, 241899, 858, 306, 0, 192512, 0, 0.205486, 0.043468, 70932, 23635, 0, 0, 224, 69, 69, 0.057697, 0.007411, 68128, 6901, 2, 0, 152, 116, 87
psplash, 2625189, 1.01, 22, 4, 4, 1, 820161, 251482, 3340, 318, 0, 208896, 0, 0.22278099999999998, 0.047478, 74048, 23605, 0, 0, 232, 74, 96, 0.045591, 0.016207, 71224, 6924, 0, 0, 176, 141, 90
gnupg, 3449887, 0.98, 20, 3, 5, 2, 1329720, 690014, 1294, 418, 0, 532480, 0, 0.20410499999999998, 0.037488, 58408, 23732, 0, 0, 320, 50, 221, 0.052462999999999996, 0.027911, 55528, 7096, 1, 0, 720, 146, 60
xset, 2777409, 0.66, 15, 2, 3, 1, 766102, 229436, 850, 311, 4096, 196608, 0, 0.151842, 0.027971, 74468, 21142, 0, 8, 224, 56, 143, 0.038852, 0.018427, 71660, 6933, 0, 0, 160, 145, 120
libxtst, 2396326, 1.07, 17, 5, 4, 2, 792372, 264232, 929, 316, 0, 208896, 0, 0.17618399999999998, 0.058802, 72752, 23555, 0, 0, 232, 85, 241, 0.040114, 0.021100999999999998, 70016, 6905, 3, 0, 176, 98, 176
tcp-wrappers, 2061447, 0.59, 17, 2, 4, 1, 772973, 265029, 4889, 311, 0, 204800, 0, 0.17955, 0.026740999999999997, 72140, 21052, 0, 0, 216, 89, 58, 0.047563999999999995, 0.012258999999999999, 69340, 6935, 0, 0, 184, 151, 133
base-passwd, 1700504, 0.65, 16, 2, 2, 2, 761715, 245267, 879, 311, 0, 208896, 0, 0.160296, 0.020037, 71852, 21139, 0, 0, 232, 55, 51, 0.02906, 0.022432, 69044, 6921, 0, 0, 176, 135, 76
file, 1854649, 0.38, 17, 4, 3, 2, 774963, 243628, 852, 313, 0, 208896, 0, 0.17960099999999998, 0.046852, 72256, 22937, 0, 0, 224, 49, 89, 0.031155, 0.02716, 69456, 6864, 0, 0, 184, 111, 143
libmicrohttpd, 3435382, 0.94, 16, 2, 5, 1, 829005, 274076, 931, 319, 131072, 221184, 0, 0.166905, 0.026352999999999998, 58208, 21385, 1, 256, 232, 82, 61, 0.055667999999999995, 0.010409999999999999, 55336, 6917, 0, 0, 200, 120, 107
rpcbind, 3019232, 1.42, 19, 3, 4, 1, 853601, 255450, 924, 318, 0, 212992, 0, 0.19086699999999998, 0.030365, 62820, 24007, 0, 0, 232, 85, 73, 0.044392, 0.014832, 59904, 6960, 0, 0, 184, 116, 129
gcc, 3717966, 0.78, 24, 4, 5, 2, 1963730, 1051949, 1485, 468, 49152, 790528, 0, 0.244189, 0.043605, 59296, 23773, 8, 96, 344, 73, 121, 0.056087, 0.024503, 56340, 7347, 0, 0, 1200, 177, 122
libpthread-stubs, 1574010, 0.52, 17, 4, 4, 1, 732470, 228163, 864, 308, 0, 204800, 0, 0.170682, 0.04267, 71528, 21002, 0, 0, 232, 55, 105, 0.043584, 0.014424, 68720, 6897, 0, 0, 168, 140, 85
gcc-runtime, 1446255, 3.84, 22, 2, 5, 0, 1395796, 635787, 1187, 389, 12288, 503808, 0, 0.223354, 0.023511, 71220, 23877, 0, 0, 256, 67, 75, 0.05996, 0.005085, 68456, 7060, 2, 24, 728, 184, 95
eudev, 2667450, 0.88, 20, 2, 4, 1, 916746, 333614, 940, 331, 0, 241664, 0, 0.20673999999999998, 0.022959, 74064, 21519, 0, 0, 224, 71, 66, 0.049936999999999995, 0.011344, 71264, 6964, 0, 0, 248, 108, 108
libxml2, 3171283, 1.54, 15, 3, 4, 1, 2851918, 1363329, 1260, 406, 20480, 811008, 0, 0.154378, 0.038593999999999996, 58688, 21555, 0, 40, 232, 82, 88, 0.048163, 0.016316999999999998, 55816, 7460, 0, 0, 1352, 130, 122
iproute2, 3624605, 1.21, 14, 6, 5, 0, 1035760, 408801, 1059, 348, 0, 348160, 0, 0.143598, 0.060218, 60088, 21448, 0, 0, 232, 58, 65, 0.058979, 0.008823, 57184, 6990, 0, 0, 448, 158, 112
libpsl, 2139209, 0.93, 21, 2, 4, 1, 802082, 275721, 891, 325, 0, 217088, 0, 0.214525, 0.022345999999999998, 72468, 23968, 0, 0, 232, 51, 200, 0.045639, 0.016973, 69660, 6898, 2, 0, 192, 148, 93
rpm, 3716147, 2.09, 22, 3, 5, 3, 1490687, 843542, 1538, 474, 110592, 696320, 0, 0.22414199999999998, 0.036767, 59572, 23522, 2, 128, 368, 60, 129, 0.051549, 0.034102, 56608, 7149, 0, 88, 992, 185, 113
xinput-calibrator, 2691644, 1.05, 19, 2, 4, 1, 793174, 250442, 852, 313, 0, 204800, 0, 0.193628, 0.027660999999999998, 74008, 23927, 0, 0, 232, 59, 475, 0.046276, 0.013738, 71212, 6952, 1, 0, 168, 106, 80
ncurses, 2138186, 0.76, 19, 4, 5, 1, 1816827, 895222, 1310, 409, 0, 634880, 0, 0.194189, 0.043593, 72700, 24103, 0, 0, 264, 71, 122, 0.056200999999999994, 0.017417, 69900, 7219, 0, 0, 976, 201, 74
xf86-video-vmware, 3629398, 1.29, 21, 3, 5, 0, 803651, 248638, 906, 314, 0, 200704, 0, 0.210218, 0.034302, 60804, 23695, 0, 0, 224, 78, 70, 0.053322999999999995, 0.00852, 57896, 6899, 0, 0, 168, 130, 101
mpg123, 3573151, 1.65, 17, 3, 4, 0, 850382, 272332, 933, 317, 4096, 225280, 0, 0.17338699999999999, 0.030823999999999997, 60828, 24239, 0, 8, 232, 88, 85, 0.048373, 0.009894, 57876, 6945, 0, 0, 208, 114, 135
findutils, 2599746, 1.29, 22, 3, 4, 3, 1343624, 748448, 1456, 450, 0, 618496, 0, 0.229185, 0.036187, 73548, 24067, 0, 0, 368, 65, 114, 0.045773, 0.031222999999999997, 70796, 7085, 1, 0, 840, 117, 85
libxi, 2289771, 0.28, 17, 3, 4, 1, 814787, 274784, 854, 318, 0, 217088, 0, 0.175479, 0.037336, 73156, 20940, 0, 0, 232, 46, 93, 0.040639, 0.017972, 70352, 6935, 0, 0, 192, 156, 91
gdk-pixbuf, 3307039, 1.78, 26, 6, 6, 8, 3042285, 2388034, 2748, 804, 49152, 1564672, 0, 0.26837, 0.060993, 59892, 24119, 1, 96, 784, 89, 250, 0.066505, 0.08829, 57092, 7630, 0, 0, 2272, 232, 403
dosfstools, 2622040, 1.03, 19, 4, 4, 1, 799784, 248933, 902, 314, 0, 204800, 0, 0.190381, 0.042307, 73188, 24100, 0, 0, 232, 79, 76, 0.044718, 0.017575, 70388, 6911, 0, 0, 168, 115, 86
libdnf, 3764197, 0.66, 21, 7, 5, 3, 1527776, 910801, 1603, 491, 131072, 745472, 0, 0.218914, 0.074208, 59984, 23345, 1, 56, 400, 51, 66, 0.0578, 0.030121, 57028, 7230, 0, 200, 1056, 151, 40
libtool, 2018893, 0.69, 20, 4, 4, 1, 813955, 272590, 904, 319, 0, 217088, 0, 0.209108, 0.043564, 72100, 23502, 0, 0, 232, 69, 122, 0.042724, 0.018076, 69300, 6938, 0, 0, 192, 118, 106
openssh, 2617950, 2.08, 22, 3, 3, 3, 1276982, 524994, 1080, 365, 0, 380928, 0, 0.22469599999999998, 0.036684999999999995, 74160, 24632, 0, 0, 248, 83, 83, 0.033247, 0.033323, 71424, 7020, 0, 0, 496, 170, 100
dbus, 2937844, 1.08, 18, 2, 5, 1, 1213327, 490405, 987, 354, 0, 331776, 0, 0.18992499999999998, 0.026067999999999997, 62900, 21713, 0, 0, 232, 58, 74, 0.050681, 0.012745999999999999, 60084, 7059, 6, 0, 416, 115, 104
libmatchbox, 2891043, 1.33, 12, 4, 4, 0, 834192, 291563, 908, 318, 0, 208896, 0, 0.128179, 0.048067, 62436, 21255, 0, 0, 224, 74, 61, 0.049138999999999995, 0.009649, 59544, 6939, 0, 0, 184, 155, 140
nettle, 2005740, 0.89, 21, 3, 3, 2, 1298967, 536164, 993, 357, 0, 360448, 0, 0.212968, 0.038721, 72092, 23202, 0, 0, 224, 70, 62, 0.039401, 0.023986, 69292, 7008, 1, 0, 480, 123, 186
speexdsp, 1997730, 1.82, 20, 4, 4, 1, 803805, 289463, 857, 316, 4096, 204800, 0, 0.200228, 0.046480999999999995, 71952, 23150, 0, 0, 224, 52, 125, 0.04391, 0.017758, 69156, 6920, 0, 8, 176, 179, 58
acl, 1871564, 0.48, 21, 5, 4, 2, 938151, 394129, 1023, 350, 0, 311296, 0, 0.212746, 0.051216, 72600, 23353, 0, 0, 248, 60, 68, 0.043865999999999995, 0.02247, 69800, 6966, 0, 0, 360, 165, 99
btrfs-tools, 2976531, 1.17, 19, 3, 4, 1, 911881, 312745, 928, 328, 4096, 241664, 0, 0.19433299999999998, 0.034547999999999995, 62192, 24056, 0, 0, 232, 75, 160, 0.04128, 0.018108, 59224, 6943, 3, 8, 240, 135, 127
socat, 2635096, 1.92, 16, 2, 5, 1, 800577, 252055, 873, 311, 0, 208896, 0, 0.169905, 0.026139, 73492, 21256, 0, 0, 232, 67, 156, 0.052282999999999996, 0.014416, 70688, 6941, 0, 0, 176, 123, 87
opkg-utils, 1451367, 2.66, 19, 4, 4, 1, 732958, 252119, 827, 306, 4096, 188416, 0, 0.19044999999999998, 0.045542, 70652, 23154, 0, 0, 232, 55, 64, 0.049853999999999996, 0.010289, 67840, 7024, 0, 8, 136, 140, 60
zlib, 1454982, 0.82, 19, 3, 4, 1, 786709, 296624, 901, 317, 0, 212992, 0, 0.19821999999999998, 0.035678999999999995, 70748, 22898, 0, 0, 216, 70, 48, 0.049504, 0.014058999999999999, 67932, 6879, 0, 0, 200, 143, 77
dropbear, 2676656, 4.52, 21, 2, 4, 1, 927639, 318844, 881, 320, 4096, 229376, 0, 0.211281, 0.023918, 73044, 24114, 0, 8, 240, 65, 52, 0.048708999999999995, 0.013404, 70248, 6927, 0, 0, 208, 132, 91
libxshmfence, 2211771, 0.52, 19, 2, 4, 1, 786913, 265028, 845, 316, 0, 204800, 0, 0.19368, 0.024725, 72552, 20755, 0, 0, 224, 45, 39, 0.045058, 0.017872, 69740, 6924, 2, 0, 176, 166, 83
shadow, 1852340, 0.64, 22, 3, 3, 4, 1326303, 753360, 1480, 451, 0, 626688, 0, 0.221542, 0.030039, 72700, 23253, 0, 0, 360, 74, 79, 0.032758999999999996, 0.044527, 69900, 7113, 2, 0, 864, 169, 187
make, 2172115, 0.77, 19, 6, 4, 2, 1116543, 588881, 1320, 409, 0, 491520, 0, 0.191796, 0.060170999999999995, 72556, 23150, 0, 0, 328, 72, 140, 0.040663, 0.028657, 69756, 7017, 0, 0, 632, 137, 90
libusb1, 2748434, 0.96, 21, 3, 5, 1, 848426, 304550, 908, 323, 4096, 221184, 0, 0.21549, 0.030784, 73896, 24004, 0, 0, 232, 68, 73, 0.052143999999999996, 0.014972, 71096, 6919, 0, 8, 200, 158, 133
json-c, 1487938, 1.45, 19, 4, 5, 1, 897250, 349471, 874, 326, 0, 241664, 0, 0.192818, 0.04722, 70716, 23532, 0, 0, 232, 50, 96, 0.053214, 0.014523999999999999, 67980, 6932, 0, 0, 240, 114, 67
matchbox-terminal, 3897578, 0.98, 19, 2, 4, 1, 792394, 232834, 851, 310, 4096, 196608, 0, 0.192328, 0.024041, 61836, 23832, 1, 8, 224, 50, 102, 0.040555, 0.018448, 58956, 6929, 0, 0, 160, 155, 88
libidn2, 2514952, 0.84, 20, 3, 4, 3, 1120102, 578060, 1264, 407, 0, 471040, 0, 0.206869, 0.038786999999999995, 73120, 23070, 0, 0, 320, 62, 122, 0.043551, 0.037218, 70368, 7073, 0, 0, 600, 145, 117
grep, 2669241, 1.19, 17, 3, 5, 3, 1319517, 769090, 1522, 460, 0, 647168, 0, 0.172657, 0.03924, 73104, 21415, 0, 0, 376, 65, 79, 0.055171, 0.039814999999999996, 70368, 7130, 0, 0, 888, 139, 167
librepo, 3183202, 1.29, 18, 3, 5, 0, 825738, 276009, 925, 317, 8192, 212992, 0, 0.189883, 0.033023, 59140, 24132, 1, 16, 224, 84, 111, 0.051197, 0.007451999999999999, 56268, 6932, 0, 0, 192, 128, 139
libcomps, 3180781, 1.20, 20, 5, 5, 0, 841418, 287342, 929, 317, 28672, 212992, 0, 0.206151, 0.051537, 58580, 23924, 2, 56, 224, 91, 135, 0.057555999999999996, 0.004369, 55732, 6969, 0, 0, 192, 144, 146
mtdev, 2290610, 0.27, 14, 3, 2, 2, 768701, 242354, 870, 312, 0, 208896, 0, 0.14646199999999998, 0.038542, 72484, 20916, 0, 0, 232, 60, 109, 0.024461, 0.029283999999999998, 69672, 6909, 1, 0, 176, 116, 144
util-macros, 1557551, 0.44, 18, 3, 3, 2, 730129, 228698, 855, 311, 0, 200704, 0, 0.18728, 0.035862, 71648, 21125, 0, 0, 224, 51, 96, 0.034761, 0.023674999999999998, 68840, 6915, 0, 0, 168, 168, 50
pulseaudio, 3507687, 3.43, 23, 5, 6, 6, 2736549, 1847869, 3072, 789, 0, 1777664, 0, 0.239775, 0.05799, 61236, 23922, 0, 0, 608, 59, 91, 0.06496299999999999, 0.062377999999999996, 58300, 7758, 2, 0, 2864, 228, 155
libvorbis, 1902979, 0.68, 18, 3, 3, 2, 815997, 274605, 853, 317, 0, 221184, 0, 0.1805, 0.034562999999999997, 72516, 21260, 0, 0, 224, 45, 90, 0.033860999999999995, 0.028589, 69708, 6947, 0, 0, 208, 153, 80
orc, 1464300, 0.93, 19, 3, 3, 2, 811049, 292502, 905, 330, 0, 241664, 0, 0.19036799999999998, 0.031728, 71324, 23782, 0, 0, 224, 52, 83, 0.037757, 0.025509999999999998, 68580, 6964, 0, 0, 248, 143, 124
gdbm, 1630735, 1.56, 15, 4, 3, 3, 1101587, 566899, 1139, 383, 0, 389120, 0, 0.15903499999999998, 0.041652, 72000, 23337, 0, 0, 296, 65, 56, 0.034792, 0.030372999999999997, 69176, 6995, 0, 0, 464, 147, 135
diffutils, 2597458, 1.06, 17, 3, 4, 3, 1282015, 705372, 1430, 440, 0, 585728, 0, 0.176369, 0.037793, 73768, 21609, 0, 0, 360, 73, 74, 0.044149, 0.030514999999999997, 71032, 7091, 1, 0, 784, 144, 159
xf86-video-fbdev, 3625742, 1.00, 19, 2, 4, 1, 787938, 235685, 854, 313, 24576, 200704, 0, 0.195434, 0.024429, 60988, 21269, 1, 40, 224, 51, 69, 0.046616, 0.015600999999999999, 58092, 6917, 0, 8, 168, 164, 76
linux-libc-headers, 1359420, 0.56, 17, 2, 5, 0, 919661, 346022, 876, 320, 0, 249856, 0, 0.178775, 0.026626, 71076, 21120, 0, 0, 208, 60, 45, 0.052017, 0.007006, 68264, 6939, 1, 0, 280, 117, 100
xkeyboard-config, 1824302, 0.92, 19, 6, 4, 3, 1364785, 807721, 1572, 470, 0, 671744, 0, 0.192768, 0.060239999999999995, 72588, 23898, 0, 0, 392, 86, 125, 0.044198999999999995, 0.034963, 69852, 7217, 0, 0, 920, 149, 158
util-linux, 2537033, 0.90, 19, 6, 6, 5, 3651639, 2287960, 3185, 813, 0, 2011136, 0, 0.192622, 0.061474999999999995, 73916, 23728, 0, 0, 552, 72, 111, 0.060614999999999995, 0.057914999999999994, 71116, 7853, 0, 0, 3376, 198, 213
libice, 1708084, 0.95, 17, 5, 5, 1, 783580, 267103, 902, 316, 4096, 204800, 0, 0.177222, 0.053578999999999995, 72000, 20920, 0, 0, 224, 73, 121, 0.056492999999999995, 0.014469999999999998, 69188, 6910, 0, 8, 176, 159, 110
gnutls, 3374370, 1.31, 19, 5, 5, 2, 2759324, 1503534, 1546, 512, 184320, 905216, 0, 0.190577, 0.0557, 57480, 23593, 30, 336, 336, 115, 98, 0.058872, 0.021932, 54576, 7323, 1, 24, 1432, 201, 118
attr, 1669527, 3.10, 19, 3, 5, 1, 930822, 391141, 1054, 354, 0, 323584, 0, 0.196905, 0.039381, 71764, 23306, 0, 0, 272, 68, 84, 0.050993, 0.016708999999999998, 68964, 6970, 0, 0, 360, 189, 175
avahi, 3164793, 1.52, 20, 4, 6, 2, 1641193, 958696, 1752, 511, 49152, 790528, 0, 0.202419, 0.04131, 59996, 23834, 6, 96, 400, 89, 89, 0.060837999999999996, 0.020342, 57060, 7224, 2, 0, 1144, 176, 107
libfontenc, 1983518, 1.21, 20, 1, 5, 1, 779453, 264024, 879, 316, 0, 204800, 0, 0.203849, 0.019985, 72780, 23992, 0, 0, 224, 64, 145, 0.052161, 0.012381, 69980, 6907, 0, 0, 176, 156, 83
which, 2614838, 1.36, 22, 3, 4, 1, 778874, 231342, 866, 310, 0, 200704, 0, 0.222214, 0.033541, 73184, 24044, 0, 0, 232, 65, 96, 0.049818999999999995, 0.010485999999999999, 70384, 6869, 0, 0, 160, 124, 103
libepoxy, 3502578, 1.16, 18, 3, 4, 1, 820082, 266956, 890, 321, 16384, 200704, 0, 0.18512199999999998, 0.039387, 59780, 24276, 2, 32, 216, 66, 81, 0.046569, 0.016325, 56920, 6935, 0, 0, 176, 120, 102
gobject-introspection, 2971446, 1.03, 20, 4, 4, 1, 940171, 323170, 937, 334, 0, 237568, 0, 0.20318699999999998, 0.046563, 62468, 24050, 0, 0, 224, 76, 64, 0.048114, 0.011236, 59592, 6952, 0, 0, 240, 103, 74
xauth, 2778993, 0.29, 14, 1, 4, 1, 767508, 230390, 826, 311, 0, 196608, 0, 0.14704699999999998, 0.015080999999999999, 74468, 21147, 0, 0, 224, 35, 184, 0.041062, 0.01053, 71656, 6898, 0, 0, 160, 120, 73
libmpc, 2346370, 0.51, 16, 2, 3, 2, 804586, 269063, 853, 316, 0, 212992, 0, 0.160763, 0.02617, 72396, 20997, 0, 0, 232, 50, 126, 0.038696999999999995, 0.021282, 69588, 6919, 0, 0, 184, 102, 100
menu-cache, 2873935, 1.99, 19, 5, 4, 1, 840718, 297720, 891, 323, 20480, 225280, 0, 0.19416999999999998, 0.051778, 72336, 24192, 4, 40, 256, 183, 122, 0.047082, 0.015347, 66584, 6943, 0, 0, 184, 127, 91
initscripts, 1355524, 0.68, 20, 2, 4, 1, 754498, 261255, 861, 312, 139264, 208896, 0, 0.20127599999999998, 0.025693999999999998, 70676, 23014, 0, 272, 216, 56, 62, 0.041281, 0.017676, 67868, 6861, 0, 0, 192, 155, 97
libtirpc, 1594743, 0.75, 17, 3, 2, 2, 795138, 275499, 889, 316, 4096, 212992, 0, 0.171697, 0.032193, 71152, 23283, 0, 8, 224, 66, 102, 0.027108, 0.025828999999999998, 68416, 6908, 1, 0, 192, 118, 102
cairo, 3650786, 2.26, 16, 5, 5, 1, 1036762, 403869, 972, 344, 151552, 290816, 0, 0.1641, 0.054674, 60132, 21635, 1, 296, 256, 69, 58, 0.051408999999999996, 0.018302, 57188, 7009, 0, 0, 312, 174, 92
gst-examples, 3954026, 0.16, 16, 3, 2, 1, 832160, 268534, 871, 319, 4096, 200704, 0, 0.164064, 0.036913999999999995, 62572, 24303, 0, 0, 224, 52, 19, 0.025942, 0.018538, 59676, 6882, 0, 8, 168, 119, 47
libmodulemd, 3013864, 1.12, 19, 7, 3, 2, 819988, 259212, 935, 321, 0, 212992, 0, 0.19697199999999998, 0.070909, 62268, 24011, 0, 0, 224, 87, 58, 0.035975, 0.026489, 59384, 6943, 0, 0, 192, 109, 133
libnl, 2095957, 1.22, 22, 4, 4, 2, 1223364, 557665, 1094, 370, 0, 380928, 0, 0.22075, 0.042601, 72420, 23689, 0, 0, 248, 78, 62, 0.043119, 0.027059999999999997, 69612, 6988, 0, 0, 496, 160, 203
nghttp2, 1485878, 1.42, 22, 4, 4, 1, 781694, 280998, 925, 321, 0, 221184, 0, 0.227186, 0.042071, 70780, 23658, 0, 0, 216, 72, 116, 0.047312, 0.018857, 67980, 6952, 2, 0, 216, 111, 123
fontconfig, 2664655, 0.86, 18, 3, 6, 1, 905366, 349925, 890, 329, 0, 241664, 0, 0.187615, 0.034110999999999995, 73624, 21505, 0, 0, 240, 47, 76, 0.061704999999999996, 0.012482, 70824, 6931, 0, 0, 232, 146, 58
libxxf86vm, 2269732, 0.51, 15, 5, 3, 1, 793398, 266730, 876, 316, 0, 204800, 0, 0.156822, 0.056006999999999994, 72940, 22944, 0, 0, 224, 59, 188, 0.039381, 0.017567, 70140, 6934, 0, 0, 176, 122, 98
libdrm, 1737817, 1.72, 22, 4, 5, 0, 974603, 420291, 1087, 363, 0, 344064, 0, 0.22550299999999998, 0.044295, 71660, 23651, 0, 0, 240, 68, 112, 0.058973, 0.006644, 68916, 6988, 1, 0, 432, 134, 87
flac, 2031674, 0.74, 19, 4, 4, 1, 911428, 340116, 927, 328, 0, 262144, 0, 0.197685, 0.045301999999999995, 72072, 23362, 0, 0, 224, 62, 60, 0.043764, 0.018076, 69272, 6971, 0, 0, 288, 125, 98
settings-daemon, 3853893, 0.37, 16, 5, 3, 1, 797917, 235950, 889, 311, 49152, 196608, 0, 0.164399, 0.054799, 61240, 23751, 7, 96, 224, 78, 252, 0.034518, 0.017138, 58292, 6874, 0, 0, 160, 137, 140
bash, 2435897, 6.08, 19, 6, 7, 0, 1563912, 875806, 1550, 468, 0, 700416, 0, 0.191859, 0.066412, 72496, 23957, 0, 0, 368, 82, 98, 0.079746, 0.0063939999999999995, 69760, 7162, 0, 0, 1000, 182, 143
libptytty, 1464406, 0.79, 18, 3, 4, 0, 746460, 256195, 885, 310, 0, 204800, 0, 0.181614, 0.033788, 71004, 23483, 0, 0, 224, 70, 39, 0.04901, 0.009799, 68248, 6872, 0, 0, 176, 111, 108
glibc-locale, 2292230, 2.98, 39, 15, 17, 55, 16408648, 15264102, 28104, 5781, 32768, 18391040, 0, 0.39237299999999997, 0.157682, 72292, 21424, 0, 48, 4936, 58, 194, 0.17007799999999998, 0.553952, 69548, 14598, 0, 16, 30984, 787, 1406
libarchive, 2010126, 3.25, 22, 4, 5, 1, 870445, 299680, 879, 323, 0, 241664, 0, 0.226682, 0.041214, 72176, 23409, 0, 0, 224, 44, 79, 0.057921999999999994, 0.015404999999999999, 69440, 6940, 0, 0, 248, 195, 77
libfakekey, 2500038, 0.77, 20, 4, 4, 1, 782615, 253562, 859, 315, 0, 204800, 0, 0.20130599999999998, 0.04178, 73228, 22961, 0, 0, 224, 50, 100, 0.049335, 0.010539999999999999, 70404, 6919, 0, 0, 176, 177, 85
libogg, 1793175, 0.97, 21, 2, 3, 2, 787520, 269201, 904, 316, 0, 212992, 0, 0.217244, 0.029963999999999998, 71912, 23574, 0, 0, 224, 75, 158, 0.037226999999999996, 0.025168, 69112, 6926, 1, 0, 192, 110, 95
mpfr, 2143596, 0.70, 21, 5, 5, 1, 880297, 331779, 897, 322, 0, 225280, 0, 0.211382, 0.052844999999999996, 72264, 23767, 0, 0, 224, 68, 71, 0.051268, 0.015491, 69464, 6942, 0, 0, 216, 106, 134
mesa, 3477121, 0.90, 18, 4, 6, 2, 2026641, 1063159, 1409, 455, 0, 786432, 0, 0.182547, 0.041488, 60728, 21832, 0, 0, 304, 43, 136, 0.06123, 0.023157, 57812, 7317, 0, 0, 1232, 140, 68
ofono, 3450311, 0.92, 21, 5, 6, 0, 1028750, 368149, 922, 330, 4096, 278528, 0, 0.211134, 0.051787, 59668, 24001, 0, 0, 232, 61, 77, 0.061211999999999996, 0.005737, 56844, 6970, 0, 8, 312, 110, 133
libtheora, 2037168, 0.51, 18, 3, 3, 1, 772846, 247866, 869, 313, 0, 208896, 0, 0.182091, 0.038112, 71872, 23218, 0, 0, 224, 56, 106, 0.038775, 0.019667, 69136, 6933, 0, 0, 184, 128, 121
libsamplerate0, 2397531, 1.05, 17, 6, 5, 0, 795911, 270899, 854, 315, 0, 204800, 0, 0.171323, 0.061967999999999995, 72292, 23493, 0, 0, 224, 50, 79, 0.054876999999999995, 0.007169, 69556, 6936, 0, 0, 176, 119, 80
ptest-runner, 1996772, 1.99, 19, 4, 3, 2, 766430, 243386, 864, 309, 0, 196608, 0, 0.195164, 0.040659, 72016, 23807, 0, 0, 216, 64, 78, 0.035546, 0.027590999999999997, 69268, 6980, 1, 0, 168, 137, 112
alsa-utils, 2866952, 1.42, 17, 2, 5, 1, 1093716, 499773, 1229, 385, 0, 438272, 0, 0.175832, 0.029928, 74072, 24061, 0, 0, 288, 77, 66, 0.053806, 0.015892, 71328, 7070, 0, 0, 568, 169, 160
dbus-wait, 2965904, 1.24, 19, 5, 4, 1, 766670, 228535, 890, 309, 0, 196608, 0, 0.19735899999999998, 0.051167, 62732, 24313, 0, 0, 224, 75, 104, 0.04486, 0.013704, 59892, 6914, 1, 0, 160, 105, 134
dnf, 3772731, 1.02, 21, 3, 4, 5, 1478963, 911452, 1699, 503, 229376, 778240, 0, 0.210225, 0.039417, 60160, 21508, 1, 40, 408, 51, 137, 0.044765, 0.052715, 57284, 7196, 0, 408, 1112, 190, 422
libxcomposite, 2274307, 0.32, 18, 4, 3, 2, 799727, 269408, 858, 316, 0, 204800, 0, 0.188958, 0.043302, 72864, 22973, 0, 0, 224, 49, 186, 0.032783, 0.021922, 70064, 6928, 0, 0, 176, 109, 77
harfbuzz, 3751214, 1.04, 21, 2, 6, 0, 1040738, 421871, 942, 349, 4096, 299008, 0, 0.214386, 0.020225, 60144, 24354, 0, 8, 248, 39, 53, 0.06675099999999999, 0.00067, 57284, 7003, 0, 0, 336, 144, 31
python3, 2942595, 1.72, 24, 2, 5, 3, 3203804, 1696303, 2128, 588, 0, 1347584, 0, 0.245921, 0.028512, 62972, 25464, 0, 0, 352, 75, 235, 0.056006999999999994, 0.032553, 60056, 7589, 0, 0, 2280, 134, 254
libnsl2, 1661060, 1.19, 17, 5, 4, 1, 796427, 288962, 908, 317, 0, 204800, 0, 0.179528, 0.056102, 71852, 23260, 0, 0, 224, 76, 61, 0.041103999999999995, 0.019292, 69052, 6920, 1, 0, 176, 110, 123
modutils-initscripts, 1474350, 0.94, 20, 3, 5, 0, 711945, 223011, 866, 305, 0, 192512, 0, 0.20821599999999998, 0.038243, 70980, 22879, 0, 0, 224, 72, 89, 0.059634, 0.003542, 68172, 6921, 0, 0, 152, 136, 95
xrandr, 2327436, 0.49, 18, 2, 2, 2, 756662, 230502, 914, 311, 0, 196608, 0, 0.181745, 0.024232, 72980, 23208, 0, 0, 224, 86, 50, 0.029509999999999998, 0.025178, 70180, 6887, 0, 0, 160, 119, 105
strace, 3733358, 1.07, 23, 3, 5, 2, 4868570, 2427990, 1491, 558, 28672, 1368064, 0, 0.23851699999999998, 0.038317, 59772, 24235, 7, 56, 240, 73, 69, 0.055417999999999995, 0.021997, 56856, 7610, 0, 0, 2432, 183, 75
libsolv, 3725596, 0.85, 17, 3, 3, 2, 878883, 305005, 866, 321, 16384, 233472, 0, 0.178412, 0.032438, 59352, 21448, 1, 32, 216, 40, 78, 0.036342, 0.028329999999999998, 56480, 6912, 0, 0, 240, 105, 73
python3-pycairo, 3668854, 1.75, 21, 4, 4, 1, 791348, 237524, 910, 317, 0, 200704, 0, 0.218221, 0.048492999999999994, 59656, 24190, 0, 0, 224, 80, 78, 0.044191, 0.017932999999999998, 56728, 6933, 2, 0, 168, 134, 127
qemuwrapper-cross, 1357388, 0.68, 15, 3, 4, 1, 698509, 220304, 835, 305, 0, 188416, 0, 0.157553, 0.038426999999999996, 71008, 20570, 0, 0, 216, 53, 57, 0.043941999999999995, 0.013486, 68208, 6896, 0, 0, 152, 114, 99
libxmu, 2705763, 4.01, 15, 4, 4, 1, 837647, 287718, 866, 322, 0, 225280, 0, 0.154016, 0.042353999999999996, 74580, 23173, 0, 0, 224, 46, 11, 0.042158, 0.01712, 71780, 6950, 5, 0, 216, 160, 68
xtrans, 1593985, 0.83, 15, 0, 1, 3, 740989, 231192, 820, 312, 4096, 196608, 0, 0.153592, 0.009034, 71764, 23411, 0, 0, 216, 33, 35, 0.01823, 0.030038, 68964, 6906, 0, 8, 168, 137, 66
libfm, 3912065, 0.73, 21, 4, 4, 3, 1623806, 1019390, 1779, 529, 0, 843776, 0, 0.215158, 0.042187999999999996, 62204, 23965, 0, 0, 432, 50, 60, 0.046938, 0.038644, 59360, 7226, 5, 0, 1216, 148, 75
libnss-mdns, 3289148, 0.97, 22, 3, 4, 1, 802709, 246681, 862, 312, 159744, 212992, 0, 0.22172599999999998, 0.033468, 59588, 23355, 1, 8, 240, 61, 102, 0.042032, 0.018411, 56696, 6911, 12, 304, 176, 142, 112
xmodmap, 2690808, 1.18, 18, 5, 2, 3, 769927, 232744, 919, 311, 0, 200704, 0, 0.188133, 0.054872, 73804, 23656, 0, 0, 232, 88, 89, 0.02903, 0.030313999999999997, 71068, 6890, 0, 0, 160, 161, 131
freetype, 1681839, 1.12, 17, 5, 5, 1, 913299, 356281, 902, 325, 0, 241664, 0, 0.174985, 0.054439999999999995, 71716, 23129, 0, 0, 232, 64, 49, 0.051746, 0.012114999999999999, 68916, 6932, 0, 0, 240, 124, 113
libjpeg-turbo, 1469678, 1.20, 18, 2, 4, 1, 854628, 340619, 894, 325, 0, 241664, 0, 0.18684199999999998, 0.025477999999999997, 71364, 23545, 0, 0, 232, 50, 102, 0.0443, 0.014707999999999999, 68616, 6932, 2, 0, 240, 131, 152
libxcursor, 2280378, 0.54, 14, 5, 4, 1, 803395, 270363, 881, 316, 0, 204800, 0, 0.143102, 0.059625, 72864, 22982, 0, 0, 224, 61, 102, 0.041303, 0.016253999999999998, 70064, 6888, 1, 0, 176, 137, 100
