Package, PID, Elapsed time, utime, stime, cutime, cstime, IO rchar, IO wchar, IO syscr, IO syscw, IO read_bytes, IO write_bytes, IO cancelled_write_bytes, rusage ru_utime, rusage ru_stime, rusage ru_maxrss, rusage ru_minflt, rusage ru_majflt, rusage ru_inblock, rusage ru_oublock, rusage ru_nvcsw, rusage ru_nivcsw, Child rusage ru_utime, Child rusage ru_stime, Child rusage ru_maxrss, Child rusage ru_minflt, Child rusage ru_majflt, Child rusage ru_inblock, Child rusage ru_oublock, Child rusage ru_nvcsw, Child rusage ru_nivcsw
libassuan-native, 750772, 0.50, 33, 6, 6, 4, 2115849, 716302, 2073, 1005, 0, 499712, 8192, 0.335814, 0.064873, 70780, 35682, 0, 0, 624, 235, 282, 0.065708, 0.048887, 68756, 15725, 1, 0, 352, 263, 281
kmod-native, 968054, 1.24, 32, 7, 12, 4, 3534913, 1275863, 2552, 1090, 0, 880640, 0, 0.320968, 0.074069, 71252, 31644, 0, 0, 992, 296, 134, 0.12084099999999999, 0.040165, 69076, 17783, 1, 0, 728, 308, 354
libcap-native, 169762, 0.37, 19, 6, 10, 5, 3425648, 991537, 2998, 1059, 0, 688128, 0, 0.19874499999999998, 0.067573, 64440, 37860, 0, 0, 752, 147, 52, 0.103943, 0.057271999999999997, 62260, 26617, 0, 0, 592, 306, 134
libcap-ng-native, 170105, 0.47, 24, 5, 8, 7, 2562056, 708779, 2870, 1055, 0, 516096, 0, 0.241585, 0.056066, 64548, 38688, 0, 0, 640, 154, 52, 0.08818899999999999, 0.072623, 62404, 27003, 0, 0, 368, 263, 156
qemu-helper-native, 3997872, 0.31, 18, 5, 4, 2, 967094, 320603, 1141, 762, 4096, 225280, 0, 0.18210199999999999, 0.052607, 71424, 28922, 0, 8, 360, 76, 10, 0.044919, 0.025025, 68824, 10580, 0, 0, 80, 170, 11
libyaml-native, 742031, 1.17, 29, 4, 6, 3, 3035161, 1068726, 1777, 913, 0, 585728, 0, 0.296929, 0.041874, 70804, 29042, 0, 0, 664, 183, 105, 0.066078, 0.038511, 68680, 12056, 3, 0, 480, 239, 270
freetype-native, 425807, 0.24, 18, 4, 8, 2, 9866358, 4159574, 2695, 1102, 0, 2359296, 0, 0.18531499999999998, 0.042116999999999995, 66884, 29057, 0, 0, 2032, 98, 15, 0.081506, 0.026951, 64708, 13918, 0, 0, 2576, 272, 31
tzcode-native, 687537, 0.68, 25, 4, 5, 4, 1990133, 692345, 1859, 805, 0, 479232, 0, 0.251907, 0.045426, 69196, 30113, 0, 0, 552, 267, 65, 0.059511999999999995, 0.049751, 67024, 14315, 0, 0, 384, 208, 327
icon-naming-utils-native, 854523, 1.06, 31, 4, 7, 2, 1275102, 391421, 1438, 833, 0, 245760, 4096, 0.31797, 0.045971, 71072, 28195, 0, 0, 400, 217, 120, 0.070742, 0.021324, 68952, 11059, 2, 0, 80, 186, 246
libcomps-native, 985582, 0.28, 23, 6, 5, 4, 6363150, 2630883, 2084, 973, 0, 2043904, 0, 0.238316, 0.06462799999999999, 70400, 30734, 0, 0, 3016, 97, 47, 0.058245, 0.04788, 68172, 15876, 4, 0, 976, 237, 57
libxfixes-native, 1179969, 1.09, 34, 5, 6, 3, 1480668, 453787, 1680, 905, 0, 299008, 0, 0.34248799999999996, 0.057721999999999996, 71816, 30614, 0, 0, 448, 207, 925, 0.067512, 0.039935, 69916, 12661, 0, 0, 136, 193, 365
util-linux-libuuid-native, 298608, 0.21, 17, 4, 4, 2, 1452369, 469307, 1433, 878, 0, 311296, 0, 0.17995, 0.049076999999999996, 65788, 29969, 0, 0, 456, 86, 23, 0.04307, 0.025904999999999997, 63580, 11828, 0, 0, 152, 175, 37
libxcb-native, 1060629, 3.51, 43, 25, 47, 26, 21002823, 6664648, 9410, 2029, 0, 3457024, 0, 0.437326, 0.25542899999999996, 71196, 69359, 0, 0, 3352, 484, 153, 0.47879, 0.265743, 69264, 80213, 8, 0, 3400, 620, 831
dtc-native, 967029, 1.51, 32, 13, 16, 10, 5186288, 1647871, 3415, 1112, 0, 1105920, 0, 0.328943, 0.13883299999999998, 70844, 39168, 0, 0, 1128, 256, 210, 0.16375599999999998, 0.102819, 68680, 31107, 0, 0, 1032, 315, 365
ca-certificates-native, 616809, 0.83, 30, 5, 7, 2, 3168110, 1221245, 2449, 899, 0, 425984, 0, 0.307877, 0.05456, 68520, 27735, 0, 0, 560, 259, 71, 0.07581, 0.028163999999999998, 66116, 10270, 1, 0, 272, 228, 390
python3-pygments-native, 956719, 2.36, 37, 10, 25, 6, 38513295, 11672542, 9329, 1920, 0, 2592768, 0, 0.373851, 0.104517, 70444, 29033, 0, 0, 768, 169, 166, 0.251434, 0.06768099999999999, 68016, 14965, 2, 0, 4296, 611, 257
libpciaccess-native, 750988, 0.37, 27, 5, 4, 4, 1573681, 500723, 1562, 878, 0, 335872, 0, 0.274546, 0.051823999999999995, 70920, 29138, 0, 0, 472, 178, 91, 0.045417, 0.041906, 68736, 11800, 0, 0, 184, 178, 233
cmake-native, 829163, 0.84, 28, 15, 167, 29, 377482627, 201137565, 36740, 7878, 0, 141336576, 0, 0.281391, 0.159208, 69624, 34770, 0, 0, 132024, 126, 129, 1.674852, 0.297412, 131992, 92988, 0, 0, 144024, 783, 203
flex-native, 94867, 0.19, 18, 3, 6, 2, 4651513, 1850281, 2076, 993, 0, 1286144, 0, 0.185441, 0.032966999999999996, 63708, 31727, 0, 0, 1288, 108, 104, 0.064467, 0.023826999999999997, 61456, 17194, 1, 0, 1224, 281, 58
unfs3-native, 817684, 0.19, 13, 4, 3, 1, 2231198, 791995, 1394, 839, 0, 561152, 0, 0.131317, 0.049243999999999996, 70596, 29855, 0, 0, 672, 84, 19, 0.037903, 0.013167, 68668, 11144, 0, 0, 424, 235, 16
libffi-native, 156651, 0.20, 17, 4, 3, 2, 1738597, 568577, 1592, 909, 0, 372736, 0, 0.176897, 0.043240999999999995, 64372, 29511, 0, 0, 504, 92, 21, 0.039074, 0.025065999999999998, 62168, 12472, 1, 0, 224, 230, 24
m4-native, 55197, 0.12, 11, 0, 3, 0, 2946979, 1257245, 1464, 853, 0, 905216, 0, 0.119172, 0.007944, 62976, 29094, 0, 0, 952, 86, 2, 0.035650999999999995, 0.007483, 60696, 11409, 0, 0, 816, 234, 14
make-native, 223153, 0.25, 22, 3, 4, 2, 3256547, 1290890, 1667, 894, 0, 917504, 0, 0.22109299999999998, 0.034681, 65260, 30168, 0, 0, 960, 138, 173, 0.044753, 0.029020999999999998, 63024, 11982, 2, 0, 832, 209, 112
makedevs-native, 792198, 1.03, 30, 4, 5, 2, 1251809, 346516, 1199, 765, 0, 237568, 0, 0.30175799999999997, 0.040777999999999995, 70332, 29654, 0, 0, 360, 101, 130, 0.053929, 0.02804, 68416, 10315, 1, 0, 104, 129, 117
python3-markupsafe-native, 952652, 1.34, 33, 7, 7, 2, 1620716, 503335, 1391, 831, 0, 299008, 0, 0.330884, 0.07574399999999999, 70868, 30681, 0, 0, 464, 105, 199, 0.071391, 0.023637, 68976, 11150, 0, 0, 120, 212, 221
texinfo-dummy-native, 12665, 0.12, 10, 2, 4, 1, 1141450, 332514, 1350, 762, 0, 176128, 0, 0.10328899999999999, 0.027808, 59404, 28064, 0, 0, 304, 67, 14, 0.047277, 0.018406, 57012, 20382, 0, 0, 40, 251, 17
cargo-native, 3181389, 2.91, 37, 6, 51, 10, 115973225, 63123576, 7709, 2733, 466944, 45871104, 0, 0.378697, 0.061203, 58288, 31455, 0, 24, 44360, 284, 341, 0.51037, 0.103708, 56076, 31529, 10, 888, 45232, 478, 727
gmp-native, 165696, 0.40, 30, 6, 9, 3, 5998250, 2634516, 2251, 1058, 0, 1785856, 4096, 0.301856, 0.062723, 64500, 31550, 0, 0, 1576, 140, 191, 0.093827, 0.034416999999999996, 62284, 16796, 0, 0, 1912, 227, 180
ldconfig-native, 792063, 1.20, 21, 5, 4, 3, 1375360, 555059, 1209, 767, 0, 405504, 0, 0.21445399999999998, 0.052601999999999996, 69132, 28014, 0, 0, 448, 102, 134, 0.048201, 0.036052, 67040, 10281, 0, 0, 344, 174, 186
libssh2-native, 633277, 0.13, 14, 1, 3, 1, 5065014, 1999263, 2037, 1008, 0, 1036288, 0, 0.146403, 0.016267, 68672, 29389, 0, 0, 1008, 107, 21, 0.037773, 0.019909, 66472, 13122, 0, 0, 1016, 257, 16
libical-native, 1114148, 2.02, 37, 14, 28, 9, 31901199, 10979459, 6490, 1912, 4096, 4255744, 4096, 0.37440999999999997, 0.14371299999999998, 72716, 41709, 0, 0, 3800, 309, 179, 0.287906, 0.09543199999999999, 70788, 34039, 9, 8, 4512, 452, 505
libtool-native, 69468, 0.18, 11, 3, 8, 3, 13236205, 3612388, 3466, 1314, 0, 1220608, 4096, 0.118624, 0.031633, 63180, 31494, 0, 0, 520, 112, 62, 0.088571, 0.037690999999999995, 60992, 30419, 0, 0, 1864, 343, 33
fontconfig-native, 883223, 0.40, 22, 12, 17, 8, 6358073, 2234269, 4712, 1302, 0, 1511424, 4096, 0.22861599999999999, 0.12786999999999998, 71128, 45114, 0, 0, 1528, 187, 13, 0.178227, 0.08041, 69212, 40615, 1, 0, 1424, 431, 62
curl-native, 666065, 0.19, 15, 4, 7, 1, 7859223, 3381477, 2800, 1187, 0, 2260992, 16384, 0.154729, 0.044208, 69684, 37972, 0, 0, 2072, 129, 24, 0.072916, 0.018341, 67440, 20279, 0, 0, 2344, 315, 18
virglrenderer-native, 3957862, 0.96, 27, 6, 8, 4, 5504978, 2484682, 2197, 1000, 8192, 1757184, 0, 0.27541499999999997, 0.067855, 60880, 31838, 0, 8, 1704, 235, 151, 0.08639, 0.049789, 58352, 16308, 0, 8, 1728, 230, 299
util-macros-native, 309855, 0.20, 20, 4, 3, 1, 1351689, 440875, 1056, 795, 0, 229376, 0, 0.20055399999999998, 0.048132, 65928, 26568, 0, 0, 360, 66, 48, 0.030531, 0.014185, 63128, 8054, 0, 0, 88, 157, 45
docbook-xml-dtd4-native, 981221, 0.59, 34, 9, 20, 16, 11224625, 2768312, 4091, 1130, 0, 376832, 8192, 0.345999, 0.093303, 70076, 38417, 0, 0, 456, 220, 75, 0.202097, 0.161571, 67740, 47706, 0, 0, 280, 406, 552
quilt-native, 10796, 0.16, 11, 4, 12, 6, 2529985, 681373, 2703, 949, 221184, 339968, 4096, 0.118379, 0.043405, 59328, 36531, 0, 0, 392, 85, 10, 0.124347, 0.067644, 56928, 52833, 7, 432, 272, 443, 55
libfontenc-native, 996570, 0.19, 21, 5, 4, 2, 1474459, 466373, 1494, 879, 4096, 311296, 0, 0.21620799999999998, 0.05205, 71452, 29031, 0, 8, 456, 91, 21, 0.047735, 0.021034, 69264, 12019, 0, 0, 152, 250, 31
libxau-native, 993884, 0.44, 23, 6, 5, 3, 1378187, 413292, 1664, 904, 0, 274432, 0, 0.238923, 0.061657, 70572, 28882, 0, 0, 432, 166, 282, 0.054984, 0.035233, 68444, 12522, 0, 0, 104, 199, 283
createrepo-c-native, 1378769, 2.17, 36, 11, 17, 9, 10825852, 4618554, 3537, 1168, 4096, 3796992, 0, 0.363685, 0.117257, 71980, 38617, 0, 0, 5808, 229, 274, 0.175598, 0.090985, 69732, 31255, 1, 8, 1608, 331, 477
autoconf-native, 56617, 0.15, 12, 2, 6, 2, 9949479, 2865113, 2748, 1095, 0, 741376, 4096, 0.129621, 0.024302999999999998, 63848, 30403, 0, 0, 400, 84, 4, 0.065186, 0.024394, 61448, 21735, 0, 0, 1048, 285, 34
pkgconfig-native, 180260, 0.27, 25, 3, 5, 4, 8303560, 3038596, 2095, 1021, 0, 2355200, 4096, 0.256994, 0.033704, 65348, 35662, 0, 0, 1744, 85, 30, 0.059898, 0.041749, 62928, 17339, 1, 0, 2856, 240, 39
gnutls-native, 1211900, 1.66, 35, 13, 23, 15, 23505416, 11395404, 5238, 1623, 0, 7925760, 0, 0.35711299999999996, 0.134909, 70876, 43716, 0, 0, 7184, 308, 209, 0.236537, 0.153997, 68640, 39532, 4, 0, 8296, 419, 653
python3-mako-native, 958003, 1.43, 26, 7, 7, 2, 4267406, 1291795, 1965, 934, 0, 393216, 0, 0.264982, 0.071189, 70472, 27856, 0, 0, 376, 132, 166, 0.078487, 0.020859, 68044, 10559, 0, 0, 392, 209, 159
libidn2-native, 1002178, 1.60, 28, 8, 9, 4, 3004931, 1183084, 2056, 991, 0, 827392, 0, 0.290043, 0.08444299999999999, 71072, 31614, 0, 0, 872, 195, 123, 0.094715, 0.044310999999999996, 68880, 16258, 0, 0, 744, 230, 250
xmlto-native, 1039384, 1.20, 34, 5, 8, 3, 1756954, 564310, 1655, 850, 0, 364544, 4096, 0.344275, 0.05458, 71440, 30342, 0, 0, 496, 104, 151, 0.083415, 0.03868, 69208, 14433, 0, 0, 216, 242, 200
libxxf86vm-native, 1219374, 1.42, 28, 5, 7, 2, 1426144, 432550, 1606, 906, 0, 282624, 0, 0.28240299999999996, 0.058141, 71308, 29220, 0, 0, 432, 174, 124, 0.074561, 0.028362, 69180, 12574, 0, 0, 120, 218, 226
pango-native, 1309419, 1.00, 41, 15, 17, 10, 8828170, 3436112, 3899, 1220, 0, 2285568, 0, 0.41497399999999995, 0.155615, 72708, 43052, 0, 0, 2184, 273, 1025, 0.17402299999999998, 0.10738299999999999, 70812, 30489, 14, 0, 2280, 310, 524
python3-setuptools-native, 949150, 0.93, 31, 6, 11, 2, 13897194, 4062426, 4158, 1256, 0, 790528, 0, 0.316658, 0.064085, 71220, 27487, 0, 0, 520, 150, 91, 0.11309, 0.025412999999999998, 68452, 9848, 0, 0, 1024, 304, 150
rust-llvm-native, 1405451, 42.01, 934, 199, 5307, 447, 9187016177, 4863978015, 716737, 182330, 0, 3280809984, 0, 9.344689, 1.9981339999999999, 71060, 190332, 0, 0, 2943912, 1029, 202, 53.070431, 4.478228, 541396, 1201113, 1, 0, 3463920, 87074, 53252
libxrender-native, 1179151, 1.17, 30, 3, 6, 4, 1715980, 547385, 1751, 912, 0, 352256, 0, 0.30739099999999997, 0.038423, 71804, 30699, 0, 0, 488, 208, 101, 0.066311, 0.040017, 69932, 12651, 1, 0, 200, 226, 275
re2c-native, 197984, 0.23, 18, 5, 8, 3, 15979238, 6614040, 2681, 1095, 0, 4558848, 0, 0.18087399999999998, 0.052252, 65240, 33212, 0, 0, 4608, 87, 10, 0.083441, 0.030303999999999998, 63000, 19604, 2, 0, 4296, 241, 46
gtk-doc-native, 244189, 0.29, 26, 7, 9, 5, 3981908, 1217702, 2139, 981, 0, 487424, 4096, 0.26425499999999996, 0.076595, 65120, 33815, 0, 0, 440, 76, 155, 0.09619599999999999, 0.051455, 62704, 24242, 2, 0, 512, 261, 102
libxdamage-native, 1214076, 1.53, 27, 7, 7, 2, 1312360, 393952, 1559, 875, 0, 266240, 0, 0.27830699999999997, 0.071564, 71392, 30322, 0, 0, 424, 194, 94, 0.072221, 0.026115, 69192, 12039, 0, 0, 96, 229, 245
python3-docutils-native, 953142, 1.96, 37, 6, 19, 10, 19383153, 6086966, 5417, 1566, 0, 1327104, 0, 0.37044699999999997, 0.065373, 70416, 32112, 0, 0, 632, 126, 402, 0.199299, 0.102032, 68188, 25875, 0, 0, 1960, 344, 300
alsa-lib-native, 845791, 2.12, 33, 5, 22, 4, 13009552, 5870894, 3895, 1244, 0, 3743744, 0, 0.335117, 0.057921, 70936, 33954, 0, 0, 3528, 258, 147, 0.222718, 0.046673, 68996, 20652, 4, 0, 3784, 298, 357
ncurses-native, 419348, 3.71, 30, 17, 77, 29, 29669111, 6907070, 16017, 5738, 0, 4616192, 483328, 0.307348, 0.178338, 66768, 71004, 0, 0, 3528, 325, 34, 0.77583, 0.293994, 64500, 197302, 2, 0, 5488, 1560, 396
util-linux-native, 526275, 1.18, 31, 47, 97, 52, 75138095, 26799561, 32755, 5009, 0, 19873792, 0, 0.317502, 0.47218299999999996, 68304, 199991, 0, 0, 18952, 975, 69, 0.972359, 0.522726, 66120, 325783, 1, 0, 19864, 1717, 265
glib-2.0-native, 1013895, 2.38, 43, 18, 46, 27, 44164349, 19330286, 11103, 2333, 0, 11784192, 4096, 0.43290599999999996, 0.18720199999999998, 72088, 56717, 0, 0, 10592, 306, 146, 0.46021999999999996, 0.276545, 69924, 68680, 10, 0, 12424, 623, 483
cross-localedef-native, 1102898, 1.46, 26, 6, 9, 3, 3654074, 1925112, 1821, 859, 0, 1482752, 0, 0.263501, 0.06375, 69932, 30013, 0, 0, 1136, 262, 85, 0.090697, 0.034413, 67944, 13694, 1, 0, 1760, 196, 282
gettext-minimal-native, 44902, 0.11, 7, 3, 2, 0, 1546027, 514488, 1208, 761, 0, 212992, 0, 0.077702, 0.037001, 62104, 25913, 0, 0, 304, 76, 5, 0.022508999999999998, 0.009417, 59728, 8935, 0, 0, 112, 219, 15
libxml2-native, 975883, 1.65, 35, 9, 18, 10, 20901150, 9352112, 4778, 1561, 0, 5472256, 8192, 0.358186, 0.094259, 70544, 41146, 0, 0, 4864, 264, 193, 0.183409, 0.101422, 68328, 28387, 2, 0, 5824, 331, 384
nasm-native, 573604, 0.55, 27, 4, 11, 5, 24045467, 11069355, 3041, 1232, 163840, 7622656, 0, 0.27525499999999997, 0.047309, 68164, 30817, 0, 0, 7336, 232, 92, 0.11599799999999999, 0.050275999999999994, 65936, 17990, 3, 320, 7552, 269, 359
attr-native, 79959, 0.21, 16, 7, 7, 2, 2317190, 647103, 2530, 1040, 0, 454656, 0, 0.163897, 0.070241, 63752, 34509, 0, 0, 584, 130, 16, 0.074483, 0.024137, 61540, 21842, 0, 0, 304, 324, 40
patch-native, 206986, 0.31, 29, 4, 4, 2, 2714841, 1034666, 1454, 850, 0, 741376, 0, 0.29925599999999997, 0.046637, 65320, 30293, 0, 0, 824, 101, 221, 0.046167, 0.027264, 63072, 11340, 0, 0, 624, 212, 108
mpfr-native, 228474, 0.24, 21, 2, 6, 3, 6255156, 3046410, 1950, 1006, 0, 2121728, 0, 0.21711699999999998, 0.028675, 65228, 29743, 0, 0, 1936, 97, 17, 0.062166, 0.036187, 63024, 13431, 0, 0, 2208, 225, 44
python3-iniparse-native, 958122, 1.21, 26, 5, 6, 1, 1647147, 514865, 1460, 842, 0, 229376, 0, 0.267467, 0.055191, 70548, 26397, 0, 0, 336, 192, 110, 0.0659, 0.010268, 67704, 8978, 1, 0, 112, 167, 222
libslirp-native, 1021714, 1.05, 35, 7, 6, 3, 2269136, 847993, 1544, 885, 0, 577536, 0, 0.35133899999999996, 0.079469, 72028, 31940, 0, 0, 648, 145, 415, 0.063744, 0.038675999999999995, 69852, 12366, 2, 0, 480, 230, 218
libmicrohttpd-native, 1274056, 0.85, 32, 9, 7, 3, 3147911, 1189823, 1753, 947, 0, 712704, 0, 0.32892499999999997, 0.098677, 71344, 29181, 0, 0, 760, 187, 1195, 0.07479899999999999, 0.038222, 69112, 12858, 0, 0, 632, 240, 444
dwarfsrcfiles-native, 1297228, 0.76, 26, 5, 6, 2, 1181027, 321878, 1196, 765, 0, 221184, 0, 0.26431099999999996, 0.052060999999999996, 71212, 29049, 0, 0, 352, 95, 57, 0.06892, 0.021636, 69024, 10624, 0, 0, 80, 193, 129
libmodulemd-native, 1061595, 1.73, 30, 8, 10, 4, 6070918, 2457600, 2298, 1020, 0, 1544192, 0, 0.302883, 0.085953, 71620, 32211, 0, 0, 1552, 182, 140, 0.103461, 0.049936999999999995, 69708, 16346, 1, 0, 1464, 262, 320
xorgproto-native, 961315, 1.37, 28, 3, 7, 2, 6214836, 1895258, 2733, 1037, 0, 544768, 0, 0.282291, 0.037362, 70692, 26052, 0, 0, 448, 143, 248, 0.073519, 0.024898, 67892, 9592, 0, 0, 616, 213, 258
libxcursor-native, 1218271, 1.35, 31, 5, 8, 2, 1641165, 532427, 1630, 908, 0, 352256, 0, 0.311562, 0.054522999999999995, 71312, 29267, 0, 0, 488, 181, 159, 0.08133699999999999, 0.022462, 69192, 12602, 5, 0, 200, 188, 231
swig-native, 1009958, 1.82, 38, 8, 19, 7, 28658574, 11362483, 8764, 1545, 0, 5627904, 0, 0.382334, 0.086714, 71204, 31254, 0, 0, 4824, 249, 168, 0.198824, 0.070266, 68896, 18955, 1, 0, 6168, 346, 510
libxslt-native, 1026741, 1.57, 36, 8, 11, 9, 4927889, 1938155, 2886, 1138, 0, 1302528, 8192, 0.36921299999999996, 0.08810699999999999, 70856, 39540, 0, 0, 1312, 219, 149, 0.11977199999999999, 0.09289599999999999, 68856, 22947, 3, 0, 1232, 289, 269
shadow-native, 395040, 2.41, 34, 24, 49, 30, 22946647, 7617377, 11498, 2257, 0, 5672960, 0, 0.344429, 0.24717799999999998, 66652, 83210, 0, 0, 5704, 624, 150, 0.490683, 0.30833499999999997, 64432, 111634, 7, 0, 5376, 736, 1183
gdbm-native, 133213, 0.29, 20, 3, 8, 4, 4122523, 1415240, 2731, 1060, 0, 1019904, 0, 0.208111, 0.038539, 64264, 35917, 0, 0, 1096, 145, 30, 0.08292999999999999, 0.043586, 62012, 24216, 0, 0, 896, 252, 119
icu-native, 468385, 2.32, 48, 47, 458, 75, 442278873, 270006117, 53480, 11983, 0, 186253312, 4096, 0.48668599999999995, 0.478574, 67216, 130413, 0, 0, 157952, 734, 398, 4.582401, 0.7538579999999999, 172464, 220850, 5, 0, 205824, 1221, 2246
itstool-native, 996523, 0.18, 23, 4, 2, 2, 1770313, 521818, 1233, 839, 0, 315392, 4096, 0.23585099999999998, 0.042881999999999997, 71284, 27120, 0, 0, 384, 75, 14, 0.029268, 0.029195, 68852, 10725, 0, 0, 232, 249, 24
meson-native, 956263, 1.98, 32, 8, 27, 8, 38025292, 11823536, 7813, 2079, 0, 2506752, 0, 0.32840199999999997, 0.083089, 70504, 29485, 0, 0, 688, 208, 260, 0.27552, 0.083379, 68108, 17747, 0, 0, 4208, 354, 696
chrpath-native, 324248, 1.37, 66, 9, 5, 1, 1270585, 382892, 1544, 818, 0, 262144, 0, 0.662851, 0.094132, 66464, 30307, 0, 0, 416, 222, 193, 0.054764999999999994, 0.017619, 64268, 10895, 1, 0, 96, 214, 218
spirv-headers-native, 836015, 0.39, 17, 3, 4, 3, 12774823, 3396141, 2608, 1102, 0, 344064, 0, 0.179235, 0.035847, 71000, 26769, 0, 0, 352, 91, 45, 0.046944, 0.032975, 68264, 10056, 0, 0, 320, 225, 146
readline-native, 485588, 0.24, 24, 2, 5, 2, 4500217, 1883586, 2285, 1030, 0, 1290240, 0, 0.24187899999999998, 0.026455, 67092, 31637, 0, 0, 1304, 185, 153, 0.058977999999999996, 0.027825, 64912, 16259, 0, 0, 1216, 291, 125
sqlite3-native, 337919, 0.36, 25, 3, 16, 4, 14165856, 6909882, 2936, 1231, 0, 4530176, 0, 0.25669, 0.03667, 66628, 32448, 0, 0, 3784, 123, 20, 0.167397, 0.048992999999999995, 64460, 18225, 0, 0, 5064, 221, 124
shared-mime-info-native, 1046768, 1.73, 39, 4, 13, 8, 25119032, 7221349, 9227, 1546, 0, 1224704, 0, 0.393185, 0.04325, 72168, 32669, 0, 0, 944, 235, 170, 0.13991399999999998, 0.08036499999999999, 70100, 13990, 0, 0, 1448, 354, 287
wayland-native, 1000302, 0.87, 30, 8, 13, 6, 6068268, 1927558, 3146, 1152, 0, 995328, 0, 0.303353, 0.08878599999999999, 71616, 36765, 0, 0, 984, 182, 271, 0.137836, 0.062872, 69428, 24821, 1, 0, 960, 290, 229
intltool-native, 892223, 0.29, 12, 3, 5, 1, 1963433, 515248, 1381, 835, 0, 266240, 4096, 0.129373, 0.03044, 71068, 29368, 0, 0, 384, 81, 7, 0.051942999999999996, 0.018514, 68940, 16572, 0, 0, 136, 262, 13
mesa-native, 3935912, 1.17, 67, 18, 78, 21, 554816329, 148581110, 103349, 9101, 32768, 112717824, 0, 0.676487, 0.181201, 61788, 50141, 0, 8, 71792, 198, 44, 0.783961, 0.218333, 79276, 77072, 4, 56, 148360, 515, 173
unzip-native, 24475, 0.13, 10, 4, 5, 1, 4556254, 1496544, 2237, 915, 0, 1134592, 0, 0.10832699999999999, 0.042557, 61752, 33739, 0, 0, 976, 109, 8, 0.056159, 0.012182, 59568, 19390, 1, 0, 1240, 284, 10
libdnf-native, 1401850, 0.45, 22, 10, 24, 12, 44007465, 21277974, 7238, 2009, 0, 14839808, 0, 0.223913, 0.10037499999999999, 72588, 47750, 0, 0, 14240, 163, 20, 0.242699, 0.124762, 70684, 44436, 0, 0, 14744, 410, 36
vala-native, 1088203, 3.18, 45, 9, 40, 9, 62728682, 23703325, 9791, 2638, 4096, 10518528, 4096, 0.455847, 0.094609, 71848, 37862, 0, 8, 8960, 259, 405, 0.408281, 0.097955, 69928, 35227, 6, 0, 11584, 553, 596
libnsl2-native, 259878, 0.22, 17, 6, 3, 2, 1605184, 504203, 1569, 879, 0, 311296, 0, 0.17059, 0.067442, 64996, 29545, 0, 0, 448, 84, 19, 0.038969, 0.029935, 62784, 11891, 0, 0, 160, 206, 38
zstd-native, 38075, 0.18, 13, 2, 7, 3, 23962158, 10293268, 4020, 1396, 0, 6328320, 0, 0.133078, 0.028228, 62884, 33639, 0, 0, 5856, 130, 8, 0.07511899999999999, 0.037113, 60636, 24673, 1, 0, 6504, 309, 18
mkfontscale-native, 1013496, 1.18, 32, 6, 8, 3, 1547405, 482785, 1637, 843, 0, 352256, 4096, 0.320897, 0.06845799999999999, 71836, 30226, 0, 0, 496, 218, 85, 0.080839, 0.030536999999999998, 69656, 13087, 1, 0, 192, 204, 250
file-native, 260159, 0.31, 22, 4, 10, 5, 28483592, 9914861, 5758, 1900, 8192, 1081344, 0, 0.223432, 0.048748, 65416, 32613, 0, 8, 824, 111, 18, 0.107542, 0.058096999999999996, 63200, 20904, 2, 8, 1288, 250, 95
qemu-system-native, 3997483, 31.74, 393, 124, 701, 135, 3335372647, 2193433105, 211659, 49949, 102400, 1736663040, 4096, 3.938242, 1.246227, 71712, 71401, 1, 160, 2800200, 456, 54, 7.015594, 1.358878, 446400, 385625, 0, 40, 591720, 4656, 270
unifdef-native, 121288, 0.35, 25, 5, 5, 2, 1475356, 439153, 1350, 803, 0, 294912, 0, 0.25072099999999997, 0.052389, 63800, 29923, 0, 0, 408, 89, 219, 0.052496999999999995, 0.021589999999999998, 61668, 11993, 0, 0, 168, 192, 119
json-c-native, 845468, 1.45, 31, 7, 7, 4, 5112972, 1840899, 2014, 969, 0, 778240, 0, 0.312503, 0.072116, 71256, 30327, 0, 0, 944, 171, 76, 0.074654, 0.045771, 69320, 12613, 0, 0, 576, 291, 181
libcheck-native, 767995, 0.30, 26, 7, 7, 4, 2122513, 645717, 1902, 965, 0, 393216, 4096, 0.26478999999999997, 0.07113699999999999, 71020, 29974, 0, 0, 512, 117, 102, 0.07056899999999999, 0.041243999999999996, 68836, 16353, 0, 0, 256, 245, 116
gobject-introspection-native, 1042598, 2.43, 42, 10, 38, 8, 65677206, 18936686, 10645, 2915, 0, 3280896, 8192, 0.429052, 0.107263, 71760, 44063, 0, 0, 1920, 215, 126, 0.382139, 0.089387, 69852, 35168, 3, 0, 4488, 522, 417
libxml-namespacesupport-perl-native, 586948, 0.51, 23, 3, 4, 1, 3140813, 356514, 1626, 824, 0, 196608, 0, 0.23576599999999998, 0.035963999999999996, 68604, 25909, 0, 0, 336, 192, 119, 0.042739, 0.019096, 65760, 8751, 0, 0, 48, 152, 210
python3-packaging-native, 940780, 1.00, 25, 3, 5, 1, 2589387, 801513, 1387, 840, 0, 290816, 0, 0.25571, 0.032993999999999996, 71104, 26390, 0, 0, 344, 99, 206, 0.055763, 0.019962999999999998, 68344, 8603, 1, 0, 224, 199, 134
libgcrypt-native, 424618, 0.33, 28, 4, 12, 4, 8320673, 3956790, 3098, 1190, 0, 2830336, 8192, 0.28577199999999997, 0.047628, 66708, 40570, 0, 0, 2560, 140, 15, 0.12024, 0.042906, 64524, 25274, 0, 0, 2968, 325, 25
gcc-cross-x86_64, 1120776, 7.36, 163, 49, 517, 102, 1095306459, 567942312, 76268, 21710, 0, 394620928, 4096, 1.633184, 0.49073999999999995, 70632, 79771, 0, 0, 348088, 640, 583, 5.1734, 1.02391, 326668, 271089, 7, 0, 422656, 6010, 1911
kern-tools-native, 52028, 0.13, 10, 3, 8, 4, 3483637, 815073, 1826, 825, 0, 274432, 0, 0.10669, 0.031612, 63056, 31139, 0, 0, 304, 63, 72, 0.08080699999999999, 0.041074, 60684, 33269, 0, 0, 232, 311, 37
glslang-native, 950093, 2.53, 29, 10, 33, 13, 42489640, 22724412, 6576, 1902, 4096, 15421440, 4096, 0.290354, 0.10986299999999999, 71236, 39791, 0, 0, 13688, 215, 120, 0.33929699999999996, 0.13805, 69348, 33122, 2, 8, 16432, 386, 371
libpthread-stubs-native, 358445, 0.23, 20, 4, 3, 2, 1009928, 320882, 1125, 813, 0, 212992, 0, 0.20662699999999998, 0.040514999999999995, 66620, 26556, 0, 0, 368, 85, 33, 0.030601, 0.022945, 63772, 8366, 0, 0, 48, 155, 77
debianutils-native, 790735, 1.43, 28, 8, 11, 8, 2077843, 553125, 2246, 939, 0, 380928, 0, 0.289308, 0.085308, 70684, 35007, 0, 0, 520, 162, 163, 0.110496, 0.082762, 68748, 24756, 0, 0, 224, 254, 259
xcb-proto-native, 940497, 1.24, 26, 3, 7, 1, 5355863, 1548197, 2044, 983, 0, 368640, 0, 0.26333, 0.036461, 71180, 26575, 0, 0, 408, 152, 146, 0.074816, 0.018559, 68420, 9910, 1, 0, 312, 264, 176
rust-native, 2726818, 16.95, 113, 38, 675, 68, 1373628983, 787909607, 109528, 33526, 532480, 500715520, 4096, 1.130944, 0.387204, 74244, 45149, 0, 152, 471960, 344, 668, 6.753362, 0.682484, 414836, 249392, 12, 888, 506000, 9505, 4640
pixman-native, 972247, 1.12, 34, 6, 7, 4, 5820607, 2789138, 1869, 955, 0, 1925120, 0, 0.34641099999999997, 0.064539, 71680, 29203, 0, 0, 1784, 142, 286, 0.07184299999999999, 0.046491, 69488, 13074, 0, 0, 1976, 229, 236
docbook-xsl-stylesheets-native, 981987, 0.67, 41, 14, 49, 33, 87260222, 24858263, 23717, 3501, 0, 3100672, 8192, 0.415027, 0.147653, 70116, 53883, 0, 0, 1704, 68, 109, 0.499112, 0.33661399999999997, 67780, 110971, 1, 0, 4352, 1639, 910
gettext-native, 880248, 1.11, 34, 23, 72, 37, 46526462, 23821141, 12629, 2692, 0, 15097856, 4096, 0.34439, 0.23779299999999998, 71220, 74812, 0, 0, 9560, 313, 59, 0.724827, 0.37967999999999996, 69312, 105987, 4, 0, 19928, 721, 447
librepo-native, 1087212, 1.83, 34, 8, 8, 5, 3996407, 1486644, 2156, 958, 0, 913408, 0, 0.34124899999999997, 0.08143399999999999, 72040, 32242, 0, 0, 936, 176, 236, 0.083174, 0.058205, 70084, 15272, 0, 0, 848, 238, 232
python3-pyproject-hooks-native, 940766, 0.98, 25, 2, 4, 2, 1336962, 441191, 1184, 816, 0, 212992, 0, 0.258148, 0.024585, 71076, 26519, 0, 0, 344, 103, 74, 0.044643999999999996, 0.027393999999999998, 68312, 8479, 1, 0, 72, 189, 149
desktop-file-utils-native, 1026368, 1.12, 33, 5, 8, 6, 3041114, 1008691, 1881, 912, 0, 729088, 0, 0.33022399999999996, 0.051462999999999995, 71644, 32400, 0, 0, 848, 138, 87, 0.08573299999999999, 0.06676499999999999, 69512, 16952, 4, 0, 576, 212, 250
acl-native, 121199, 0.40, 24, 5, 7, 6, 2597113, 784329, 2471, 1015, 0, 557056, 0, 0.247722, 0.053673, 64176, 34650, 0, 0, 680, 186, 93, 0.073444, 0.060889, 61956, 21284, 2, 0, 408, 272, 355
gperf-native, 128794, 0.32, 23, 4, 4, 2, 1953125, 667751, 1287, 831, 0, 475136, 0, 0.232678, 0.048139999999999995, 64096, 29921, 0, 0, 592, 79, 191, 0.048059, 0.022232, 61852, 11071, 1, 0, 336, 177, 78
at-spi2-core-native, 1254216, 2.31, 32, 12, 18, 11, 9843848, 3812843, 4265, 1327, 0, 2445312, 4096, 0.322926, 0.13000899999999999, 72096, 39463, 0, 0, 2416, 295, 284, 0.18038099999999999, 0.110694, 69976, 30965, 1, 0, 2360, 350, 506
bison-native, 259843, 0.29, 19, 6, 10, 3, 8854333, 3332989, 2430, 1060, 0, 1839104, 4096, 0.19644999999999999, 0.06139, 65068, 31033, 0, 0, 1632, 86, 31, 0.109223, 0.035045, 62804, 16532, 1, 0, 1960, 231, 64
libxtst-native, 1246514, 0.82, 34, 5, 7, 3, 1470878, 451741, 1564, 907, 0, 303104, 0, 0.34846299999999997, 0.050899, 71084, 29351, 0, 0, 456, 148, 213, 0.077877, 0.034198, 68856, 12565, 0, 0, 136, 221, 200
dbus-native, 1107372, 2.72, 35, 10, 26, 10, 11814097, 4776811, 5013, 1470, 0, 3371008, 4096, 0.356048, 0.10890799999999999, 71964, 45282, 0, 0, 3208, 341, 148, 0.26343099999999997, 0.107573, 70048, 42243, 0, 0, 3376, 410, 512
popt-native, 86933, 0.17, 16, 2, 3, 1, 1709534, 560429, 1593, 909, 0, 368640, 0, 0.168629, 0.02879, 63820, 29785, 0, 0, 496, 95, 31, 0.033032, 0.017422, 61600, 12326, 0, 0, 224, 247, 26
libxdmcp-native, 996407, 0.22, 24, 6, 4, 2, 1457420, 448929, 1561, 908, 0, 294912, 0, 0.24425, 0.066971, 71420, 29089, 0, 0, 448, 94, 19, 0.048526, 0.02513, 69248, 12597, 0, 0, 128, 289, 20
libxi-native, 1223767, 1.35, 36, 4, 8, 2, 2048515, 681665, 1708, 921, 0, 425984, 0, 0.366017, 0.047741, 71400, 29308, 0, 0, 552, 204, 77, 0.081796, 0.028967, 69176, 12660, 1, 0, 280, 207, 240
opkg-utils-native, 618942, 0.94, 26, 4, 10, 6, 1646155, 401724, 1572, 805, 0, 196608, 0, 0.268754, 0.049769, 68160, 30670, 0, 0, 304, 99, 189, 0.102078, 0.066844, 65780, 24113, 3, 0, 80, 225, 165
wayland-protocols-native, 960413, 1.12, 26, 6, 5, 3, 3429337, 1069723, 1437, 851, 20480, 290816, 0, 0.26082, 0.060189, 70740, 25763, 0, 0, 360, 86, 126, 0.058821, 0.036448, 67940, 8601, 1, 40, 208, 170, 136
gconf-native, 1206391, 1.80, 37, 11, 19, 14, 7344963, 2656580, 4266, 1327, 0, 1847296, 4096, 0.375606, 0.11268199999999999, 71652, 44218, 0, 0, 1872, 337, 314, 0.196493, 0.142347, 69416, 38051, 9, 0, 1736, 369, 620
xrandr-native, 1232465, 0.98, 28, 9, 5, 4, 1797261, 577493, 1376, 834, 0, 397312, 0, 0.28024099999999996, 0.092134, 71448, 29913, 0, 0, 520, 123, 126, 0.057696, 0.049644999999999995, 69196, 12819, 1, 0, 256, 156, 161
libxml-simple-perl-native, 848653, 0.82, 30, 4, 6, 1, 3563062, 483351, 1562, 839, 0, 225280, 0, 0.305046, 0.046335999999999995, 71000, 26575, 0, 0, 336, 165, 74, 0.06206, 0.016099, 68240, 9017, 0, 0, 104, 180, 191
gnu-config-native, 12544, 0.13, 12, 2, 2, 0, 1411315, 414203, 1213, 793, 0, 229376, 4096, 0.128158, 0.022095999999999998, 59912, 26605, 0, 0, 328, 75, 5, 0.029207999999999998, 0.005599, 57508, 9925, 0, 0, 120, 246, 18
libxrandr-native, 1218368, 1.51, 30, 6, 7, 2, 1659748, 535896, 1613, 911, 0, 348160, 0, 0.305301, 0.061059999999999996, 71336, 29116, 0, 0, 488, 175, 123, 0.075829, 0.029873, 69196, 12623, 0, 0, 192, 196, 201
libxcomposite-native, 1221181, 1.07, 26, 7, 7, 2, 1354980, 402464, 1714, 902, 0, 266240, 0, 0.266406, 0.07554799999999999, 71412, 29188, 0, 0, 424, 210, 130, 0.07960199999999999, 0.022632, 69204, 12551, 0, 0, 96, 247, 239
autoconf-archive-native, 147035, 0.32, 22, 4, 7, 3, 11454091, 3440702, 5725, 1091, 0, 741376, 0, 0.22785799999999998, 0.042482, 64184, 26447, 0, 0, 688, 68, 118, 0.07292599999999999, 0.032859, 61384, 9045, 1, 0, 760, 347, 87
qemu-native, 1114078, 5.87, 57, 40, 119, 43, 616649488, 474823660, 22207, 6172, 0, 432680960, 0, 0.573278, 0.403717, 70596, 50783, 0, 0, 739640, 526, 255, 1.195482, 0.43188899999999997, 96572, 107459, 6, 0, 105440, 1156, 1223
dbus-glib-native, 1141882, 1.40, 32, 8, 12, 7, 4353096, 1581176, 2794, 1119, 0, 1089536, 4096, 0.324673, 0.08889799999999999, 71952, 35499, 0, 0, 1184, 275, 93, 0.124747, 0.07434299999999999, 70068, 22371, 2, 0, 944, 289, 333
perlcross-native, 19457, 0.16, 12, 4, 5, 2, 3342455, 1360077, 2274, 889, 0, 454656, 0, 0.12969, 0.040528, 60596, 29165, 0, 0, 664, 68, 5, 0.057136, 0.026428, 58240, 20483, 0, 0, 224, 305, 28
libsdl2-native, 3960125, 0.38, 23, 6, 14, 2, 30921524, 12673918, 5733, 1823, 139264, 5255168, 8192, 0.23932399999999998, 0.063819, 61916, 34474, 0, 272, 4000, 135, 31, 0.14624499999999999, 0.029414, 60072, 19546, 0, 0, 6264, 342, 51
pbzip2-native, 791570, 1.21, 29, 5, 5, 2, 1751104, 555154, 1515, 775, 0, 393216, 0, 0.295606, 0.055179, 70396, 29724, 0, 0, 496, 259, 115, 0.059469999999999995, 0.026723999999999998, 68492, 10328, 0, 0, 272, 216, 315
perl-native, 545413, 1.77, 50, 45, 179, 63, 281492341, 110127921, 53666, 10552, 3133440, 50659328, 4096, 0.500231, 0.455856, 67916, 155848, 0, 0, 39376, 588, 336, 1.795874, 0.631996, 117352, 232890, 31, 6120, 59568, 1886, 474
orc-native, 972103, 1.36, 32, 6, 12, 6, 7379827, 3090743, 3042, 1118, 0, 2035712, 0, 0.320573, 0.067096, 70836, 34845, 0, 0, 1976, 212, 203, 0.12393599999999999, 0.06862399999999999, 68648, 22603, 1, 0, 2000, 308, 319
libx11-native, 1144501, 0.98, 32, 8, 12, 6, 10815951, 5631923, 2644, 1143, 0, 3837952, 0, 0.32670099999999996, 0.08945299999999999, 72044, 32510, 0, 0, 3280, 225, 102, 0.127528, 0.061387, 70028, 17366, 1, 0, 4216, 306, 314
nettle-native, 236630, 0.28, 20, 6, 12, 6, 13468162, 6448498, 4215, 1229, 0, 5312512, 0, 0.206054, 0.06736299999999999, 65432, 40570, 0, 0, 7968, 153, 23, 0.120893, 0.068493, 63216, 31767, 3, 0, 2408, 364, 59
update-rc.d-native, 36780, 0.11, 10, 2, 2, 0, 1008828, 287244, 985, 743, 0, 176128, 0, 0.105595, 0.026397999999999998, 62856, 26981, 0, 0, 304, 69, 40, 0.021838, 0.008371, 60420, 8726, 0, 0, 40, 210, 16
cairo-native, 1276569, 0.99, 34, 9, 13, 7, 11168934, 5596500, 3220, 1208, 0, 3948544, 0, 0.34538199999999997, 0.099247, 72592, 33152, 0, 0, 3584, 242, 429, 0.135357, 0.070711, 70380, 20142, 7, 0, 4128, 380, 435
libtasn1-native, 1000871, 1.04, 35, 7, 10, 8, 2789746, 892544, 2560, 1032, 0, 626688, 0, 0.354557, 0.071708, 71292, 34283, 0, 0, 736, 240, 157, 0.102658, 0.087085, 69116, 21543, 7, 0, 488, 251, 385
python3-wheel-native, 945966, 1.01, 30, 3, 6, 1, 2093852, 630272, 1509, 863, 0, 249856, 0, 0.305186, 0.039237999999999995, 71076, 28114, 0, 0, 352, 97, 114, 0.06718199999999999, 0.019756, 68996, 10209, 0, 0, 136, 250, 90
python3-flit-core-native, 936357, 0.85, 28, 7, 4, 3, 1936036, 818899, 1907, 970, 0, 286720, 0, 0.285642, 0.070432, 71140, 26671, 0, 0, 440, 182, 91, 0.046571, 0.034533999999999995, 68380, 8592, 0, 0, 120, 219, 208
spirv-tools-native, 888219, 3.18, 57, 34, 26, 15, 453067643, 411420112, 9980, 2441, 0, 402419712, 0, 0.572473, 0.349844, 71172, 54796, 0, 0, 763984, 235, 26, 0.262374, 0.158614, 69248, 71398, 0, 0, 21992, 524, 50
libsm-native, 1026664, 1.13, 34, 5, 7, 3, 1603750, 500012, 1689, 907, 0, 327680, 0, 0.34141099999999996, 0.055577999999999995, 71520, 28857, 0, 0, 472, 201, 79, 0.07084, 0.03904, 69328, 12630, 0, 0, 168, 261, 239
gtk+3-native, 1344383, 3.37, 46, 25, 66, 28, 70260198, 36980873, 15283, 2991, 0, 24461312, 0, 0.464315, 0.259701, 72892, 67495, 0, 0, 22080, 438, 150, 0.6690499999999999, 0.28656, 70968, 84255, 19, 0, 25696, 793, 627
libsolv-native, 1379386, 2.27, 35, 15, 30, 10, 10264479, 4195497, 5438, 1356, 0, 2990080, 0, 0.351597, 0.15486999999999998, 71344, 48659, 0, 0, 2680, 299, 241, 0.307904, 0.10562099999999999, 69240, 47689, 5, 0, 3160, 416, 442
automake-native, 58526, 0.15, 11, 4, 8, 3, 9770549, 3072280, 3265, 1188, 0, 1212416, 4096, 0.11195799999999999, 0.047982, 63780, 32628, 0, 0, 432, 78, 6, 0.088007, 0.03329, 61376, 31331, 0, 0, 1936, 350, 33
bzip2-native, 154060, 0.18, 23, 3, 7, 2, 2597699, 831380, 2243, 987, 0, 585728, 0, 0.23541399999999998, 0.03591, 64500, 33989, 0, 0, 696, 116, 123, 0.078224, 0.022171999999999997, 62272, 21719, 1, 0, 448, 309, 69
libunistring-native, 484536, 0.34, 20, 3, 8, 3, 12096926, 6496908, 2408, 1111, 4096, 4431872, 0, 0.20252499999999998, 0.036454, 67028, 30105, 0, 8, 3968, 118, 57, 0.087699, 0.038398, 64836, 14099, 3, 0, 4688, 246, 166
pseudo-native, 352530, 1.21, 31, 6, 11, 5, 10096195, 4371839, 2857, 1052, 0, 3559424, 0, 0.311542, 0.060689999999999994, 66304, 34706, 0, 0, 5072, 237, 147, 0.11112899999999999, 0.059247999999999995, 64128, 22095, 0, 0, 1880, 240, 320
harfbuzz-native, 1301847, 1.92, 37, 14, 27, 17, 26185238, 13086468, 5939, 1634, 0, 9101312, 0, 0.370712, 0.14673999999999998, 72644, 44395, 0, 0, 8032, 232, 139, 0.275934, 0.171667, 70456, 41509, 1, 0, 9744, 399, 352
python3-native, 933393, 7.03, 83, 82, 311, 120, 365294569, 161350530, 67258, 13465, 524288, 77131776, 4096, 0.839286, 0.82283, 72772, 182791, 0, 0, 88696, 1114, 519, 3.112043, 1.20784, 178916, 350925, 60, 1024, 61952, 3477, 3075
python3-six-native, 952777, 1.23, 30, 3, 6, 1, 1373298, 439056, 1115, 805, 0, 212992, 0, 0.30688699999999997, 0.033631, 70516, 27091, 0, 0, 328, 109, 206, 0.063966, 0.012046, 67804, 8545, 0, 0, 88, 206, 224
zlib-native, 19193, 0.13, 12, 1, 3, 0, 2864504, 946041, 1708, 918, 208896, 495616, 0, 0.129707, 0.019652, 60628, 28929, 0, 0, 528, 103, 30, 0.037626, 0.009946, 58448, 12449, 7, 408, 440, 254, 10
makedepend-native, 980925, 0.44, 28, 6, 4, 4, 1489799, 463866, 1499, 824, 0, 327680, 0, 0.284675, 0.065398, 71300, 29178, 0, 0, 472, 212, 107, 0.045645, 0.042196, 69064, 11165, 0, 0, 168, 173, 249
librsvg-native, 3474208, 6.72, 71, 11, 37, 11, 69280765, 39565428, 6352, 2906, 409600, 28405760, 8192, 0.7152229999999999, 0.115093, 61872, 43755, 0, 304, 27288, 285, 801, 0.37836899999999996, 0.11169899999999999, 59996, 32502, 5, 496, 28192, 483, 553
lua-native, 489482, 0.20, 21, 3, 7, 1, 6982365, 2617651, 2581, 1127, 0, 1482752, 4096, 0.211053, 0.031856999999999996, 66804, 35039, 0, 0, 1400, 117, 52, 0.070203, 0.015667999999999998, 64564, 17986, 0, 0, 1496, 288, 35
dnf-native, 1403118, 0.23, 19, 5, 5, 3, 5838279, 1671173, 2797, 1085, 0, 425984, 4096, 0.19275599999999998, 0.05622, 73388, 31742, 0, 0, 416, 97, 11, 0.054627999999999996, 0.034811, 71148, 15449, 0, 0, 416, 354, 25
rpm-native, 1345920, 2.29, 46, 27, 51, 34, 18925822, 7576028, 9076, 2141, 94208, 5038080, 12288, 0.46580499999999997, 0.27305799999999997, 72244, 71532, 0, 184, 4336, 311, 252, 0.519645, 0.343199, 70332, 102661, 31, 0, 5504, 770, 748
gdk-pixbuf-native, 1070277, 4.68, 40, 22, 33, 19, 7141850, 2276465, 6202, 1467, 4096, 1671168, 8192, 0.40416799999999997, 0.229287, 72184, 60434, 0, 8, 1672, 423, 170, 0.334912, 0.19386199999999998, 70300, 61108, 2, 0, 1592, 508, 628
bc-native, 496036, 0.27, 16, 3, 4, 1, 2501509, 833345, 1624, 866, 0, 602112, 0, 0.163872, 0.038109, 67904, 31164, 0, 0, 704, 87, 12, 0.046209, 0.013415999999999999, 65668, 14033, 0, 0, 472, 255, 22
libjpeg-turbo-native, 841870, 1.48, 35, 10, 18, 10, 13270546, 5690411, 4314, 1304, 0, 3858432, 0, 0.35960899999999996, 0.103336, 71164, 42150, 0, 0, 3680, 279, 109, 0.18967099999999998, 0.10393999999999999, 69248, 34805, 3, 0, 3856, 353, 374
libxext-native, 1181868, 1.31, 32, 4, 8, 2, 2131146, 711596, 1747, 924, 0, 446464, 0, 0.327478, 0.046182, 71496, 30138, 0, 0, 584, 158, 110, 0.087063, 0.029942, 69352, 12732, 1, 0, 288, 218, 270
rsync-native, 190008, 1.27, 39, 5, 9, 2, 5398332, 2345592, 1768, 922, 0, 1683456, 0, 0.393568, 0.059630999999999997, 65272, 30428, 0, 0, 1584, 152, 241, 0.09261799999999999, 0.021182, 63036, 13648, 1, 0, 1704, 251, 194
libdrm-native, 968576, 2.17, 43, 20, 31, 21, 11231815, 3675417, 6742, 1528, 0, 2248704, 0, 0.431683, 0.20593999999999998, 71760, 55072, 0, 0, 2000, 345, 172, 0.310514, 0.21461999999999998, 69568, 58482, 5, 0, 2392, 499, 467
pigz-native, 708785, 0.85, 29, 4, 7, 3, 3416609, 1189740, 1682, 858, 0, 843776, 0, 0.295887, 0.046719, 70476, 30573, 0, 0, 920, 129, 915, 0.077528, 0.035579, 68272, 13866, 0, 0, 728, 175, 228
libxml-parser-perl-native, 846795, 1.51, 35, 5, 7, 3, 5261680, 1129927, 2191, 937, 0, 516096, 0, 0.351589, 0.05409, 71080, 30224, 0, 0, 536, 189, 157, 0.07817, 0.03297, 69148, 12014, 4, 0, 472, 217, 201
elfutils-native, 1296488, 1.93, 35, 27, 45, 30, 39549978, 15681259, 9518, 2305, 53248, 9674752, 4096, 0.35278, 0.272603, 72496, 62806, 0, 0, 9000, 457, 256, 0.458232, 0.300933, 70244, 79893, 28, 104, 9896, 631, 856
llvm-native, 3818697, 13.02, 101, 90, 1010, 137, 1784683115, 869223205, 191221, 49612, 266240, 456261632, 0, 1.013763, 0.905422, 59280, 140023, 0, 24, 379896, 985, 371, 10.101014, 1.370122, 399904, 412277, 27, 496, 511240, 20390, 13434
cwautomacros-native, 693373, 0.29, 26, 5, 6, 2, 1795164, 523551, 1495, 786, 0, 241664, 4096, 0.260563, 0.058335, 69584, 27556, 0, 0, 344, 76, 114, 0.06054, 0.026215, 67212, 11872, 2, 0, 128, 200, 85
python3-build-native, 943712, 0.78, 31, 3, 4, 3, 1684685, 515877, 1407, 845, 8192, 233472, 0, 0.315471, 0.039932999999999996, 71144, 28198, 0, 0, 336, 119, 100, 0.047404999999999996, 0.03941, 69056, 10299, 1, 16, 120, 192, 140
libpng-native, 394006, 0.53, 27, 6, 9, 4, 4351350, 1631854, 2650, 1116, 0, 1097728, 12288, 0.27924499999999997, 0.061203999999999995, 66836, 37427, 0, 0, 1088, 166, 74, 0.095556, 0.046798, 64596, 22016, 1, 0, 1056, 281, 207
xz-native, 104531, 0.26, 20, 8, 10, 4, 5196528, 1816922, 3104, 1107, 0, 1142784, 0, 0.201207, 0.084506, 64328, 38090, 0, 0, 1128, 131, 19, 0.107545, 0.04287, 62096, 29267, 0, 0, 1104, 364, 34
shaderc-native, 958565, 1.36, 29, 6, 9, 4, 5048260, 1761741, 2173, 1002, 0, 991232, 0, 0.29631799999999997, 0.06541999999999999, 70252, 31645, 0, 0, 1040, 150, 263, 0.09294, 0.043204, 68080, 16179, 1, 0, 896, 259, 194
python3-installer-native, 938420, 1.36, 25, 5, 8, 0, 4818597, 1554648, 1612, 909, 0, 450560, 0, 0.2501, 0.050019999999999995, 71092, 26609, 0, 0, 352, 148, 95, 0.08170999999999999, 0.0067079999999999996, 68324, 8970, 0, 0, 528, 216, 170
gpgme-native, 1080423, 2.42, 37, 9, 17, 7, 16297070, 8372395, 4041, 1404, 0, 6176768, 8192, 0.37967, 0.099044, 71800, 40751, 0, 0, 8368, 225, 189, 0.172916, 0.078122, 69940, 26364, 0, 0, 3696, 341, 343
fribidi-native, 966462, 1.75, 33, 6, 8, 5, 2845749, 931586, 2161, 973, 0, 565248, 0, 0.340001, 0.061446, 70660, 31465, 0, 0, 656, 196, 87, 0.087238, 0.052969999999999996, 68484, 16273, 2, 0, 448, 246, 319
libmpc-native, 289549, 0.26, 19, 3, 4, 2, 2250776, 827847, 1571, 899, 4096, 573440, 0, 0.199871, 0.039973999999999996, 65560, 29516, 0, 0, 680, 92, 24, 0.047517, 0.026895, 63356, 12175, 0, 8, 440, 206, 45
libxml-sax-base-perl-native, 684595, 0.16, 16, 4, 2, 2, 3664540, 501712, 1547, 842, 0, 196608, 0, 0.16089399999999998, 0.042339999999999996, 69836, 25623, 0, 0, 328, 74, 11, 0.027877, 0.026178, 66992, 8823, 0, 0, 56, 234, 23
groff-native, 550008, 0.60, 21, 13, 37, 20, 56400676, 19692156, 14126, 2750, 1069056, 10436608, 4096, 0.214442, 0.134551, 67828, 68156, 0, 0, 8832, 280, 96, 0.373498, 0.201185, 65600, 99885, 13, 2088, 11552, 787, 265
expat-native, 841916, 1.48, 36, 5, 9, 4, 3285138, 1207170, 2173, 982, 0, 802816, 0, 0.367703, 0.059951, 71220, 32592, 0, 0, 840, 237, 121, 0.09378299999999999, 0.048576999999999995, 69320, 16206, 0, 0, 728, 272, 333
ninja-native, 332399, 1.11, 29, 4, 7, 1, 12169186, 9425938, 1395, 803, 0, 9072640, 0, 0.298753, 0.047171, 66444, 29862, 0, 0, 16896, 118, 150, 0.072092, 0.012688999999999999, 64248, 11088, 0, 0, 824, 137, 249
libxml-sax-perl-native, 685095, 0.38, 18, 3, 4, 1, 3520879, 483844, 1658, 847, 0, 221184, 0, 0.189353, 0.039448, 69856, 25444, 0, 0, 344, 100, 11, 0.044501, 0.019041, 67012, 8777, 0, 0, 88, 169, 101
libxshmfence-native, 1180202, 1.10, 32, 5, 6, 3, 1305828, 391003, 1521, 870, 0, 258048, 0, 0.321827, 0.051630999999999996, 71560, 30397, 0, 0, 416, 178, 126, 0.063958, 0.034818999999999996, 69636, 11984, 1, 0, 88, 216, 292
libpcre2-native, 235815, 0.32, 22, 6, 14, 5, 10931993, 4911785, 3771, 1301, 0, 3469312, 8192, 0.220986, 0.063746, 65380, 42629, 0, 0, 3208, 156, 25, 0.140895, 0.059246, 63136, 31187, 0, 0, 3568, 358, 57
openssl-native, 598344, 0.35, 16, 6, 37, 8, 87699336, 41462040, 13693, 3522, 0, 20799488, 4096, 0.168762, 0.067504, 68420, 43651, 0, 0, 16304, 175, 15, 0.373592, 0.084495, 66236, 51608, 0, 0, 24320, 464, 97
libgpg-error-native, 315072, 0.88, 34, 4, 10, 6, 4201964, 1455090, 2829, 1105, 122880, 917504, 8192, 0.34624699999999997, 0.041715999999999996, 66604, 39270, 0, 0, 968, 285, 282, 0.10045899999999999, 0.06586499999999999, 64412, 22825, 0, 240, 824, 280, 419
e2fsprogs-native, 556199, 0.34, 14, 13, 26, 12, 28126700, 8580743, 10999, 2080, 0, 5767168, 4096, 0.145126, 0.13303199999999998, 68128, 74607, 0, 0, 4576, 367, 9, 0.264332, 0.122598, 65908, 99661, 0, 0, 6688, 701, 89
xtrans-native, 353796, 0.86, 27, 3, 3, 2, 1729288, 536219, 1304, 835, 0, 241664, 0, 0.270891, 0.033860999999999995, 66300, 26331, 0, 0, 360, 158, 106, 0.039157, 0.026268999999999997, 63476, 8647, 1, 0, 112, 157, 188
libedit-native, 488921, 0.21, 21, 5, 5, 1, 2893327, 1188910, 1689, 935, 0, 806912, 0, 0.215586, 0.055892, 67112, 29935, 0, 0, 880, 94, 9, 0.05773, 0.015467, 64908, 12595, 1, 0, 696, 251, 37
libepoxy-native, 3950252, 0.21, 18, 4, 5, 2, 16680966, 6675605, 2857, 1208, 4096, 3641344, 0, 0.181701, 0.040378, 60940, 31483, 0, 8, 3872, 96, 9, 0.05119, 0.025155999999999998, 59072, 14700, 1, 0, 3240, 208, 14
binutils-cross-x86_64, 864606, 3.70, 70, 33, 153, 34, 200847070, 93268560, 19594, 4962, 0, 65794048, 0, 0.703496, 0.33425699999999997, 69856, 76506, 0, 0, 58968, 545, 163, 1.535251, 0.342647, 67828, 105258, 14, 0, 69536, 1014, 1165
libice-native, 999259, 0.43, 22, 4, 5, 3, 2185087, 770088, 1662, 926, 0, 503808, 0, 0.227041, 0.043815, 71972, 28965, 0, 0, 624, 100, 28, 0.052864999999999995, 0.034776999999999995, 69768, 12734, 1, 0, 360, 205, 63
libtirpc-native, 211479, 0.46, 24, 5, 5, 3, 3324201, 1201210, 2172, 980, 0, 708608, 0, 0.24362299999999998, 0.058941, 65128, 29783, 0, 0, 784, 218, 179, 0.059163, 0.033534999999999995, 63000, 13276, 0, 0, 600, 217, 302
libarchive-native, 618297, 1.61, 33, 7, 16, 6, 8403229, 3741150, 3171, 1166, 28672, 2650112, 0, 0.337731, 0.070881, 68768, 36151, 0, 0, 2456, 239, 125, 0.16697599999999999, 0.063776, 66588, 25598, 6, 56, 2720, 330, 314
font-util-native, 351441, 0.91, 28, 3, 7, 3, 2435550, 689430, 2102, 941, 0, 352256, 0, 0.284389, 0.037093999999999995, 66300, 31572, 0, 0, 480, 228, 143, 0.07627199999999999, 0.03401, 64168, 15192, 0, 0, 208, 235, 260
libxft-native, 1221209, 1.31, 29, 4, 7, 3, 2103435, 750138, 1642, 921, 0, 503808, 0, 0.29423499999999997, 0.044952, 71444, 29484, 0, 0, 624, 175, 86, 0.07016499999999999, 0.039492, 69252, 12798, 1, 0, 360, 203, 259
encodings, 1021385, 0.59, 18, 5, 4, 1, 676523, 222687, 1098, 525, 0, 155648, 0, 0.186102, 0.055434, 70372, 21972, 0, 0, 264, 204, 35, 0.04754, 0.014065999999999999, 67572, 7233, 0, 0, 40, 182, 243
update-rc.d, 362932, 0.31, 16, 3, 2, 1, 610914, 184827, 753, 472, 0, 131072, 0, 0.166339, 0.034815, 65692, 21938, 0, 0, 216, 67, 55, 0.027117, 0.013904, 62892, 6404, 1, 0, 40, 123, 133
wayland-protocols, 1122904, 0.41, 21, 3, 4, 2, 2570653, 968810, 1174, 588, 0, 233472, 0, 0.217861, 0.034399, 70864, 22292, 0, 0, 256, 51, 68, 0.044655, 0.027875, 68112, 7547, 1, 0, 200, 179, 67
hicolor-icon-theme, 665153, 0.22, 15, 4, 3, 6, 1625181, 1162433, 956, 626, 0, 262144, 0, 0.158215, 0.042761, 68200, 22308, 0, 0, 456, 56, 16, 0.030542999999999997, 0.060091, 65400, 7079, 0, 0, 56, 267, 24
iso-codes, 903534, 0.14, 7, 2, 4, 3, 9861508, 3645106, 2309, 878, 0, 487424, 0, 0.07964399999999999, 0.023892999999999998, 69668, 19984, 0, 0, 272, 58, 4, 0.048559, 0.036946, 66848, 8331, 0, 0, 680, 193, 21
depmodwrapper-cross, 971828, 1.03, 20, 2, 4, 2, 727314, 213885, 963, 536, 0, 163840, 4096, 0.205391, 0.021394, 69376, 23506, 0, 0, 256, 76, 141, 0.045037, 0.029352, 67028, 9288, 0, 0, 64, 156, 133
linux-yocto, 3335828, 1.94, 30, 3, 4, 0, 984632, 247913, 822, 382, 139264, 176128, 0, 0.304965, 0.036114, 63036, 26363, 3, 272, 304, 80, 133, 0.048493999999999995, 0.006731, 60096, 6841, 0, 0, 40, 125, 81
base-files, 866320, 0.89, 17, 7, 8, 2, 961876, 289880, 1620, 689, 8192, 188416, 0, 0.178456, 0.073004, 69676, 22828, 0, 0, 312, 191, 54, 0.085695, 0.024128999999999998, 67232, 13035, 1, 16, 56, 187, 287
libxext, 2190095, 2.56, 26, 6, 5, 2, 2896567, 1264974, 1476, 654, 0, 1036288, 81920, 0.265876, 0.064454, 72568, 24301, 0, 0, 1592, 149, 131, 0.059545999999999995, 0.024055999999999998, 70476, 11184, 0, 0, 432, 207, 183
gstreamer1.0, 3244629, 4.81, 47, 7, 24, 9, 49984847, 26799605, 6634, 2169, 24576, 17514496, 2707456, 0.479324, 0.07114899999999999, 59488, 28533, 2, 48, 20160, 180, 261, 0.246861, 0.09920799999999999, 56648, 30375, 2, 0, 14048, 395, 475
libxcrypt, 1589288, 2.50, 107, 13, 4, 1, 3376096, 1650891, 1387, 674, 0, 1363968, 204800, 1.076839, 0.136106, 70552, 24110, 0, 0, 1648, 72, 32, 0.043404, 0.013054, 68604, 11195, 0, 0, 1016, 220, 20
libgpg-error, 1623061, 1.03, 39, 7, 5, 3, 3797292, 1745790, 1624, 734, 0, 1290240, 159744, 0.39200399999999996, 0.07056, 71624, 28518, 0, 0, 1648, 139, 342, 0.058528, 0.038027, 68996, 12017, 0, 0, 872, 204, 191
libxrandr, 2259089, 0.85, 28, 3, 6, 2, 2087114, 870157, 1383, 636, 0, 716800, 49152, 0.28425, 0.037076, 72572, 24187, 0, 0, 1128, 154, 256, 0.061459999999999994, 0.025314, 70476, 10982, 0, 0, 272, 170, 189
libgcc-initial, 1144685, 0.75, 21, 3, 8, 0, 5229656, 2180124, 1794, 770, 0, 626688, 0, 0.211132, 0.039098, 70516, 22677, 0, 0, 352, 123, 130, 0.08421999999999999, 0.009633, 67692, 9256, 2, 0, 872, 202, 171
libxkbcommon, 3167912, 2.68, 24, 5, 10, 3, 6533216, 3066420, 2078, 784, 20480, 2281472, 364544, 0.241332, 0.053174, 59288, 24059, 3, 40, 2576, 148, 153, 0.103128, 0.032275, 56592, 16559, 0, 0, 1880, 202, 224
lua, 2235845, 0.31, 24, 2, 6, 4, 6679536, 2972134, 2025, 840, 0, 950272, 0, 0.248476, 0.024846999999999998, 71872, 26057, 0, 0, 360, 98, 57, 0.064514, 0.041995, 69048, 10357, 0, 0, 1496, 197, 109
bzip2, 1577085, 0.77, 44, 4, 3, 4, 1902623, 786087, 1308, 644, 8192, 622592, 77824, 0.44775099999999995, 0.045604, 70872, 25209, 0, 8, 808, 101, 120, 0.033735, 0.044819, 68744, 10942, 0, 8, 408, 170, 245
libexif, 2294823, 1.45, 25, 4, 6, 4, 4278821, 2137805, 1517, 718, 0, 1662976, 323584, 0.25325, 0.043526999999999996, 71968, 24521, 0, 0, 1744, 106, 149, 0.061034, 0.042477999999999995, 70108, 11336, 0, 0, 1504, 229, 168
libpcap, 3433189, 2.74, 37, 6, 12, 1, 11209869, 5260082, 2398, 983, 4096, 2777088, 311296, 0.377953, 0.063655, 58872, 28126, 1, 8, 2824, 136, 143, 0.123786, 0.019469999999999998, 56720, 13439, 2, 0, 2600, 263, 191
sbc, 2288919, 0.49, 25, 4, 4, 3, 2007944, 869140, 1264, 610, 0, 716800, 73728, 0.250075, 0.049194999999999996, 72116, 21946, 0, 0, 1000, 124, 144, 0.046737, 0.031469, 70032, 10423, 0, 0, 400, 190, 151
sqlite3, 1648255, 3.83, 27, 4, 9, 4, 17612905, 12513242, 2334, 1036, 0, 10379264, 1392640, 0.270711, 0.041016, 70852, 24106, 0, 0, 13088, 158, 104, 0.09993199999999999, 0.040836, 68736, 12911, 0, 0, 7184, 237, 191
libpng, 1590311, 3.18, 72, 8, 4, 2, 4517709, 2193828, 1641, 759, 0, 1716224, 225280, 0.7202259999999999, 0.087541, 71112, 27656, 0, 0, 2112, 80, 113, 0.043002, 0.02387, 69124, 12552, 0, 0, 1240, 265, 15
libxfont2, 2072540, 0.78, 21, 4, 6, 2, 4061182, 2055692, 1350, 655, 0, 1740800, 233472, 0.216528, 0.046145, 72820, 22264, 0, 0, 2200, 125, 95, 0.06307, 0.02453, 70720, 10936, 0, 0, 1200, 201, 203
gmp, 1847655, 1.51, 32, 2, 7, 3, 8500190, 4969951, 1919, 804, 0, 4161536, 532480, 0.324716, 0.026740999999999997, 71296, 24463, 0, 0, 5432, 157, 392, 0.07626999999999999, 0.039667999999999995, 69196, 14385, 0, 0, 2696, 203, 217
vulkan-loader, 3173108, 3.27, 31, 6, 5, 3, 8615416, 5894644, 1461, 676, 12288, 5304320, 532480, 0.316833, 0.06172, 58444, 24658, 1, 24, 7944, 157, 493, 0.059167, 0.031839, 56212, 10701, 0, 0, 2416, 189, 185
libwebp, 2292176, 0.96, 24, 4, 7, 6, 9534733, 5858886, 2221, 829, 0, 5169152, 540672, 0.24046399999999998, 0.046541, 71768, 25729, 0, 0, 7384, 129, 96, 0.077634, 0.069783, 69860, 18933, 0, 0, 2712, 220, 252
zstd, 1515317, 1.44, 30, 4, 22, 3, 34569686, 19330157, 4342, 1624, 0, 11104256, 806912, 0.301386, 0.044321, 70116, 23561, 0, 0, 12808, 135, 96, 0.22835999999999998, 0.03025, 68032, 14742, 3, 0, 8880, 308, 339
bash-completion, 1566273, 0.25, 19, 2, 2, 3, 783124, 313119, 855, 547, 4096, 200704, 0, 0.19125999999999999, 0.024947, 70220, 20357, 0, 8, 352, 55, 11, 0.020529, 0.034305999999999996, 67420, 7408, 0, 0, 40, 154, 35
libsndfile1, 2224277, 0.44, 28, 4, 6, 4, 7090324, 4369583, 1673, 759, 0, 3719168, 516096, 0.285925, 0.044298, 71924, 24390, 0, 0, 4768, 134, 208, 0.062637, 0.042258, 70036, 11742, 0, 0, 2496, 192, 146
libedit, 2229791, 0.47, 24, 4, 4, 3, 3864578, 1903172, 1490, 686, 0, 1564672, 229376, 0.24295499999999998, 0.044853, 72296, 24792, 0, 0, 1928, 141, 195, 0.047098999999999995, 0.036508, 70100, 11350, 0, 0, 1128, 173, 186
libxdamage, 2260873, 0.95, 26, 4, 5, 3, 1157786, 395780, 1185, 598, 0, 303104, 16384, 0.268016, 0.049774, 72480, 24253, 0, 0, 480, 94, 136, 0.051703, 0.034239, 70432, 10234, 0, 0, 112, 174, 131
ell, 3005378, 2.34, 29, 6, 5, 3, 7509264, 4567605, 1743, 753, 0, 3796992, 536576, 0.293216, 0.061946999999999995, 62088, 22449, 0, 0, 4760, 97, 120, 0.057335, 0.038596, 59856, 11329, 2, 0, 2656, 211, 140
glibc, 1387238, 2.43, 31, 6, 127, 14, 184439808, 80153024, 26627, 7638, 0, 19042304, 0, 0.31299299999999997, 0.061071, 70232, 25891, 0, 0, 648, 167, 191, 1.272171, 0.141953, 134300, 44050, 0, 0, 36544, 1965, 376
bluez5, 3404210, 2.34, 37, 10, 27, 11, 4760359, 1886829, 2790, 792, 12288, 1232896, 200704, 0.37529399999999996, 0.10606099999999999, 58784, 35306, 1, 16, 1312, 175, 150, 0.274899, 0.11814799999999999, 56584, 51256, 6, 8, 1096, 377, 265
lame, 2474478, 1.46, 30, 4, 6, 2, 4884210, 2539858, 1503, 706, 0, 2109440, 303104, 0.30846999999999997, 0.045242, 71924, 24045, 0, 0, 2576, 149, 158, 0.064123, 0.027878, 69812, 11562, 0, 0, 1544, 201, 169
kmod, 1852892, 0.63, 30, 3, 5, 3, 2500473, 1081384, 1673, 714, 4096, 892928, 94208, 0.306901, 0.039346, 72144, 24590, 0, 8, 1248, 186, 106, 0.055368, 0.037243, 70060, 11999, 1, 0, 496, 218, 268
libxft, 2764445, 3.23, 37, 5, 5, 3, 2862817, 1301880, 1319, 653, 8192, 1101824, 102400, 0.37173799999999996, 0.050869, 73920, 24509, 0, 0, 1616, 94, 122, 0.053796, 0.032458, 71848, 11161, 1, 16, 536, 190, 160
python3-iniparse, 2895629, 1.39, 18, 2, 5, 1, 1203178, 457151, 1224, 571, 0, 217088, 0, 0.18653, 0.028696, 61684, 20723, 0, 0, 312, 163, 91, 0.05108, 0.016113, 58756, 7927, 0, 0, 112, 142, 186
libgcrypt, 1885011, 0.89, 28, 4, 7, 3, 11864500, 8442472, 1950, 899, 0, 7360512, 917504, 0.28995899999999997, 0.045188, 72040, 28240, 0, 0, 9824, 158, 171, 0.078263, 0.036468, 69676, 12925, 0, 0, 4552, 221, 218
gstreamer1.0-plugins-bad, 3938585, 3.44, 260, 41, 76, 74, 130683961, 62818927, 28267, 5456, 0, 52441088, 8200192, 2.606204, 0.412348, 62452, 84167, 0, 0, 64504, 71, 26, 0.76306, 0.7480709999999999, 60552, 284464, 11, 0, 37920, 1420, 302
desktop-file-utils, 2684001, 1.32, 25, 2, 4, 1, 741311, 275256, 1083, 540, 0, 200704, 0, 0.258189, 0.024985999999999998, 72908, 23346, 0, 0, 352, 196, 93, 0.049243999999999996, 0.014884, 70060, 7389, 0, 0, 40, 175, 215
libcap-ng, 1579333, 0.38, 31, 6, 4, 4, 1645684, 538081, 1615, 711, 0, 413696, 49152, 0.318289, 0.06446299999999999, 70628, 24939, 0, 0, 552, 82, 47, 0.048754, 0.043768999999999995, 68572, 14145, 1, 0, 256, 227, 113
speex, 2423550, 2.88, 23, 6, 6, 2, 2510098, 1128834, 1442, 657, 0, 888832, 110592, 0.23987499999999998, 0.061786, 71776, 24369, 0, 0, 1136, 146, 108, 0.06444799999999999, 0.027391, 69740, 11038, 0, 0, 600, 167, 205
libstd-rs, 3411308, 5.78, 47, 13, 390, 28, 663480828, 294720567, 77547, 25239, 0, 84561920, 8798208, 0.471273, 0.134069, 57560, 25444, 0, 0, 21008, 75, 150, 3.9034240000000002, 0.280203, 411196, 125201, 0, 0, 144152, 6218, 1531
libcheck, 1853622, 0.55, 26, 2, 5, 2, 1803387, 701595, 1338, 642, 0, 495616, 45056, 0.26617399999999997, 0.023485, 71344, 23798, 0, 0, 688, 112, 579, 0.058006999999999996, 0.026136, 69292, 10893, 1, 0, 280, 174, 153
xcb-util, 1967918, 1.63, 31, 5, 5, 2, 1243200, 441956, 1233, 601, 12288, 323584, 28672, 0.31018, 0.056055999999999995, 72096, 24823, 0, 0, 464, 105, 132, 0.055347, 0.024347999999999998, 70008, 10253, 2, 24, 168, 149, 182
python3-six, 2881297, 1.49, 19, 2, 3, 2, 1009989, 387560, 927, 538, 8192, 204800, 0, 0.1949, 0.023864999999999997, 61948, 22717, 2, 16, 312, 83, 57, 0.037125, 0.021974999999999998, 59004, 7401, 1, 0, 88, 135, 101
ppp, 3498274, 1.65, 28, 11, 17, 8, 5201893, 1798510, 3287, 900, 24576, 1454080, 270336, 0.283838, 0.1127, 59644, 30585, 3, 48, 1576, 102, 263, 0.179535, 0.08707999999999999, 57304, 34723, 1, 0, 1264, 271, 246
libdaemon, 1945078, 1.23, 26, 5, 6, 2, 1418949, 513914, 1345, 631, 0, 372736, 32768, 0.265611, 0.052374, 71416, 24431, 0, 0, 536, 125, 142, 0.065019, 0.02119, 69400, 10801, 0, 0, 192, 186, 153
libxkbfile, 2203054, 1.62, 25, 3, 6, 1, 3295657, 1580277, 1379, 643, 0, 1294336, 163840, 0.251384, 0.030938999999999998, 72480, 24259, 0, 0, 1688, 144, 146, 0.065884, 0.017631, 70356, 10674, 0, 0, 840, 200, 191
libxinerama, 2300562, 1.04, 28, 4, 4, 3, 1189709, 398224, 1303, 624, 0, 299008, 16384, 0.28318, 0.042265, 72472, 24816, 0, 0, 472, 118, 128, 0.047493999999999995, 0.032734, 70380, 10776, 0, 0, 112, 208, 157
matchbox-wm, 3377739, 3.29, 31, 3, 4, 1, 908150, 372353, 1054, 553, 36864, 221184, 0, 0.318726, 0.038246999999999996, 58552, 23120, 7, 56, 376, 100, 208, 0.047129, 0.016205, 55600, 7380, 1, 16, 56, 172, 113
e2fsprogs, 2671146, 2.16, 32, 5, 20, 9, 19128529, 9433650, 3984, 1344, 4096, 5144576, 565248, 0.32023799999999997, 0.052697, 72968, 28079, 0, 0, 4760, 153, 107, 0.209365, 0.095534, 71152, 23939, 2, 8, 5288, 397, 277
taglib, 1479305, 1.97, 33, 5, 13, 2, 18457578, 12601137, 2820, 1003, 0, 10682368, 1105920, 0.333602, 0.054945999999999995, 70148, 28019, 0, 0, 15624, 155, 162, 0.13237, 0.026295, 68260, 15312, 0, 0, 5240, 229, 207
libxdmcp, 1636036, 0.73, 25, 4, 4, 2, 1323038, 468311, 1278, 633, 0, 352256, 28672, 0.259183, 0.045738, 71644, 24143, 0, 0, 520, 93, 232, 0.047747, 0.027320999999999998, 69528, 10787, 0, 0, 168, 190, 107
npth, 2407738, 1.51, 28, 3, 5, 3, 1337462, 464461, 1422, 669, 0, 344064, 24576, 0.285086, 0.036892999999999995, 71844, 27729, 0, 0, 504, 134, 183, 0.053396, 0.038453999999999995, 69848, 11578, 0, 0, 168, 226, 192
pixman, 1495611, 1.57, 27, 5, 6, 4, 11792725, 8757911, 1672, 762, 4096, 7917568, 716800, 0.277177, 0.052221, 71536, 24247, 0, 8, 12008, 145, 315, 0.069906, 0.042691, 68728, 11457, 0, 0, 3456, 205, 189
libassuan, 1986301, 1.53, 26, 6, 6, 3, 2511250, 1100331, 1465, 691, 4096, 905216, 86016, 0.26348499999999997, 0.064916, 71532, 27976, 0, 8, 1296, 132, 160, 0.066607, 0.030081, 69392, 11839, 2, 0, 472, 202, 204
pango, 3770588, 1.28, 41, 3, 11, 5, 14235578, 6724837, 3084, 1048, 28672, 4333568, 634880, 0.411667, 0.039966999999999996, 60344, 24907, 3, 56, 5096, 129, 123, 0.11969099999999999, 0.051330999999999995, 57884, 20397, 1, 0, 3368, 283, 225
libffi, 1590333, 3.56, 265, 23, 3, 2, 1638755, 635399, 1312, 636, 0, 487424, 45056, 2.654395, 0.235502, 70652, 24231, 0, 0, 688, 72, 34, 0.031231, 0.027839, 68780, 10911, 0, 0, 264, 255, 40
libxv, 2273927, 0.58, 25, 5, 5, 2, 1371977, 487455, 1245, 630, 0, 368640, 28672, 0.253866, 0.053849999999999995, 72544, 24038, 0, 0, 552, 81, 85, 0.051461, 0.023687, 70432, 10818, 0, 0, 168, 162, 151
xcb-proto, 1548124, 0.21, 16, 3, 4, 2, 3994030, 1477746, 1620, 691, 4096, 348160, 0, 0.162356, 0.03653, 71248, 20625, 0, 8, 376, 73, 49, 0.042116999999999995, 0.024385, 68448, 8440, 0, 0, 304, 163, 99
libatomic-ops, 2019548, 0.81, 22, 3, 5, 2, 3237876, 1184240, 1795, 692, 90112, 307200, 0, 0.22120399999999998, 0.036263, 71300, 22609, 0, 176, 400, 152, 136, 0.058683, 0.020863, 68488, 8787, 1, 0, 200, 230, 190
libxrender, 2180026, 1.16, 27, 4, 6, 1, 2257465, 941306, 1339, 637, 0, 782336, 49152, 0.279235, 0.0484, 72448, 24085, 0, 0, 1248, 128, 141, 0.06845799999999999, 0.018141, 70344, 11021, 1, 0, 280, 171, 159
shadow-sysroot, 1581876, 0.42, 15, 5, 4, 1, 750408, 254371, 1164, 540, 4096, 180224, 0, 0.152226, 0.058547999999999996, 70000, 22032, 0, 8, 304, 235, 73, 0.041227, 0.015878, 67200, 7323, 0, 0, 48, 162, 263
libsoup, 3168074, 4.23, 25, 5, 9, 3, 11356633, 6350839, 2289, 898, 8192, 4542464, 602112, 0.25462599999999996, 0.056103999999999994, 58872, 22893, 2, 16, 5776, 170, 153, 0.094724, 0.039469, 56312, 12457, 3, 0, 3096, 233, 221
curl, 2911293, 2.37, 30, 5, 10, 7, 9154031, 5860678, 2130, 940, 0, 4861952, 565248, 0.307461, 0.054013, 61732, 29565, 0, 0, 6648, 177, 446, 0.102089, 0.072035, 59424, 14729, 0, 0, 2848, 234, 332
at-spi2-core, 3164320, 2.82, 36, 3, 11, 8, 16545531, 7324851, 3378, 1140, 16384, 4296704, 663552, 0.36253599999999997, 0.036253, 59308, 26663, 3, 32, 4984, 126, 168, 0.11839999999999999, 0.08678999999999999, 56852, 20474, 0, 0, 3408, 268, 202
xserver-xorg, 3543995, 2.28, 44, 6, 18, 15, 25567557, 12584686, 4994, 1315, 16384, 10104832, 1204224, 0.444229, 0.06862, 60692, 31238, 0, 32, 13712, 152, 170, 0.182387, 0.152969, 58072, 39035, 1, 0, 6024, 359, 286
libyaml, 2066748, 0.76, 23, 5, 5, 2, 2616168, 1191840, 1297, 628, 0, 946176, 131072, 0.23402599999999998, 0.053374, 71400, 21964, 0, 0, 1176, 122, 180, 0.056669, 0.026992, 69316, 10594, 0, 0, 672, 186, 196
startup-notification, 2176349, 1.63, 25, 4, 4, 3, 1557062, 607532, 1339, 611, 0, 454656, 45056, 0.25715, 0.042858, 72512, 24107, 0, 0, 640, 149, 97, 0.041062, 0.037954, 70412, 10363, 0, 0, 248, 165, 181
libevdev, 1990334, 1.06, 25, 4, 5, 3, 2382380, 1034675, 1446, 667, 0, 741376, 118784, 0.254158, 0.043011, 71376, 24830, 0, 0, 840, 146, 130, 0.057694999999999996, 0.033464, 69280, 10961, 0, 0, 608, 187, 201
json-glib, 3011383, 4.75, 43, 4, 8, 2, 4765436, 2084189, 1681, 723, 0, 1318912, 172032, 0.432616, 0.045537999999999995, 62128, 25775, 0, 0, 1648, 146, 166, 0.084399, 0.026369, 60144, 11557, 0, 0, 928, 206, 195
librsvg, 3891256, 1.57, 60, 8, 18, 6, 35630471, 23759634, 4000, 2168, 0, 18292736, 4952064, 0.6077509999999999, 0.08462299999999999, 62988, 28000, 0, 0, 12896, 121, 1018, 0.180215, 0.062445, 61176, 17893, 0, 0, 22832, 293, 287
vala, 2839126, 7.60, 33, 6, 28, 4, 70879536, 43008324, 9866, 2657, 8192, 30134272, 3309568, 0.335476, 0.062901, 73808, 29859, 0, 16, 41640, 165, 163, 0.284112, 0.047875999999999995, 72024, 26259, 0, 0, 17216, 425, 443
gstreamer1.0-plugins-base, 3802265, 1.45, 47, 24, 59, 61, 99122635, 51566614, 15401, 3899, 28672, 39219200, 6148096, 0.47753199999999996, 0.24831599999999998, 60464, 47017, 1, 56, 47080, 138, 212, 0.5983539999999999, 0.613171, 58124, 122222, 40, 0, 29520, 819, 603
quota, 2975442, 2.88, 23, 3, 5, 1, 810206, 291233, 1011, 572, 0, 204800, 0, 0.236896, 0.038209, 62004, 23682, 0, 0, 360, 118, 96, 0.050968, 0.010333, 59128, 7834, 0, 0, 40, 167, 152
libx11, 2080772, 1.18, 27, 8, 9, 6, 22696937, 18113805, 2378, 1015, 0, 16371712, 1335296, 0.277044, 0.08126599999999999, 72540, 25158, 0, 0, 25208, 149, 152, 0.092585, 0.06666799999999999, 70428, 15226, 1, 0, 6768, 241, 206
perl, 2757752, 14.51, 41, 29, 153, 94, 308133966, 140749930, 44595, 11021, 4096, 81641472, 18042880, 0.410856, 0.297137, 73488, 56335, 0, 0, 65728, 133, 198, 1.531952, 0.9494509999999999, 117752, 178325, 8, 8, 93728, 1848, 2028
icu, 1956875, 6.37, 37, 13, 97, 22, 281899432, 201877530, 23211, 10256, 8192, 159014912, 37847040, 0.374779, 0.13555799999999998, 71500, 28455, 0, 0, 135488, 189, 391, 0.974154, 0.222734, 99428, 60824, 1, 16, 175088, 964, 1047
libsoup-2.4, 3171279, 4.90, 30, 6, 10, 3, 13547178, 7157810, 2635, 985, 28672, 4644864, 630784, 0.300519, 0.066782, 59052, 23127, 6, 56, 5720, 183, 102, 0.103751, 0.034956999999999995, 56524, 12778, 0, 0, 3352, 240, 253
libxcvt, 1455666, 1.57, 22, 6, 6, 2, 1101348, 330400, 1347, 609, 12288, 237568, 16384, 0.227043, 0.066048, 71348, 24451, 0, 24, 352, 154, 193, 0.063867, 0.022076, 69236, 10759, 1, 0, 112, 210, 206
libmnl, 2316528, 1.39, 27, 1, 4, 2, 1264572, 451162, 1168, 600, 0, 335872, 28672, 0.279839, 0.019988, 71924, 23835, 0, 0, 488, 70, 73, 0.043821, 0.02839, 69820, 10243, 2, 0, 168, 152, 73
libxcb, 1825279, 2.27, 43, 12, 27, 24, 23273590, 9382442, 7469, 1729, 0, 6180864, 1122304, 0.43688699999999997, 0.12482399999999999, 72464, 36521, 0, 0, 6888, 157, 648, 0.279474, 0.24542799999999998, 70380, 71108, 5, 0, 5184, 494, 419
expat, 1467149, 1.81, 25, 8, 7, 2, 3151413, 1464729, 1475, 655, 0, 1142784, 176128, 0.258255, 0.086085, 70644, 24726, 0, 0, 1336, 137, 140, 0.072319, 0.0231, 68752, 11200, 0, 0, 896, 191, 174
wpa-supplicant, 2966287, 4.99, 26, 4, 4, 1, 861045, 296144, 1095, 552, 0, 184320, 0, 0.26320899999999997, 0.045774999999999996, 62068, 23574, 0, 0, 312, 147, 130, 0.042610999999999996, 0.018373, 59016, 7870, 0, 0, 48, 229, 201
xz, 1658274, 3.32, 257, 27, 5, 4, 4691305, 2222317, 1647, 701, 0, 1712128, 196608, 2.576881, 0.270189, 71288, 24408, 0, 0, 2248, 151, 126, 0.05341, 0.044378999999999995, 68880, 11518, 1, 0, 1096, 265, 146
libfm-extra, 2765738, 4.25, 30, 5, 6, 1, 1331717, 494516, 1356, 604, 0, 372736, 32768, 0.307203, 0.056888999999999995, 74136, 24589, 0, 0, 536, 161, 130, 0.064285, 0.014678, 72080, 10391, 0, 0, 192, 172, 194
libglu, 3477255, 1.57, 22, 6, 15, 3, 19216178, 10068141, 2969, 1154, 24576, 5492736, 475136, 0.224068, 0.06638999999999999, 59748, 22954, 3, 48, 5528, 102, 137, 0.151341, 0.033228, 57336, 13018, 0, 0, 5200, 317, 117
font-util, 1829006, 1.43, 24, 2, 4, 2, 1409060, 502052, 1132, 589, 4096, 221184, 0, 0.243366, 0.024749, 72316, 22550, 0, 0, 360, 108, 131, 0.045106, 0.022144999999999998, 69512, 7897, 0, 8, 72, 166, 136
glib-2.0, 2645749, 2.81, 42, 5, 24, 9, 50079495, 32309485, 6452, 2013, 0, 25288704, 3751936, 0.42647999999999997, 0.051815, 73308, 27915, 0, 0, 31184, 153, 239, 0.24448799999999998, 0.095942, 71172, 26013, 3, 0, 18208, 413, 429
libcap, 1453001, 1.58, 20, 5, 7, 4, 2729154, 1036025, 1873, 724, 0, 638976, 73728, 0.209583, 0.059316, 69652, 24162, 0, 0, 712, 172, 130, 0.075777, 0.040063999999999995, 67568, 14423, 2, 0, 536, 210, 208
libxfixes, 2198537, 1.50, 25, 3, 6, 2, 1620405, 613049, 1333, 629, 0, 495616, 32768, 0.25421099999999996, 0.031776, 72444, 24234, 0, 0, 784, 134, 140, 0.060307, 0.023788999999999998, 70344, 10890, 1, 0, 184, 173, 162
alsa-lib, 1901836, 1.00, 23, 4, 9, 5, 16148417, 10183595, 2958, 1038, 53248, 8151040, 1212416, 0.23813399999999998, 0.042248999999999995, 71612, 22965, 0, 8, 10016, 141, 154, 0.09698999999999999, 0.050074, 69588, 15358, 2, 96, 5904, 261, 268
libpcre2, 1666474, 3.85, 50, 9, 11, 5, 12692032, 6726433, 2488, 1001, 0, 5529600, 1097728, 0.50256, 0.092072, 70972, 30892, 0, 0, 5840, 107, 186, 0.1141, 0.05303, 68964, 20846, 1, 0, 4960, 241, 228
util-linux-libuuid, 1802899, 0.69, 24, 4, 5, 2, 1337902, 500965, 1247, 604, 0, 380928, 32768, 0.247751, 0.042581999999999995, 71452, 24658, 0, 0, 544, 127, 279, 0.054171, 0.022588, 69336, 10443, 1, 0, 200, 178, 162
libxt, 2584714, 1.59, 28, 3, 7, 2, 7285625, 4183587, 1816, 776, 0, 3375104, 434176, 0.285615, 0.035701, 73980, 22583, 0, 0, 4424, 148, 99, 0.076027, 0.028422, 71948, 11784, 1, 0, 2168, 219, 208
elfutils, 3554491, 3.89, 31, 5, 35, 7, 46269199, 23219466, 6384, 2145, 24576, 11366400, 823296, 0.310391, 0.055711, 59664, 26242, 0, 48, 10888, 181, 159, 0.359497, 0.07865899999999999, 57336, 25557, 1, 0, 11312, 417, 515
shared-mime-info, 3145383, 3.26, 30, 7, 13, 4, 19167130, 6953082, 6655, 1236, 135168, 1040384, 0, 0.302126, 0.07035799999999999, 60748, 24017, 7, 264, 768, 199, 176, 0.13693, 0.046744, 57792, 9648, 0, 0, 1264, 338, 227
libksba, 2403936, 1.61, 30, 3, 6, 2, 4617478, 2338994, 1633, 740, 0, 1961984, 266240, 0.301712, 0.035729, 71900, 27676, 0, 0, 2504, 175, 262, 0.065621, 0.029668, 69960, 12293, 0, 0, 1328, 219, 240
libtasn1, 1891068, 0.76, 27, 2, 5, 2, 2105938, 914135, 1414, 654, 0, 720896, 90112, 0.279117, 0.027517999999999997, 72072, 22471, 0, 0, 936, 133, 210, 0.051174, 0.029217, 69972, 10976, 0, 0, 472, 178, 183
libgudev, 2995426, 1.93, 23, 7, 7, 1, 2001895, 737299, 1414, 643, 0, 466944, 49152, 0.23057799999999998, 0.074254, 62272, 24895, 0, 0, 632, 123, 121, 0.07035, 0.015031, 59788, 10908, 0, 0, 280, 183, 139
libpciaccess, 1682573, 1.44, 33, 5, 3, 4, 1546697, 599265, 1260, 607, 0, 475136, 45056, 0.33675299999999997, 0.053387, 70852, 24028, 0, 0, 672, 125, 163, 0.039977, 0.041139999999999996, 68736, 10304, 0, 0, 256, 204, 205
libical, 3173435, 4.06, 31, 6, 16, 7, 26096148, 12217453, 4552, 1441, 4096, 7589888, 1294336, 0.318712, 0.060515, 58620, 27698, 0, 8, 8576, 140, 115, 0.160249, 0.07538399999999999, 56560, 26846, 4, 0, 6248, 336, 308
readline, 2216226, 0.68, 22, 4, 10, 3, 11129185, 5245769, 2439, 959, 0, 2949120, 405504, 0.223238, 0.046064999999999995, 71932, 25214, 0, 0, 2736, 150, 371, 0.10566299999999999, 0.036711, 70024, 15050, 0, 0, 3024, 226, 259
libunistring, 2220667, 1.14, 24, 6, 8, 2, 15047317, 9935525, 2320, 1074, 0, 7888896, 1785856, 0.240372, 0.069785, 71852, 24399, 0, 0, 7024, 129, 97, 0.085589, 0.027183, 69956, 12846, 0, 0, 8384, 234, 206
gconf, 3333661, 3.03, 28, 4, 10, 7, 6857752, 3163799, 2251, 833, 24576, 2437120, 372736, 0.286781, 0.047141999999999996, 59668, 26792, 2, 48, 2952, 138, 188, 0.104446, 0.07085, 57448, 18903, 0, 0, 1808, 228, 197
vulkan-headers, 1446366, 2.87, 24, 3, 31, 6, 73528008, 25923283, 11798, 3221, 8192, 1679360, 0, 0.246103, 0.032813, 70112, 24442, 0, 0, 328, 127, 72, 0.310052, 0.067304, 67988, 23353, 1, 16, 2952, 294, 280
gtk+3, 3818692, 3.16, 89, 17, 65, 25, 140442883, 86818110, 16519, 5071, 0, 61456384, 9572352, 0.898281, 0.17575, 60552, 34561, 0, 0, 72832, 157, 187, 0.6524019999999999, 0.25573999999999997, 59368, 66380, 3, 0, 47200, 1210, 447
libxau, 1636288, 0.89, 29, 4, 3, 4, 1174224, 387420, 1237, 626, 0, 290816, 16384, 0.29409399999999997, 0.042622, 71644, 24221, 0, 0, 456, 79, 119, 0.038086999999999996, 0.040011, 69516, 10722, 2, 0, 112, 176, 133
xorgproto, 1450821, 3.10, 23, 3, 6, 2, 4817395, 1768025, 2425, 736, 4096, 393216, 0, 0.231398, 0.035297999999999996, 70732, 23346, 0, 8, 384, 150, 91, 0.063414, 0.028983, 67996, 9099, 0, 0, 384, 231, 249
gpgme, 3132486, 2.76, 28, 7, 15, 3, 27222430, 18223760, 5656, 1260, 28672, 15544320, 1642496, 0.288304, 0.073091, 60668, 29660, 7, 56, 22688, 153, 139, 0.159292, 0.034123, 58748, 19622, 1, 0, 7672, 264, 266
libseccomp, 1607331, 2.90, 153, 23, 5, 2, 4776222, 2097199, 1649, 742, 0, 1138688, 131072, 1.536656, 0.230896, 71264, 25099, 0, 0, 1200, 72, 21, 0.052729, 0.027230999999999998, 68944, 11513, 0, 0, 1024, 222, 20
libsm, 1837243, 0.61, 27, 5, 4, 3, 1575964, 596137, 1333, 634, 0, 454656, 40960, 0.273526, 0.055444, 72636, 23980, 0, 0, 656, 122, 375, 0.041926, 0.03591, 70540, 10863, 0, 0, 232, 170, 176
dbus-glib, 3020958, 2.39, 28, 5, 6, 2, 3405417, 1605365, 1480, 683, 0, 1294336, 172032, 0.287027, 0.055914, 62076, 25524, 0, 0, 1672, 141, 221, 0.066964, 0.026758999999999998, 59824, 11280, 0, 0, 856, 203, 206
libinput, 2698862, 7.85, 67, 7, 7, 8, 7434151, 3787639, 2677, 871, 0, 3039232, 405504, 0.675771, 0.07155199999999999, 73812, 26412, 0, 0, 3928, 203, 831, 0.07634099999999999, 0.084531, 71516, 20065, 2, 0, 2008, 249, 281
wayland, 3145257, 2.95, 25, 6, 8, 6, 5473541, 2197694, 2324, 817, 176128, 1351680, 217088, 0.257934, 0.068782, 60660, 27279, 9, 320, 1472, 146, 147, 0.085935, 0.060533, 58404, 18776, 3, 24, 1168, 242, 231
iptables, 2299380, 1.31, 35, 36, 76, 78, 30842265, 8976701, 20323, 3154, 0, 8175616, 1867776, 0.351126, 0.370004, 71888, 79525, 0, 0, 8152, 145, 225, 0.767909, 0.782863, 69896, 250063, 5, 0, 7816, 1213, 1100
popt, 1932316, 1.30, 24, 4, 6, 2, 1754225, 704568, 1408, 638, 4096, 548864, 57344, 0.247551, 0.04951, 71540, 24710, 0, 8, 752, 153, 193, 0.066694, 0.024687999999999998, 69676, 10880, 1, 0, 320, 210, 167
fribidi, 1457871, 1.08, 26, 1, 6, 3, 2376251, 995363, 1592, 653, 0, 688128, 126976, 0.263611, 0.016475, 71244, 22428, 0, 0, 736, 178, 194, 0.061077, 0.033305, 68920, 11051, 0, 0, 608, 177, 266
matchbox-panel-2, 3894137, 2.03, 53, 9, 14, 9, 4908169, 1750692, 3221, 878, 0, 1482752, 237568, 0.5314059999999999, 0.092418, 61680, 30144, 0, 0, 1808, 165, 147, 0.14812599999999998, 0.09519999999999999, 59564, 32446, 3, 0, 1088, 280, 285
vte, 3877209, 1.52, 44, 4, 8, 4, 13469005, 9774330, 1768, 820, 0, 8650752, 585728, 0.442916, 0.046622, 61732, 26004, 0, 0, 13992, 89, 138, 0.086949, 0.043361, 59408, 12152, 0, 0, 2904, 237, 119
libgcc, 1396840, 0.28, 22, 2, 12, 3, 22907622, 10842796, 4297, 1397, 0, 4071424, 147456, 0.221361, 0.026716, 70000, 24259, 0, 0, 1784, 73, 46, 0.129413, 0.035383, 67876, 15412, 1, 0, 6168, 227, 68
mobile-broadband-provider-info, 1917468, 0.62, 22, 5, 5, 1, 2324029, 872479, 1025, 599, 4096, 270336, 0, 0.22236699999999998, 0.058324999999999995, 71740, 23033, 0, 0, 360, 58, 109, 0.055071999999999996, 0.011012, 68928, 7625, 0, 8, 168, 157, 104
openssl, 1573301, 1.50, 37, 10, 96, 20, 151474356, 83584196, 17338, 5776, 0, 45711360, 6090752, 0.374257, 0.10242799999999999, 71280, 26104, 0, 0, 39872, 128, 308, 0.9681099999999999, 0.205096, 86880, 50631, 1, 0, 49408, 1047, 847
gtk-doc, 2285967, 1.80, 19, 3, 5, 1, 2534321, 985223, 1530, 610, 0, 319488, 0, 0.193269, 0.031554, 71980, 20508, 0, 0, 376, 211, 104, 0.053222, 0.015791, 69180, 7670, 0, 0, 248, 179, 234
libxtst, 2378342, 2.28, 123, 13, 5, 2, 1455168, 529184, 1385, 630, 0, 417792, 32768, 1.230233, 0.138963, 72500, 24667, 0, 0, 624, 146, 310, 0.055467999999999996, 0.027226, 70652, 10811, 1, 0, 192, 182, 169
tcp-wrappers, 2069083, 1.02, 21, 5, 7, 2, 2280606, 861153, 1633, 691, 0, 499712, 40960, 0.218504, 0.059254999999999995, 71332, 21534, 0, 0, 584, 167, 223, 0.072091, 0.024047, 69240, 12112, 0, 0, 392, 214, 227
base-passwd, 1567681, 0.49, 20, 5, 4, 1, 807547, 298692, 1236, 612, 0, 245760, 8192, 0.200892, 0.052083, 70140, 26191, 0, 0, 408, 206, 238, 0.046243, 0.012818, 67344, 8674, 0, 0, 72, 161, 277
file, 1838716, 0.87, 22, 5, 11, 3, 28866037, 10433371, 4456, 1580, 0, 1662976, 172032, 0.23000099999999998, 0.053905999999999996, 72152, 24216, 0, 0, 1736, 134, 208, 0.11902499999999999, 0.034659999999999996, 69632, 15248, 0, 0, 1512, 329, 348
libmicrohttpd, 3431615, 1.37, 31, 5, 8, 1, 3819846, 1805523, 1462, 685, 0, 1380352, 176128, 0.313169, 0.056939, 58004, 24331, 0, 0, 1736, 123, 82, 0.080731, 0.019108, 55584, 11355, 1, 0, 960, 196, 201
libpthread-stubs, 1546405, 0.22, 19, 3, 3, 0, 740918, 272052, 858, 539, 4096, 200704, 0, 0.19486299999999998, 0.039768, 70436, 22581, 0, 8, 352, 54, 67, 0.038709, 0.008374, 67632, 7313, 0, 0, 40, 149, 50
gcc-runtime, 1440879, 2.17, 48, 12, 123, 15, 220088570, 106582435, 28416, 8084, 0, 45047808, 2883584, 0.487158, 0.128609, 70812, 26452, 0, 0, 46168, 194, 181, 1.239454, 0.150448, 127792, 54205, 4, 0, 41816, 2255, 387
eudev, 2655132, 3.55, 95, 8, 13, 8, 16294663, 7773641, 3908, 1166, 0, 6696960, 1024000, 0.9544769999999999, 0.088229, 73004, 28915, 0, 0, 8624, 100, 65, 0.132178, 0.087223, 70916, 33413, 0, 0, 4456, 325, 139
libxml2, 3119635, 4.08, 37, 4, 16, 14, 24244615, 14624424, 3474, 1432, 6012928, 10592256, 1789952, 0.37838099999999997, 0.043997, 60648, 31295, 28, 6472, 11888, 180, 180, 0.16286799999999999, 0.146152, 58628, 17137, 2, 5272, 8800, 346, 358
libpsl, 2134025, 1.17, 27, 3, 6, 2, 1695128, 730903, 1423, 649, 0, 557056, 81920, 0.277201, 0.034117, 72128, 25071, 0, 0, 608, 149, 154, 0.064785, 0.022432, 70084, 10847, 1, 0, 480, 169, 175
rpm, 3703445, 1.50, 30, 16, 31, 26, 22563599, 12144344, 5740, 1435, 77824, 9785344, 1519616, 0.309278, 0.162778, 59300, 37407, 11, 152, 11808, 120, 178, 0.317438, 0.262291, 56884, 70551, 5, 0, 7304, 509, 398
ncurses, 2090568, 8.69, 39, 10, 102, 35, 34166119, 10720695, 13104, 5247, 20480, 8101888, 1445888, 0.391708, 0.100835, 72416, 40071, 0, 16, 8840, 230, 194, 1.028, 0.352107, 70092, 152088, 5, 24, 6984, 1890, 1558
mpg123, 3558708, 3.37, 37, 6, 11, 6, 9857328, 5062419, 2477, 891, 8192, 4165632, 679936, 0.379909, 0.063984, 60248, 26604, 2, 16, 4712, 136, 236, 0.11436199999999999, 0.06369899999999999, 57864, 21815, 0, 0, 3424, 238, 308
libxi, 2279070, 1.08, 25, 2, 6, 2, 4171148, 2169682, 1458, 647, 0, 1953792, 73728, 0.25712199999999996, 0.024487, 72556, 24180, 0, 0, 3416, 171, 129, 0.064246, 0.024114999999999998, 70460, 11362, 1, 0, 400, 191, 255
gdk-pixbuf, 3205781, 2.95, 36, 9, 15, 13, 8947607, 3525497, 3785, 1028, 143360, 2621440, 430080, 0.36824999999999997, 0.09844299999999999, 59228, 30746, 1, 280, 3016, 119, 268, 0.157919, 0.139838, 56912, 37827, 0, 0, 2104, 341, 285
libdnf, 3757325, 2.48, 33, 15, 32, 11, 104792661, 81863967, 6246, 2274, 24576, 75927552, 5447680, 0.33773, 0.158692, 59748, 29104, 3, 48, 123936, 133, 102, 0.321484, 0.119111, 57344, 40499, 8, 0, 24360, 423, 275
libtool, 1992884, 1.40, 41, 6, 8, 3, 5201892, 1613872, 1865, 749, 4096, 630784, 49152, 0.41984099999999996, 0.066703, 71484, 25555, 0, 8, 664, 130, 196, 0.089435, 0.036929, 69452, 15003, 0, 0, 568, 235, 203
dbus, 2918644, 1.87, 36, 4, 8, 3, 7442912, 4312489, 1998, 822, 0, 3481600, 569344, 0.36064399999999996, 0.047556999999999995, 62832, 27653, 0, 0, 4072, 166, 220, 0.084326, 0.032804, 60040, 14504, 0, 0, 2728, 227, 218
libmatchbox, 2881118, 3.14, 23, 6, 6, 2, 2614337, 1182875, 1370, 635, 8192, 909312, 110592, 0.23157899999999998, 0.062348, 61860, 24499, 2, 16, 1168, 131, 129, 0.06087, 0.023257, 59968, 10578, 1, 0, 608, 187, 178
nettle, 1977264, 1.23, 26, 5, 9, 2, 10161044, 5456722, 2311, 861, 0, 4411392, 638976, 0.261582, 0.050754, 71536, 25658, 0, 0, 5304, 145, 136, 0.09665299999999999, 0.028061, 69412, 14985, 3, 0, 3312, 214, 234
speexdsp, 1987830, 1.34, 28, 3, 6, 2, 2105607, 908365, 1436, 646, 139264, 696320, 81920, 0.28744, 0.034321, 71388, 24880, 0, 264, 896, 156, 118, 0.063799, 0.023729, 69288, 11040, 1, 8, 464, 201, 197
acl, 1698690, 0.51, 21, 2, 5, 2, 1577766, 602269, 1292, 632, 0, 475136, 40960, 0.210526, 0.02729, 71416, 22414, 0, 0, 696, 93, 105, 0.051404, 0.022394, 69336, 10816, 0, 0, 232, 178, 135
opkg-utils, 1445002, 1.46, 17, 2, 5, 0, 724967, 247454, 840, 519, 0, 184320, 0, 0.17932399999999998, 0.027894, 69788, 20090, 0, 0, 320, 73, 131, 0.051342, 0.009666, 66940, 7463, 1, 0, 40, 149, 103
zlib, 1448921, 2.35, 25, 4, 6, 2, 3558077, 1554142, 1498, 682, 24576, 901120, 102400, 0.252369, 0.044064, 69752, 23944, 0, 0, 896, 110, 232, 0.06611199999999999, 0.028475, 67776, 11237, 2, 48, 864, 218, 193
libxshmfence, 2198430, 0.88, 24, 4, 4, 2, 1065437, 357094, 1257, 594, 0, 258048, 16384, 0.24778299999999998, 0.047195999999999995, 72464, 24244, 0, 0, 400, 145, 91, 0.049406, 0.023438, 70324, 10192, 3, 0, 104, 171, 179
shadow, 1820752, 0.71, 24, 3, 4, 4, 3263875, 1526378, 1299, 670, 0, 1282048, 159744, 0.244059, 0.038738999999999996, 71672, 25227, 0, 0, 1712, 75, 85, 0.046657, 0.048115, 69392, 11157, 0, 0, 792, 185, 110
libusb1, 2734391, 5.96, 28, 5, 7, 1, 2796866, 1248412, 1603, 694, 0, 962560, 122880, 0.28715399999999996, 0.059668, 73748, 24701, 0, 0, 1224, 195, 125, 0.072008, 0.013911, 71816, 11669, 0, 0, 656, 201, 267
json-c, 1474307, 2.16, 28, 6, 7, 2, 3512343, 1463551, 1581, 656, 0, 761856, 73728, 0.283184, 0.067804, 70652, 23818, 0, 0, 800, 135, 101, 0.075137, 0.023576999999999997, 68572, 10758, 0, 0, 688, 175, 167
libidn2, 2502323, 1.98, 34, 6, 6, 2, 2858932, 1420496, 1471, 681, 0, 1105920, 204800, 0.340176, 0.06655599999999999, 72544, 24177, 0, 0, 1104, 148, 305, 0.069549, 0.029439999999999997, 70512, 11152, 0, 0, 1056, 202, 168
librepo, 3147999, 8.97, 28, 4, 9, 2, 5183661, 2421862, 1719, 695, 4096, 1892352, 258048, 0.281202, 0.046867, 60672, 25123, 0, 8, 2392, 134, 219, 0.091348, 0.021169999999999998, 58384, 13451, 2, 0, 1304, 268, 193
libcomps, 3141028, 2.81, 26, 3, 8, 1, 5300106, 2513613, 1698, 715, 4096, 1966080, 323584, 0.267572, 0.034387, 60612, 25710, 1, 8, 2312, 97, 424, 0.087072, 0.019198, 58360, 13399, 0, 0, 1528, 173, 154
mtdev, 1955846, 2.04, 162, 16, 4, 3, 1298079, 459431, 1231, 600, 12288, 356352, 28672, 1.6286779999999998, 0.16794499999999998, 71412, 24348, 0, 24, 520, 116, 243, 0.042537, 0.034044, 69408, 10279, 0, 0, 176, 190, 179
util-macros, 1540422, 0.47, 23, 3, 3, 2, 1027803, 398539, 1127, 553, 0, 221184, 0, 0.231656, 0.035337, 70100, 22355, 0, 0, 352, 189, 95, 0.037451, 0.02052, 67284, 7410, 0, 0, 80, 134, 223
pulseaudio, 3477007, 3.19, 44, 37, 96, 74, 70686887, 32665875, 21194, 3920, 4096, 27963392, 4993024, 0.444293, 0.374141, 60404, 76182, 0, 0, 32288, 216, 449, 0.962457, 0.7415689999999999, 58012, 232739, 11, 8, 22328, 1217, 1041
libvorbis, 1890887, 0.89, 25, 3, 7, 5, 9314471, 4879308, 2163, 890, 0, 3862528, 921600, 0.251929, 0.033039, 71464, 23288, 0, 0, 3480, 118, 95, 0.078011, 0.053111, 69420, 16952, 0, 0, 4064, 239, 214
orc, 1457625, 1.18, 28, 3, 8, 4, 8670278, 5001438, 2138, 823, 0, 4042752, 659456, 0.285335, 0.036580999999999995, 71212, 23203, 0, 0, 4824, 161, 328, 0.082964, 0.042926, 69140, 14472, 1, 0, 3072, 249, 270
gdbm, 1602171, 1.31, 66, 6, 5, 3, 2473272, 1017517, 1488, 669, 0, 831488, 90112, 0.660849, 0.06934799999999999, 70916, 25239, 0, 0, 1152, 81, 69, 0.055337, 0.035740999999999995, 68820, 13339, 2, 0, 472, 207, 82
linux-libc-headers, 866314, 1.31, 29, 8, 39, 4, 22865149, 9201656, 7679, 1387, 8790016, 1957888, 0, 0.290705, 0.080955, 69760, 20577, 0, 17168, 832, 1140, 66, 0.390517, 0.04588, 66884, 9985, 0, 0, 2992, 254, 233
xkeyboard-config, 1733520, 1.41, 24, 6, 11, 2, 12021543, 4406219, 3618, 952, 0, 675840, 0, 0.244948, 0.061237, 71592, 23255, 0, 0, 456, 191, 250, 0.111672, 0.023462, 68880, 8968, 2, 0, 864, 226, 281
util-linux, 2418401, 2.21, 27, 6, 14, 7, 20830238, 12251081, 3031, 1215, 0, 10366976, 1581056, 0.275701, 0.067981, 72636, 27300, 0, 0, 12976, 146, 243, 0.142484, 0.07951899999999999, 70336, 22305, 0, 0, 7272, 284, 332
libice, 1690483, 3.67, 266, 22, 6, 1, 2495761, 1104667, 1446, 659, 0, 876544, 106496, 2.662391, 0.225157, 71760, 24311, 0, 0, 1160, 147, 111, 0.061223, 0.019339, 69660, 11118, 1, 0, 552, 176, 183
gnutls, 3307802, 2.53, 35, 5, 14, 6, 24782529, 17657903, 3045, 1281, 155648, 14934016, 2203648, 0.354999, 0.056975, 58988, 26186, 3, 32, 18600, 126, 159, 0.144203, 0.06594599999999999, 56628, 18727, 4, 272, 10568, 279, 288
attr, 1580934, 0.54, 22, 5, 6, 2, 1336368, 460911, 1320, 632, 0, 339968, 28672, 0.226371, 0.052819, 71600, 25139, 0, 0, 496, 116, 624, 0.063428, 0.0219, 69432, 10775, 1, 0, 168, 168, 359
avahi, 3152216, 4.70, 33, 5, 13, 5, 8260913, 3827830, 2676, 909, 2715648, 3031040, 475136, 0.337872, 0.055001999999999995, 59836, 28702, 12, 2096, 3688, 280, 150, 0.13907999999999998, 0.056624, 56968, 22682, 0, 3208, 2232, 243, 214
libfontenc, 1952744, 0.88, 25, 4, 4, 3, 1318969, 486223, 1143, 604, 0, 368640, 36864, 0.255235, 0.040513, 72200, 24887, 0, 0, 512, 71, 154, 0.048907, 0.033322, 70340, 10271, 2, 0, 208, 159, 104
libepoxy, 3497782, 1.40, 32, 7, 10, 2, 18415458, 10649138, 2507, 1078, 131072, 7663616, 1241088, 0.32273799999999997, 0.072616, 59912, 25691, 0, 256, 9336, 146, 308, 0.105393, 0.027809, 57080, 12758, 0, 0, 5632, 220, 224
gobject-introspection, 2961788, 3.20, 35, 6, 35, 7, 59218332, 20377851, 8900, 2644, 20480, 5414912, 598016, 0.35518299999999997, 0.06355899999999999, 62396, 35777, 2, 40, 5120, 229, 269, 0.351578, 0.075338, 59724, 37649, 4, 0, 5456, 553, 586
libmpc, 2332023, 0.74, 19, 6, 5, 3, 2851854, 1308542, 1345, 659, 0, 1093632, 139264, 0.19758099999999998, 0.062567, 72072, 21988, 0, 0, 1432, 113, 233, 0.050851, 0.035168, 69992, 11202, 0, 0, 704, 175, 155
menu-cache, 2867600, 2.07, 26, 3, 5, 2, 1434761, 556724, 1314, 609, 0, 425984, 40960, 0.262276, 0.031117, 73896, 25345, 0, 0, 600, 156, 122, 0.051081999999999995, 0.028485, 71784, 10282, 2, 0, 232, 223, 193
initscripts, 866319, 0.73, 18, 4, 3, 2, 744090, 242523, 810, 493, 4096, 184320, 0, 0.18437099999999998, 0.046092, 69636, 21482, 0, 8, 304, 50, 43, 0.03616, 0.024749999999999998, 66824, 7097, 0, 0, 56, 123, 109
libtirpc, 1579619, 0.43, 28, 5, 4, 3, 4064463, 1864292, 1533, 689, 0, 1425408, 163840, 0.28461, 0.057691, 70564, 24413, 0, 0, 1896, 68, 69, 0.042667, 0.035088, 68576, 11399, 0, 0, 888, 219, 67
cairo, 3645761, 3.51, 31, 6, 13, 4, 20532014, 13959104, 2908, 1132, 143360, 12095488, 1622016, 0.3192, 0.063051, 59652, 26793, 14, 192, 15824, 154, 153, 0.13825199999999999, 0.040604999999999995, 57224, 20489, 9, 88, 7800, 256, 214
libmodulemd, 3006171, 2.61, 30, 6, 9, 1, 9892580, 5113136, 2142, 853, 0, 3469312, 479232, 0.30919599999999997, 0.065094, 62368, 23018, 0, 0, 4408, 177, 147, 0.093205, 0.016711, 59968, 12343, 0, 0, 2368, 224, 263
libnl, 2071257, 1.23, 27, 8, 23, 15, 17840218, 9014865, 5552, 1352, 0, 7458816, 1236992, 0.271652, 0.087999, 71696, 31037, 0, 0, 8888, 83, 277, 0.236372, 0.15706599999999998, 69512, 52039, 4, 0, 5680, 395, 458
nghttp2, 1479909, 1.79, 31, 4, 8, 2, 4129924, 1902648, 1527, 682, 0, 1417216, 192512, 0.311508, 0.046547, 70420, 24722, 0, 0, 1736, 129, 118, 0.084314, 0.022047, 68588, 12687, 1, 0, 1032, 189, 193
fontconfig, 2649925, 10.55, 36, 4, 6, 3, 5453844, 2810834, 1715, 730, 0, 2195456, 311296, 0.36591999999999997, 0.047728, 72688, 25214, 0, 0, 2712, 112, 98, 0.065839, 0.03369, 70656, 11711, 1, 0, 1576, 234, 152
libxxf86vm, 2258536, 0.55, 24, 4, 5, 2, 1318598, 463978, 1243, 628, 0, 352256, 24576, 0.24654399999999999, 0.044458, 72780, 24294, 0, 0, 536, 83, 60, 0.054365, 0.022307999999999998, 70692, 10735, 1, 0, 152, 162, 102
libdrm, 1720940, 1.84, 51, 9, 13, 7, 9891555, 4287597, 3451, 977, 0, 2994176, 462848, 0.5188769999999999, 0.09993099999999999, 72156, 28688, 0, 0, 3336, 134, 301, 0.134517, 0.07676999999999999, 69976, 28865, 0, 0, 2512, 326, 264
flac, 2017694, 1.56, 24, 6, 8, 4, 8305384, 4285584, 1933, 829, 0, 3280896, 483328, 0.24616, 0.064566, 71384, 24635, 0, 0, 3944, 103, 174, 0.08216899999999999, 0.048048, 69324, 14462, 0, 0, 2464, 244, 148
libptytty, 1458558, 1.32, 24, 4, 6, 2, 1359195, 457806, 1334, 606, 0, 356352, 28672, 0.246139, 0.047056, 70768, 24301, 0, 0, 528, 134, 176, 0.064761, 0.025068999999999998, 68716, 10783, 0, 0, 168, 169, 226
libarchive, 1997350, 2.60, 28, 6, 9, 1, 9489454, 6328288, 1775, 823, 0, 5402624, 749568, 0.287646, 0.06447599999999999, 71932, 24717, 0, 0, 6856, 150, 134, 0.090834, 0.018838999999999998, 69808, 11936, 1, 0, 3696, 237, 195
libfakekey, 2533949, 1.13, 35, 5, 6, 3, 1139908, 389585, 1221, 595, 0, 290816, 16384, 0.35386999999999996, 0.052865999999999996, 73708, 24323, 0, 0, 456, 123, 226, 0.060205999999999996, 0.030255999999999998, 71660, 10204, 1, 0, 112, 188, 176
libogg, 1771901, 0.99, 24, 5, 4, 3, 1406668, 525519, 1305, 632, 0, 385024, 40960, 0.244975, 0.055292, 71100, 24483, 0, 0, 512, 112, 112, 0.047403999999999995, 0.036183, 68988, 10839, 0, 0, 240, 191, 142
mpfr, 2140864, 1.07, 25, 5, 8, 3, 22762811, 16556430, 2693, 1310, 0, 13533184, 2887680, 0.25255299999999997, 0.059191999999999995, 71196, 24597, 0, 0, 12136, 107, 186, 0.087824, 0.034943, 69108, 13681, 0, 0, 14296, 238, 208
mesa, 3456376, 5.93, 51, 29, 84, 23, 555240091, 332912338, 55651, 10003, 16384, 292356096, 38137856, 0.511562, 0.291254, 59728, 30601, 0, 24, 402288, 147, 441, 0.848834, 0.23377199999999998, 83704, 71792, 0, 8, 168720, 1002, 1022
libtool-cross, 1526543, 1.06, 22, 7, 11, 5, 6870918, 2110432, 2078, 834, 0, 585728, 4096, 0.227063, 0.07989199999999999, 70376, 25755, 0, 0, 384, 247, 97, 0.115631, 0.055366, 67944, 21994, 0, 0, 760, 247, 328
ofono, 3444457, 1.64, 40, 24, 51, 37, 3160850, 756867, 4952, 864, 8192, 274432, 0, 0.40366199999999997, 0.242981, 59552, 53859, 1, 16, 424, 115, 142, 0.510272, 0.37185999999999997, 57208, 132567, 32, 0, 112, 815, 458
libtheora, 2024666, 0.89, 19, 7, 6, 6, 8942540, 4529793, 1992, 794, 0, 3760128, 614400, 0.194962, 0.070518, 71432, 25333, 0, 0, 4520, 128, 134, 0.062372, 0.061633, 69280, 16480, 2, 0, 2824, 217, 181
libsamplerate0, 2390763, 1.02, 26, 7, 6, 2, 11145401, 7746499, 2033, 973, 0, 6160384, 1503232, 0.266462, 0.070316, 71852, 24148, 0, 0, 3448, 129, 128, 0.067097, 0.026004, 69904, 12715, 0, 0, 8584, 230, 212
libxcomposite, 2263998, 1.04, 33, 1, 5, 2, 1200393, 401273, 1330, 626, 4096, 303104, 16384, 0.332169, 0.019771, 72572, 24077, 0, 0, 480, 138, 130, 0.053953, 0.021529, 70452, 10743, 0, 8, 112, 176, 200
harfbuzz, 3748092, 2.53, 54, 9, 21, 6, 89784920, 76517259, 4444, 1586, 12288, 71802880, 2764800, 0.5472629999999999, 0.09343499999999999, 59756, 28082, 0, 24, 126968, 170, 113, 0.211864, 0.064246, 57400, 24790, 7, 0, 13272, 351, 385
python3, 2861450, 6.72, 67, 46, 253, 105, 333242001, 163878751, 56936, 13334, 4096, 83206144, 10883072, 0.675655, 0.46661199999999997, 74792, 88602, 0, 8, 70280, 188, 534, 2.531548, 1.055416, 174380, 311485, 12, 0, 92232, 2820, 2641
libnsl2, 1644019, 5.01, 82, 7, 3, 2, 1523952, 575580, 1148, 604, 0, 417792, 32768, 0.8287859999999999, 0.07818699999999999, 70780, 24110, 0, 0, 608, 54, 129, 0.039133, 0.02852, 68740, 10249, 0, 0, 208, 147, 58
xrandr, 2309356, 0.77, 20, 4, 3, 2, 741250, 272545, 817, 542, 0, 200704, 0, 0.205372, 0.044295999999999995, 72476, 22494, 0, 0, 352, 50, 138, 0.031644, 0.020768, 69660, 7324, 0, 0, 40, 155, 90
libsolv, 3718965, 1.36, 29, 5, 8, 5, 10573111, 6407043, 2156, 854, 131072, 5369856, 811008, 0.29672499999999996, 0.057573, 59228, 24826, 5, 256, 6448, 138, 100, 0.082953, 0.058844999999999995, 56748, 14626, 0, 0, 4040, 230, 188
python3-pycairo, 3662694, 0.97, 39, 4, 5, 4, 4229243, 1974992, 1428, 677, 20480, 1425408, 217088, 0.394192, 0.046710999999999996, 59628, 25773, 4, 40, 1688, 99, 156, 0.054211999999999996, 0.049186, 57116, 12478, 0, 0, 1096, 177, 151
qemuwrapper-cross, 1121109, 0.95, 22, 6, 5, 1, 756653, 208174, 1182, 524, 12288, 139264, 0, 0.22214399999999998, 0.061280999999999995, 70716, 23319, 0, 24, 232, 232, 100, 0.052487, 0.018009999999999998, 68404, 8489, 2, 0, 40, 133, 238
libxmu, 2693213, 1.27, 29, 5, 5, 5, 3357599, 1465099, 1741, 695, 0, 1175552, 135168, 0.295054, 0.054352, 73456, 25831, 0, 0, 1600, 142, 157, 0.057721999999999996, 0.053861, 71396, 13666, 0, 0, 696, 207, 334
xtrans, 1586584, 0.84, 20, 1, 3, 1, 1327304, 496029, 1056, 593, 0, 233472, 0, 0.206263, 0.015865999999999998, 70576, 22799, 0, 0, 352, 64, 56, 0.031142999999999997, 0.019979999999999998, 67792, 7972, 1, 0, 104, 237, 38
libfm, 3898493, 2.17, 43, 5, 11, 11, 14596446, 7689317, 3631, 1075, 0, 6307840, 929792, 0.436423, 0.056923999999999995, 61816, 29474, 0, 0, 7912, 168, 157, 0.11989499999999999, 0.11459899999999999, 59560, 29458, 0, 0, 4408, 280, 385
freetype, 1655632, 4.78, 306, 37, 6, 3, 12188735, 7435461, 2358, 914, 4096, 5681152, 749568, 3.061052, 0.374259, 70848, 24047, 0, 0, 7072, 115, 219, 0.06573799999999999, 0.033113, 68732, 12430, 0, 8, 4024, 299, 102
libjpeg-turbo, 1461543, 2.02, 36, 6, 9, 3, 18724500, 12072191, 2499, 1047, 0, 10149888, 1675264, 0.369874, 0.061645, 70592, 24776, 0, 0, 12640, 163, 203, 0.097021, 0.033839, 68796, 15617, 0, 0, 7184, 245, 265
libxcursor, 2271495, 0.54, 23, 6, 5, 2, 1724664, 685127, 1395, 633, 0, 544768, 49152, 0.231739, 0.066772, 72708, 24115, 0, 0, 784, 158, 86, 0.056410999999999996, 0.022661, 70640, 10896, 0, 0, 280, 196, 222
