Package, PID, Elapsed time, utime, stime, cutime, cstime, IO rchar, IO wchar, IO syscr, IO syscw, IO read_bytes, IO write_bytes, IO cancelled_write_bytes, rusage ru_utime, rusage ru_stime, rusage ru_maxrss, rusage ru_minflt, rusage ru_majflt, rusage ru_inblock, rusage ru_oublock, rusage ru_nvcsw, rusage ru_nivcsw, Child rusage ru_utime, Child rusage ru_stime, Child rusage ru_maxrss, Child rusage ru_minflt, Child rusage ru_majflt, Child rusage ru_inblock, Child rusage ru_oublock, Child rusage ru_nvcsw, Child rusage ru_nivcsw
alsa-ucm-conf, 1366156, 1.48, 17, 11, 2, 1, 1673120, 194369, 7213, 236, 0, 151552, 0, 0.173765, 0.11729099999999999, 61248, 14014, 0, 0, 256, 1140, 4899, 0.029886, 0.016315, 59108, 6382, 0, 0, 40, 112, 82
encodings, 1363764, 0.73, 17, 3, 2, 1, 1355277, 203412, 1535, 253, 12288, 155648, 0, 0.17290899999999998, 0.030258999999999998, 61820, 13916, 0, 24, 264, 119, 916, 0.029054999999999997, 0.018168, 59616, 6428, 0, 0, 40, 83, 88
alsa-topology-conf, 1365198, 0.72, 15, 3, 3, 1, 896117, 195115, 776, 236, 0, 151552, 0, 0.156849, 0.037148, 61132, 13585, 0, 0, 256, 83, 381, 0.036792, 0.010123, 58928, 6336, 0, 0, 40, 128, 128
netbase, 1371730, 0.55, 17, 3, 3, 1, 571173, 197008, 802, 246, 122880, 151552, 0, 0.170647, 0.036566999999999995, 61312, 13682, 0, 240, 256, 83, 364, 0.032393, 0.013058, 59092, 6353, 0, 0, 40, 113, 96
pulseaudio-client-conf-sato, 1369811, 0.59, 15, 2, 4, 0, 541355, 199827, 732, 247, 0, 151552, 0, 0.15254299999999998, 0.022881, 61388, 13762, 0, 0, 256, 80, 300, 0.041296, 0.002484, 59176, 6404, 0, 0, 40, 101, 76
run-postinsts, 1373498, 0.91, 19, 1, 3, 0, 561494, 199125, 772, 248, 0, 151552, 0, 0.19702, 0.016083, 61720, 13760, 0, 0, 256, 64, 338, 0.037986, 0.0052699999999999995, 59516, 6399, 0, 0, 40, 104, 109
tzdata, 1374126, 5.47, 51, 41, 2, 2, 4882525, 203173, 27951, 264, 0, 151552, 0, 0.5149009999999999, 0.412808, 62036, 15748, 0, 0, 256, 15959, 12401, 0.020869, 0.024564, 59828, 6346, 0, 0, 40, 157, 50
xcursor-transparent-theme, 1369043, 0.98, 17, 5, 2, 2, 670749, 204813, 1896, 251, 0, 155648, 0, 0.172289, 0.051685999999999996, 62056, 14154, 0, 0, 264, 146, 1411, 0.023167999999999998, 0.021315999999999998, 59852, 6407, 2, 0, 40, 86, 171
shutdown-desktop, 1368412, 0.76, 15, 3, 2, 1, 548930, 198528, 791, 252, 0, 151552, 0, 0.155164, 0.036749, 61988, 14409, 0, 0, 256, 123, 371, 0.028634, 0.018545, 59768, 6564, 0, 0, 40, 99, 114
packagegroup-core-ssh-dropbear, 3138239, 1.23, 17, 5, 4, 0, 536899, 198600, 799, 244, 233472, 159744, 0, 0.17782599999999998, 0.059274999999999994, 56812, 14854, 1, 448, 264, 171, 302, 0.046959999999999995, 0.00598, 54508, 6504, 0, 8, 48, 195, 103
ca-certificates, 3048328, 1.57, 19, 5, 3, 0, 1104887, 198931, 2814, 247, 647168, 151552, 0, 0.196131, 0.051808, 56432, 16290, 130, 1264, 256, 322, 1946, 0.036731, 0.006777, 54156, 6293, 0, 0, 40, 84, 128
cantarell-fonts, 2752419, 0.84, 16, 3, 2, 2, 775141, 210131, 853, 266, 524288, 155648, 0, 0.16475599999999999, 0.03802, 68760, 15264, 1, 1016, 264, 129, 390, 0.025887999999999998, 0.021418, 66556, 6682, 0, 8, 40, 112, 68
packagegroup-core-x11-base, 3899708, 1.15, 39, 2, 3, 1, 531873, 198701, 769, 244, 0, 151552, 0, 0.39219899999999996, 0.026397999999999998, 61804, 17080, 0, 0, 256, 116, 493, 0.034429999999999995, 0.012034999999999999, 59540, 6345, 0, 0, 40, 91, 123
update-rc.d, 1372303, 0.90, 18, 2, 3, 1, 560670, 197701, 839, 247, 0, 151552, 0, 0.185226, 0.02205, 61552, 14389, 0, 0, 256, 140, 299, 0.031723999999999995, 0.01543, 59328, 6526, 0, 0, 40, 113, 103
liberation-fonts, 3068063, 1.39, 19, 3, 3, 1, 4980096, 196531, 992, 239, 8192, 151552, 0, 0.19206399999999998, 0.03492, 56552, 14238, 1, 16, 256, 94, 577, 0.031927, 0.010986, 54252, 6288, 0, 0, 40, 97, 134
adwaita-icon-theme, 3863623, 2.71, 56, 16, 2, 2, 37247494, 209253, 14476, 264, 0, 155648, 0, 0.567939, 0.16996699999999998, 65692, 19020, 0, 0, 264, 2322, 9710, 0.024451, 0.023139, 63368, 6427, 0, 0, 40, 130, 96
wayland-protocols, 1364472, 0.68, 19, 4, 3, 1, 1306964, 201587, 1499, 247, 0, 155648, 0, 0.19539299999999998, 0.042476, 61652, 14528, 0, 0, 264, 206, 834, 0.035664999999999995, 0.013155, 59420, 6567, 0, 0, 40, 195, 122
hicolor-icon-theme, 1367363, 0.60, 15, 4, 3, 1, 682019, 203014, 1515, 251, 0, 155648, 0, 0.152771, 0.042436, 61416, 13823, 0, 0, 264, 88, 1123, 0.035699, 0.010476, 59212, 6436, 0, 0, 40, 97, 107
wireless-regdb, 1371056, 0.56, 14, 3, 3, 1, 572118, 196578, 843, 244, 0, 151552, 0, 0.14044199999999998, 0.036113, 61284, 14262, 0, 0, 256, 121, 344, 0.033782, 0.015972999999999998, 59060, 6606, 0, 0, 40, 224, 108
sato-icon-theme, 3891014, 2.34, 58, 28, 2, 2, 3003448, 205001, 14533, 254, 0, 155648, 0, 0.588139, 0.28445899999999996, 62408, 19256, 0, 0, 264, 2190, 11445, 0.025165, 0.02233, 60076, 6432, 1, 0, 40, 124, 63
iso-codes, 1380154, 3.06, 78, 33, 4, 0, 23776406, 291939, 18114, 580, 0, 163840, 0, 0.7870269999999999, 0.331153, 65508, 19814, 0, 0, 280, 2931, 13935, 0.04894, 0.0, 63288, 6428, 0, 0, 40, 133, 72
packagegroup-core-x11, 3066209, 1.91, 15, 3, 2, 1, 534120, 200639, 781, 252, 188416, 151552, 0, 0.15720499999999998, 0.038238999999999995, 58096, 14714, 2, 344, 256, 160, 285, 0.027985, 0.014362999999999999, 55832, 6342, 0, 24, 40, 109, 117
packagegroup-base, 3451172, 1.17, 33, 3, 3, 2, 698935, 252479, 1021, 362, 81920, 167936, 0, 0.333277, 0.033749, 60868, 19877, 0, 160, 272, 128, 745, 0.032146, 0.020322, 58392, 7427, 0, 0, 56, 125, 120
xserver-nodm-init, 2895516, 0.96, 18, 3, 3, 1, 626852, 207624, 904, 250, 335872, 155648, 0, 0.180972, 0.035310999999999995, 67240, 16667, 7, 656, 264, 201, 405, 0.033335, 0.010398, 65028, 6438, 0, 0, 40, 85, 99
matchbox-session-sato, 3902777, 1.20, 38, 4, 2, 2, 639224, 207945, 788, 248, 1110016, 159744, 0, 0.38662199999999997, 0.043396, 62052, 15449, 2, 1608, 272, 185, 355, 0.024735, 0.022869, 59660, 6378, 0, 560, 40, 136, 101
v86d, 3451144, 1.06, 29, 5, 3, 3, 1973823, 217721, 1230, 259, 1277952, 155648, 0, 0.299074, 0.056581, 58124, 21189, 22, 2400, 264, 199, 634, 0.035639, 0.034304999999999995, 55848, 11064, 0, 96, 40, 323, 182
packagegroup-core-x11-xserver, 3632738, 1.24, 25, 3, 4, 0, 656155, 218025, 858, 250, 32768, 167936, 0, 0.255776, 0.034103, 60140, 17445, 3, 64, 272, 141, 252, 0.047313999999999995, 0.0067729999999999995, 57712, 7520, 1, 0, 56, 106, 81
connman-conf, 1481494, 1.23, 21, 2, 3, 1, 559999, 204822, 811, 251, 0, 159744, 0, 0.21459699999999998, 0.026277, 63644, 14946, 0, 0, 264, 117, 330, 0.033134, 0.01714, 61440, 6709, 0, 0, 48, 95, 114
sysvinit-inittab, 1489091, 1.20, 15, 5, 4, 1, 620209, 215783, 886, 252, 0, 163840, 0, 0.155598, 0.056581, 63968, 16436, 0, 0, 264, 145, 287, 0.040052, 0.015903, 61764, 7423, 0, 0, 56, 136, 98
packagegroup-core-boot, 3146748, 6.36, 22, 3, 3, 2, 650065, 215762, 839, 250, 1372160, 176128, 0, 0.222554, 0.030546, 56616, 19762, 3, 2392, 280, 211, 250, 0.038523, 0.021126, 54424, 7619, 0, 288, 64, 122, 90
pointercal-xinput, 1483088, 1.02, 16, 3, 3, 0, 552163, 205581, 723, 247, 4096, 155648, 0, 0.167504, 0.034485999999999996, 63260, 14184, 0, 8, 264, 66, 311, 0.038426999999999996, 0.009518, 61056, 6451, 4, 0, 40, 99, 122
shadow-securetty, 1364987, 0.83, 20, 3, 3, 1, 611898, 214984, 870, 252, 0, 163840, 0, 0.20255299999999998, 0.036827, 61288, 15769, 0, 0, 264, 112, 323, 0.039469, 0.015488, 59068, 7405, 0, 0, 56, 133, 124
packagegroup-core-x11-sato, 3954765, 0.91, 49, 4, 3, 1, 674711, 227709, 886, 275, 40960, 167936, 0, 0.49369999999999997, 0.047019, 64944, 21468, 1, 80, 272, 117, 277, 0.030994999999999998, 0.017558, 62560, 7489, 0, 0, 56, 108, 84
init-ifupdown, 1491801, 1.16, 20, 2, 4, 0, 569627, 205418, 781, 247, 8192, 155648, 0, 0.200505, 0.028069999999999998, 63428, 16661, 0, 16, 264, 59, 402, 0.042217, 0.006254, 61224, 6423, 0, 0, 40, 125, 81
xserver-xf86-config, 1482032, 1.19, 17, 2, 4, 0, 556380, 206617, 803, 248, 0, 155648, 0, 0.174262, 0.029043, 63340, 14156, 0, 0, 264, 122, 380, 0.041853, 0.0014449999999999999, 61132, 6394, 0, 0, 40, 89, 120
formfactor, 1366724, 0.65, 19, 2, 3, 2, 610697, 214433, 838, 252, 0, 163840, 0, 0.19561299999999998, 0.029133, 61368, 15798, 0, 0, 264, 101, 288, 0.031851, 0.020846, 59164, 7473, 0, 0, 56, 139, 106
linux-yocto, 3451189, 75.15, 1685, 383, 489, 724, 1048617830, 2097593, 72317, 5152, 24576, 425984, 0, 16.859297, 3.834524, 377432, 1406356, 3, 48, 352, 5736, 34018, 4.896367, 7.247461, 85400, 2314494, 119, 0, 480, 10618, 13766
base-files, 1372209, 0.63, 15, 3, 1, 2, 576710, 203468, 1005, 244, 16384, 155648, 0, 0.152632, 0.033000999999999996, 61412, 13908, 0, 32, 264, 99, 527, 0.019693, 0.025011, 59208, 6440, 1, 0, 40, 71, 95
psmisc, 2878407, 2.68, 31, 8, 8, 9, 2887560, 312534, 2791, 372, 0, 163840, 0, 0.314073, 0.08793999999999999, 69496, 26921, 0, 0, 272, 175, 1523, 0.084809, 0.09111899999999999, 67280, 33193, 5, 0, 48, 216, 284
libxext, 2986958, 1.76, 24, 7, 4, 3, 2231407, 229582, 2663, 266, 16384, 159744, 0, 0.242133, 0.075144, 57424, 19527, 3, 32, 272, 157, 1847, 0.047386, 0.033441, 55108, 13237, 1, 0, 40, 114, 152
gstreamer1.0, 3327809, 16.50, 104, 73, 130, 144, 57100666, 1978827, 27722, 1316, 0, 217088, 0, 1.043824, 0.735026, 64844, 100480, 0, 0, 272, 686, 15175, 1.303421, 1.441559, 62532, 561490, 20, 0, 152, 1912, 3859
rxvt-unicode, 3366425, 2.58, 34, 6, 10, 4, 8170795, 272528, 2444, 289, 24576, 159744, 0, 0.34559999999999996, 0.065588, 60788, 23824, 0, 48, 272, 111, 1443, 0.100407, 0.04235, 58444, 24841, 2, 0, 40, 180, 256
libxcrypt, 3043520, 1.95, 32, 5, 5, 2, 2531408, 230411, 1960, 265, 1605632, 159744, 0, 0.32761599999999996, 0.059153, 56568, 20961, 59, 2984, 272, 191, 1247, 0.055242, 0.022640999999999998, 54296, 13032, 0, 152, 40, 155, 163
libgpg-error, 3045912, 3.27, 37, 16, 15, 21, 6046325, 446882, 4231, 425, 2031616, 163840, 0, 0.372006, 0.16583399999999998, 58132, 32404, 50, 3888, 272, 151, 2365, 0.157556, 0.21870599999999998, 55760, 75908, 0, 80, 48, 369, 563
neard, 3412071, 2.34, 41, 8, 6, 6, 3764447, 251965, 2535, 278, 2822144, 159744, 0, 0.41881199999999996, 0.083762, 59300, 23323, 91, 5336, 272, 570, 1251, 0.061482999999999996, 0.061468999999999996, 56988, 19757, 1, 176, 40, 212, 168
libxrandr, 2807831, 1.35, 28, 6, 4, 3, 1495216, 230120, 1513, 266, 0, 159744, 0, 0.286974, 0.065594, 68784, 21711, 0, 0, 272, 114, 801, 0.041729999999999996, 0.030226, 66580, 13070, 0, 0, 40, 101, 175
libxkbcommon, 3242890, 3.54, 48, 10, 14, 15, 5897453, 379576, 3755, 355, 8192, 163840, 0, 0.480458, 0.107245, 56540, 31865, 0, 16, 272, 127, 2097, 0.142557, 0.154866, 54232, 58271, 0, 0, 48, 252, 528
lua, 3115891, 3.05, 27, 7, 4, 4, 6948097, 240291, 2735, 271, 5369856, 159744, 0, 0.273524, 0.074597, 58620, 20186, 111, 10352, 272, 840, 1192, 0.046206, 0.045198999999999996, 56336, 15319, 0, 136, 40, 133, 149
bzip2, 3121720, 3.27, 34, 7, 10, 6, 7823514, 284531, 3416, 299, 217088, 159744, 0, 0.34295899999999996, 0.07047099999999999, 60408, 25767, 7, 384, 272, 86, 2251, 0.105083, 0.060120999999999994, 58056, 29468, 2, 40, 40, 215, 269
libexif, 2803582, 2.37, 44, 15, 15, 18, 7352573, 414087, 5090, 415, 0, 163840, 0, 0.442542, 0.152287, 69264, 30669, 0, 0, 280, 289, 2981, 0.150194, 0.180743, 67052, 66440, 4, 0, 40, 350, 568
libpcap, 3439300, 1.58, 35, 5, 5, 2, 6454865, 229705, 3261, 265, 4096, 159744, 0, 0.356609, 0.055854, 60188, 22280, 0, 8, 272, 117, 2298, 0.056491, 0.024600999999999998, 57888, 13287, 0, 0, 40, 106, 165
sbc, 2915904, 1.75, 30, 5, 8, 5, 2457239, 269452, 1622, 289, 0, 155648, 0, 0.304048, 0.050674, 66948, 22295, 0, 0, 264, 112, 750, 0.087196, 0.054471, 64716, 26525, 0, 0, 40, 148, 254
xhost, 2893243, 1.43, 29, 3, 5, 1, 882316, 222908, 960, 262, 0, 159744, 0, 0.29447999999999996, 0.037328, 67608, 21278, 0, 0, 272, 65, 474, 0.054222, 0.010348, 65396, 10869, 0, 0, 40, 130, 140
sqlite3, 3111150, 2.01, 32, 4, 6, 4, 19663886, 244405, 1340, 273, 18395136, 159744, 0, 0.32711599999999996, 0.041072, 66552, 26772, 10, 35776, 272, 186, 581, 0.062027, 0.047872, 59040, 17683, 0, 152, 40, 153, 207
mkfontscale, 2750012, 1.13, 27, 2, 4, 2, 1075884, 224579, 1180, 262, 0, 159744, 0, 0.27148, 0.026032, 68272, 18907, 0, 0, 272, 125, 585, 0.041179, 0.025736, 66052, 10968, 0, 0, 40, 141, 109
libpng, 2816515, 1.22, 24, 4, 6, 5, 4152347, 259453, 1827, 288, 0, 159744, 0, 0.24284, 0.042037, 68216, 25236, 0, 0, 272, 121, 976, 0.065723, 0.05628, 66104, 22303, 1, 0, 40, 137, 239
libxfont2, 2777704, 0.95, 25, 5, 3, 4, 2945337, 231485, 2058, 266, 0, 159744, 0, 0.250453, 0.053375, 68888, 21442, 0, 0, 272, 109, 1299, 0.0368, 0.041479999999999996, 66668, 13120, 0, 0, 40, 146, 149
matchbox-keyboard, 3935636, 0.41, 30, 6, 3, 5, 1959459, 256889, 1829, 284, 8192, 159744, 0, 0.30410899999999996, 0.061642999999999996, 62680, 26311, 0, 16, 272, 1105, 387, 0.034887, 0.053732999999999996, 60384, 19820, 0, 0, 40, 251, 69
gmp, 2903627, 2.87, 41, 16, 3, 7, 8371576, 250745, 8144, 280, 16384, 159744, 0, 0.41762299999999997, 0.16858099999999998, 68268, 24189, 0, 32, 272, 1089, 5313, 0.034053, 0.077237, 66056, 19879, 0, 0, 40, 127, 172
vulkan-loader, 3478054, 1.29, 32, 6, 3, 3, 6871075, 228431, 1526, 262, 0, 155648, 0, 0.321061, 0.068493, 62260, 21069, 0, 0, 264, 392, 662, 0.037488, 0.039261, 59896, 13038, 2, 0, 40, 105, 136
libwebp, 2786717, 1.94, 40, 15, 12, 16, 10230782, 361591, 5269, 344, 0, 163840, 0, 0.405113, 0.157544, 70632, 28387, 0, 0, 272, 179, 3399, 0.12220099999999999, 0.166426, 68420, 56420, 5, 0, 48, 330, 826
mini-x-session, 3070062, 1.16, 20, 3, 2, 1, 622226, 205178, 772, 247, 204800, 155648, 0, 0.20682, 0.039603, 56448, 14568, 1, 400, 264, 91, 353, 0.026726, 0.018652, 54152, 6443, 0, 0, 40, 87, 85
zstd, 1519243, 1.16, 31, 9, 9, 6, 33262247, 277915, 3197, 289, 0, 155648, 0, 0.31252199999999997, 0.095492, 70312, 27469, 0, 0, 264, 283, 1919, 0.09689299999999999, 0.067187, 68088, 28313, 0, 0, 40, 243, 237
matchbox-desktop, 3857358, 2.41, 32, 4, 3, 2, 1455545, 225200, 1539, 262, 0, 159744, 0, 0.32806199999999996, 0.048463, 61544, 22326, 0, 0, 272, 130, 1684, 0.034607, 0.024489, 59252, 10942, 0, 0, 40, 128, 167
ttyrun, 1483646, 1.34, 24, 2, 4, 2, 801182, 217054, 902, 254, 0, 155648, 0, 0.24853599999999998, 0.024051, 63460, 18191, 0, 0, 264, 87, 407, 0.04547, 0.025549, 61256, 10809, 0, 0, 40, 99, 124
bash-completion, 3107903, 4.44, 38, 16, 3, 0, 2890158, 210667, 10754, 254, 3559424, 159744, 0, 0.38800799999999996, 0.16361699999999998, 56832, 16916, 479, 6952, 272, 1595, 8007, 0.035872999999999995, 0.009182, 54512, 6456, 0, 0, 40, 100, 89
libsndfile1, 2910938, 2.02, 30, 12, 13, 16, 7879069, 378617, 4489, 349, 0, 163840, 0, 0.305732, 0.121455, 68412, 27152, 0, 0, 272, 216, 2954, 0.139604, 0.163852, 66196, 58797, 1, 0, 48, 303, 473
libedit, 3035992, 2.08, 31, 6, 5, 2, 2640074, 230285, 2317, 264, 1626112, 159744, 0, 0.310204, 0.06373999999999999, 56908, 22016, 61, 3112, 272, 175, 1593, 0.054959999999999995, 0.020017, 54624, 13233, 0, 64, 40, 121, 152
glib-networking, 3387317, 3.77, 50, 14, 15, 6, 4983888, 355578, 5525, 462, 4096, 167936, 0, 0.503222, 0.14970999999999998, 60448, 25928, 0, 8, 280, 81, 3942, 0.151729, 0.060518999999999996, 58092, 39110, 0, 0, 48, 225, 275
libxdamage, 2809850, 1.99, 29, 5, 2, 4, 954837, 230088, 1098, 266, 0, 159744, 0, 0.292537, 0.056881999999999995, 68764, 21601, 0, 0, 272, 68, 543, 0.028286, 0.049505, 66560, 13130, 0, 0, 40, 136, 129
iw, 3087256, 2.09, 33, 6, 5, 1, 2915928, 217269, 1660, 255, 2076672, 159744, 0, 0.33981, 0.062596, 56900, 20417, 48, 3968, 272, 284, 844, 0.057432, 0.015685, 54664, 11060, 3, 88, 40, 160, 162
sysvinit, 3095491, 2.97, 46, 9, 23, 17, 3887508, 434303, 3523, 380, 45056, 159744, 0, 0.460447, 0.09805799999999999, 56696, 31975, 1, 88, 264, 88, 1722, 0.231712, 0.17693599999999998, 54424, 77911, 0, 0, 48, 378, 575
ell, 3015216, 1.68, 27, 5, 5, 2, 5314728, 228975, 3693, 263, 0, 155648, 0, 0.277109, 0.056360999999999994, 59308, 20751, 0, 0, 264, 176, 2511, 0.050939, 0.029078999999999997, 56968, 13445, 0, 0, 40, 135, 181
sato-screenshot, 3929405, 0.81, 44, 5, 5, 4, 1133751, 237999, 1243, 269, 0, 159744, 0, 0.44613899999999995, 0.057302, 61808, 23370, 0, 0, 272, 110, 766, 0.056093, 0.042248999999999995, 59488, 15407, 2, 0, 40, 175, 145
glibc, 1391830, 6.46, 146, 119, 36, 49, 109572224, 744718, 69580, 668, 0, 172032, 0, 1.463035, 1.196294, 88628, 80514, 0, 0, 272, 30762, 36963, 0.369987, 0.49055, 67412, 191894, 12, 0, 64, 1305, 982
binutils, 3803536, 4.55, 73, 46, 38, 69, 209714330, 860922, 21544, 669, 4096, 180224, 0, 0.7315389999999999, 0.468831, 110092, 78393, 1, 8, 288, 5434, 11787, 0.38247, 0.694633, 64128, 203285, 25, 0, 64, 1181, 1419
bluez5, 3695994, 7.27, 94, 57, 83, 118, 70304543, 1390341, 18540, 926, 29261824, 188416, 0, 0.940275, 0.572167, 65404, 77786, 662, 54816, 280, 2457, 9398, 0.830187, 1.187063, 63004, 381028, 34, 2336, 88, 2346, 2094
lame, 2763717, 3.36, 41, 6, 4, 5, 4476488, 244027, 2570, 276, 0, 159744, 0, 0.410794, 0.068465, 68432, 23901, 0, 0, 272, 207, 1631, 0.041613, 0.051269999999999996, 66216, 17589, 0, 0, 40, 167, 130
kmod, 3082625, 2.64, 31, 7, 9, 7, 3076575, 304148, 2129, 307, 299008, 159744, 0, 0.316864, 0.072793, 57128, 25770, 5, 584, 272, 76, 1134, 0.095325, 0.07932199999999999, 54892, 31164, 0, 0, 40, 214, 281
libxft, 2907171, 1.64, 28, 5, 4, 2, 1987926, 229800, 2526, 266, 0, 159744, 0, 0.287458, 0.050727999999999995, 67760, 19499, 0, 0, 272, 500, 1279, 0.049656, 0.026532999999999998, 65532, 13022, 0, 0, 40, 158, 138
unzip, 1501860, 1.43, 29, 2, 9, 4, 3601797, 253303, 1654, 275, 0, 155648, 0, 0.30007, 0.024005, 63632, 22379, 0, 0, 264, 98, 854, 0.092496, 0.041157, 61428, 21877, 2, 0, 40, 199, 141
python3-iniparse, 3109748, 1.28, 26, 4, 2, 1, 891000, 211341, 1187, 254, 81920, 159744, 0, 0.269142, 0.045547, 57408, 16749, 1, 160, 272, 92, 688, 0.029934, 0.019653, 55072, 6526, 0, 0, 40, 108, 96
libgcrypt, 3119258, 5.91, 44, 25, 46, 33, 63395725, 678497, 7841, 518, 46809088, 172032, 0, 0.448538, 0.25689, 96084, 52639, 41, 91360, 280, 256, 4250, 0.468512, 0.33579, 58416, 155143, 5, 64, 56, 617, 1046
pinentry, 2897704, 2.04, 30, 5, 6, 1, 1452792, 232150, 1275, 264, 0, 159744, 0, 0.302883, 0.057904, 66912, 20875, 0, 0, 272, 111, 773, 0.062403999999999994, 0.019153, 64696, 13254, 2, 0, 40, 93, 141
gstreamer1.0-plugins-bad, 3950977, 7.65, 369, 109, 89, 167, 77420219, 1891855, 39991, 1526, 139264, 217088, 0, 3.699627, 1.0911710000000001, 69636, 281539, 0, 264, 304, 28048, 9269, 0.897968, 1.6765780000000001, 67304, 546255, 39, 8, 120, 3542, 2044
desktop-file-utils, 2921540, 1.70, 26, 6, 7, 4, 1832649, 261279, 1428, 280, 0, 159744, 0, 0.265196, 0.069559, 67412, 22704, 0, 0, 272, 86, 673, 0.076114, 0.043032, 65200, 22259, 0, 0, 40, 165, 233
libcap-ng, 2837203, 4.19, 23, 7, 8, 7, 1889437, 307109, 2226, 311, 16384, 159744, 0, 0.234868, 0.070048, 68644, 25333, 0, 32, 272, 60, 1225, 0.081526, 0.07869999999999999, 66440, 37991, 0, 0, 40, 147, 277
speex, 2761614, 4.44, 24, 5, 4, 7, 3046239, 257313, 2407, 283, 0, 159744, 0, 0.24712599999999998, 0.052666, 68300, 24390, 0, 0, 272, 172, 1367, 0.047039, 0.071662, 66096, 22285, 0, 0, 40, 172, 202
matchbox-theme-sato, 3400335, 1.43, 34, 2, 3, 0, 655301, 211529, 951, 254, 65536, 159744, 0, 0.347058, 0.028138999999999997, 59340, 15217, 7, 128, 272, 72, 491, 0.038569, 0.00868, 56948, 6507, 0, 0, 40, 97, 75
bc, 2860283, 1.56, 27, 3, 3, 5, 2020736, 237895, 1831, 273, 4096, 159744, 0, 0.272354, 0.035718, 69240, 21818, 0, 0, 272, 91, 1067, 0.037947999999999996, 0.053318, 67036, 15268, 0, 8, 40, 112, 181
libstd-rs, 3414542, 1.82, 31, 15, 6, 3, 218053099, 239405, 1819, 284, 61440, 159744, 0, 0.31373, 0.152943, 117412, 59236, 4, 120, 272, 314, 953, 0.06659999999999999, 0.034971999999999996, 61340, 15556, 0, 0, 40, 155, 142
libcheck, 3014148, 1.31, 28, 3, 4, 3, 1764815, 231619, 1822, 268, 16384, 159744, 0, 0.281733, 0.03034, 56944, 21673, 0, 32, 272, 72, 1095, 0.044411, 0.031812, 54640, 13227, 0, 0, 40, 165, 172
xcb-util, 2818878, 1.31, 22, 6, 4, 2, 984230, 229572, 1236, 267, 131072, 163840, 0, 0.22153799999999998, 0.06269899999999999, 68636, 21532, 0, 256, 272, 156, 707, 0.046543999999999995, 0.028862, 66424, 13157, 1, 0, 48, 156, 166
python3-six, 3046840, 1.27, 18, 3, 3, 1, 765182, 211145, 964, 255, 8192, 159744, 0, 0.184979, 0.033631999999999995, 57128, 16675, 1, 16, 272, 88, 538, 0.031466, 0.011722, 54788, 6567, 0, 0, 40, 87, 105
debugedit, 3617262, 1.68, 27, 5, 6, 3, 1518121, 237201, 1288, 268, 0, 159744, 0, 0.276188, 0.057711, 59428, 22602, 0, 0, 272, 123, 584, 0.062127999999999996, 0.034859999999999995, 57044, 15705, 0, 0, 40, 114, 179
ppp, 3507477, 3.59, 73, 16, 26, 16, 7075865, 418972, 5026, 397, 0, 163840, 0, 0.734579, 0.165872, 60068, 42256, 0, 0, 272, 444, 2724, 0.260941, 0.165429, 57712, 77708, 10, 0, 48, 482, 506
xf86-input-libinput, 3633938, 1.49, 43, 3, 2, 4, 1531694, 226743, 1176, 263, 0, 159744, 0, 0.43422, 0.035526999999999996, 60404, 19723, 0, 0, 272, 134, 646, 0.022345999999999998, 0.04528, 58128, 10989, 0, 0, 40, 137, 142
pcmanfm, 3933808, 0.45, 38, 5, 3, 1, 4176939, 253266, 3131, 369, 0, 163840, 0, 0.386505, 0.057564, 64264, 23115, 0, 0, 280, 3994, 40, 0.035696, 0.014582, 61940, 11035, 0, 0, 40, 198, 28
alsa-plugins, 3555511, 2.77, 65, 11, 22, 17, 3470823, 425134, 3372, 402, 40960, 167936, 0, 0.6560549999999999, 0.114809, 60712, 44911, 8, 80, 280, 194, 1537, 0.222876, 0.179674, 58368, 75584, 0, 0, 48, 375, 606
libdaemon, 3001302, 2.27, 32, 4, 4, 2, 1096586, 228683, 1358, 264, 16384, 159744, 0, 0.329295, 0.043906, 56732, 21656, 0, 32, 272, 176, 670, 0.044567999999999997, 0.029431, 54464, 13106, 0, 0, 40, 119, 163
libxkbfile, 2770837, 1.10, 26, 2, 4, 3, 2097396, 230470, 1439, 266, 0, 159744, 0, 0.26054, 0.025626, 68728, 21510, 0, 0, 272, 153, 711, 0.047904999999999996, 0.032038, 66524, 13062, 0, 0, 40, 118, 173
libxinerama, 2783114, 0.93, 26, 4, 4, 3, 963136, 230339, 1217, 266, 4096, 159744, 0, 0.260783, 0.047749, 68824, 21054, 0, 8, 272, 94, 675, 0.044245, 0.032125, 66604, 13168, 0, 0, 40, 153, 186
matchbox-wm, 3385248, 1.89, 37, 2, 7, 1, 2269571, 238366, 2196, 269, 24576, 159744, 0, 0.377862, 0.023615999999999998, 59248, 22374, 1, 48, 272, 183, 1292, 0.075295, 0.019105999999999998, 56876, 15424, 1, 0, 40, 167, 166
consolekit, 3117648, 3.18, 31, 10, 16, 15, 4106813, 371802, 3032, 347, 135168, 163840, 0, 0.317905, 0.107527, 58196, 25056, 5, 264, 272, 135, 1600, 0.167493, 0.152713, 55880, 58048, 1, 0, 48, 315, 466
e2fsprogs, 3017855, 10.06, 103, 46, 29, 40, 46085117, 677315, 31685, 581, 319488, 176128, 0, 1.030704, 0.465479, 64984, 61584, 3, 624, 288, 1541, 22510, 0.29365399999999997, 0.40976999999999997, 58384, 148152, 5, 0, 56, 730, 1027
coreutils, 3052254, 25.03, 235, 185, 339, 419, 142881212, 3748557, 66788, 3234, 274432, 286720, 0, 2.357512, 1.851379, 64108, 245074, 1, 536, 280, 12988, 28893, 3.39768, 4.198366, 61648, 1640515, 351, 0, 280, 9878, 8657
taglib, 1489425, 2.07, 32, 10, 6, 5, 12937578, 249340, 6198, 275, 0, 155648, 0, 0.321268, 0.10393899999999999, 70032, 22941, 0, 0, 264, 2039, 3086, 0.065999, 0.053280999999999995, 67820, 20001, 0, 0, 40, 141, 180
libxdmcp, 2797120, 1.56, 20, 5, 3, 3, 1154037, 230297, 1249, 267, 249856, 159744, 0, 0.202948, 0.050737, 68712, 19562, 0, 480, 272, 344, 415, 0.037334, 0.038596, 66492, 13086, 0, 8, 40, 120, 200
npth, 2992531, 1.56, 18, 4, 5, 1, 985750, 228515, 1147, 264, 16384, 155648, 0, 0.18409899999999998, 0.047095, 57044, 19499, 4, 32, 264, 96, 523, 0.056828, 0.018286999999999998, 54776, 13081, 2, 0, 40, 98, 115
pixman, 1499223, 1.57, 39, 6, 6, 2, 8077182, 232359, 1604, 268, 0, 155648, 0, 0.398447, 0.064863, 68244, 22859, 0, 0, 264, 98, 933, 0.066809, 0.021078, 66040, 13409, 0, 0, 40, 191, 141
libassuan, 2994799, 1.33, 25, 2, 6, 1, 1918467, 232176, 1559, 267, 28672, 159744, 0, 0.259055, 0.024286, 57028, 19604, 2, 56, 272, 95, 879, 0.065085, 0.014473, 54696, 13277, 0, 0, 40, 131, 143
pango, 3777878, 2.30, 71, 24, 37, 50, 18151113, 730065, 11825, 555, 4096, 167936, 0, 0.7106979999999999, 0.24492999999999998, 61180, 45293, 1, 8, 264, 2292, 5865, 0.37643099999999996, 0.5022719999999999, 58816, 171364, 26, 0, 64, 1020, 989
libffi, 3038598, 1.49, 22, 4, 5, 2, 1512437, 230496, 1407, 266, 16384, 159744, 0, 0.220934, 0.045004999999999996, 56552, 21618, 0, 32, 272, 111, 797, 0.057324999999999994, 0.020605, 54256, 13010, 0, 0, 40, 148, 193
libxv, 2792568, 1.50, 24, 7, 3, 4, 1147794, 229224, 1525, 266, 0, 159744, 0, 0.242971, 0.074459, 69044, 19510, 0, 0, 272, 104, 836, 0.034991, 0.040982, 66824, 13025, 0, 0, 40, 97, 121
connman-gnome, 3858819, 1.81, 59, 7, 3, 4, 1749270, 239502, 2343, 271, 8192, 159744, 0, 0.594137, 0.074734, 62604, 23520, 0, 16, 272, 1555, 773, 0.037742, 0.04883, 60116, 15436, 0, 0, 40, 191, 110
xcb-proto, 2795542, 1.38, 19, 3, 3, 1, 1873144, 211735, 1661, 261, 69632, 163840, 0, 0.19502699999999998, 0.035459, 68448, 15517, 0, 136, 280, 119, 1359, 0.030712999999999997, 0.015144, 66236, 6717, 1, 0, 40, 215, 81
libatomic-ops, 2919160, 1.41, 15, 6, 2, 1, 1902461, 210115, 2226, 253, 0, 159744, 0, 0.156886, 0.06459999999999999, 66912, 14829, 0, 0, 272, 110, 1565, 0.025904, 0.015519999999999999, 64688, 6477, 0, 0, 40, 101, 122
mdadm, 3733772, 2.07, 43, 13, 10, 5, 8458281, 281879, 5011, 297, 5988352, 159744, 0, 0.43073, 0.13127, 62484, 24213, 191, 11552, 272, 1261, 2764, 0.10410799999999999, 0.059122999999999995, 60112, 29341, 2, 144, 40, 244, 207
libxrender, 2985809, 1.40, 23, 3, 6, 1, 1594201, 230272, 1359, 267, 28672, 163840, 0, 0.239803, 0.033572, 57556, 20324, 5, 56, 272, 155, 637, 0.065429, 0.016808999999999998, 55212, 13336, 0, 0, 48, 252, 166
libsoup, 3387272, 3.37, 51, 10, 6, 1, 8155576, 272324, 6405, 413, 4096, 163840, 0, 0.5172329999999999, 0.103446, 62204, 22799, 0, 8, 280, 288, 4667, 0.065832, 0.017093, 59912, 13453, 0, 0, 40, 201, 136
curl, 3045502, 30.32, 285, 228, 409, 443, 87011816, 4043972, 91557, 3438, 155648, 294912, 0, 2.850607, 2.288272, 61088, 262965, 2, 272, 272, 1800, 52201, 4.093692, 4.430603, 58044, 1815843, 99, 32, 304, 7182, 12444
at-spi2-core, 3257590, 5.72, 59, 18, 11, 11, 11690959, 375945, 9198, 525, 61440, 172032, 0, 0.593741, 0.180497, 60036, 27644, 10, 120, 296, 375, 6904, 0.111303, 0.112882, 57684, 41573, 2, 0, 40, 241, 390
xserver-xorg, 3634380, 4.43, 79, 29, 19, 19, 52424287, 427269, 17008, 427, 0, 167936, 0, 0.791751, 0.29126599999999997, 71436, 49366, 0, 0, 280, 969, 12548, 0.191158, 0.191352, 61040, 73240, 6, 0, 48, 411, 467
libyaml, 2844851, 2.72, 19, 5, 4, 2, 1753238, 227429, 1206, 263, 0, 159744, 0, 0.193607, 0.054209999999999994, 68748, 21165, 0, 0, 272, 74, 596, 0.040715999999999995, 0.023920999999999998, 66532, 13226, 0, 0, 40, 129, 160
xinput, 2757676, 1.63, 20, 2, 2, 3, 1283462, 223265, 1234, 262, 0, 159744, 0, 0.20177299999999998, 0.029892, 69084, 19132, 0, 0, 272, 129, 667, 0.024547, 0.039889999999999995, 66868, 10913, 0, 0, 40, 122, 150
gnome-desktop-testing, 2861294, 1.57, 22, 2, 4, 2, 1020530, 234147, 1053, 264, 0, 159744, 0, 0.22874799999999998, 0.026393999999999997, 69380, 19661, 0, 0, 272, 90, 448, 0.04815, 0.026052, 67176, 13032, 1, 0, 40, 119, 149
startup-notification, 2936035, 1.61, 27, 3, 4, 3, 1242883, 232541, 1375, 265, 0, 159744, 0, 0.27991699999999997, 0.03651, 67112, 21970, 0, 0, 272, 95, 727, 0.045967999999999995, 0.033464, 64900, 13392, 0, 0, 40, 111, 109
libevdev, 2735264, 1.30, 27, 5, 7, 6, 1998475, 272705, 1662, 288, 16384, 159744, 0, 0.279422, 0.050803999999999995, 68012, 22800, 0, 32, 272, 241, 724, 0.07141499999999999, 0.067963, 65800, 26430, 0, 0, 40, 218, 201
json-glib, 3035746, 4.46, 75, 20, 28, 15, 6410220, 502897, 5875, 524, 36864, 167936, 0, 0.7596849999999999, 0.20499399999999998, 59892, 35276, 3, 72, 272, 101, 3956, 0.282617, 0.15176299999999998, 57540, 88920, 3, 0, 56, 449, 704
gstreamer1.0-plugins-good, 3879536, 9.64, 297, 78, 65, 84, 56765127, 1114025, 25978, 973, 0, 192512, 0, 2.973928, 0.781584, 66988, 158975, 0, 0, 280, 1990, 15492, 0.652918, 0.84282, 64676, 288485, 11, 0, 96, 1627, 2047
xkbcomp, 2752894, 0.95, 22, 3, 4, 2, 2460145, 223485, 1494, 262, 0, 159744, 0, 0.22092199999999998, 0.031006, 68856, 18853, 0, 0, 272, 98, 920, 0.046618, 0.021252999999999998, 66652, 10973, 0, 0, 40, 147, 113
librsvg, 3898572, 1.47, 48, 7, 6, 6, 15513942, 447540, 1803, 620, 0, 159744, 0, 0.48480999999999996, 0.070375, 67316, 29559, 0, 0, 272, 142, 993, 0.060028, 0.06763999999999999, 65008, 22841, 0, 0, 40, 206, 223
vala, 2863958, 3.20, 44, 13, 11, 9, 51764511, 319855, 11157, 316, 0, 159744, 0, 0.445905, 0.138533, 76460, 28673, 0, 0, 272, 143, 8287, 0.113324, 0.095431, 73532, 39697, 2, 0, 40, 269, 343
gstreamer1.0-plugins-base, 3814910, 7.39, 224, 60, 45, 83, 58508327, 966353, 23955, 855, 147456, 184320, 0, 2.2492739999999998, 0.6064999999999999, 65528, 121060, 2, 288, 280, 2392, 16088, 0.457109, 0.8394229999999999, 63228, 238447, 10, 0, 80, 1311, 1485
quota, 2997816, 3.04, 42, 11, 16, 16, 7283978, 404075, 3804, 369, 24576, 163840, 0, 0.427552, 0.116227, 58188, 29075, 3, 48, 272, 192, 1973, 0.161655, 0.16855399999999998, 55872, 66797, 3, 0, 48, 350, 500
l3afpad, 3864019, 1.79, 50, 6, 3, 2, 2131355, 245709, 3017, 338, 4096, 159744, 0, 0.510012, 0.060509, 62584, 22364, 0, 0, 272, 522, 1744, 0.039618, 0.028991, 60320, 11043, 0, 8, 40, 116, 88
libx11, 2940704, 4.83, 57, 30, 7, 4, 27168909, 249864, 23931, 281, 180224, 159744, 0, 0.5703889999999999, 0.30713199999999996, 64932, 28138, 29, 336, 272, 9916, 13865, 0.073747, 0.040623, 55840, 19789, 3, 16, 40, 159, 164
perl, 3074931, 94.41, 772, 363, 117, 162, 357545386, 1973608, 214458, 2484, 397312, 245760, 0, 7.722522, 3.633203, 81864, 266084, 3, 664, 328, 2722, 167872, 1.170235, 1.6281409999999998, 79548, 509564, 27, 112, 152, 2778, 2594
xinit, 3366644, 2.38, 33, 2, 3, 3, 931606, 223222, 1050, 262, 401408, 159744, 0, 0.334532, 0.028557, 59452, 21249, 9, 768, 272, 150, 511, 0.039366, 0.031530999999999997, 57048, 10843, 0, 16, 40, 130, 152
procps, 2899534, 2.45, 54, 13, 17, 31, 9274690, 507952, 5202, 446, 0, 167936, 0, 0.547354, 0.134964, 67376, 37016, 0, 0, 288, 443, 2732, 0.17561, 0.312909, 65160, 97992, 4, 0, 40, 592, 605
icu, 2831225, 10.71, 48, 33, 24, 26, 109017392, 589122, 22616, 479, 0, 163840, 0, 0.489859, 0.33110799999999996, 106020, 60251, 0, 0, 264, 59, 16426, 0.246166, 0.26381899999999997, 75876, 123501, 1, 0, 56, 416, 895
liberror-perl, 3025551, 1.45, 20, 2, 3, 0, 1811870, 211615, 1410, 256, 0, 159744, 0, 0.209059, 0.026688, 57444, 14987, 0, 0, 272, 119, 607, 0.035512999999999996, 0.008028, 55040, 6472, 0, 0, 40, 125, 105
libsoup-2.4, 3387364, 3.70, 49, 15, 6, 2, 8937581, 272934, 6511, 404, 0, 163840, 0, 0.491208, 0.151141, 61424, 22092, 0, 0, 280, 488, 4804, 0.062837, 0.022413, 59124, 13555, 0, 0, 40, 116, 161
matchbox-session, 1488115, 1.11, 16, 3, 4, 0, 617319, 205397, 764, 247, 4096, 155648, 0, 0.16554, 0.033956, 63404, 14378, 0, 0, 264, 79, 332, 0.043625, 0.003034, 61196, 6473, 1, 8, 40, 103, 102
xdpyinfo, 2890548, 1.65, 31, 4, 4, 1, 1002551, 224090, 1028, 262, 0, 159744, 0, 0.31627299999999997, 0.046386, 67464, 21308, 0, 0, 272, 98, 459, 0.048773, 0.018276, 65216, 10994, 0, 0, 40, 131, 128
libxcvt, 1484975, 1.48, 25, 5, 5, 4, 1042576, 243065, 1291, 275, 0, 155648, 0, 0.250117, 0.056478, 63796, 19517, 0, 0, 264, 97, 723, 0.059239, 0.046395, 61592, 17633, 0, 0, 40, 134, 194
libmnl, 2900411, 1.45, 21, 4, 5, 1, 1034650, 228929, 1168, 264, 0, 159744, 0, 0.216283, 0.048969, 66820, 20989, 0, 0, 272, 115, 511, 0.059903, 0.015267, 64596, 13098, 0, 0, 40, 159, 150
xf86-video-cirrus, 3625979, 1.67, 41, 4, 4, 1, 1456873, 224715, 1197, 263, 36864, 159744, 0, 0.42007099999999997, 0.041183, 60280, 21641, 6, 72, 272, 82, 789, 0.047581, 0.019946, 57900, 10940, 0, 0, 40, 138, 117
libxcb, 2910388, 13.02, 145, 66, 48, 38, 21596146, 726119, 43880, 601, 4878336, 172032, 0, 1.454489, 0.664909, 68896, 76420, 588, 9304, 272, 5619, 27110, 0.48235799999999995, 0.385243, 66684, 175145, 2, 224, 64, 817, 1309
expat, 3044002, 2.32, 33, 9, 8, 6, 6107803, 270331, 2070, 291, 5459968, 159744, 0, 0.330559, 0.092054, 57704, 25770, 49, 10240, 272, 292, 1302, 0.08023799999999999, 0.063267, 55384, 26179, 0, 424, 40, 181, 294
wpa-supplicant, 3076511, 3.63, 56, 13, 5, 5, 27626660, 253325, 7554, 282, 4096, 155648, 0, 0.562779, 0.137148, 67472, 29585, 1, 8, 264, 254, 5614, 0.05762, 0.056212, 57840, 19642, 0, 0, 40, 189, 219
xz, 3120323, 5.56, 50, 17, 10, 13, 8412520, 342241, 8531, 368, 6701056, 163840, 0, 0.509423, 0.177388, 57772, 26047, 347, 12936, 272, 693, 6438, 0.102702, 0.131771, 55472, 42849, 0, 152, 48, 286, 324
libfm-extra, 2804723, 1.47, 25, 4, 3, 4, 1061446, 233788, 1232, 269, 0, 159744, 0, 0.25807199999999997, 0.049337, 68964, 21772, 0, 0, 272, 133, 623, 0.034838, 0.041753, 66748, 13411, 0, 0, 40, 90, 187
libglu, 3487159, 1.67, 38, 11, 5, 3, 10028455, 232694, 3764, 269, 12288, 155648, 0, 0.380414, 0.116717, 62924, 21665, 2, 24, 264, 1028, 2014, 0.051567999999999996, 0.033149, 60624, 13131, 0, 0, 40, 150, 153
font-util, 2775362, 0.97, 24, 7, 2, 6, 1341233, 237837, 1415, 270, 0, 159744, 0, 0.24567999999999998, 0.07327299999999999, 68816, 22110, 0, 0, 272, 356, 698, 0.02452, 0.066494, 66612, 15383, 0, 0, 40, 137, 191
glib-2.0, 3272973, 31.62, 238, 203, 283, 434, 118973442, 4559879, 67474, 2910, 40984576, 278528, 0, 2.388012, 2.030226, 67860, 214492, 1435, 77528, 280, 8073, 33335, 2.837603, 4.345163, 65448, 1404898, 80, 2520, 264, 5699, 9954
libcap, 1490634, 1.96, 30, 6, 10, 9, 2674228, 304438, 3291, 305, 0, 155648, 0, 0.307048, 0.061409, 64092, 23108, 0, 0, 264, 134, 1944, 0.105544, 0.09653099999999999, 61888, 37127, 1, 0, 40, 208, 334
libxfixes, 2937798, 1.30, 25, 5, 4, 3, 1184968, 229822, 1215, 266, 0, 159744, 0, 0.25767599999999996, 0.05234, 67004, 21731, 0, 0, 272, 180, 586, 0.045457, 0.033884, 64788, 13178, 0, 0, 40, 133, 200
alsa-lib, 3008316, 2.59, 34, 11, 10, 2, 11710048, 274533, 5747, 294, 2224128, 159744, 0, 0.341016, 0.116255, 59496, 27094, 136, 4184, 272, 901, 3499, 0.10369099999999999, 0.028211999999999997, 57208, 24631, 0, 160, 40, 166, 205
libpcre2, 2847111, 5.55, 32, 9, 10, 8, 11355227, 321573, 5675, 329, 0, 163840, 0, 0.32121299999999997, 0.09913999999999999, 68864, 31378, 0, 0, 280, 136, 3750, 0.10026099999999999, 0.084856, 66652, 42445, 0, 0, 40, 229, 373
util-linux-libuuid, 3042225, 1.83, 22, 3, 5, 2, 1134221, 235274, 1380, 266, 135168, 159744, 0, 0.221911, 0.036985, 56604, 21033, 5, 256, 272, 93, 758, 0.054535, 0.022409, 54316, 13128, 0, 8, 40, 145, 136
matchbox-config-gtk, 3857312, 2.20, 35, 3, 3, 2, 925127, 226026, 986, 261, 4096, 159744, 0, 0.35627899999999996, 0.032025, 62304, 20100, 1, 8, 272, 115, 378, 0.034520999999999996, 0.022309, 59984, 10976, 2, 0, 40, 130, 140
libxt, 2746349, 2.78, 41, 16, 4, 3, 6410751, 229909, 6912, 266, 0, 159744, 0, 0.41168899999999997, 0.164675, 69940, 20218, 0, 0, 272, 1985, 3699, 0.047403, 0.03479, 67720, 13273, 0, 0, 40, 186, 139
rgb, 2754498, 0.88, 17, 5, 3, 3, 839938, 222328, 1009, 262, 0, 159744, 0, 0.174392, 0.051040999999999996, 69012, 18741, 0, 0, 272, 113, 492, 0.031087, 0.033763999999999995, 66808, 10919, 0, 0, 40, 105, 154
elfutils, 3803594, 8.34, 207, 152, 265, 442, 130775437, 2843914, 58511, 2875, 204800, 278528, 0, 2.070411, 1.527794, 66352, 225064, 0, 400, 280, 26379, 18722, 2.656249, 4.42869, 62412, 1456859, 202, 0, 264, 8814, 8271
shared-mime-info, 3264765, 6.48, 80, 24, 3, 2, 12262260, 270004, 16384, 417, 131072, 163840, 0, 0.8073739999999999, 0.240944, 58772, 24487, 0, 248, 272, 4695, 10121, 0.03814, 0.029179999999999998, 56456, 11060, 2, 8, 48, 112, 142
gawk, 2864811, 7.98, 61, 35, 20, 19, 16518730, 431530, 22904, 429, 0, 163840, 0, 0.612522, 0.358023, 70956, 31400, 0, 0, 280, 2924, 15273, 0.201873, 0.198757, 68736, 79252, 3, 0, 40, 417, 655
libksba, 2988951, 1.46, 22, 3, 5, 1, 3162423, 230932, 1755, 266, 8192, 159744, 0, 0.229952, 0.03914, 57204, 19966, 2, 16, 272, 96, 1011, 0.05747, 0.017547, 54912, 13112, 0, 0, 40, 136, 143
libtasn1, 2825542, 2.00, 30, 9, 6, 7, 3016598, 277118, 2660, 296, 0, 159744, 0, 0.30785599999999996, 0.09440899999999999, 68428, 24673, 0, 0, 272, 150, 1595, 0.067756, 0.077667, 66224, 26636, 0, 0, 40, 210, 234
python3-pygobject, 3695881, 1.96, 39, 8, 5, 3, 5023619, 244511, 3243, 279, 32768, 159744, 0, 0.39030699999999996, 0.080606, 60932, 22784, 6, 64, 272, 216, 2185, 0.05842, 0.039674, 58556, 15506, 0, 0, 40, 143, 158
libgudev, 3004827, 2.12, 35, 7, 4, 3, 1345688, 233859, 1471, 272, 12288, 155648, 0, 0.35216, 0.073008, 57892, 21570, 3, 24, 264, 130, 749, 0.046967999999999996, 0.033079, 55568, 13400, 0, 0, 40, 125, 217
libpciaccess, 2780890, 1.18, 24, 6, 3, 3, 1214985, 230799, 1274, 266, 0, 159744, 0, 0.248548, 0.06602, 68304, 21016, 0, 0, 272, 254, 616, 0.039573, 0.036718, 66100, 13108, 0, 0, 40, 145, 179
libical, 3269196, 2.29, 43, 15, 16, 12, 13979149, 348532, 6017, 336, 16384, 167936, 0, 0.430162, 0.153325, 56920, 26110, 1, 32, 280, 151, 4114, 0.160742, 0.12377099999999999, 54656, 51120, 0, 0, 48, 240, 521
readline, 3033659, 1.89, 24, 4, 8, 2, 5976532, 250176, 2263, 278, 16384, 159744, 0, 0.250016, 0.049183, 57908, 23057, 0, 32, 272, 85, 1410, 0.08763599999999999, 0.02257, 55616, 19671, 0, 0, 40, 160, 181
libunistring, 2827370, 4.55, 45, 22, 3, 4, 16659464, 229464, 11130, 264, 0, 159744, 0, 0.450934, 0.22151099999999999, 70680, 23095, 0, 0, 272, 2807, 7421, 0.034817, 0.047706, 68468, 13383, 0, 0, 40, 196, 138
sed, 3051065, 3.88, 45, 8, 8, 4, 6864383, 276625, 5569, 368, 4427776, 159744, 0, 0.455177, 0.080604, 59272, 25333, 243, 8632, 272, 508, 3978, 0.087915, 0.043909, 56912, 24657, 1, 16, 40, 144, 267
gconf, 3361355, 5.52, 63, 13, 16, 8, 12051347, 378008, 5659, 499, 32768, 163840, 0, 0.63108, 0.13107, 61124, 27108, 6, 64, 280, 129, 3894, 0.164351, 0.087827, 58792, 45676, 0, 0, 40, 261, 378
vulkan-headers, 2964858, 1.23, 22, 5, 3, 0, 25056100, 206265, 1621, 248, 24256512, 155648, 0, 0.22347, 0.053633, 65804, 19951, 59, 47376, 264, 199, 1088, 0.037580999999999996, 0.008137, 59188, 6437, 0, 0, 40, 95, 74
init-system-helpers, 1491208, 1.28, 18, 4, 4, 0, 652927, 207542, 859, 251, 4096, 155648, 0, 0.18903899999999998, 0.043962, 63576, 17092, 0, 8, 264, 97, 418, 0.041727, 0.002962, 61372, 6459, 0, 0, 40, 112, 108
gtk+3, 3863897, 8.31, 180, 69, 29, 49, 150524114, 695448, 39388, 771, 4096, 176128, 0, 1.800916, 0.6939299999999999, 92456, 88082, 1, 8, 272, 2142, 28392, 0.296936, 0.49197599999999997, 72768, 144085, 6, 0, 72, 883, 610
libxau, 2793619, 2.08, 26, 5, 3, 4, 983082, 230098, 1392, 267, 45056, 159744, 0, 0.26642299999999997, 0.054187, 68708, 19460, 0, 88, 272, 183, 664, 0.034557, 0.042197, 66488, 13135, 0, 0, 40, 110, 174
connman, 3573469, 3.82, 58, 18, 22, 23, 14077163, 483414, 6159, 419, 4096, 163840, 0, 0.5882729999999999, 0.18071099999999998, 62632, 37257, 0, 8, 272, 114, 3650, 0.227429, 0.239915, 60276, 91883, 1, 0, 48, 405, 736
xorgproto, 1487187, 1.52, 24, 5, 4, 0, 2693305, 210398, 3387, 256, 0, 155648, 0, 0.247527, 0.055893, 63772, 14774, 0, 0, 264, 457, 2113, 0.041923999999999996, 0.006096, 61568, 6437, 0, 0, 40, 88, 107
gpgme, 3144185, 3.97, 49, 11, 13, 5, 19748595, 304549, 5962, 315, 16384, 159744, 0, 0.49785599999999997, 0.11488899999999999, 62356, 30026, 0, 8, 272, 748, 3523, 0.13877399999999998, 0.053456, 60024, 33487, 3, 24, 40, 192, 350
libseccomp, 2827730, 5.65, 58, 33, 57, 86, 37895464, 1168948, 12854, 798, 163840, 184320, 0, 0.585626, 0.335709, 69520, 60784, 0, 320, 272, 2696, 5106, 0.5791919999999999, 0.866566, 67304, 304745, 30, 0, 88, 1746, 1796
libsm, 2914861, 1.78, 30, 3, 4, 2, 1395238, 228931, 1273, 266, 520192, 159744, 0, 0.301724, 0.033524, 66996, 18837, 17, 1016, 272, 119, 668, 0.049111999999999996, 0.028725999999999998, 64768, 13019, 0, 0, 40, 140, 141
sudo, 2896763, 3.55, 55, 16, 22, 13, 22134768, 423183, 8693, 446, 0, 163840, 0, 0.553743, 0.166573, 68796, 33427, 0, 0, 272, 171, 6171, 0.22570199999999999, 0.133078, 66568, 70932, 5, 0, 48, 327, 526
dbus-glib, 3033065, 2.31, 34, 6, 8, 3, 3296600, 265288, 2068, 290, 0, 159744, 0, 0.345588, 0.061711999999999996, 58036, 26297, 0, 0, 272, 122, 1160, 0.08163999999999999, 0.037658, 55712, 22189, 0, 0, 40, 146, 203
python3-dbus, 2985244, 1.64, 29, 4, 7, 1, 2760254, 240000, 2215, 276, 8192, 159744, 0, 0.29996, 0.047993, 58560, 21534, 2, 16, 272, 223, 1251, 0.073458, 0.018688, 56220, 15938, 0, 0, 40, 155, 170
libinput, 2739867, 2.51, 53, 20, 16, 21, 16268671, 458892, 6915, 399, 4096, 159744, 0, 0.531666, 0.203872, 70916, 33808, 0, 0, 264, 768, 3947, 0.163898, 0.219943, 68712, 77091, 2, 8, 48, 430, 538
wayland, 3803525, 2.04, 52, 23, 31, 42, 9876750, 640889, 5879, 504, 4689920, 163840, 0, 0.526655, 0.23679, 60316, 39678, 140, 9128, 264, 975, 2318, 0.31954, 0.426838, 58016, 142980, 22, 32, 56, 943, 811
alsa-state, 3079613, 1.64, 26, 2, 3, 1, 614694, 205307, 809, 249, 57344, 155648, 0, 0.261726, 0.027549999999999998, 56772, 17142, 3, 112, 264, 104, 347, 0.031366, 0.015545999999999999, 54456, 6476, 2, 0, 40, 114, 108
busybox, 3097399, 5.23, 54, 19, 7, 5, 13071558, 267603, 13657, 300, 9007104, 159744, 0, 0.541186, 0.199897, 61584, 25894, 389, 17384, 272, 866, 10470, 0.07285, 0.053964, 59280, 22163, 1, 208, 40, 182, 199
zip, 1489888, 1.68, 33, 4, 9, 4, 4111281, 257614, 1718, 278, 0, 155648, 0, 0.331725, 0.047389, 63864, 20251, 0, 0, 264, 178, 775, 0.090393, 0.047792, 61660, 24139, 0, 0, 40, 204, 259
iptables, 3451091, 14.22, 346, 75, 113, 137, 21335531, 1711825, 19086, 1346, 5083136, 208896, 0, 3.462867, 0.7578659999999999, 60524, 223823, 80, 9904, 296, 1908, 8574, 1.137842, 1.371534, 58212, 523276, 32, 24, 112, 2508, 3337
popt, 3117889, 4.13, 41, 9, 11, 6, 2222634, 305785, 2866, 370, 2170880, 163840, 0, 0.410498, 0.09329499999999999, 58240, 23256, 52, 3992, 280, 625, 2093, 0.11162499999999999, 0.067386, 55944, 31634, 1, 248, 40, 221, 262
xf86-video-vesa, 3630457, 1.44, 29, 5, 3, 3, 1026923, 224435, 1032, 263, 0, 159744, 0, 0.29431799999999997, 0.053889, 60968, 19608, 0, 0, 272, 100, 480, 0.033377, 0.034914, 58640, 10975, 0, 0, 40, 150, 113
pciutils, 3081316, 2.21, 30, 10, 9, 2, 2951454, 259864, 2055, 283, 1757184, 155648, 0, 0.30357, 0.10600799999999999, 56704, 24153, 55, 3104, 264, 436, 982, 0.09401999999999999, 0.029743, 54328, 22221, 0, 328, 40, 172, 198
puzzles, 3866769, 2.54, 72, 22, 40, 52, 36335792, 798056, 7517, 609, 12288, 167936, 0, 0.7269979999999999, 0.22457, 62012, 44110, 1, 24, 264, 179, 3518, 0.407061, 0.52356, 59684, 187578, 7, 0, 64, 1098, 1315
fribidi, 1481318, 2.03, 34, 6, 8, 2, 2618584, 246351, 2762, 280, 0, 155648, 0, 0.34108499999999997, 0.063457, 63900, 23141, 0, 0, 264, 149, 1770, 0.080192, 0.021505, 61688, 17615, 0, 0, 40, 135, 185
matchbox-panel-2, 3902347, 2.43, 46, 11, 14, 14, 3317753, 353919, 3032, 342, 0, 163840, 0, 0.47005399999999997, 0.11082499999999999, 62128, 25491, 0, 0, 272, 301, 1405, 0.143337, 0.142735, 59816, 56559, 2, 0, 48, 321, 408
vte, 3890941, 2.57, 79, 13, 5, 7, 12970741, 322632, 6361, 491, 0, 159744, 0, 0.798029, 0.137879, 69936, 31063, 0, 0, 272, 672, 4749, 0.058518, 0.076649, 67696, 23015, 0, 0, 40, 218, 153
libgcc, 1400291, 0.45, 25, 14, 6, 8, 18448941, 237182, 4902, 300, 0, 159744, 0, 0.25545, 0.14657, 68956, 26679, 0, 0, 272, 6418, 69, 0.064652, 0.084211, 66736, 30688, 28, 0, 40, 384, 57
mobile-broadband-provider-info, 2996423, 1.00, 18, 1, 3, 0, 1169548, 212726, 860, 251, 24576, 159744, 0, 0.18612499999999998, 0.019089, 56892, 14930, 1, 48, 272, 98, 367, 0.039393, 0.004108, 54620, 6485, 0, 0, 40, 84, 94
openssl, 3051888, 32.46, 251, 270, 305, 369, 1239119528, 4148811, 88256, 2634, 720498688, 262144, 0, 2.510409, 2.709792, 90848, 227960, 2483, 1395600, 264, 13548, 48436, 3.054865, 3.698616, 67528, 1343328, 64, 11624, 248, 7097, 9360
gtk-doc, 3029673, 1.47, 18, 4, 3, 0, 1398976, 208914, 1539, 253, 724992, 159744, 0, 0.18809599999999999, 0.041381, 56592, 14730, 49, 1416, 272, 117, 1016, 0.038113, 0.0044919999999999995, 54324, 6428, 0, 0, 40, 75, 93
udev-extraconf, 3063626, 1.53, 21, 2, 1, 2, 637698, 204644, 833, 246, 16384, 155648, 0, 0.217989, 0.029064999999999997, 56956, 14508, 0, 32, 264, 93, 354, 0.019497, 0.022468, 54624, 6483, 0, 0, 40, 97, 90
psplash, 3139426, 2.18, 26, 4, 5, 4, 1291097, 241502, 1225, 277, 1892352, 167936, 0, 0.262621, 0.046896, 57808, 22083, 18, 3216, 280, 252, 553, 0.050577, 0.044778, 55520, 15678, 1, 480, 48, 145, 166
gnupg, 3450370, 2.05, 51, 28, 32, 32, 47325947, 584056, 11054, 519, 0, 167936, 0, 0.518666, 0.283304, 61248, 38887, 0, 0, 272, 2236, 6109, 0.323051, 0.322054, 58936, 117342, 27, 0, 56, 876, 497
xset, 2889582, 1.62, 21, 5, 3, 2, 967546, 222820, 981, 262, 0, 159744, 0, 0.21423699999999998, 0.058809999999999994, 67612, 21596, 0, 0, 272, 81, 460, 0.032852, 0.029804999999999998, 65400, 10835, 0, 0, 40, 114, 138
libxtst, 2920034, 1.72, 27, 5, 5, 2, 1105870, 229581, 1289, 266, 0, 159744, 0, 0.2767, 0.054555, 67556, 21838, 0, 0, 272, 73, 656, 0.052474, 0.027507, 65340, 13206, 0, 0, 40, 104, 126
tcp-wrappers, 2832738, 2.84, 26, 3, 10, 6, 2331670, 294821, 2215, 305, 266240, 155648, 0, 0.264609, 0.033541999999999995, 68676, 25502, 0, 512, 264, 75, 1120, 0.10024999999999999, 0.062598, 66472, 35986, 0, 8, 40, 177, 333
base-passwd, 3092033, 1.92, 26, 4, 4, 2, 984774, 223188, 1123, 261, 462848, 159744, 0, 0.266821, 0.047515999999999996, 56488, 20590, 10, 896, 272, 143, 571, 0.042676, 0.022973, 54188, 11116, 0, 8, 40, 83, 130
file, 3117291, 3.68, 23, 7, 7, 2, 11040140, 242705, 1766, 277, 10682368, 155648, 0, 0.239727, 0.070264, 62584, 22604, 44, 20760, 264, 675, 567, 0.078036, 0.029460999999999998, 54816, 17819, 1, 104, 40, 219, 190
libmicrohttpd, 3436288, 1.31, 30, 4, 6, 1, 3611606, 233936, 1681, 268, 8192, 159744, 0, 0.304485, 0.045445, 58368, 22684, 2, 16, 272, 156, 901, 0.067518, 0.019575, 56084, 13233, 0, 0, 40, 145, 107
rpcbind, 3085311, 2.21, 37, 6, 7, 2, 1649328, 240800, 1527, 273, 0, 159744, 0, 0.37242, 0.060626, 57980, 22946, 0, 0, 272, 98, 832, 0.074545, 0.020048, 55752, 15467, 0, 0, 40, 134, 190
gcc, 3719446, 7.41, 113, 120, 22, 33, 1357540699, 574729, 33960, 522, 139264, 172032, 0, 1.131624, 1.204632, 316520, 320613, 5, 272, 280, 4377, 23166, 0.22803099999999998, 0.336385, 88724, 109820, 10, 0, 56, 669, 746
libpthread-stubs, 2794935, 1.46, 21, 1, 2, 1, 627095, 209103, 829, 251, 0, 159744, 0, 0.216712, 0.016996999999999998, 68416, 14766, 0, 0, 272, 116, 315, 0.026903, 0.01942, 66204, 6431, 0, 0, 40, 105, 93
gcc-runtime, 1494143, 5.18, 71, 31, 11, 8, 97939927, 328819, 21959, 345, 0, 163840, 0, 0.719057, 0.311591, 94900, 45037, 0, 0, 280, 7345, 12494, 0.118783, 0.088521, 68440, 33252, 3, 0, 40, 247, 244
eudev, 3089603, 3.76, 32, 12, 16, 16, 18946651, 400899, 4993, 370, 15577088, 163840, 0, 0.327914, 0.12491899999999999, 60204, 30036, 161, 29584, 272, 492, 3007, 0.167207, 0.161461, 57892, 62728, 1, 840, 48, 357, 469
libxml2, 3189886, 31.20, 177, 162, 18, 20, 52816533, 438687, 111118, 387, 8192, 167936, 0, 1.779458, 1.622907, 68392, 47822, 0, 8, 280, 10672, 78661, 0.187135, 0.20482799999999998, 59200, 74481, 0, 8, 48, 323, 575
iproute2, 3626678, 4.03, 63, 15, 19, 16, 18908138, 424378, 8773, 394, 0, 159744, 0, 0.634564, 0.152616, 60552, 44046, 0, 0, 264, 189, 5964, 0.199792, 0.169591, 58220, 73317, 5, 0, 48, 369, 555
libpsl, 2789268, 1.66, 24, 4, 5, 4, 1620465, 248769, 1327, 282, 0, 159744, 0, 0.242313, 0.048462, 68744, 21259, 0, 0, 272, 80, 674, 0.052182, 0.044711, 66540, 17895, 1, 0, 40, 145, 171
rpm, 3718660, 3.02, 67, 27, 25, 36, 16286509, 590181, 10873, 544, 0, 167936, 0, 0.673318, 0.278889, 62352, 39382, 0, 0, 272, 1116, 6711, 0.25543699999999997, 0.36300499999999997, 59980, 117572, 4, 0, 56, 755, 735
xinput-calibrator, 2886404, 2.03, 26, 4, 5, 2, 2394020, 242137, 1558, 271, 0, 159744, 0, 0.26473399999999997, 0.046716999999999995, 67476, 22538, 0, 0, 272, 87, 913, 0.054319, 0.024921, 65260, 15296, 0, 0, 40, 163, 218
ncurses, 3103716, 18.59, 157, 87, 39, 22, 27056729, 555454, 62077, 480, 9596928, 167936, 0, 1.5775899999999998, 0.87157, 58308, 54527, 1942, 18688, 280, 9746, 43713, 0.39150999999999997, 0.228066, 56032, 116775, 7, 56, 48, 523, 838
xf86-video-vmware, 3632188, 1.67, 38, 3, 4, 3, 1600347, 224949, 1248, 263, 0, 159744, 0, 0.38386499999999996, 0.037633, 60628, 19605, 0, 0, 272, 103, 654, 0.041413, 0.030042, 58248, 11152, 0, 0, 40, 86, 109
mpg123, 3576720, 2.47, 40, 9, 13, 15, 7710548, 351334, 4056, 336, 24576, 163840, 0, 0.4093, 0.09605999999999999, 60472, 25850, 4, 48, 272, 120, 2389, 0.133348, 0.15015599999999998, 58188, 53004, 1, 0, 48, 262, 481
findutils, 2862845, 3.89, 54, 10, 7, 5, 9151958, 290944, 6150, 367, 0, 163840, 0, 0.5482469999999999, 0.103722, 70396, 22376, 0, 0, 280, 141, 4399, 0.07725599999999999, 0.055548, 68168, 24652, 0, 0, 40, 180, 205
libxi, 2815910, 1.44, 25, 7, 3, 3, 3638479, 229309, 3088, 271, 32768, 159744, 0, 0.254163, 0.080022, 69564, 22672, 0, 64, 272, 95, 2439, 0.039012, 0.039528, 67360, 13475, 0, 0, 40, 171, 161
gdk-pixbuf, 3312365, 11.56, 103, 38, 35, 52, 33751379, 783395, 16894, 789, 4096, 180224, 0, 1.033641, 0.382528, 68776, 70729, 0, 8, 288, 267, 11534, 0.359848, 0.5289079999999999, 62964, 176075, 4, 0, 64, 633, 1346
dosfstools, 3083910, 2.36, 31, 7, 13, 5, 2707935, 312134, 2262, 307, 16384, 159744, 0, 0.312006, 0.078001, 56728, 24425, 0, 32, 272, 85, 1287, 0.13367099999999998, 0.055390999999999996, 54208, 35333, 0, 0, 40, 238, 266
libdnf, 3765037, 1.76, 65, 22, 17, 13, 75562277, 376117, 8555, 436, 0, 163840, 0, 0.656102, 0.221486, 93760, 37460, 0, 0, 280, 1888, 5065, 0.17088, 0.13416999999999998, 64416, 53250, 22, 0, 40, 472, 221
libtool, 2908442, 1.21, 24, 4, 5, 2, 4020562, 231178, 2157, 269, 0, 159744, 0, 0.247548, 0.046707, 66964, 19293, 0, 0, 272, 160, 1304, 0.053523999999999995, 0.024832999999999997, 64752, 13165, 0, 0, 40, 158, 189
openssh, 3071173, 8.96, 87, 37, 56, 55, 49014051, 710788, 16816, 662, 16969728, 176128, 0, 0.875149, 0.373761, 59760, 59780, 668, 32728, 272, 1805, 9816, 0.5656249999999999, 0.558508, 57408, 226696, 15, 416, 72, 1039, 1578
dbus, 3005259, 6.48, 78, 28, 59, 50, 27359654, 913695, 14027, 672, 45056, 176128, 0, 0.783396, 0.283356, 58724, 57176, 6, 88, 272, 423, 8184, 0.595694, 0.503605, 56356, 224267, 9, 0, 72, 969, 1493
libmatchbox, 2928778, 1.30, 28, 4, 3, 4, 1785235, 231301, 1471, 265, 0, 159744, 0, 0.287485, 0.046619, 68176, 21900, 0, 0, 272, 75, 846, 0.036441, 0.040482, 65960, 13174, 0, 0, 40, 87, 190
nettle, 2824014, 7.77, 89, 69, 126, 148, 66733338, 2033883, 26519, 1259, 139264, 204800, 0, 0.893432, 0.698502, 69636, 99731, 0, 272, 272, 2261, 12522, 1.269215, 1.48418, 67396, 571831, 40, 0, 128, 3217, 3532
speexdsp, 2914009, 1.42, 25, 4, 6, 1, 2007270, 228877, 1487, 264, 0, 159744, 0, 0.251264, 0.040381, 66800, 19004, 0, 0, 272, 165, 730, 0.062787, 0.012950999999999999, 64568, 13231, 0, 0, 40, 138, 163
acl, 3022679, 2.91, 34, 6, 10, 7, 4044408, 306631, 4553, 324, 53248, 159744, 0, 0.345812, 0.066662, 58216, 25719, 4, 104, 272, 139, 2947, 0.109124, 0.072626, 55796, 35479, 0, 0, 40, 173, 296
btrfs-tools, 2979429, 2.19, 33, 12, 13, 19, 38233268, 407029, 6074, 368, 8192, 163840, 0, 0.335542, 0.12637299999999999, 61868, 28224, 2, 16, 272, 115, 4210, 0.13777599999999998, 0.192495, 59512, 63893, 4, 0, 48, 303, 549
socat, 2855926, 1.54, 25, 6, 7, 3, 4925122, 250393, 2989, 275, 0, 159744, 0, 0.25110299999999997, 0.06297799999999999, 69296, 22660, 0, 0, 272, 88, 1931, 0.072323, 0.035045, 67080, 19747, 0, 0, 40, 163, 156
opkg-utils, 3105673, 1.82, 25, 3, 4, 0, 770184, 209328, 1050, 246, 36864, 159744, 0, 0.258367, 0.036909, 56812, 16564, 2, 64, 272, 116, 557, 0.040659999999999995, 0.006659, 54432, 6511, 1, 8, 40, 114, 141
zlib, 3100472, 2.54, 35, 2, 7, 2, 3059791, 241795, 1619, 270, 864256, 155648, 0, 0.353941, 0.027941999999999998, 57100, 22895, 8, 1624, 264, 72, 952, 0.075866, 0.027767999999999998, 54796, 17395, 0, 64, 40, 165, 179
dropbear, 3072793, 2.25, 28, 12, 5, 4, 5222484, 251438, 5433, 274, 3575808, 159744, 0, 0.281342, 0.12229, 58384, 20892, 262, 6920, 272, 671, 3716, 0.052751, 0.045869, 56056, 17664, 2, 64, 40, 154, 205
libxshmfence, 2779446, 0.45, 25, 3, 5, 2, 871945, 230553, 1156, 266, 0, 159744, 0, 0.254295, 0.036327, 68788, 20966, 0, 0, 272, 330, 511, 0.051236, 0.026078, 66584, 13175, 0, 0, 40, 142, 266
shadow, 2998915, 4.49, 57, 22, 45, 39, 17235871, 749314, 8525, 625, 10747904, 176128, 0, 0.572435, 0.220167, 58624, 45781, 117, 19520, 280, 557, 4587, 0.455321, 0.391484, 56336, 175672, 5, 1472, 64, 950, 1421
make, 3058608, 2.71, 32, 6, 4, 1, 5181617, 239055, 2632, 321, 1273856, 159744, 0, 0.32639599999999996, 0.064359, 57932, 19492, 28, 2488, 272, 130, 1753, 0.045637, 0.019847999999999998, 55656, 10827, 0, 0, 40, 86, 120
libusb1, 2788048, 1.36, 37, 6, 6, 3, 2187630, 247930, 1540, 277, 0, 159744, 0, 0.37209699999999996, 0.06325599999999999, 69000, 23486, 0, 0, 272, 105, 798, 0.06738899999999999, 0.030847, 66796, 17570, 0, 0, 40, 106, 178
json-c, 3027351, 3.89, 40, 18, 36, 28, 6359080, 612687, 6179, 479, 901120, 163840, 0, 0.406643, 0.18833999999999998, 57276, 36124, 29, 1728, 264, 364, 3070, 0.36407, 0.28763299999999997, 54968, 135808, 5, 32, 56, 659, 865
matchbox-terminal, 3899625, 1.45, 47, 3, 4, 1, 864568, 225337, 993, 261, 4096, 159744, 0, 0.475502, 0.033433, 61980, 21806, 1, 8, 272, 88, 446, 0.049131, 0.019135, 59688, 10902, 0, 0, 40, 121, 106
libidn2, 2849983, 4.25, 27, 6, 5, 4, 3545767, 262185, 3293, 329, 0, 159744, 0, 0.27621, 0.06595999999999999, 69352, 23552, 0, 0, 272, 98, 2213, 0.051397, 0.040232, 67148, 17722, 0, 0, 40, 129, 200
grep, 2854526, 2.08, 29, 8, 2, 3, 5633266, 247001, 4337, 351, 0, 159744, 0, 0.29869, 0.083633, 70636, 22168, 0, 0, 272, 301, 2972, 0.027597999999999998, 0.037729, 68432, 11078, 0, 0, 40, 134, 131
librepo, 3288076, 2.03, 29, 6, 6, 3, 3459450, 235740, 2640, 269, 32768, 159744, 0, 0.292344, 0.066441, 56348, 20353, 0, 48, 272, 67, 1710, 0.06312, 0.037203, 54036, 15590, 2, 16, 40, 163, 180
libcomps, 3278363, 3.74, 28, 7, 5, 3, 3546523, 235097, 3030, 268, 4096, 159744, 0, 0.28856499999999996, 0.07328599999999999, 55804, 19948, 0, 8, 272, 145, 1940, 0.053489999999999996, 0.034435, 53488, 15430, 0, 0, 40, 154, 209
mtdev, 2738257, 1.16, 28, 5, 4, 5, 1203681, 241054, 1430, 272, 0, 159744, 0, 0.288032, 0.060006, 67880, 21477, 0, 0, 272, 163, 626, 0.048317, 0.050553, 65664, 17483, 0, 0, 40, 146, 205
util-macros, 2822220, 1.05, 22, 4, 3, 1, 726415, 209809, 929, 253, 282624, 159744, 0, 0.22405599999999998, 0.040736999999999995, 68216, 16508, 0, 552, 272, 212, 369, 0.030827, 0.017231, 66000, 6462, 0, 0, 40, 83, 117
pulseaudio, 3556865, 19.84, 328, 85, 93, 148, 43918552, 1733180, 25742, 1645, 0, 217088, 0, 3.284336, 0.8512059999999999, 65872, 233128, 0, 0, 304, 1856, 14474, 0.9301309999999999, 1.484585, 63468, 470809, 6, 0, 120, 1802, 3516
libvorbis, 2799982, 1.35, 28, 7, 7, 6, 6308613, 269790, 4478, 288, 0, 159744, 0, 0.28048, 0.07212299999999999, 68552, 21818, 0, 0, 272, 76, 3109, 0.079163, 0.061907, 66340, 26414, 1, 0, 40, 211, 262
orc, 1485648, 2.20, 35, 8, 6, 9, 5938612, 280722, 3253, 303, 0, 155648, 0, 0.35068299999999997, 0.089809, 65436, 24343, 0, 0, 264, 198, 1971, 0.063371, 0.099146, 63232, 28911, 1, 0, 40, 189, 276
gdbm, 3039249, 3.33, 68, 17, 32, 27, 7026366, 580364, 5894, 501, 2584576, 167936, 0, 0.6807799999999999, 0.17019499999999999, 58012, 40480, 78, 4672, 272, 436, 2999, 0.32803699999999997, 0.278033, 55668, 125315, 4, 376, 56, 754, 950
diffutils, 3019452, 3.05, 35, 11, 7, 4, 7684646, 288812, 5200, 361, 16384, 163840, 0, 0.35948199999999997, 0.111563, 58256, 22108, 0, 32, 280, 82, 3732, 0.07901, 0.04811, 55928, 24472, 0, 0, 40, 190, 190
xf86-video-fbdev, 3628787, 1.79, 40, 3, 4, 1, 944219, 224469, 1029, 263, 0, 159744, 0, 0.40992799999999996, 0.032794, 60316, 21402, 0, 0, 272, 113, 510, 0.049955, 0.018902, 57992, 10895, 0, 0, 40, 121, 145
linux-libc-headers, 1367782, 1.61, 27, 22, 3, 1, 10220206, 209170, 15577, 253, 4096, 155648, 0, 0.278406, 0.22191799999999998, 61712, 15053, 0, 8, 264, 2830, 10324, 0.030716999999999998, 0.013597, 59508, 6415, 0, 0, 40, 70, 124
xkeyboard-config, 2755058, 1.73, 35, 11, 3, 1, 9056851, 237586, 6580, 346, 114688, 159744, 0, 0.353653, 0.11233599999999999, 69636, 18670, 0, 224, 272, 413, 4884, 0.033555999999999996, 0.011678, 67432, 6498, 1, 0, 40, 122, 60
util-linux, 3626318, 27.32, 608, 179, 197, 232, 85239970, 2890817, 63764, 2006, 31744000, 229376, 0, 6.089015, 1.798181, 66380, 325616, 1903, 61824, 280, 7374, 38404, 1.9718529999999999, 2.324999, 63920, 826791, 62, 176, 168, 3929, 5107
libice, 2909121, 1.61, 30, 4, 5, 1, 1833514, 229852, 1544, 266, 638976, 159744, 0, 0.307535, 0.04457, 67032, 19176, 10, 1152, 272, 102, 946, 0.056374999999999995, 0.017346999999999998, 64812, 13233, 0, 96, 40, 136, 162
gnutls, 3376624, 28.14, 266, 263, 499, 485, 136101394, 6105007, 81113, 3590, 253952, 303104, 0, 2.662084, 2.635149, 66240, 279387, 18, 416, 272, 1225, 42891, 4.999023, 4.856281, 63928, 1871037, 188, 80, 320, 9405, 11182
attr, 3032197, 2.38, 33, 6, 8, 5, 2847587, 280405, 2668, 314, 1359872, 159744, 0, 0.33538399999999996, 0.06368, 57944, 25319, 76, 2656, 272, 453, 1481, 0.083655, 0.059865999999999996, 55568, 27269, 1, 0, 40, 188, 295
avahi, 3294070, 4.51, 72, 20, 16, 27, 9309023, 489843, 8309, 505, 4096, 167936, 0, 0.726626, 0.204846, 58900, 45182, 0, 8, 280, 98, 5639, 0.166064, 0.278735, 56560, 86213, 2, 0, 48, 397, 750
libfontenc, 2743986, 1.49, 26, 4, 5, 2, 1033662, 230480, 1090, 266, 0, 159744, 0, 0.263235, 0.045960999999999995, 68168, 18817, 0, 0, 272, 59, 546, 0.054477, 0.024354999999999998, 65956, 13130, 0, 0, 40, 129, 592
which, 2857856, 2.03, 25, 3, 3, 3, 1014413, 222081, 1128, 261, 0, 159744, 0, 0.255804, 0.039969, 68816, 20821, 0, 0, 272, 101, 572, 0.033263, 0.031303, 66612, 11068, 0, 0, 40, 93, 134
libepoxy, 3504329, 1.59, 40, 7, 3, 4, 12947851, 232187, 1387, 270, 8192, 155648, 0, 0.400659, 0.076722, 62392, 23982, 2, 16, 264, 223, 695, 0.03922, 0.047386, 60052, 13145, 1, 0, 40, 114, 153
gobject-introspection, 3023015, 3.58, 44, 13, 9, 7, 20429941, 297265, 5960, 307, 4096, 163840, 0, 0.444245, 0.137869, 63276, 24813, 1, 8, 280, 127, 4224, 0.094208, 0.076596, 60972, 31371, 0, 0, 40, 154, 276
xauth, 2884322, 1.31, 24, 5, 3, 3, 1088794, 223254, 1040, 262, 0, 159744, 0, 0.243661, 0.056228999999999994, 67888, 19220, 0, 0, 272, 206, 396, 0.033257999999999996, 0.035759, 65664, 10886, 0, 0, 40, 106, 96
libmpc, 2902191, 1.76, 29, 8, 4, 3, 2202646, 228995, 2396, 265, 0, 159744, 0, 0.292491, 0.08695699999999999, 67000, 21034, 0, 0, 272, 117, 1527, 0.041921, 0.035434, 64772, 13056, 0, 0, 40, 165, 144
menu-cache, 2881550, 1.36, 28, 6, 8, 3, 1787662, 262311, 1411, 285, 0, 159744, 0, 0.285076, 0.060815999999999995, 69600, 20589, 0, 0, 272, 81, 651, 0.08055999999999999, 0.039952, 67396, 22112, 0, 0, 40, 165, 183
initscripts, 1493215, 1.17, 22, 3, 3, 1, 727945, 205463, 1482, 250, 16384, 155648, 0, 0.221134, 0.038661999999999995, 63460, 16950, 0, 32, 264, 97, 926, 0.031087, 0.016108, 61256, 6478, 1, 0, 40, 108, 121
libtirpc, 3041531, 2.51, 32, 6, 5, 2, 3234819, 230751, 3191, 264, 1060864, 159744, 0, 0.326969, 0.062878, 56920, 21135, 78, 2048, 272, 475, 1979, 0.051963999999999996, 0.025717, 54636, 13117, 0, 24, 40, 104, 152
cairo, 3652083, 2.13, 64, 13, 9, 8, 19120554, 296397, 7226, 311, 28672, 159744, 0, 0.641753, 0.133194, 64248, 31998, 3, 56, 272, 284, 5189, 0.09784, 0.088487, 61892, 31583, 0, 0, 40, 276, 202
gst-examples, 3954664, 0.44, 37, 3, 2, 5, 1578063, 241691, 1233, 274, 8192, 159744, 0, 0.376791, 0.039661999999999996, 64656, 21536, 2, 16, 272, 384, 375, 0.022640999999999998, 0.053779999999999994, 62300, 15580, 0, 0, 40, 198, 117
libmodulemd, 3029154, 2.24, 26, 9, 8, 1, 6003174, 247540, 2865, 279, 24576, 159744, 0, 0.266198, 0.094457, 58884, 20850, 2, 48, 272, 115, 1835, 0.084974, 0.018453, 56588, 17947, 0, 0, 40, 122, 190
libnl, 3451116, 4.98, 75, 43, 74, 72, 19449834, 1196257, 16896, 835, 8671232, 184320, 0, 0.756027, 0.43548499999999996, 59192, 73299, 589, 16880, 280, 3721, 8053, 0.748655, 0.725127, 56892, 323554, 27, 56, 80, 1713, 2072
nghttp2, 2962971, 1.65, 34, 5, 5, 2, 3314066, 230669, 1948, 268, 49152, 155648, 0, 0.345093, 0.054487999999999995, 57480, 21584, 4, 96, 264, 92, 1189, 0.056791999999999995, 0.025684, 55184, 13381, 0, 0, 40, 111, 137
fontconfig, 2896486, 3.00, 36, 13, 14, 14, 5128443, 371537, 4031, 350, 0, 163840, 0, 0.367666, 0.13289099999999998, 67460, 28540, 0, 0, 272, 112, 2428, 0.14995799999999998, 0.149565, 65248, 59022, 1, 0, 48, 298, 470
libxxf86vm, 2783864, 1.32, 33, 6, 6, 0, 1063334, 230087, 1468, 266, 0, 159744, 0, 0.333858, 0.062843, 68832, 21075, 0, 0, 272, 114, 831, 0.069647, 0.009739, 66612, 13047, 0, 0, 40, 175, 217
libdrm, 2791411, 2.75, 71, 18, 22, 28, 8443032, 505505, 5967, 445, 0, 163840, 0, 0.7188979999999999, 0.183548, 69256, 42264, 0, 0, 264, 521, 3439, 0.22267699999999999, 0.287667, 67052, 101373, 1, 0, 56, 524, 976
flac, 2798420, 1.97, 34, 11, 9, 5, 14446181, 279807, 7315, 296, 0, 159744, 0, 0.34715999999999997, 0.11440499999999999, 68996, 25397, 0, 0, 272, 113, 5267, 0.094593, 0.056303, 66792, 28499, 0, 0, 40, 189, 229
settings-daemon, 3856677, 1.45, 40, 5, 3, 4, 1230578, 240025, 1217, 270, 36864, 159744, 0, 0.40162, 0.051692999999999996, 62000, 20620, 3, 72, 272, 627, 260, 0.03234, 0.0497, 59720, 15504, 0, 0, 40, 142, 189
bash, 3075915, 10.74, 83, 48, 46, 53, 28434801, 743796, 22196, 667, 16232448, 172032, 0, 0.8316669999999999, 0.48871099999999995, 60808, 51603, 725, 31608, 272, 12739, 7656, 0.462292, 0.536009, 58428, 197875, 2, 96, 64, 793, 1350
libptytty, 1479947, 1.29, 27, 3, 4, 2, 1018409, 217157, 1119, 255, 0, 155648, 0, 0.278101, 0.031335, 63364, 20220, 0, 0, 264, 93, 622, 0.041443, 0.028841, 61168, 10790, 0, 0, 40, 131, 93
glibc-locale, 3134645, 140.27, 1858, 395, 266, 362, 1063541994, 4450593, 151187, 6019, 313438208, 356352, 0, 18.589285, 3.958506, 87740, 980213, 2882, 611928, 480, 18872, 104478, 2.6612489999999998, 3.621991, 85460, 1175128, 39, 256, 216, 3904, 9075
libarchive, 3054975, 2.95, 39, 8, 9, 7, 10370218, 289472, 4948, 301, 5103616, 159744, 0, 0.396712, 0.089975, 59320, 27147, 230, 9952, 272, 362, 3622, 0.093549, 0.07583999999999999, 57044, 31525, 0, 16, 40, 189, 244
libfakekey, 2904372, 1.47, 28, 3, 4, 3, 928959, 230462, 1120, 266, 139264, 163840, 0, 0.283931, 0.03904, 67332, 19410, 0, 272, 280, 146, 498, 0.044251, 0.037697999999999995, 65100, 13180, 1, 0, 40, 143, 137
libogg, 2801707, 1.00, 28, 6, 3, 3, 1756008, 227663, 2430, 264, 0, 159744, 0, 0.28712099999999996, 0.061785, 68420, 19268, 0, 0, 272, 94, 1669, 0.038260999999999996, 0.032305, 66200, 13227, 0, 0, 40, 141, 148
mpfr, 2901375, 2.21, 27, 9, 3, 4, 10485997, 229048, 5094, 264, 0, 159744, 0, 0.27222999999999997, 0.093718, 69268, 22910, 0, 0, 272, 178, 3681, 0.030916, 0.046424, 67056, 13133, 0, 0, 40, 127, 137
mesa, 3478469, 7.16, 102, 64, 15, 22, 483510590, 451492, 34771, 436, 0, 159744, 0, 1.0217559999999999, 0.6401359999999999, 179748, 107038, 0, 0, 264, 2655, 25294, 0.151721, 0.228298, 80240, 71891, 5, 0, 48, 490, 446
ofono, 3695966, 3.38, 56, 25, 3, 3, 17555683, 225727, 10533, 266, 540672, 159744, 0, 0.56195, 0.255813, 67392, 25134, 3, 1056, 272, 1176, 7623, 0.038647, 0.031922, 65024, 10890, 0, 0, 40, 164, 102
libtheora, 2790310, 1.64, 35, 7, 6, 7, 4693084, 271200, 2239, 288, 0, 159744, 0, 0.35974, 0.075945, 68404, 21227, 0, 0, 272, 112, 1308, 0.069322, 0.073265, 66192, 27000, 2, 0, 40, 188, 234
libsamplerate0, 3010290, 0.93, 21, 5, 5, 2, 12550437, 232002, 1444, 265, 4096, 159744, 0, 0.219526, 0.056914, 63148, 23966, 1, 8, 272, 116, 785, 0.053234, 0.025233, 55388, 13119, 0, 0, 40, 135, 149
ptest-runner, 3061546, 1.68, 19, 4, 4, 2, 994266, 222014, 1060, 257, 16384, 155648, 0, 0.198064, 0.045979, 57140, 18573, 0, 32, 264, 60, 547, 0.044233999999999996, 0.02076, 54816, 10953, 1, 0, 40, 123, 105
alsa-utils, 3086605, 6.00, 58, 17, 24, 21, 10064063, 491843, 6343, 449, 724992, 172032, 0, 0.588519, 0.170585, 58240, 49661, 0, 0, 280, 152, 3685, 0.24645599999999998, 0.21803, 55856, 90034, 12, 1416, 56, 348, 688
dbus-wait, 2983808, 1.74, 32, 2, 6, 0, 818575, 222808, 945, 260, 32768, 159744, 0, 0.320724, 0.029155999999999998, 58028, 19148, 4, 64, 272, 124, 365, 0.064371, 0.002634, 55720, 11014, 0, 0, 40, 117, 103
dnf, 3773369, 1.14, 45, 8, 3, 0, 4862061, 242713, 4077, 371, 0, 159744, 0, 0.45322599999999996, 0.08276299999999999, 61080, 18229, 0, 0, 272, 263, 3027, 0.03836, 0.00844, 58684, 6476, 0, 0, 40, 126, 108
libxcomposite, 2811461, 1.20, 29, 4, 4, 3, 982786, 230696, 1283, 266, 0, 159744, 0, 0.298292, 0.041534, 68792, 21807, 0, 0, 272, 112, 626, 0.040286999999999996, 0.036251, 66588, 13079, 0, 0, 40, 110, 145
harfbuzz, 3751519, 2.82, 65, 18, 15, 21, 76527669, 391760, 8184, 370, 0, 163840, 0, 0.6505059999999999, 0.18093499999999998, 88444, 49344, 0, 0, 272, 287, 5573, 0.155305, 0.21143399999999998, 59552, 62218, 7, 0, 48, 422, 383
python3, 3803558, 14.98, 305, 183, 66, 132, 216999036, 1278036, 86058, 1043, 137474048, 200704, 0, 3.052899, 1.8366699999999998, 95660, 147249, 3972, 268160, 288, 77337, 24585, 0.6603, 1.321428, 66924, 379481, 161, 344, 104, 2969, 2264
libnsl2, 3041023, 1.77, 26, 5, 5, 2, 1180556, 231207, 1387, 265, 311296, 159744, 0, 0.262606, 0.053341, 56496, 21234, 29, 608, 272, 115, 775, 0.053578, 0.022369, 54232, 13120, 1, 0, 40, 117, 115
modutils-initscripts, 1492634, 1.29, 25, 2, 3, 1, 610492, 206115, 782, 248, 0, 155648, 0, 0.255731, 0.024748, 63408, 16712, 0, 0, 264, 110, 295, 0.036933, 0.011998, 61188, 6466, 0, 0, 40, 102, 92
xrandr, 2892340, 1.13, 26, 4, 4, 2, 1208234, 223335, 1019, 262, 131072, 159744, 0, 0.26051599999999997, 0.047366, 67348, 21569, 0, 256, 272, 133, 470, 0.046354, 0.022229, 65136, 11034, 0, 0, 40, 112, 160
strace, 3733664, 47.21, 980, 678, 1399, 1589, 238490743, 17223043, 185816, 9991, 196608, 589824, 0, 9.803541, 6.782535, 72108, 751453, 2, 32, 280, 2065, 84687, 13.992414, 15.892541, 69788, 5470186, 1049, 352, 872, 34541, 26866
libsolv, 3726789, 1.77, 38, 11, 17, 16, 8657295, 388223, 4853, 355, 0, 159744, 0, 0.387077, 0.11612299999999999, 61124, 29381, 0, 0, 264, 132, 3077, 0.173419, 0.16488999999999998, 58832, 64819, 7, 0, 48, 373, 375
python3-pycairo, 3671448, 2.07, 40, 3, 5, 2, 2232879, 226558, 1425, 267, 8192, 159744, 0, 0.405255, 0.035239, 59960, 21446, 1, 16, 272, 142, 765, 0.051351999999999995, 0.02157, 57632, 10937, 0, 0, 40, 92, 121
qemuwrapper-cross, 1374864, 0.97, 18, 2, 3, 1, 665395, 215113, 915, 253, 4096, 163840, 0, 0.183647, 0.023544, 61812, 15907, 0, 8, 264, 141, 274, 0.039777, 0.013736, 59608, 7433, 0, 0, 56, 99, 123
libxmu, 2785248, 1.44, 35, 8, 3, 7, 2640177, 250398, 2573, 280, 0, 159744, 0, 0.359489, 0.084585, 68848, 23073, 0, 0, 272, 192, 1534, 0.034555999999999996, 0.079441, 66624, 19739, 0, 0, 40, 161, 265
xtrans, 2821273, 0.98, 21, 3, 3, 1, 891937, 209957, 944, 255, 4096, 159744, 0, 0.219572, 0.035288, 68212, 16663, 0, 0, 272, 58, 503, 0.030369999999999998, 0.012085, 65988, 6393, 2, 8, 40, 121, 91
libfm, 3912592, 1.97, 61, 17, 12, 18, 11915241, 399927, 7680, 468, 4096, 163840, 0, 0.611491, 0.175294, 64640, 31850, 0, 8, 272, 725, 5072, 0.12775999999999998, 0.180611, 62296, 58062, 3, 0, 48, 361, 351
libnss-mdns, 3296968, 1.89, 34, 6, 6, 12, 1752791, 287495, 1518, 300, 16384, 159744, 0, 0.34993199999999997, 0.061034, 56428, 21974, 1, 32, 272, 53, 989, 0.06454399999999999, 0.12057899999999999, 54040, 33112, 0, 0, 40, 179, 311
xmodmap, 2893918, 1.32, 29, 3, 5, 2, 1054885, 223833, 1088, 267, 0, 159744, 0, 0.29735, 0.038616, 67280, 21671, 0, 0, 272, 157, 493, 0.051205, 0.020057, 65064, 11073, 1, 0, 40, 133, 132
freetype, 2786236, 1.61, 35, 12, 3, 3, 12334335, 230388, 6357, 265, 0, 159744, 0, 0.356765, 0.129376, 70588, 22263, 0, 0, 272, 60, 5007, 0.03963, 0.039971, 68372, 13126, 0, 0, 40, 106, 248
libjpeg-turbo, 1486600, 2.38, 45, 10, 14, 12, 12752887, 335085, 3983, 325, 0, 159744, 0, 0.45991299999999996, 0.105776, 66064, 26963, 0, 0, 272, 137, 2406, 0.144323, 0.12393499999999999, 63860, 47837, 1, 0, 40, 244, 366
libxcursor, 2932353, 2.19, 32, 4, 5, 2, 1323821, 230797, 2136, 266, 0, 159744, 0, 0.327388, 0.046769, 67420, 21829, 0, 0, 272, 181, 1244, 0.055215, 0.022203999999999998, 65204, 13151, 0, 0, 40, 109, 138
