Package, PID, Elapsed time, utime, stime, cutime, cstime, IO rchar, IO wchar, IO syscr, IO syscw, IO read_bytes, IO write_bytes, IO cancelled_write_bytes, rusage ru_utime, rusage ru_stime, rusage ru_maxrss, rusage ru_minflt, rusage ru_majflt, rusage ru_inblock, rusage ru_oublock, rusage ru_nvcsw, rusage ru_nivcsw, Child rusage ru_utime, Child rusage ru_stime, Child rusage ru_maxrss, Child rusage ru_minflt, Child rusage ru_majflt, Child rusage ru_inblock, Child rusage ru_oublock, Child rusage ru_nvcsw, Child rusage ru_nivcsw
alsa-ucm-conf, 1346552, 5.87, 112, 57, 451, 47, 9857140, 4396986, 30398, 1439, 1601536, 3629056, 0, 1.127928, 0.571689, 62512, 29258, 0, 144, 1032, 1362, 10997, 4.518647, 0.473945, 423016, 166955, 0, 2984, 6056, 11657, 7875
encodings, 1346492, 2.55, 50, 15, 109, 12, 7015930, 3562639, 5336, 829, 2678784, 2260992, 0, 0.507436, 0.156459, 62264, 30846, 0, 632, 584, 652, 1506, 1.0943019999999999, 0.129233, 426844, 54682, 14, 4600, 3832, 3542, 870
alsa-topology-conf, 1346547, 2.66, 44, 37, 76, 5, 6208670, 2818403, 3050, 868, 438272, 2162688, 0, 0.447146, 0.37196199999999996, 61416, 27292, 0, 160, 496, 392, 935, 0.7678889999999999, 0.05568, 80776, 21924, 0, 696, 3728, 943, 780
netbase, 1346518, 2.85, 39, 35, 68, 7, 3050691, 1826021, 2860, 792, 118784, 1822720, 0, 0.39504999999999996, 0.35286, 61504, 31381, 0, 168, 536, 421, 851, 0.686823, 0.07740799999999999, 78316, 23975, 0, 64, 3024, 1067, 832
pulseaudio-client-conf-sato, 1351176, 3.31, 40, 37, 63, 8, 2883034, 1851687, 2781, 800, 81920, 1851392, 0, 0.402551, 0.370978, 61768, 31605, 0, 144, 536, 389, 1086, 0.635622, 0.082384, 59648, 19543, 2, 16, 3080, 1041, 778
run-postinsts, 1358328, 2.83, 45, 34, 73, 10, 3013154, 1846899, 3295, 818, 102400, 1839104, 0, 0.459783, 0.34975, 62080, 30996, 0, 176, 584, 313, 785, 0.733559, 0.10227399999999999, 59960, 21116, 1, 24, 3008, 1301, 615
tzdata, 1346507, 12.77, 301, 89, 1916, 81, 28637973, 10888108, 95802, 3717, 7499776, 10227712, 0, 3.016031, 0.897396, 64416, 47122, 0, 176, 2144, 1898, 28064, 19.168553, 0.812913, 278976, 258655, 5, 14472, 17832, 42715, 20875
xcursor-transparent-theme, 1351119, 3.12, 58, 41, 131, 10, 3629176, 2178764, 7077, 852, 126976, 1937408, 0, 0.584257, 0.418454, 62212, 32195, 0, 224, 648, 415, 3657, 1.317394, 0.10805899999999999, 60064, 23748, 0, 24, 3136, 2275, 2026
shutdown-desktop, 1351064, 3.17, 37, 33, 78, 8, 2870770, 1804640, 2719, 792, 217088, 1826816, 0, 0.373372, 0.335657, 61704, 31745, 0, 408, 536, 356, 759, 0.7843209999999999, 0.081091, 59520, 19643, 1, 16, 3032, 839, 772
packagegroup-core-ssh-dropbear, 1350735, 2.71, 31, 37, 7, 5, 2667447, 1839484, 2339, 784, 53248, 1847296, 0, 0.314295, 0.376378, 61100, 27934, 0, 104, 520, 342, 646, 0.074585, 0.050241999999999995, 58916, 12227, 0, 0, 3088, 232, 384
ca-certificates, 1346510, 3.27, 62, 37, 179, 16, 5491252, 3007397, 9345, 1046, 626688, 2568192, 0, 0.6203569999999999, 0.376925, 61992, 31795, 0, 152, 672, 701, 2643, 1.7913199999999998, 0.160269, 226604, 62715, 0, 1072, 4344, 3881, 2011
cantarell-fonts, 1346538, 2.16, 39, 11, 75, 4, 3344833, 1554001, 2787, 636, 184320, 1155072, 0, 0.39138599999999996, 0.11741599999999999, 62376, 31481, 0, 16, 552, 446, 758, 0.752294, 0.049877, 60192, 18647, 2, 344, 1704, 1289, 872
packagegroup-core-x11-base, 1350090, 2.68, 22, 30, 8, 2, 2668055, 1821267, 2318, 783, 61440, 1839104, 0, 0.22664199999999998, 0.303538, 61096, 27892, 0, 120, 520, 353, 533, 0.087144, 0.026459999999999997, 58912, 12282, 0, 0, 3072, 532, 395
update-rc.d, 1346483, 2.87, 47, 34, 74, 7, 2955263, 1786856, 2941, 789, 786432, 1810432, 0, 0.47081, 0.34798999999999997, 61440, 31558, 0, 1480, 536, 416, 1028, 0.7492789999999999, 0.07663199999999999, 59256, 19511, 0, 56, 3000, 779, 933
liberation-fonts, 1346514, 2.81, 40, 30, 76, 7, 46509218, 16698528, 6834, 2141, 4489216, 7987200, 0, 0.400159, 0.303033, 61500, 27447, 0, 168, 512, 414, 945, 0.768092, 0.071648, 99980, 23361, 1, 8600, 15088, 1508, 809
adwaita-icon-theme, 3843808, 7.77, 190, 76, 839, 68, 353948598, 108900569, 78617, 12379, 172032, 39948288, 0, 1.9035099999999998, 0.763027, 63720, 42293, 0, 320, 1536, 28263, 1515, 8.39321, 0.684472, 242220, 133586, 3, 16, 76488, 44416, 18655
wayland-protocols, 1346479, 1.97, 39, 12, 71, 5, 7271909, 2777426, 5762, 762, 7888896, 1576960, 0, 0.395476, 0.125299, 62156, 27040, 0, 32, 616, 631, 1672, 0.715739, 0.057755, 297196, 23901, 280, 15376, 2464, 5174, 773
hicolor-icon-theme, 1346502, 4.92, 57, 47, 75, 20, 5072434, 2709371, 16512, 910, 1179648, 2048000, 0, 0.579059, 0.47990499999999997, 62432, 31682, 0, 872, 824, 525, 7474, 0.7538079999999999, 0.201395, 60240, 20195, 7, 1432, 3176, 2490, 5292
wireless-regdb, 1352197, 2.59, 47, 35, 118, 13, 3073202, 1842150, 2984, 783, 118784, 1830912, 0, 0.47241099999999997, 0.351473, 61892, 26580, 0, 176, 504, 328, 935, 1.181718, 0.132465, 59672, 22595, 0, 56, 3072, 1327, 861
sato-icon-theme, 3883169, 8.08, 195, 86, 858, 40, 18668213, 6350730, 52845, 1742, 4096, 3981312, 0, 1.956579, 0.866987, 64380, 40916, 0, 8, 1688, 910, 24007, 8.586522, 0.401018, 62120, 82209, 3, 0, 6088, 21108, 12126
iso-codes, 1346495, 20.46, 186, 184, 241, 103, 140130596, 69797874, 106386, 8884, 21327872, 29609984, 0, 1.868455, 1.844137, 69232, 179140, 0, 1016, 3720, 11845, 40257, 2.416363, 1.031315, 97604, 134032, 4, 40640, 54112, 16720, 24554
packagegroup-core-x11, 1351317, 2.78, 31, 40, 9, 6, 2766427, 1851178, 2672, 807, 49152, 1859584, 0, 0.312171, 0.40582199999999996, 61416, 30973, 0, 96, 560, 434, 725, 0.093348, 0.06322599999999999, 59216, 14377, 0, 0, 3072, 664, 564
packagegroup-base, 1350794, 6.79, 46, 46, 24, 23, 4016625, 2603078, 6788, 1538, 65536, 2392064, 0, 0.467113, 0.462979, 64100, 74294, 0, 128, 1112, 974, 2862, 0.242171, 0.23543399999999998, 61880, 44516, 2, 0, 3560, 3460, 1742
xserver-nodm-init, 1472458, 6.94, 59, 46, 98, 17, 3665792, 1873258, 4570, 898, 53248, 1826816, 0, 0.5921449999999999, 0.462873, 63996, 39372, 0, 32, 592, 280, 1122, 0.980147, 0.179697, 109364, 49775, 2, 72, 2976, 1089, 1026
matchbox-session-sato, 1468303, 6.78, 55, 37, 89, 7, 3060216, 1830387, 3333, 842, 434176, 1789952, 0, 0.556887, 0.37648699999999996, 63772, 35079, 0, 32, 552, 343, 830, 0.898257, 0.075733, 61584, 27382, 6, 816, 2944, 682, 1244
v86d, 1479595, 5.32, 72, 45, 100, 11, 12211437, 5471332, 5803, 1208, 86016, 3878912, 1028096, 0.728914, 0.45894599999999997, 63816, 36965, 0, 168, 576, 352, 1393, 1.002966, 0.11571999999999999, 61628, 32803, 2, 0, 7000, 1192, 829
packagegroup-core-x11-xserver, 1346532, 2.22, 27, 34, 8, 4, 2689856, 1900449, 2361, 826, 61440, 1880064, 0, 0.276802, 0.340071, 61420, 28552, 0, 120, 536, 362, 614, 0.08932899999999999, 0.043324, 59208, 12517, 0, 0, 3136, 585, 429
connman-conf, 1460105, 2.92, 37, 36, 54, 7, 2815840, 1764493, 2675, 818, 4096, 1753088, 0, 0.37505499999999997, 0.36005299999999996, 63664, 32936, 0, 8, 536, 266, 885, 0.54247, 0.07994, 61468, 19876, 1, 0, 2888, 1230, 487
sysvinit-inittab, 1350043, 3.77, 58, 38, 74, 7, 2950551, 1889095, 3029, 856, 90112, 1875968, 0, 0.585943, 0.384161, 61788, 33994, 0, 152, 544, 394, 808, 0.743791, 0.075139, 59604, 23735, 0, 24, 3120, 963, 787
packagegroup-core-boot, 1346523, 2.73, 36, 34, 7, 4, 2685305, 1868173, 2330, 819, 77824, 1859584, 0, 0.3624, 0.346471, 61400, 28223, 0, 152, 536, 395, 574, 0.078815, 0.041913, 59184, 12351, 0, 0, 3096, 311, 436
pointercal-xinput, 1460880, 3.50, 40, 35, 76, 7, 2819959, 1791849, 2617, 823, 172032, 1765376, 0, 0.403065, 0.35542999999999997, 63672, 32770, 0, 328, 536, 300, 700, 0.764941, 0.078443, 61476, 19624, 0, 8, 2912, 808, 506
shadow-securetty, 1346543, 2.83, 36, 31, 69, 7, 2896453, 1871311, 2701, 843, 90112, 1855488, 0, 0.36588299999999996, 0.317098, 61784, 31934, 0, 152, 544, 455, 752, 0.6972039999999999, 0.07950299999999999, 59588, 19699, 0, 24, 3080, 692, 946
packagegroup-core-x11-sato, 1350053, 3.44, 32, 34, 10, 9, 2989773, 2066211, 3300, 980, 57344, 1986560, 0, 0.329682, 0.345016, 61900, 37883, 0, 112, 664, 619, 1582, 0.102198, 0.097075, 59704, 19308, 0, 0, 3216, 872, 975
init-ifupdown, 1469113, 8.89, 139, 44, 100, 10, 3161608, 1818454, 3741, 850, 4096, 1781760, 0, 1.393073, 0.44705999999999996, 63792, 36375, 0, 8, 576, 457, 881, 1.007282, 0.10581299999999999, 61592, 28527, 0, 0, 2904, 946, 882
xserver-xf86-config, 1460663, 3.12, 40, 36, 67, 9, 2836002, 1804905, 2747, 828, 4096, 1777664, 0, 0.403929, 0.368288, 63676, 32662, 0, 8, 544, 410, 802, 0.6713319999999999, 0.094682, 61488, 19788, 0, 0, 2928, 892, 626
formfactor, 1346504, 2.83, 42, 30, 74, 6, 2892269, 1841325, 2763, 839, 217088, 1843200, 0, 0.42949899999999996, 0.30224, 61940, 31915, 0, 400, 544, 442, 601, 0.747232, 0.061396, 59740, 19859, 1, 24, 3056, 805, 998
linux-yocto, 3335770, 205.04, 1434, 1065, 5150, 2124, 10454344584, 6093171117, 2083885, 485230, 6168576, 4116910080, 997711872, 14.343994, 10.659604999999999, 92856, 2036519, 47, 2864, 10600, 23585, 88118, 51.504908, 21.248464, 532084, 4958950, 286, 9184, 8030240, 220065, 242801
base-files, 1346486, 3.40, 45, 41, 78, 11, 3316410, 1952328, 5141, 856, 1036288, 1888256, 0, 0.45555799999999996, 0.419593, 61808, 32994, 0, 880, 560, 784, 1554, 0.787311, 0.11283699999999999, 192400, 38759, 0, 1144, 3128, 1089, 1690
psmisc, 2554529, 10.35, 96, 74, 348, 38, 19517285, 7495282, 20524, 2303, 8192, 5136384, 1114112, 0.9628279999999999, 0.7412569999999999, 69344, 76423, 0, 16, 1160, 1088, 6278, 3.480297, 0.38029599999999997, 67160, 120911, 3, 0, 8872, 4760, 4991
libxext, 2190673, 4.84, 64, 43, 143, 14, 15400684, 6912750, 11012, 1538, 4096, 5029888, 1335296, 0.644122, 0.438307, 68500, 42273, 0, 8, 696, 484, 3362, 1.436847, 0.141844, 66316, 44796, 0, 0, 9128, 2096, 1989
gstreamer1.0, 3247558, 38.61, 323, 256, 1303, 570, 500290743, 189185785, 223954, 29040, 200704, 118005760, 51564544, 3.233626, 2.568468, 61424, 320596, 11, 152, 2776, 2308, 28157, 13.039261, 5.708029, 530992, 1779618, 78, 240, 227704, 29844, 43219
rxvt-unicode, 3346927, 18.18, 151, 68, 130, 25, 74603611, 39381028, 17009, 4344, 2068480, 26742784, 11608064, 1.517628, 0.689831, 59804, 45757, 1, 4040, 760, 423, 3012, 1.30839, 0.258262, 57392, 74791, 8, 0, 51472, 1853, 2004
libxcrypt, 1589615, 12.12, 193, 55, 129, 13, 17337685, 7448987, 9145, 1607, 0, 5144576, 1523712, 1.9342419999999998, 0.558959, 65364, 42190, 0, 0, 656, 4867, 162, 1.2968549999999999, 0.13794599999999999, 63176, 45437, 0, 0, 9392, 5013, 554
libgpg-error, 1714010, 12.70, 149, 78, 349, 73, 45456069, 15992508, 33490, 3668, 0, 10194944, 3346432, 1.494018, 0.7865329999999999, 67688, 86335, 0, 0, 1128, 2135, 6948, 3.493721, 0.739993, 65556, 220501, 28, 0, 18784, 6840, 5242
neard, 3007113, 11.17, 97, 65, 176, 17, 28927342, 13078132, 13211, 2302, 0, 9019392, 3371008, 0.9753269999999999, 0.6542319999999999, 58560, 45241, 0, 0, 744, 527, 3339, 1.767048, 0.17862799999999998, 56260, 67983, 6, 0, 16872, 1892, 2990
libxrandr, 2259202, 3.34, 86, 49, 165, 19, 10587619, 4678126, 7517, 1241, 0, 3665920, 843776, 0.8674759999999999, 0.498504, 68468, 40276, 0, 0, 640, 948, 1591, 1.6599110000000001, 0.195349, 66284, 44218, 2, 0, 6520, 2007, 1454
libxkbcommon, 3203392, 8.68, 98, 39, 407, 49, 41702294, 14639236, 21509, 2932, 1110016, 9039872, 3629056, 0.989325, 0.399535, 56860, 64836, 0, 2168, 840, 692, 4018, 4.073332, 0.49935399999999996, 54548, 164087, 8, 0, 16816, 3843, 4512
lua, 2238734, 1.97, 96, 41, 348, 31, 60768406, 26186358, 16577, 3140, 0, 15728640, 5029888, 0.960792, 0.41176799999999997, 67932, 50741, 0, 0, 824, 5107, 786, 3.482141, 0.314942, 372272, 100488, 1, 0, 29896, 7691, 1547
bzip2, 1584038, 10.73, 198, 71, 527, 56, 60341227, 26081044, 21992, 3381, 0, 13787136, 897024, 1.9801229999999999, 0.710514, 65472, 52713, 0, 0, 792, 7220, 780, 5.275117, 0.568326, 505252, 174022, 3, 0, 26136, 31461, 2832
libexif, 2081526, 7.69, 177, 98, 374, 124, 56205352, 19987693, 40381, 4299, 0, 11280384, 2834432, 1.770109, 0.9825269999999999, 69020, 104005, 0, 0, 1168, 994, 8249, 3.742509, 1.245618, 294836, 333521, 17, 0, 20864, 8243, 7092
libpcap, 3433106, 6.01, 109, 70, 265, 17, 50664571, 19866403, 16684, 2795, 8192, 11014144, 2793472, 1.093596, 0.703878, 59520, 46559, 0, 16, 744, 667, 4273, 2.653275, 0.173706, 57224, 60575, 1, 0, 20768, 2938, 2626
sbc, 2289307, 3.06, 77, 45, 259, 34, 21109201, 8810743, 10096, 1778, 12288, 6483968, 2363392, 0.7783209999999999, 0.45081, 67736, 47686, 0, 24, 632, 575, 1916, 2.594561, 0.345756, 65616, 80715, 0, 0, 12032, 3137, 2157
xhost, 2760489, 13.28, 72, 45, 79, 12, 4896071, 2197625, 4997, 947, 4096, 2015232, 126976, 0.7202919999999999, 0.45264299999999996, 69256, 39681, 0, 8, 584, 773, 908, 0.790999, 0.123124, 67116, 33878, 1, 0, 3352, 1259, 995
sqlite3, 1651147, 9.95, 370, 65, 296, 28, 138237488, 67088928, 21536, 5943, 4096, 40185856, 16855040, 3.705111, 0.652195, 65004, 43048, 0, 8, 616, 624, 1498, 2.969187, 0.284843, 62868, 82114, 5, 0, 77872, 3543, 2454
mkfontscale, 2502725, 7.00, 80, 42, 91, 14, 6280394, 2884337, 5658, 1068, 0, 2461696, 315392, 0.8099449999999999, 0.424631, 68520, 40234, 0, 0, 592, 343, 1444, 0.9194, 0.14926699999999998, 66320, 38960, 1, 0, 4216, 1246, 950
libpng, 1620063, 12.72, 103, 44, 268, 35, 30527723, 12202654, 12120, 2080, 4096, 7663616, 2445312, 1.032759, 0.44817799999999997, 65012, 47824, 0, 0, 656, 2316, 1539, 2.686449, 0.35784699999999997, 62816, 79557, 2, 8, 14312, 6020, 1651
libxfont2, 2073639, 3.49, 75, 45, 156, 17, 21334608, 9387977, 9914, 1809, 0, 6471680, 2125824, 0.752293, 0.45674899999999996, 68328, 42070, 0, 0, 688, 485, 2888, 1.5676709999999998, 0.178651, 66140, 46604, 1, 0, 11952, 2111, 1488
matchbox-keyboard, 3931589, 1.41, 73, 51, 207, 13, 13383288, 5153737, 10340, 1537, 868352, 3932160, 937984, 0.737333, 0.5125839999999999, 62908, 48752, 0, 1696, 712, 3853, 329, 2.073139, 0.136008, 131576, 74280, 1, 0, 6968, 6414, 402
gmp, 1850486, 3.75, 100, 62, 241, 31, 54656106, 26071235, 31036, 7088, 0, 16379904, 5734400, 1.003573, 0.627717, 67408, 45855, 0, 0, 1080, 4299, 8421, 2.417917, 0.317974, 65284, 69997, 0, 0, 30912, 3402, 4676
vulkan-loader, 3195904, 6.75, 70, 29, 148, 17, 56136361, 28602729, 12092, 2965, 491520, 18653184, 8347648, 0.708513, 0.292402, 56488, 43046, 0, 960, 632, 433, 2008, 1.482379, 0.172185, 54168, 50087, 2, 0, 35800, 1450, 2462
libwebp, 2275754, 4.70, 118, 57, 293, 53, 76356187, 34513264, 28147, 4960, 73728, 22274048, 9310208, 1.189918, 0.571928, 68108, 60261, 0, 144, 872, 637, 6348, 2.937877, 0.5316609999999999, 65988, 148810, 14, 0, 42632, 4570, 4483
mini-x-session, 1468913, 8.76, 280, 62, 90, 10, 3030102, 1823477, 3054, 856, 114688, 1789952, 0, 2.807448, 0.6291869999999999, 63800, 35025, 0, 8, 600, 357, 889, 0.9024289999999999, 0.10736799999999999, 61668, 22606, 8, 216, 2896, 919, 992
zstd, 1515319, 4.73, 125, 60, 397, 53, 324064493, 165787435, 45787, 13267, 4096, 105631744, 44343296, 1.259743, 0.601788, 64456, 48978, 0, 8, 752, 500, 3994, 3.975939, 0.532037, 73824, 139750, 2, 0, 205560, 6339, 3373
matchbox-desktop, 3843857, 5.51, 125, 75, 102, 16, 10196259, 4545087, 7089, 1289, 159744, 3559424, 815104, 1.253137, 0.7518819999999999, 61548, 41444, 0, 312, 640, 1074, 3548, 1.020946, 0.169559, 113588, 42694, 3, 0, 6312, 1775, 3009
ttyrun, 1461442, 4.18, 68, 39, 110, 9, 4216749, 1981432, 4269, 905, 4096, 1896448, 81920, 0.688244, 0.39328199999999996, 63672, 38030, 0, 8, 560, 251, 1265, 1.102336, 0.09243699999999999, 61476, 31369, 3, 0, 3144, 1373, 1027
bash-completion, 1578185, 3.42, 156, 76, 869, 97, 16881047, 6588486, 40836, 1879, 0, 4616192, 0, 1.565722, 0.767045, 65860, 37410, 0, 0, 1264, 32340, 1593, 8.690897, 0.9796309999999999, 438280, 375672, 2, 0, 7752, 31076, 3417
libsndfile1, 2225581, 2.55, 103, 64, 272, 63, 60082246, 25275123, 24797, 4142, 4096, 16588800, 6889472, 1.037557, 0.641543, 68436, 55228, 0, 8, 824, 3629, 3342, 2.722807, 0.6310209999999999, 66252, 154074, 13, 0, 31576, 5635, 3364
libedit, 2230092, 1.70, 70, 42, 164, 23, 19251478, 8544326, 10777, 1740, 0, 5890048, 1843200, 0.706888, 0.42723999999999995, 68196, 40986, 0, 0, 736, 4854, 1137, 1.644279, 0.231426, 66012, 46058, 0, 0, 10768, 3634, 1125
glib-networking, 3376332, 17.66, 127, 90, 253, 68, 34301622, 13624888, 40685, 3407, 114688, 8572928, 2805760, 1.2771460000000001, 0.904455, 61132, 119171, 11, 216, 1832, 1936, 13741, 2.535244, 0.686572, 348836, 190945, 10, 8, 14912, 9121, 9088
libxdamage, 2261119, 2.90, 68, 51, 151, 16, 5333534, 2258128, 5923, 998, 0, 2084864, 139264, 0.680438, 0.514195, 68456, 40300, 0, 0, 616, 484, 1631, 1.510681, 0.16655399999999998, 66268, 42614, 0, 0, 3456, 1617, 1388
iw, 2575550, 5.39, 55, 40, 103, 11, 21764597, 10592345, 7646, 1583, 20480, 7356416, 2658304, 0.55507, 0.406058, 67820, 36663, 0, 40, 600, 425, 1925, 1.032129, 0.113673, 65692, 34555, 0, 0, 13768, 1599, 911
sysvinit, 2575620, 6.81, 77, 62, 295, 67, 28603570, 8586602, 21645, 2555, 4096, 6303744, 2088960, 0.7788109999999999, 0.620096, 68404, 62391, 0, 8, 768, 558, 3474, 2.959788, 0.677728, 67960, 206489, 20, 0, 11544, 3231, 3975
ell, 3005865, 7.09, 74, 58, 142, 13, 40340583, 19302763, 15707, 2846, 0, 12877824, 5025792, 0.743709, 0.580549, 58336, 43176, 0, 0, 744, 601, 4421, 1.4229829999999999, 0.13227, 56132, 48743, 0, 0, 24408, 2453, 2525
sato-screenshot, 3926153, 5.15, 147, 91, 113, 15, 7283679, 2672795, 6504, 1116, 0, 2355200, 278528, 1.471403, 0.9181549999999999, 62044, 43961, 0, 0, 616, 366, 1641, 1.132964, 0.15573299999999998, 59736, 44294, 4, 0, 3984, 1660, 876
glibc, 1387240, 19.12, 437, 283, 1791, 269, 881451948, 446048818, 307159, 58786, 61440, 241389568, 106045440, 4.37145, 2.837819, 74296, 154472, 0, 0, 5600, 5427, 86524, 17.910285000000002, 2.6937889999999998, 107196, 693254, 74, 120, 465864, 60603, 46852
binutils, 3796921, 15.79, 282, 143, 1170, 296, 1937521151, 1085609813, 281228, 86240, 28672, 712888320, 322052096, 2.8240819999999998, 1.434199, 62900, 135274, 0, 40, 9520, 2548, 26198, 11.70756, 2.967643, 335672, 683958, 65, 16, 1382840, 40686, 36783
bluez5, 3404229, 19.40, 208, 181, 1059, 323, 746135981, 339866673, 164823, 36394, 1978368, 231710720, 115306496, 2.088869, 1.813057, 61504, 190922, 0, 3856, 1512, 784, 15508, 10.595914, 3.234089, 318616, 1123477, 89, 8, 451048, 23444, 23509
lame, 2468441, 4.88, 74, 46, 233, 26, 32980367, 14543641, 13287, 2401, 4096, 9478144, 3362816, 0.749186, 0.465284, 68164, 46126, 0, 0, 712, 617, 3250, 2.330923, 0.267081, 65960, 63788, 0, 8, 17800, 2893, 2133
kmod, 1853764, 1.77, 76, 27, 275, 32, 25780292, 9304831, 11301, 1686, 0, 6311936, 2588672, 0.7631859999999999, 0.278623, 67240, 46394, 0, 0, 728, 1428, 2185, 2.752752, 0.322775, 65056, 81209, 1, 0, 11600, 2963, 2164
libxft, 2765545, 8.45, 97, 55, 140, 22, 15089808, 6763459, 10805, 1487, 12288, 5160960, 1380352, 0.9730789999999999, 0.554384, 69456, 43309, 0, 24, 696, 1098, 2944, 1.402495, 0.22816699999999998, 67264, 44682, 0, 0, 9384, 2476, 1722
unzip, 1497828, 5.33, 79, 51, 120, 16, 26696152, 11168829, 9968, 1800, 4096, 7708672, 2412544, 0.7932009999999999, 0.515172, 64328, 42490, 0, 8, 1880, 360, 1744, 1.200314, 0.16724, 62192, 62089, 2, 0, 13176, 1958, 1226
python3-iniparse, 2955123, 5.41, 43, 18, 72, 9, 3287205, 1437111, 4240, 672, 110592, 1064960, 0, 0.43099, 0.180861, 57680, 34381, 12, 216, 592, 614, 1061, 0.7249359999999999, 0.099011, 234440, 31768, 0, 0, 1488, 1760, 910
libgcrypt, 1886894, 6.30, 166, 92, 407, 177, 715074588, 370492058, 97296, 32542, 790528, 259198976, 148037632, 1.66263, 0.927236, 67864, 89454, 0, 8, 960, 472, 7732, 4.070596, 1.776829, 111792, 449515, 40, 1536, 505288, 14023, 11674
pinentry, 2526355, 3.31, 71, 41, 103, 14, 9094410, 4199558, 5968, 1176, 0, 3244032, 659456, 0.713633, 0.415968, 67956, 37738, 0, 0, 592, 323, 1687, 1.032945, 0.146431, 65836, 36365, 3, 0, 5744, 1084, 1249
gstreamer1.0-plugins-bad, 3938566, 10.93, 378, 199, 7746, 465, 621489241, 256900208, 258421, 38728, 712704, 163749888, 73912320, 3.78258, 1.990831, 73224, 481987, 0, 1392, 7008, 101250, 378, 77.463937, 4.6506799999999995, 251528, 1955476, 189, 0, 312816, 122304, 27171
desktop-file-utils, 2718342, 3.99, 109, 59, 102, 24, 13268348, 5296285, 7838, 1439, 4096, 4108288, 1171456, 1.096443, 0.598795, 68656, 42508, 0, 8, 608, 611, 2007, 1.028231, 0.24953799999999998, 66532, 56727, 2, 0, 7416, 1808, 1346
libcap-ng, 1607152, 4.48, 95, 49, 243, 37, 12819755, 3951389, 12317, 1567, 0, 3248128, 651264, 0.954924, 0.491104, 65268, 51533, 0, 0, 672, 1802, 1609, 2.435699, 0.378776, 63076, 102194, 7, 0, 5672, 14411, 1153
speex, 2422014, 4.81, 102, 49, 238, 26, 19700097, 8508720, 11879, 1929, 0, 5660672, 1376256, 1.029598, 0.49276499999999995, 67984, 46081, 0, 0, 696, 450, 3082, 2.382915, 0.262694, 65800, 70354, 1, 0, 10360, 2967, 2123
matchbox-theme-sato, 3391640, 7.62, 80, 50, 71, 8, 3624541, 1863886, 3795, 849, 20480, 1830912, 0, 0.8051619999999999, 0.506216, 59572, 32684, 3, 32, 576, 338, 1298, 0.711078, 0.087366, 57224, 18984, 2, 8, 3000, 1263, 800
bc, 2524605, 3.88, 77, 50, 221, 45, 14906726, 5905215, 10958, 1586, 0, 4341760, 1134592, 0.776127, 0.500602, 68220, 51010, 0, 0, 680, 504, 2386, 2.210367, 0.456221, 304436, 133259, 2, 0, 7800, 3155, 2096
libstd-rs, 3411317, 9.62, 94, 26, 585, 95, 1758715695, 746359223, 183448, 69571, 167936, 318033920, 29974528, 0.942464, 0.260137, 58100, 41490, 3, 56, 640, 512, 1611, 5.851267, 0.9513339999999999, 423972, 218383, 0, 272, 620520, 30452, 23376
libcheck, 1936844, 4.52, 73, 44, 246, 18, 10487456, 4553658, 9098, 1326, 81920, 3182592, 389120, 0.7301, 0.448103, 66904, 44851, 0, 160, 664, 633, 2340, 2.468661, 0.18128899999999998, 64764, 53827, 3, 0, 5552, 2330, 2067
xcb-util, 1975311, 3.60, 61, 46, 154, 14, 5454487, 2297332, 6071, 1013, 4096, 2101248, 143360, 0.616893, 0.465655, 67432, 42567, 0, 8, 624, 507, 1619, 1.540935, 0.147141, 65240, 43028, 4, 0, 3480, 1838, 1188
python3-six, 2945788, 3.28, 48, 17, 78, 6, 2583599, 1150448, 3150, 624, 196608, 929792, 0, 0.482465, 0.174003, 57568, 33088, 28, 384, 576, 609, 820, 0.785354, 0.068257, 101560, 25138, 0, 0, 1240, 804, 848
debugedit, 3607346, 5.50, 96, 59, 95, 13, 10109659, 4268619, 6816, 1223, 0, 3358720, 724992, 0.968086, 0.5927049999999999, 59024, 39150, 0, 0, 600, 389, 1338, 0.9576, 0.138728, 56808, 48755, 0, 0, 5960, 1682, 1021
ppp, 3498259, 9.04, 134, 88, 739, 97, 54589247, 19698796, 31839, 4061, 4096, 13176832, 5165056, 1.347402, 0.8864489999999999, 60444, 78877, 0, 0, 1008, 743, 5639, 7.392119, 0.9729639999999999, 245064, 287033, 10, 8, 24728, 7192, 6183
xf86-input-libinput, 3624429, 5.82, 90, 58, 187, 14, 10257192, 4769565, 6822, 1225, 139264, 3678208, 851968, 0.902656, 0.587318, 60764, 42533, 0, 272, 640, 534, 1589, 1.87465, 0.147928, 58496, 42450, 0, 0, 6544, 1892, 1383
pcmanfm, 3930453, 2.98, 129, 79, 163, 30, 30269492, 13282203, 26006, 2537, 4096, 7839744, 2269184, 1.298023, 0.7907959999999999, 64328, 87488, 0, 8, 1440, 11476, 4873, 1.6381869999999998, 0.307546, 133324, 78753, 0, 0, 13872, 16131, 1517
alsa-plugins, 3543483, 8.42, 163, 91, 885, 72, 23876228, 6527116, 22175, 2419, 45056, 5070848, 1458176, 1.638099, 0.914999, 61172, 75804, 1, 88, 1056, 586, 4248, 8.856171, 0.726534, 58768, 237626, 8, 0, 8848, 6318, 5663
libdaemon, 1955146, 8.01, 67, 46, 154, 17, 6217537, 2654479, 6397, 1066, 200704, 2293760, 221184, 0.67238, 0.46519299999999997, 67092, 42323, 0, 0, 616, 473, 1658, 1.545469, 0.17988099999999999, 64892, 42887, 19, 392, 3864, 1816, 1459
libxkbfile, 2212621, 2.69, 60, 47, 144, 19, 15913792, 7015384, 7620, 1434, 4096, 5107712, 1531904, 0.609497, 0.475331, 68280, 40661, 0, 0, 632, 527, 1768, 1.445994, 0.197783, 66160, 45313, 0, 8, 9344, 2472, 1183
libxinerama, 2276339, 2.90, 73, 41, 158, 18, 5391246, 2299623, 6266, 1000, 0, 2117632, 135168, 0.733549, 0.412373, 68200, 42638, 0, 0, 624, 448, 1564, 1.584021, 0.187355, 65996, 43082, 0, 0, 3512, 1758, 1539
matchbox-wm, 3377606, 9.42, 95, 64, 128, 16, 16141698, 7038767, 10004, 1602, 1388544, 5115904, 1462272, 0.953429, 0.6411709999999999, 59428, 41881, 2, 1848, 664, 390, 2589, 1.287808, 0.165604, 162996, 54414, 1, 864, 9328, 2040, 1792
consolekit, 3111170, 9.54, 97, 41, 225, 38, 30976180, 10413575, 18663, 2443, 1347584, 6967296, 2940928, 0.9715729999999999, 0.41040499999999996, 58480, 57042, 0, 1792, 720, 889, 3211, 2.25745, 0.381526, 138408, 158504, 33, 840, 12888, 3912, 2880
e2fsprogs, 2670108, 25.71, 513, 218, 2755, 399, 346341936, 118137273, 177338, 16232, 8192, 68001792, 16449536, 5.135408, 2.184203, 73040, 162303, 0, 16, 8728, 1801, 46238, 27.552175, 3.998814, 507444, 1372481, 20, 0, 124088, 87812, 30680
coreutils, 2372549, 42.34, 668, 742, 4034, 2309, 1482173873, 576064471, 698250, 84715, 32768, 373366784, 170446848, 6.686942, 7.427479, 79032, 1150609, 0, 16, 4016, 2458, 58130, 40.342885, 23.092032, 420632, 7087847, 563, 48, 725216, 121926, 103145
taglib, 1479291, 7.40, 87, 40, 305, 29, 104161725, 56558641, 30959, 6112, 0, 37249024, 16728064, 0.876444, 0.408726, 64480, 47381, 0, 0, 976, 758, 8159, 3.059766, 0.29620799999999997, 62288, 85571, 3, 0, 71776, 4209, 5575
libxdmcp, 1637630, 15.07, 82, 40, 153, 14, 6474953, 2772097, 6279, 1074, 0, 2301952, 192512, 0.823345, 0.402009, 65148, 41588, 0, 0, 624, 370, 1630, 1.5375670000000001, 0.14904599999999998, 63016, 43114, 2, 0, 3872, 2158, 984
npth, 2393699, 4.33, 61, 45, 184, 10, 5678037, 2321138, 6315, 1005, 0, 2084864, 147456, 0.615599, 0.452428, 67932, 42117, 0, 0, 600, 499, 1604, 1.8447879999999999, 0.106027, 65728, 47345, 1, 0, 3472, 1598, 1567
pixman, 1495617, 4.80, 78, 19, 181, 14, 73569952, 41088823, 13553, 3725, 0, 27844608, 12701696, 0.789616, 0.194486, 64584, 41684, 0, 0, 624, 489, 1891, 1.817084, 0.147179, 62456, 53777, 0, 0, 53760, 2935, 1867
libassuan, 1987115, 3.55, 84, 44, 172, 16, 13307044, 5883771, 7857, 1395, 8192, 4218880, 1019904, 0.848897, 0.44374199999999997, 67124, 43987, 0, 16, 624, 405, 2117, 1.7204229999999998, 0.160375, 64976, 49247, 2, 0, 7616, 2442, 1304
pango, 3770620, 8.15, 271, 115, 537, 193, 148370979, 51176442, 64444, 8749, 696320, 29523968, 10002432, 2.716681, 1.15087, 62060, 96622, 0, 1360, 1240, 1489, 11229, 5.371113, 1.933508, 411316, 485151, 93, 0, 56424, 15317, 9417
libffi, 1591338, 6.81, 101, 35, 152, 16, 8627844, 3614261, 6995, 1158, 4096, 2756608, 389120, 1.016144, 0.35095699999999996, 65320, 41388, 0, 0, 616, 3294, 290, 1.52562, 0.16916, 63124, 43478, 0, 8, 4768, 3826, 649
libxv, 2275203, 2.82, 77, 43, 211, 17, 6549439, 2798375, 7223, 1063, 0, 2392064, 233472, 0.77147, 0.433712, 68160, 42786, 0, 0, 632, 666, 1967, 2.113533, 0.17748999999999998, 66024, 43189, 0, 0, 4040, 2076, 1361
connman-gnome, 3845784, 4.31, 139, 62, 89, 15, 10528907, 3939146, 9881, 1105, 90112, 2834432, 811008, 1.39047, 0.62493, 62788, 42158, 0, 176, 688, 2072, 4539, 0.8974, 0.15695, 60932, 45352, 0, 0, 4848, 3414, 1571
xcb-proto, 1568073, 1.55, 48, 18, 136, 14, 11985407, 4137975, 6387, 984, 0, 2064384, 0, 0.48864799999999997, 0.186506, 65200, 33557, 0, 0, 624, 446, 1752, 1.366324, 0.146864, 278616, 39596, 0, 0, 3408, 3857, 1475
libatomic-ops, 2021844, 3.57, 54, 42, 142, 11, 9247047, 4718601, 9119, 1258, 0, 2912256, 0, 0.540848, 0.424952, 67524, 36159, 0, 0, 672, 575, 2880, 1.428085, 0.110409, 65392, 30302, 0, 0, 5016, 2891, 997
mdadm, 2696253, 7.07, 230, 66, 300, 91, 73235720, 35133621, 27175, 3977, 4096, 23773184, 9998336, 2.308631, 0.664789, 69128, 48793, 0, 8, 840, 10172, 832, 3.001223, 0.918681, 424460, 188290, 14, 0, 45592, 63865, 2446
libxrender, 2180520, 5.14, 71, 44, 151, 14, 11542288, 5112749, 7120, 1271, 4096, 3895296, 966656, 0.713179, 0.44225, 68276, 41896, 0, 8, 632, 477, 1791, 1.51142, 0.149026, 66072, 44366, 0, 0, 6976, 1671, 1231
libsoup, 3172146, 20.16, 116, 85, 178, 43, 60683226, 27872934, 41359, 4669, 606208, 16699392, 6180864, 1.162573, 0.859107, 59248, 104415, 2, 1176, 1912, 1982, 16103, 1.789226, 0.43593899999999997, 56924, 91099, 2, 8, 30704, 18019, 9811
curl, 2912165, 48.30, 773, 407, 3901, 1124, 619223614, 188278322, 445763, 40500, 61440, 114470912, 41365504, 7.738526, 4.076361, 76684, 473082, 8, 112, 4496, 1683, 74291, 39.016871, 11.247303, 431704, 3755663, 198, 8, 219080, 94406, 77653
at-spi2-core, 3172021, 24.97, 144, 102, 253, 74, 91615809, 35066297, 61251, 6387, 1294336, 19566592, 6402048, 1.442915, 1.02753, 61176, 143899, 10, 2496, 2496, 2585, 22101, 2.535608, 0.748533, 157916, 184587, 6, 32, 35720, 21492, 14948
xserver-xorg, 3543940, 13.17, 219, 93, 884, 112, 437934171, 233886999, 103930, 22719, 1511424, 151650304, 69664768, 2.195524, 0.9381229999999999, 63084, 86634, 0, 2944, 1960, 1189, 22590, 8.843485, 1.123682, 101532, 291968, 7, 8, 294232, 14780, 19980
libyaml, 2068334, 2.68, 58, 45, 165, 17, 12268841, 5236178, 6615, 1270, 126976, 3866624, 974848, 0.58043, 0.45903299999999997, 67428, 41452, 0, 240, 608, 486, 2032, 1.656534, 0.173123, 65288, 44325, 0, 8, 6944, 1792, 1753
xinput, 2515705, 3.12, 74, 49, 89, 12, 8003717, 3805916, 5799, 1143, 0, 3072000, 622592, 0.743898, 0.494673, 68548, 39545, 0, 0, 592, 450, 1564, 0.894203, 0.12421099999999999, 66436, 34789, 1, 0, 5408, 1385, 1045
gnome-desktop-testing, 2718502, 3.95, 94, 56, 87, 16, 5871296, 2671240, 5185, 1003, 4096, 2351104, 258048, 0.94146, 0.569075, 68624, 39911, 0, 8, 584, 372, 2173, 0.879825, 0.16086799999999998, 66496, 36255, 0, 0, 4008, 1741, 953
startup-notification, 2175172, 3.94, 66, 42, 161, 11, 7200396, 3116718, 6680, 1161, 0, 2555904, 331776, 0.6649419999999999, 0.420178, 68504, 42107, 0, 0, 632, 464, 1599, 1.615206, 0.116543, 66308, 43749, 4, 0, 4360, 1907, 1324
libevdev, 2074492, 3.43, 74, 46, 171, 28, 13829680, 5061806, 9660, 1490, 4096, 3776512, 913408, 0.747386, 0.46863099999999996, 67632, 45958, 0, 8, 632, 472, 1898, 1.710872, 0.288719, 65448, 73478, 1, 0, 6744, 2888, 1640
json-glib, 3010822, 21.13, 143, 83, 379, 106, 48868130, 15936082, 44257, 4302, 57344, 10162176, 3665920, 1.436858, 0.834305, 61360, 116352, 4, 112, 1704, 1843, 12540, 3.790047, 1.062438, 369740, 277146, 18, 0, 18144, 7996, 10020
gstreamer1.0-plugins-good, 3843727, 26.01, 407, 220, 4406, 347, 452421646, 207400280, 166047, 27917, 1040384, 133775360, 61743104, 4.077904, 2.203096, 69056, 271987, 0, 2016, 4744, 33746, 19035, 44.062209, 3.475931, 85376, 1091550, 88, 16, 256536, 41196, 40883
xkbcomp, 2502931, 6.48, 65, 45, 168, 18, 17089469, 7998581, 7521, 1539, 20480, 5607424, 1794048, 0.6575909999999999, 0.454961, 68440, 39459, 0, 40, 616, 374, 1914, 1.680867, 0.185469, 66316, 40953, 5, 0, 10336, 1915, 1222
librsvg, 3891229, 5.90, 161, 59, 349, 41, 205686454, 99339576, 24182, 10364, 16384, 70852608, 37912576, 1.619986, 0.596217, 64008, 52672, 0, 24, 784, 539, 3127, 3.498318, 0.418871, 61568, 110641, 2, 8, 137600, 4135, 3397
vala, 2841010, 19.64, 151, 54, 505, 70, 412580788, 195984499, 79982, 17977, 49152, 116043776, 48488448, 1.5129839999999999, 0.54184, 70388, 59829, 0, 88, 1336, 1275, 13396, 5.058075, 0.704259, 431012, 274599, 1, 8, 225312, 14341, 10922
gstreamer1.0-plugins-base, 3802257, 14.71, 299, 211, 2976, 327, 474438708, 206166595, 155201, 26166, 2097152, 125870080, 54558720, 2.995622, 2.11621, 67028, 254146, 3, 4088, 4088, 17399, 25394, 29.76395, 3.271591, 97916, 879044, 76, 8, 241752, 29653, 34348
quota, 2975143, 8.15, 116, 74, 202, 52, 68123912, 29167147, 24470, 4203, 16384, 19959808, 8896512, 1.168898, 0.7418, 58872, 57031, 3, 32, 736, 661, 4100, 2.024662, 0.524285, 83468, 172527, 16, 0, 38248, 3751, 4010
l3afpad, 3848455, 4.19, 125, 83, 86, 37, 14267620, 5725545, 20863, 1806, 143360, 3821568, 868352, 1.254874, 0.836583, 63752, 71178, 0, 240, 1232, 5658, 5998, 0.8653879999999999, 0.37143, 61548, 60878, 0, 40, 6232, 6704, 5314
libx11, 2080826, 6.53, 152, 76, 480, 72, 194977516, 102451658, 92552, 11700, 0, 64208896, 26771456, 1.5215619999999999, 0.769141, 70308, 51251, 0, 0, 2008, 2277, 30277, 4.806744, 0.725726, 430952, 173334, 3, 0, 123400, 15879, 17144
perl, 2757876, 216.78, 1599, 1313, 37499, 1848, 2680767283, 1158834678, 1245278, 139479, 17248256, 586321920, 159883264, 15.990838, 13.139429, 121320, 1409852, 2, 17456, 23184, 24758, 326081, 374.996177, 18.482181, 444000, 5759531, 135, 16232, 1121976, 284440, 379175
xinit, 2517887, 2.97, 68, 42, 95, 19, 5136776, 2278238, 5434, 962, 4096, 2064384, 139264, 0.6870839999999999, 0.420742, 68488, 38239, 0, 8, 584, 622, 1223, 0.9576089999999999, 0.195175, 66368, 38676, 1, 0, 3448, 1508, 1005
procps, 2533621, 6.34, 129, 78, 453, 88, 73197187, 28063861, 34954, 5197, 0, 17838080, 6897664, 1.293172, 0.782289, 69100, 81790, 0, 0, 1032, 763, 6905, 4.5355229999999995, 0.88533, 66916, 260774, 13, 0, 33808, 6780, 6369
icu, 1957271, 15.29, 222, 126, 978, 180, 951360395, 549170466, 173847, 48931, 81920, 369577984, 184721408, 2.227207, 1.2648329999999999, 69304, 97697, 0, 160, 2040, 958, 27722, 9.782971, 1.8088, 178312, 448901, 25, 0, 719792, 20851, 26502
liberror-perl, 3017597, 4.88, 59, 39, 170, 11, 4559316, 1472349, 5123, 751, 24576, 1290240, 0, 0.598947, 0.395601, 57448, 35116, 2, 48, 600, 487, 1334, 1.7089509999999999, 0.117488, 174876, 37715, 0, 0, 1920, 1659, 1301
libsoup-2.4, 3173179, 17.07, 124, 76, 178, 43, 66440540, 29587064, 39789, 4665, 12288, 17309696, 6144000, 1.24749, 0.770002, 59184, 99102, 0, 24, 1832, 1732, 14766, 1.7860909999999999, 0.43360299999999996, 56796, 89305, 0, 0, 31976, 6885, 9651
matchbox-session, 1464248, 3.84, 57, 39, 99, 8, 3026938, 1833228, 3074, 857, 172032, 1789952, 0, 0.570553, 0.39499799999999996, 63748, 34914, 0, 280, 592, 439, 633, 0.9991329999999999, 0.0856, 61560, 22591, 3, 56, 2904, 1073, 799
xdpyinfo, 2654794, 9.38, 68, 44, 86, 13, 5594463, 2593002, 5015, 1004, 4096, 2277376, 245760, 0.689547, 0.445493, 69036, 39780, 0, 8, 584, 575, 1206, 0.8621, 0.131983, 66840, 34304, 2, 0, 3864, 1131, 858
libxcvt, 1455709, 3.28, 60, 22, 163, 17, 4772372, 1356855, 6556, 820, 8192, 1134592, 155648, 0.601379, 0.22050499999999998, 63932, 41874, 0, 8, 600, 506, 1388, 1.6376849999999998, 0.17685599999999999, 61744, 52529, 2, 8, 1616, 1648, 1385
libmnl, 2297746, 2.79, 81, 39, 143, 15, 5801321, 2403421, 5949, 1014, 131072, 2134016, 172032, 0.810879, 0.391729, 67596, 42516, 0, 248, 608, 374, 1818, 1.430734, 0.156915, 65456, 43050, 1, 8, 3560, 1783, 1233
xf86-video-cirrus, 3618389, 9.42, 99, 60, 94, 9, 9732047, 4670230, 6438, 1219, 106496, 3620864, 835584, 0.9939, 0.603583, 60576, 42826, 2, 208, 624, 435, 1487, 0.94277, 0.099599, 58332, 35814, 0, 0, 6448, 1514, 873
libxcb, 1826426, 13.47, 275, 182, 1619, 191, 135155072, 48213447, 154945, 10677, 0, 31625216, 7761920, 2.757846, 1.824421, 71100, 173509, 0, 0, 3640, 6462, 49065, 16.198093, 1.91146, 68976, 525326, 50, 0, 58128, 19420, 32273
expat, 1467508, 9.91, 63, 30, 313, 34, 56748778, 25590922, 15254, 3114, 20480, 17186816, 8036352, 0.638648, 0.309052, 64068, 47771, 0, 0, 688, 819, 2362, 3.138774, 0.340524, 77620, 101043, 9, 40, 32880, 4278, 3182
wpa-supplicant, 2966189, 10.84, 124, 68, 375, 40, 216464332, 111432083, 45414, 9370, 114688, 70905856, 31993856, 1.240316, 0.689492, 59024, 48794, 3, 224, 1192, 916, 9762, 3.750712, 0.40634499999999996, 100336, 109646, 0, 0, 137296, 6950, 5912
xz, 1660104, 8.66, 118, 66, 281, 66, 52912369, 22573640, 41615, 4310, 8192, 12419072, 3059712, 1.186391, 0.660875, 67656, 75651, 0, 8, 1432, 1600, 15095, 2.8138259999999997, 0.6654599999999999, 65472, 142350, 1, 8, 22824, 5798, 8870
libfm-extra, 2765811, 8.00, 80, 24, 162, 18, 4863863, 1615684, 5595, 791, 0, 1282048, 212992, 0.800434, 0.242918, 69108, 42053, 0, 0, 616, 440, 1286, 1.62473, 0.18873399999999999, 66988, 43316, 0, 0, 1888, 1945, 1768
libglu, 3477906, 5.51, 98, 32, 234, 27, 83147911, 34659641, 19594, 4232, 12288, 18964480, 5816320, 0.989651, 0.322386, 60172, 41979, 0, 8, 808, 462, 4903, 2.343282, 0.274924, 57964, 63489, 1, 16, 36232, 3322, 2415
font-util, 1904399, 3.55, 67, 47, 181, 22, 8321368, 3197727, 7174, 1136, 4096, 2564096, 266240, 0.672655, 0.475972, 67240, 41711, 0, 8, 616, 468, 1715, 1.816031, 0.22034099999999998, 302024, 74003, 4, 0, 4392, 3129, 1392
glib-2.0, 2646742, 47.23, 1197, 515, 2686, 1244, 928639357, 339983282, 438063, 57727, 16384, 206897152, 88985600, 11.9707, 5.157855, 78644, 612662, 0, 0, 5320, 4526, 66856, 26.866006, 12.44913, 529292, 3596722, 283, 32, 398776, 74087, 71481
libcap, 1454214, 4.96, 90, 54, 306, 31, 19139239, 6452098, 15795, 1797, 8192, 4722688, 1064960, 0.900636, 0.549267, 63684, 52628, 0, 8, 704, 495, 3832, 3.068012, 0.31079399999999996, 61480, 105665, 4, 8, 8520, 4253, 2891
libxfixes, 2199354, 4.59, 63, 45, 165, 13, 7769493, 3349852, 6491, 1106, 8192, 2789376, 475136, 0.630489, 0.452468, 68468, 40280, 0, 16, 624, 413, 1602, 1.655799, 0.135635, 66284, 43732, 2, 0, 4824, 1579, 1436
alsa-lib, 1902742, 4.77, 118, 58, 434, 43, 87407559, 42286292, 30166, 5144, 765952, 26984448, 11337728, 1.182124, 0.582909, 67380, 52138, 0, 240, 944, 766, 7522, 4.344716, 0.43299699999999997, 432028, 134985, 6, 1256, 51760, 6387, 6164
libpcre2, 1669467, 12.09, 155, 71, 477, 52, 87487731, 37832845, 30461, 4843, 0, 22687744, 8286208, 1.552119, 0.716657, 66952, 63193, 0, 0, 936, 1198, 6724, 4.776577, 0.523161, 64768, 145202, 2, 0, 43376, 6910, 4335
util-linux-libuuid, 1806732, 2.61, 69, 42, 138, 18, 6304601, 2733325, 6609, 1119, 32768, 2318336, 225280, 0.697803, 0.420182, 66608, 39592, 0, 56, 624, 340, 2169, 1.388239, 0.18284999999999998, 64404, 43711, 0, 8, 3904, 1766, 1298
matchbox-config-gtk, 3843907, 5.38, 109, 74, 89, 16, 5833937, 2304998, 5415, 976, 114688, 2113536, 147456, 1.099116, 0.740539, 61620, 42220, 1, 216, 600, 1024, 984, 0.8992249999999999, 0.16439099999999998, 59332, 36420, 0, 8, 3528, 4037, 3174
libxt, 2586060, 7.03, 76, 58, 158, 21, 42534216, 20417827, 25159, 3112, 0, 13262848, 4575232, 0.7627649999999999, 0.58737, 69188, 43449, 0, 0, 936, 803, 8367, 1.5864989999999999, 0.212338, 67068, 48124, 1, 0, 24968, 2949, 4525
rgb, 2504798, 6.79, 66, 44, 102, 9, 4523239, 2025259, 4930, 924, 0, 1908736, 73728, 0.6684599999999999, 0.44695799999999997, 68348, 38954, 0, 0, 584, 453, 1145, 1.022045, 0.090819, 66228, 35636, 2, 0, 3144, 1062, 1139
elfutils, 3554597, 34.74, 632, 452, 3395, 1273, 1193556974, 434732917, 447192, 55019, 401408, 244457472, 82284544, 6.32456, 4.5207239999999995, 64624, 518383, 0, 768, 3224, 1412, 43935, 33.955197, 12.738422, 235296, 3688947, 378, 16, 474232, 79569, 73347
shared-mime-info, 3172004, 27.69, 200, 130, 851, 85, 79500782, 29390399, 76931, 5357, 3653632, 12947456, 495616, 2.004901, 1.306223, 60312, 110406, 0, 80, 2488, 3872, 26693, 8.516525, 0.851082, 309928, 198003, 1, 7056, 22800, 36309, 18405
gawk, 2540951, 15.77, 294, 131, 1504, 207, 124305457, 52085517, 102412, 7885, 217088, 33165312, 7790592, 2.949319, 1.311761, 70688, 90468, 0, 416, 7640, 3042, 27062, 15.041067, 2.072189, 422400, 752172, 17, 8, 57136, 33381, 20076
libksba, 2398271, 5.50, 71, 54, 172, 15, 24087776, 10563875, 9362, 1808, 0, 7135232, 2437120, 0.7149369999999999, 0.546497, 67992, 42465, 0, 0, 648, 359, 2385, 1.727835, 0.15423099999999998, 65868, 51215, 2, 0, 13288, 2052, 1487
libtasn1, 1893947, 2.90, 65, 24, 218, 33, 17494706, 6131248, 12677, 1623, 372736, 3792896, 1236992, 0.659494, 0.246828, 67060, 46842, 0, 80, 696, 594, 3145, 2.180842, 0.330478, 64940, 80006, 11, 648, 6712, 3219, 2115
python3-pygobject, 3690251, 10.31, 112, 42, 167, 23, 35303612, 15954206, 14984, 2387, 126976, 9789440, 3682304, 1.120889, 0.421798, 60724, 41961, 2, 248, 768, 571, 3759, 1.672911, 0.23674099999999998, 328516, 65055, 2, 0, 18352, 3918, 2047
libgudev, 2995020, 6.28, 66, 34, 164, 14, 7438080, 2564643, 6742, 947, 4096, 1761280, 376832, 0.666841, 0.343285, 58100, 43214, 1, 8, 624, 319, 1932, 1.642882, 0.142074, 55836, 44225, 1, 0, 2816, 2097, 1337
libpciaccess, 1682653, 5.82, 80, 43, 159, 18, 7308425, 3122777, 6146, 1108, 0, 2596864, 372736, 0.8008949999999999, 0.433019, 66380, 41098, 0, 0, 608, 971, 1326, 1.59679, 0.188214, 64184, 43871, 5, 0, 4464, 2035, 1082
libical, 3173480, 10.74, 100, 53, 259, 49, 113289902, 44574342, 32439, 5827, 159744, 25587712, 10231808, 1.009078, 0.537655, 56788, 58371, 0, 312, 912, 576, 7023, 2.590166, 0.493849, 63352, 149924, 5, 0, 49064, 4376, 5338
readline, 2216358, 3.23, 87, 51, 258, 24, 48905116, 19419666, 13738, 2821, 4096, 10952704, 2838528, 0.87489, 0.5109969999999999, 68028, 44831, 0, 8, 712, 672, 2980, 2.583198, 0.24756799999999998, 65908, 70739, 2, 0, 20680, 2650, 2169
libunistring, 2221194, 3.33, 106, 77, 181, 26, 94057425, 40292238, 41131, 6861, 114688, 20836352, 8609792, 1.066208, 0.770891, 68888, 41161, 0, 224, 1320, 7081, 10297, 1.8124609999999999, 0.26622799999999996, 66768, 55637, 1, 0, 39376, 5300, 5220
sed, 2150705, 13.62, 245, 107, 401, 134, 56473959, 18976422, 52384, 3997, 4096, 10461184, 2191360, 2.453261, 1.077496, 70112, 115901, 0, 8, 1408, 1347, 12840, 4.013783, 1.34812, 351676, 378563, 16, 0, 19024, 9462, 9719
gconf, 3333462, 26.78, 130, 98, 228, 73, 84656958, 36979451, 49943, 5921, 815104, 18731008, 4513792, 1.3080910000000001, 0.986429, 62740, 128921, 4, 1440, 2000, 2330, 15495, 2.285116, 0.730321, 96868, 199155, 7, 152, 34584, 8135, 11212
vulkan-headers, 1447854, 6.08, 72, 30, 186, 25, 238009348, 75093464, 27059, 8119, 0, 26783744, 0, 0.72737, 0.30069999999999997, 63476, 37055, 0, 0, 584, 492, 2008, 1.8600059999999998, 0.258913, 210996, 74834, 0, 0, 51728, 5754, 2397
init-system-helpers, 1465304, 3.84, 57, 38, 166, 9, 3669427, 1929939, 3824, 881, 4096, 1839104, 0, 0.579267, 0.388823, 63648, 37991, 0, 8, 568, 389, 1334, 1.660635, 0.090379, 61528, 33424, 2, 0, 3024, 1491, 967
gtk+3, 3818675, 26.94, 359, 253, 1762, 253, 1042951226, 484005236, 267458, 51705, 561152, 259563520, 98312192, 3.5947, 2.536238, 69960, 227383, 0, 1088, 5112, 6610, 58743, 17.624765, 2.537775, 179236, 607004, 25, 8, 501848, 40509, 46948
libxau, 1637758, 13.72, 76, 36, 181, 13, 5304072, 2242244, 6393, 1015, 0, 2060288, 114688, 0.764712, 0.36862999999999996, 65208, 41613, 0, 0, 624, 457, 1568, 1.815598, 0.133066, 63024, 42760, 1, 0, 3400, 1764, 1295
connman, 3554279, 10.99, 138, 103, 537, 82, 121851487, 54759547, 39139, 7305, 860160, 36761600, 16678912, 1.382079, 1.036559, 61556, 75672, 0, 1592, 1072, 663, 6353, 5.375356, 0.8252919999999999, 59076, 260031, 29, 88, 70728, 5792, 7228
xorgproto, 1451323, 4.64, 55, 19, 156, 8, 11338185, 5932276, 11378, 1267, 0, 2953216, 0, 0.557688, 0.190219, 63972, 33663, 0, 0, 688, 813, 3998, 1.569029, 0.08791199999999999, 61828, 24183, 0, 0, 5080, 3969, 1078
gpgme, 3132674, 10.69, 75, 39, 352, 39, 169690389, 87797326, 38269, 8492, 2277376, 56901632, 25821184, 0.7549819999999999, 0.393314, 58584, 51910, 0, 4224, 976, 779, 7284, 3.523037, 0.397959, 312556, 141148, 10, 224, 110160, 4765, 6903
libseccomp, 1813677, 12.00, 254, 146, 825, 497, 431020573, 180938385, 129924, 21395, 0, 123129856, 62332928, 2.5468669999999998, 1.469927, 68280, 210628, 0, 0, 1136, 775, 9468, 8.253946, 4.9731819999999995, 446412, 1282276, 61, 0, 239352, 20338, 17597
libsm, 1838250, 2.75, 66, 38, 143, 15, 8416194, 3695756, 6712, 1146, 0, 2772992, 352256, 0.6641969999999999, 0.388706, 67032, 40051, 0, 0, 616, 397, 1847, 1.432596, 0.150172, 64912, 43338, 1, 0, 4800, 1555, 1529
sudo, 2723468, 19.60, 242, 93, 414, 84, 173528085, 82587078, 57820, 10213, 122880, 49213440, 18976768, 2.425415, 0.938132, 70500, 92577, 0, 240, 1576, 1430, 16375, 4.140919, 0.84441, 87208, 225276, 12, 0, 94544, 7135, 10840
dbus-glib, 3021058, 8.60, 84, 37, 273, 21, 24874739, 10012713, 11556, 1847, 32768, 6664192, 2740224, 0.843221, 0.37038699999999997, 58776, 46483, 3, 64, 720, 430, 2759, 2.73317, 0.21412499999999998, 56484, 78663, 1, 0, 12296, 2556, 2334
python3-dbus, 2954337, 7.77, 227, 46, 160, 17, 17777993, 7158236, 10427, 1471, 90112, 4534272, 1552384, 2.27198, 0.46258299999999997, 58680, 41312, 10, 176, 688, 506, 2599, 1.600474, 0.179645, 292980, 61676, 1, 0, 8168, 2001, 2285
libinput, 2698272, 11.76, 275, 68, 420, 118, 140208820, 63058089, 45060, 7835, 0, 40939520, 19288064, 2.755308, 0.68785, 69596, 70202, 0, 0, 992, 656, 7880, 4.20335, 1.18373, 434508, 280383, 44, 0, 78968, 8515, 7649
wayland, 3171942, 12.32, 87, 51, 408, 104, 80008636, 26828986, 39265, 5470, 3452928, 17088512, 7503872, 0.876348, 0.514124, 56572, 89879, 0, 1016, 848, 1080, 4160, 4.081177, 1.047977, 132232, 354915, 26, 5728, 32528, 18735, 8272
alsa-state, 1447963, 6.31, 73, 35, 143, 7, 3195991, 1794361, 3521, 856, 28672, 1773568, 0, 0.734136, 0.350754, 63320, 37697, 0, 0, 568, 451, 1067, 1.436366, 0.072644, 61196, 31079, 1, 56, 2896, 1931, 1044
busybox, 2576132, 18.97, 270, 150, 1136, 228, 293969456, 41966258, 105681, 6346, 4096, 26025984, 9719808, 2.707944, 1.5002909999999998, 70188, 150289, 0, 8, 1872, 571, 22058, 11.361509, 2.280141, 411116, 835400, 55, 0, 48960, 14498, 17062
zip, 1464423, 4.54, 88, 45, 97, 27, 33493393, 14936213, 10520, 2192, 57344, 10182656, 4059136, 0.888759, 0.450466, 63940, 41760, 0, 112, 592, 448, 2062, 0.9754229999999999, 0.27105399999999996, 61752, 65598, 6, 0, 19296, 2182, 1592
iptables, 2145636, 23.14, 411, 220, 5932, 473, 158908845, 34325126, 130635, 12952, 4096, 24600576, 10567680, 4.116855, 2.206143, 72240, 332463, 0, 0, 2976, 15886, 10438, 59.326427, 4.730143, 70096, 1604039, 71, 8, 45072, 38499, 35400
popt, 1984829, 8.13, 125, 80, 270, 45, 15847667, 5520809, 22786, 2121, 0, 4132864, 806912, 1.258476, 0.808738, 68644, 83297, 0, 0, 1192, 1229, 7437, 2.702689, 0.45507499999999995, 66444, 122242, 10, 0, 6880, 6091, 4446
xf86-video-vesa, 3620075, 9.79, 109, 64, 96, 11, 6393719, 2893780, 5676, 1025, 0, 2494464, 319488, 1.091179, 0.640474, 60588, 43072, 0, 0, 608, 557, 1230, 0.966696, 0.116201, 58296, 35330, 0, 0, 4264, 1678, 1003
pciutils, 2575295, 5.93, 59, 47, 272, 23, 22114124, 9594009, 11286, 1809, 0, 6582272, 1847296, 0.599621, 0.475136, 68268, 46914, 0, 0, 720, 504, 2404, 2.724663, 0.235287, 66148, 79791, 2, 0, 12136, 2128, 2178
puzzles, 3850305, 6.87, 204, 88, 267, 190, 384146817, 177407236, 72982, 19067, 176128, 120127488, 59691008, 2.041659, 0.882987, 62680, 94351, 0, 312, 952, 5810, 2566, 2.67541, 1.908177, 339736, 492441, 28, 32, 233672, 17271, 12167
fribidi, 1458101, 3.98, 67, 19, 228, 20, 12784632, 4410875, 11501, 1391, 4096, 2551808, 704512, 0.6781389999999999, 0.19375399999999998, 64228, 43291, 0, 8, 704, 749, 3267, 2.283, 0.20729899999999998, 62044, 59626, 1, 0, 4280, 2853, 2082
matchbox-panel-2, 3894106, 6.33, 131, 56, 170, 51, 23654591, 7348135, 17709, 2152, 0, 5148672, 2019328, 1.316252, 0.568985, 62384, 54984, 0, 0, 744, 516, 3479, 1.706129, 0.5112519999999999, 60032, 138596, 5, 0, 9312, 4032, 3010
vte, 3877173, 14.34, 215, 130, 384, 76, 111934165, 57784322, 54222, 6899, 237568, 37863424, 16187392, 2.153455, 1.3071709999999999, 66096, 137899, 0, 464, 2216, 3278, 17292, 3.844884, 0.7673369999999999, 63680, 148965, 2, 0, 71736, 12562, 12354
libgcc, 1396841, 1.71, 79, 50, 213, 23, 117705002, 41959717, 28389, 5414, 0, 17330176, 1613824, 0.799971, 0.505454, 63424, 40774, 0, 0, 824, 6995, 2721, 2.13395, 0.23202699999999998, 61240, 73130, 1, 0, 33024, 7393, 1309
mobile-broadband-provider-info, 1949581, 1.58, 57, 13, 145, 9, 6995696, 2534025, 3301, 762, 0, 1400832, 0, 0.5713779999999999, 0.13680799999999999, 67164, 33481, 0, 0, 576, 410, 867, 1.452186, 0.09237, 64964, 26421, 0, 0, 2160, 1830, 971
openssl, 1607752, 60.30, 2593, 653, 7714, 2588, 14178551046, 7688861496, 1730817, 597556, 126976, 5276512256, 2561249280, 25.935569, 6.533117, 85020, 531073, 0, 248, 5432, 63799, 52412, 77.142837, 25.880947, 533912, 5509313, 357, 0, 10300256, 314301, 209072
gtk-doc, 2185526, 4.30, 45, 45, 88, 20, 7976760, 3784202, 6883, 1128, 0, 2588672, 0, 0.4537, 0.457901, 67848, 41883, 0, 0, 608, 652, 1691, 0.884655, 0.209163, 74808, 59845, 0, 0, 4448, 1605, 1298
udev-extraconf, 1468167, 5.97, 58, 40, 95, 8, 3269351, 1819440, 3688, 843, 12288, 1785856, 0, 0.581622, 0.408219, 63792, 34946, 0, 8, 544, 356, 995, 0.9535699999999999, 0.08048899999999999, 97520, 32538, 1, 16, 2944, 1001, 1033
psplash, 2577848, 4.43, 60, 17, 173, 16, 6752108, 2341992, 6316, 961, 0, 1757184, 462848, 0.605228, 0.170601, 68812, 42061, 0, 0, 696, 458, 1232, 1.73427, 0.163373, 66628, 54112, 0, 0, 2736, 1435, 1533
gnupg, 3445262, 10.84, 242, 128, 416, 172, 420113642, 208454967, 91075, 20856, 65536, 133033984, 59502592, 2.422552, 1.285997, 60280, 97067, 0, 120, 1504, 1468, 14516, 4.162183, 1.7211539999999999, 329104, 371210, 42, 8, 258328, 17951, 14367
xset, 2757597, 12.98, 211, 53, 79, 14, 5520448, 2489340, 4992, 976, 4096, 2220032, 221184, 2.113304, 0.5359269999999999, 69488, 39884, 0, 8, 584, 431, 1406, 0.7947949999999999, 0.145683, 67368, 33939, 0, 0, 3752, 1392, 856
libxtst, 2379577, 6.11, 71, 47, 152, 14, 6722276, 2860797, 6716, 1057, 0, 2486272, 303104, 0.719994, 0.478759, 68380, 42114, 0, 0, 624, 492, 1631, 1.5266009999999999, 0.140783, 66252, 42997, 0, 0, 4232, 1962, 1272
tcp-wrappers, 2039090, 3.22, 72, 54, 303, 39, 16808749, 5594541, 12040, 1633, 4096, 4042752, 909312, 0.7243419999999999, 0.542288, 67520, 50539, 0, 8, 648, 655, 2232, 3.03179, 0.399217, 65400, 102020, 1, 0, 7248, 3815, 2442
base-passwd, 1675527, 6.14, 119, 44, 99, 12, 5842524, 2640454, 5649, 1007, 0, 2347008, 233472, 1.194831, 0.44224199999999997, 66380, 40531, 0, 0, 608, 495, 1735, 0.9917699999999999, 0.126421, 64192, 40109, 1, 0, 3976, 1560, 992
file, 1839854, 3.80, 89, 49, 184, 33, 99170051, 33916016, 15802, 4239, 0, 14516224, 1757184, 0.894968, 0.49549699999999997, 67152, 41576, 0, 0, 672, 470, 2171, 1.8435869999999999, 0.332412, 65024, 62935, 1, 0, 27680, 2922, 2536
libmicrohttpd, 3431652, 4.83, 77, 51, 166, 14, 23425507, 10224380, 9275, 1823, 327680, 6144000, 1593344, 0.7722169999999999, 0.510725, 58252, 43938, 2, 640, 656, 906, 1804, 1.666881, 0.147885, 55928, 46814, 0, 0, 11344, 2605, 1138
rpcbind, 3008585, 10.14, 73, 58, 109, 13, 10818297, 4575992, 7594, 1337, 32768, 3522560, 782336, 0.738792, 0.580761, 58708, 44182, 1, 64, 720, 512, 1618, 1.093052, 0.133232, 56432, 50633, 0, 0, 6160, 1465, 1155
gcc, 3670912, 66.42, 1757, 315, 5143, 855, 13084081693, 7898056232, 1532278, 568291, 104497152, 5333688320, 2141315072, 17.573117, 3.155361, 63792, 114076, 4, 201904, 3152, 4446, 44968, 51.433022, 8.551995, 527100, 1605794, 53, 2192, 10414208, 238738, 238648
libpthread-stubs, 1563089, 2.17, 52, 28, 70, 5, 2897075, 1786898, 2797, 827, 4096, 1769472, 0, 0.520871, 0.28752099999999997, 64816, 32216, 0, 0, 560, 549, 719, 0.704834, 0.057135, 62688, 18213, 0, 8, 2896, 1060, 786
gcc-runtime, 1440887, 10.62, 323, 123, 1661, 127, 758720827, 355919436, 160883, 35407, 24576, 181899264, 49291264, 3.236682, 1.230508, 66488, 82720, 0, 8, 2264, 39009, 11035, 16.616745, 1.273545, 394612, 414638, 0, 40, 353008, 43275, 32127
eudev, 2655496, 11.16, 114, 60, 408, 84, 186241360, 73978118, 37844, 8568, 8192, 42553344, 15437824, 1.143851, 0.607181, 69376, 63620, 0, 16, 864, 1034, 5176, 4.086775, 0.846517, 443012, 243716, 3, 0, 82248, 8781, 7047
libxml2, 3119760, 103.79, 1091, 285, 5762, 765, 411309071, 162360212, 451807, 24621, 57151488, 100954112, 22917120, 10.919852, 2.857304, 79812, 138157, 4, 36008, 7576, 4178, 132563, 57.625518, 7.658504, 445372, 2618321, 105, 75616, 189600, 169419, 84886
iproute2, 3616262, 12.32, 144, 92, 944, 81, 165994827, 79974349, 49250, 8235, 20480, 53125120, 24551424, 1.449859, 0.9291919999999999, 59944, 77894, 0, 40, 1280, 680, 10261, 9.447286, 0.813175, 159028, 269472, 15, 0, 102480, 7542, 9560
libpsl, 2102969, 3.47, 66, 18, 260, 16, 8474432, 2779909, 7286, 979, 0, 1896448, 475136, 0.666944, 0.186585, 68084, 44209, 0, 0, 632, 435, 1496, 2.607972, 0.16933099999999998, 65900, 59368, 0, 0, 3072, 2430, 1649
rpm, 3703483, 13.20, 208, 114, 592, 211, 131687877, 55308761, 75826, 8910, 1728512, 34828288, 14352384, 2.086222, 1.148639, 62188, 138383, 4, 3368, 1888, 3151, 16650, 5.924266, 2.110912, 371252, 461548, 31, 8, 66136, 14646, 13161
xinput-calibrator, 2676283, 11.27, 176, 49, 107, 16, 19489731, 9562433, 9090, 1730, 0, 6877184, 2338816, 1.762508, 0.499639, 68748, 42948, 0, 0, 632, 1205, 1733, 1.077127, 0.162967, 88848, 58378, 1, 0, 12800, 2572, 1266
ncurses, 2090896, 23.37, 583, 269, 3727, 290, 178569867, 64977058, 233737, 12066, 45056, 38854656, 11386880, 5.836171, 2.699129, 76136, 140373, 0, 80, 4528, 7254, 82488, 37.27433, 2.909672, 229324, 667761, 23, 8, 71360, 76453, 46568
xf86-video-vmware, 3621564, 9.24, 100, 59, 92, 12, 10689537, 5129191, 6620, 1262, 0, 3866624, 933888, 1.001216, 0.598336, 60764, 43339, 0, 0, 624, 471, 1454, 0.92572, 0.12706299999999998, 58432, 36109, 0, 0, 6928, 1750, 900
mpg123, 3558583, 10.11, 113, 96, 220, 47, 65878387, 26880064, 23104, 4061, 147456, 17817600, 7479296, 1.131975, 0.966414, 61056, 56070, 0, 288, 784, 711, 4389, 2.205378, 0.47184099999999995, 58780, 138719, 3, 0, 34016, 3030, 3857
findutils, 2321156, 6.41, 152, 88, 255, 78, 63945479, 28498275, 41492, 4913, 81920, 16809984, 5812224, 1.5208439999999999, 0.8871589999999999, 69796, 90205, 0, 160, 1472, 1239, 12402, 2.55002, 0.7811009999999999, 300872, 184312, 5, 0, 31360, 6203, 8197
libxi, 2279342, 5.32, 78, 50, 147, 21, 27648715, 13336932, 13319, 2149, 118784, 9048064, 3211264, 0.789945, 0.50447, 68360, 42818, 0, 232, 728, 703, 3915, 1.4797799999999999, 0.21721, 66184, 46380, 0, 0, 16944, 3162, 1705
gdk-pixbuf, 3234766, 33.79, 239, 146, 1333, 220, 262519067, 98563695, 122571, 14749, 536576, 46026752, 6414336, 2.397295, 1.464316, 62252, 216017, 0, 752, 3360, 3290, 30359, 13.33951, 2.202041, 391188, 650044, 15, 296, 86536, 24252, 30260
dosfstools, 2597418, 5.01, 63, 47, 111, 21, 18064992, 7304660, 10614, 1697, 0, 5136384, 1437696, 0.6364029999999999, 0.47242199999999995, 68340, 41558, 0, 0, 672, 499, 2487, 1.111484, 0.215417, 66204, 64782, 1, 0, 9360, 1598, 1778
libdnf, 3757299, 10.80, 209, 102, 413, 114, 718303496, 417709232, 116382, 33286, 909312, 280453120, 131989504, 2.09193, 1.026155, 63272, 98649, 0, 1776, 1760, 2096, 15310, 4.139203, 1.147519, 183884, 259474, 19, 0, 546000, 20538, 17168
libtool, 2007044, 9.77, 103, 54, 262, 39, 36557199, 11266985, 17141, 2078, 45056, 5623808, 344064, 1.035204, 0.5439379999999999, 67556, 52389, 0, 0, 736, 1944, 2529, 2.622681, 0.395802, 203620, 105284, 12, 88, 10248, 3831, 2584
openssh, 2569677, 14.63, 220, 120, 1113, 254, 514292442, 243791262, 114141, 22865, 135168, 164302848, 79163392, 2.204584, 1.207936, 70796, 101703, 0, 264, 1680, 916, 17090, 11.138748, 2.542998, 437748, 670048, 25, 0, 319224, 20650, 18931
dbus, 2918814, 14.84, 227, 132, 842, 225, 251933203, 103859934, 88986, 14760, 20480, 68579328, 32141312, 2.2701729999999998, 1.320406, 69976, 126145, 0, 40, 1440, 1297, 13214, 8.428225, 2.255814, 436992, 697976, 37, 0, 132504, 14319, 14916
libmatchbox, 2880375, 7.56, 80, 52, 157, 15, 12158050, 5294247, 7596, 1338, 49152, 3923968, 937984, 0.801219, 0.5288039999999999, 68444, 40876, 0, 96, 640, 647, 1562, 1.5716700000000001, 0.153951, 66116, 44060, 3, 0, 7024, 1729, 1723
nettle, 1979224, 12.81, 401, 198, 927, 535, 672572281, 289970084, 190648, 38041, 24576, 194195456, 96862208, 4.013914, 1.982367, 70652, 232312, 0, 48, 1888, 1021, 21512, 9.278943, 5.359176, 109516, 1384831, 197, 0, 377400, 29191, 30901
speexdsp, 1989510, 3.93, 65, 44, 148, 18, 12482705, 5987141, 7680, 1381, 0, 4096000, 638976, 0.657007, 0.448688, 67068, 42632, 0, 0, 632, 376, 1987, 1.486718, 0.18118099999999998, 64932, 44219, 6, 0, 7368, 2011, 1283
acl, 1855632, 4.74, 120, 64, 358, 72, 28301415, 9122099, 25847, 2516, 0, 5615616, 1064960, 1.205967, 0.6418849999999999, 67384, 64572, 0, 0, 936, 3589, 5206, 3.5851509999999998, 0.721791, 326124, 182591, 10, 0, 10032, 7563, 4136
btrfs-tools, 2970089, 6.96, 122, 53, 303, 68, 380025746, 207910265, 60987, 16638, 53248, 141328384, 66547712, 1.228849, 0.530732, 58696, 55997, 4, 104, 928, 579, 6813, 3.030492, 0.688014, 104848, 209761, 7, 0, 275104, 6868, 7187
socat, 2621402, 6.20, 89, 53, 121, 24, 38615805, 18371255, 13669, 2896, 0, 12263424, 5001216, 0.894949, 0.534539, 68388, 41587, 0, 0, 696, 430, 3470, 1.214252, 0.248469, 66260, 58445, 0, 0, 23256, 2300, 1771
opkg-utils, 1447577, 4.58, 82, 31, 181, 23, 5065049, 1427532, 7540, 783, 4096, 1241088, 0, 0.821222, 0.31459699999999996, 63272, 41261, 0, 8, 552, 475, 1174, 1.811872, 0.23729499999999998, 151552, 77803, 7, 0, 1872, 2225, 1865
zlib, 1449341, 7.82, 81, 47, 290, 21, 19587342, 7308138, 10006, 1637, 4096, 4435968, 843776, 0.817472, 0.476197, 63468, 46752, 0, 8, 648, 1296, 1703, 2.901605, 0.21728599999999998, 61348, 73313, 1, 0, 8016, 3204, 1809
dropbear, 2650402, 13.58, 76, 60, 99, 20, 37470014, 16792017, 20238, 3309, 4096, 10772480, 4046848, 0.762918, 0.60549, 68820, 43819, 0, 8, 984, 509, 7130, 0.99054, 0.20000099999999998, 66696, 52186, 1, 0, 20056, 1842, 3531
libxshmfence, 2199845, 4.84, 62, 47, 173, 12, 4743253, 2015186, 5584, 960, 0, 1925120, 65536, 0.628717, 0.474431, 68456, 40050, 0, 0, 608, 371, 1314, 1.737684, 0.121067, 66272, 43058, 5, 0, 3152, 1779, 1437
shadow, 1821936, 9.85, 173, 99, 372, 160, 156560267, 64655383, 63132, 10148, 28672, 42201088, 18817024, 1.7337500000000001, 0.99623, 69224, 123887, 0, 48, 1456, 1090, 12794, 3.723918, 1.605227, 88188, 431534, 19, 8, 80968, 9456, 11933
make, 2148897, 7.28, 73, 62, 163, 26, 33584877, 16453655, 19068, 2732, 0, 9338880, 2203648, 0.735081, 0.620225, 68752, 63322, 0, 0, 1048, 898, 6703, 1.635077, 0.265351, 66632, 59260, 1, 0, 17192, 3959, 4634
libusb1, 2733868, 10.04, 77, 47, 225, 20, 15076797, 6036555, 8958, 1476, 0, 4284416, 1105920, 0.777878, 0.47567899999999996, 69296, 46015, 0, 0, 648, 898, 2286, 2.250469, 0.205448, 67168, 64518, 4, 0, 7720, 2065, 4192
json-c, 1474059, 13.73, 231, 82, 528, 208, 55323422, 12348652, 48396, 4326, 4096, 8220672, 2994176, 2.314757, 0.8232889999999999, 64620, 120795, 0, 8, 848, 656, 5527, 5.280107, 2.086371, 421808, 588076, 30, 0, 15208, 7754, 8611
matchbox-terminal, 3891218, 6.83, 184, 92, 83, 18, 5422432, 2094190, 5332, 942, 4096, 1978368, 81920, 1.8411149999999998, 0.922495, 61968, 43361, 0, 8, 600, 377, 1385, 0.831564, 0.184722, 59764, 35914, 1, 0, 3264, 1280, 1193
libidn2, 2502475, 6.79, 168, 42, 279, 27, 19361834, 7276304, 18975, 1942, 0, 4157440, 1228800, 1.6877170000000001, 0.420927, 68844, 64512, 0, 0, 1064, 1061, 6934, 2.79076, 0.27941699999999997, 66724, 75116, 1, 0, 7056, 4608, 4363
grep, 2647798, 10.86, 507, 94, 113, 26, 34118818, 15929936, 26856, 3208, 122880, 9338880, 2600960, 5.078777, 0.949044, 70056, 79159, 0, 232, 1392, 5960, 8032, 1.131661, 0.260376, 67920, 71987, 3, 8, 16848, 10690, 2632
librepo, 3172093, 9.29, 103, 40, 166, 15, 22409493, 9708499, 11622, 1868, 1003520, 6193152, 2387968, 1.030229, 0.40656499999999995, 56420, 43880, 8, 1952, 736, 465, 3350, 1.6655440000000001, 0.15958999999999998, 54096, 55988, 2, 8, 11360, 14376, 2150
libcomps, 3172108, 8.40, 67, 28, 172, 12, 21887224, 9424036, 12463, 1961, 765952, 5963776, 2371584, 0.677882, 0.288201, 55936, 43217, 0, 1008, 752, 494, 3665, 1.721308, 0.129685, 53632, 54408, 4, 488, 10896, 14736, 1823
mtdev, 2074659, 3.39, 64, 43, 163, 17, 7150653, 2741339, 7005, 1126, 4096, 2375680, 282624, 0.647322, 0.434179, 67736, 43195, 0, 8, 624, 445, 1630, 1.631753, 0.17699099999999998, 65552, 53102, 1, 0, 4016, 2021, 1419
util-macros, 1549871, 1.19, 58, 37, 137, 14, 3920489, 2072147, 3289, 863, 0, 1884160, 0, 0.580371, 0.376241, 64604, 32600, 0, 0, 568, 1116, 398, 1.374325, 0.14088299999999998, 62416, 25310, 3, 0, 3112, 2303, 965
pulseaudio, 3476937, 36.19, 637, 288, 6112, 492, 356814400, 137389646, 180210, 23502, 1499136, 88571904, 39563264, 6.374809, 2.8810000000000002, 67500, 384395, 0, 2928, 4512, 2878, 32869, 61.127197, 4.928676, 445152, 1657345, 88, 0, 168480, 43035, 49403
libvorbis, 1893846, 3.51, 77, 47, 184, 32, 44285399, 17708640, 20111, 2890, 81920, 10997760, 4116480, 0.7737999999999999, 0.480004, 67168, 45527, 0, 8, 816, 774, 5739, 1.84518, 0.324826, 65048, 77045, 5, 152, 20664, 2809, 3533
orc, 1457666, 4.24, 74, 31, 321, 34, 45710034, 20213032, 17067, 2879, 0, 13053952, 5771264, 0.747255, 0.317486, 64336, 50524, 0, 0, 792, 670, 3744, 3.211898, 0.34682599999999997, 62148, 94418, 0, 0, 24704, 3693, 3172
gdbm, 1616781, 6.91, 141, 77, 479, 118, 54780144, 16907775, 38184, 4524, 32768, 11325440, 4198400, 1.412929, 0.7792749999999999, 66504, 94266, 0, 64, 1032, 12954, 1091, 4.79409, 1.184785, 64304, 319442, 38, 0, 21088, 16228, 4270
diffutils, 2322211, 6.89, 158, 94, 253, 86, 54820699, 23246534, 38605, 4286, 0, 13500416, 4194304, 1.58709, 0.949179, 69628, 90893, 0, 0, 1352, 1123, 10653, 2.532993, 0.869883, 303476, 202655, 4, 0, 25016, 9939, 5869
xf86-video-fbdev, 3618897, 10.34, 88, 58, 81, 11, 5730218, 2571639, 5523, 996, 8192, 2281472, 225280, 0.8802899999999999, 0.584155, 60572, 43816, 1, 16, 608, 432, 1196, 0.818383, 0.116883, 58292, 35145, 0, 0, 3848, 1596, 784
linux-libc-headers, 1346475, 7.34, 99, 69, 680, 29, 47143918, 25068018, 52776, 4139, 1785856, 12599296, 0, 0.9998929999999999, 0.696206, 63348, 35927, 0, 2584, 1368, 814, 21206, 6.803917, 0.29509799999999997, 61228, 65480, 0, 904, 23240, 10704, 11893
xkeyboard-config, 1746886, 7.69, 170, 55, 461, 59, 60325703, 24235448, 37069, 3737, 0, 10133504, 0, 1.702799, 0.557064, 69092, 73356, 0, 0, 1488, 1436, 12514, 4.614994, 0.59699, 441432, 179843, 2, 0, 18304, 11571, 8886
util-linux, 2418752, 57.18, 1101, 546, 10756, 1385, 774122095, 289385826, 467486, 47425, 172032, 186114048, 77631488, 11.010499, 5.4679, 80816, 710065, 0, 208, 6728, 4429, 71499, 107.56368, 13.855668, 607068, 4564348, 195, 128, 356776, 113538, 92523
libice, 1690514, 6.92, 99, 45, 145, 17, 12346298, 5449790, 7722, 1357, 0, 3952640, 925696, 0.998389, 0.454476, 66600, 41643, 0, 0, 640, 480, 2016, 1.4501819999999999, 0.17113299999999998, 64468, 44321, 1, 0, 7080, 2137, 1034
gnutls, 3307879, 76.82, 559, 572, 2613, 1434, 1296046709, 462124075, 512799, 76840, 13144064, 312270848, 140296192, 5.599063, 5.724042, 66376, 684947, 2, 25184, 4544, 4071, 61712, 26.133785, 14.343107, 161784, 4277427, 383, 488, 605360, 53256, 88713
attr, 1652322, 10.66, 138, 61, 348, 55, 21658376, 6595041, 20019, 1969, 4096, 4161536, 540672, 1.388102, 0.615659, 65704, 66637, 0, 8, 880, 738, 4566, 3.484866, 0.556245, 273640, 158259, 4, 0, 7248, 6261, 3712
avahi, 3152233, 29.05, 150, 108, 744, 92, 69627850, 25265703, 51374, 5315, 12623872, 15728640, 6123520, 1.5039639999999999, 1.081883, 59836, 128191, 21, 20768, 1824, 2036, 14488, 7.441428, 0.923167, 186932, 295455, 16, 3888, 28896, 8588, 12288
libfontenc, 1965696, 4.32, 77, 52, 147, 18, 5926217, 2470023, 5921, 1021, 20480, 2207744, 200704, 0.774685, 0.521671, 67556, 43050, 0, 8, 608, 438, 1430, 1.474114, 0.184271, 65356, 43126, 2, 32, 3704, 5901, 1419
which, 2522772, 3.55, 78, 49, 94, 16, 5569709, 2611116, 5307, 1047, 0, 2269184, 229376, 0.7868029999999999, 0.49026899999999995, 68084, 38152, 0, 0, 632, 417, 1374, 0.94207, 0.16078099999999998, 65952, 34486, 0, 0, 3800, 1486, 1005
libepoxy, 3497817, 4.61, 93, 32, 163, 20, 90823660, 42001557, 15890, 4216, 0, 23834624, 10481664, 0.93272, 0.327057, 59756, 43534, 0, 0, 616, 418, 1636, 1.636282, 0.201152, 57440, 56122, 2, 0, 45936, 2821, 2087
gobject-introspection, 2962324, 8.68, 113, 49, 295, 60, 200681283, 63610278, 39181, 7727, 4096, 28323840, 5332992, 1.1331579999999999, 0.49778, 58640, 59602, 1, 8, 1080, 687, 7526, 2.958074, 0.605058, 370036, 179799, 5, 0, 54240, 7895, 5472
xauth, 2762322, 11.98, 81, 44, 94, 12, 6526371, 2995646, 5259, 1038, 8192, 2543616, 372736, 0.819977, 0.44622, 69244, 39778, 0, 16, 584, 303, 1363, 0.941089, 0.120935, 67116, 34245, 0, 0, 4384, 1475, 972
libmpc, 2331762, 2.68, 81, 43, 154, 20, 14858722, 6547015, 9477, 1692, 0, 4591616, 1245184, 0.816449, 0.43596799999999997, 67740, 41565, 0, 0, 672, 549, 2906, 1.5417109999999998, 0.202348, 65620, 44570, 1, 0, 8296, 2134, 1417
menu-cache, 2867403, 7.83, 80, 28, 180, 14, 11187911, 3993608, 8114, 1180, 0, 2813952, 937984, 0.801809, 0.282043, 69908, 42535, 0, 0, 640, 469, 1616, 1.8064559999999998, 0.144165, 67712, 64221, 3, 0, 4856, 2059, 1476
initscripts, 1346480, 5.84, 153, 53, 194, 42, 6709429, 2150629, 13510, 1130, 3301376, 1994752, 0, 1.533167, 0.537554, 62048, 55725, 0, 2048, 624, 557, 2596, 1.941582, 0.42646399999999995, 111212, 151298, 2, 4400, 3272, 3275, 3230
libtirpc, 1581576, 3.41, 155, 54, 147, 19, 20567850, 9143139, 12775, 1956, 0, 6021120, 1720320, 1.550402, 0.549263, 64948, 41203, 0, 0, 728, 6882, 1323, 1.474756, 0.19802599999999998, 62764, 51231, 4, 0, 11032, 5630, 1190
cairo, 3645802, 8.67, 276, 66, 406, 46, 136530579, 67728638, 42611, 7630, 258048, 41111552, 17436672, 2.762517, 0.663486, 61112, 62067, 26, 296, 1192, 3044, 8964, 4.069574, 0.46485699999999996, 58552, 121268, 19, 208, 79104, 6342, 5790
gst-examples, 3950901, 2.19, 84, 50, 95, 17, 10190006, 3463013, 7312, 1042, 847872, 2416640, 770048, 0.849602, 0.5025809999999999, 64012, 43501, 0, 1656, 624, 2350, 203, 0.955788, 0.17429899999999998, 61616, 46338, 13, 0, 4096, 2792, 618
libmodulemd, 3006149, 9.85, 79, 34, 153, 25, 46328850, 20176569, 14287, 2710, 20480, 12099584, 4820992, 0.7951389999999999, 0.345531, 58264, 43502, 1, 40, 744, 440, 3409, 1.537148, 0.252958, 55940, 59380, 2, 0, 22888, 2748, 1927
libnl, 2069598, 9.37, 273, 152, 935, 276, 152127333, 48956656, 94089, 11392, 0, 32276480, 14389248, 2.732666, 1.52406, 69336, 161950, 0, 0, 1624, 5100, 14740, 9.357661, 2.763773, 67216, 769697, 36, 0, 61416, 18015, 16135
nghttp2, 1479891, 4.94, 62, 23, 226, 15, 20587737, 8386685, 9990, 1571, 0, 4911104, 1658880, 0.624682, 0.23263999999999999, 64268, 43676, 0, 0, 664, 510, 2519, 2.26754, 0.157213, 62148, 56397, 4, 0, 8928, 2325, 1719
fontconfig, 2650162, 14.21, 96, 55, 284, 50, 39239577, 14411398, 23006, 2889, 24576, 9777152, 3526656, 0.9646859999999999, 0.554016, 68792, 57827, 0, 32, 920, 693, 4925, 2.840932, 0.5002449999999999, 217868, 155881, 12, 16, 18176, 4708, 4241
libxxf86vm, 2260324, 3.17, 71, 54, 142, 13, 6169484, 2642746, 7026, 1048, 0, 2363392, 212992, 0.714774, 0.542104, 68580, 40093, 0, 0, 632, 801, 1723, 1.429897, 0.137705, 66396, 43264, 1, 0, 3984, 1894, 1597
libdrm, 1724145, 8.28, 134, 53, 767, 91, 60226216, 20272979, 35349, 4323, 0, 12460032, 4931584, 1.3468179999999998, 0.5371469999999999, 67672, 92384, 0, 0, 1040, 871, 6601, 7.672994, 0.914125, 65548, 282907, 36, 0, 23296, 7946, 6948
flac, 2017875, 5.38, 100, 64, 309, 46, 96147919, 44876103, 35846, 5815, 40960, 24121344, 7352320, 1.001289, 0.649485, 68020, 51988, 0, 16, 1048, 1018, 9143, 3.090455, 0.460769, 65888, 100376, 0, 64, 46064, 5392, 7407
settings-daemon, 3843834, 4.57, 117, 69, 95, 21, 8335974, 3114175, 6831, 1165, 303104, 2613248, 385024, 1.175781, 0.6928, 61644, 44068, 2, 584, 608, 677, 1563, 0.9555199999999999, 0.218826, 59284, 49970, 3, 8, 4496, 5716, 1067
bash, 2391817, 15.37, 293, 139, 1295, 257, 192423861, 80629607, 114492, 12796, 8192, 44625920, 13119488, 2.931616, 1.39961, 71360, 142537, 0, 8, 2240, 1738, 28178, 12.954181, 2.575433, 435260, 807261, 29, 8, 84920, 24086, 24082
libptytty, 1458149, 3.92, 66, 26, 152, 11, 5234999, 2061129, 5545, 877, 4096, 1667072, 266240, 0.6624369999999999, 0.260098, 63908, 39748, 0, 8, 600, 430, 1313, 1.522935, 0.11502699999999999, 61720, 41440, 3, 0, 2656, 1483, 1276
glibc-locale, 1455258, 318.88, 2348, 1286, 57686, 5011, 8104673113, 4481696897, 1919022, 383291, 20123648, 2435698688, 44822528, 23.482846, 12.8685, 123912, 3824005, 0, 38288, 34440, 175569, 169738, 576.862321, 50.117937, 451772, 29018407, 222, 1016, 4722784, 346991, 521385
libarchive, 1997383, 5.71, 89, 55, 339, 39, 72359826, 33939795, 24509, 4611, 4096, 21086208, 8593408, 0.8996989999999999, 0.550262, 67776, 50968, 0, 0, 944, 653, 6017, 3.397825, 0.390835, 65636, 103084, 6, 8, 40240, 4530, 3482
libfakekey, 2485905, 6.53, 74, 43, 157, 16, 5220741, 2226411, 5648, 983, 0, 2060288, 122880, 0.7486999999999999, 0.43799, 68484, 42239, 0, 0, 608, 391, 1450, 1.5711659999999998, 0.163957, 66356, 43092, 4, 0, 3416, 1445, 1218
libogg, 1777110, 3.94, 57, 46, 148, 19, 9017805, 4187889, 10008, 1252, 0, 3031040, 204800, 0.575793, 0.468064, 66796, 39705, 0, 0, 680, 667, 2935, 1.482188, 0.197429, 64676, 43756, 0, 0, 5240, 2330, 1617
mpfr, 2130646, 4.47, 90, 59, 162, 29, 91036769, 47613545, 23241, 5404, 118784, 32292864, 14954496, 0.9077189999999999, 0.591455, 68308, 41912, 0, 232, 856, 472, 6473, 1.62357, 0.294741, 66124, 56110, 0, 0, 62216, 3114, 2741
mesa, 3456424, 34.62, 380, 156, 1654, 257, 3268098647, 1618034285, 483837, 120743, 5722112, 1065091072, 449671168, 3.809472, 1.564446, 64204, 104998, 0, 11168, 248464, 1434, 47187, 16.549944, 2.5720520000000002, 444948, 586448, 8, 8, 1831792, 49828, 61559
ofono, 3444465, 14.44, 420, 153, 568, 131, 147385514, 69127134, 78674, 8906, 327680, 44597248, 19828736, 4.201007, 1.531617, 60980, 106046, 0, 624, 1304, 1226, 13886, 5.682517, 1.318309, 309992, 493223, 124, 16, 85800, 16964, 6546
libtheora, 2025178, 4.11, 79, 52, 179, 30, 41808239, 17519184, 13170, 2580, 0, 11829248, 4882432, 0.794325, 0.5205529999999999, 67508, 47120, 0, 0, 664, 564, 2430, 1.796015, 0.307784, 65380, 77248, 1, 0, 22440, 2385, 1942
libsamplerate0, 2370671, 9.22, 107, 46, 243, 13, 69763090, 28432209, 14529, 3038, 0, 15101952, 4673536, 1.077172, 0.463342, 67936, 41710, 0, 0, 632, 476, 1845, 2.4320779999999997, 0.13439399999999999, 65808, 53241, 0, 0, 28864, 2056, 1947
ptest-runner, 1986174, 3.41, 73, 41, 93, 13, 5361980, 2459669, 4854, 970, 8192, 2211840, 200704, 0.736337, 0.412188, 67152, 40145, 0, 16, 584, 328, 1219, 0.934205, 0.130249, 64948, 35495, 0, 0, 3736, 1296, 920
alsa-utils, 2855114, 12.65, 124, 87, 1090, 77, 80700610, 30444350, 40033, 5611, 0, 19378176, 6934528, 1.245233, 0.874057, 70736, 92250, 0, 0, 1232, 757, 8136, 10.907157, 0.774011, 147704, 318013, 11, 0, 36616, 7633, 9886
dbus-wait, 2954661, 8.26, 69, 52, 84, 8, 4676650, 2000483, 4705, 922, 20480, 1929216, 77824, 0.692946, 0.522679, 58456, 39593, 2, 40, 584, 406, 1183, 0.8488049999999999, 0.08172299999999999, 56192, 34010, 1, 0, 3184, 903, 970
dnf, 3764924, 7.31, 121, 75, 186, 53, 29572005, 12962289, 29155, 2597, 487424, 5881856, 0, 1.211526, 0.757203, 62888, 89061, 0, 952, 1512, 2086, 10621, 1.8645399999999999, 0.5315599999999999, 357056, 89956, 0, 0, 9976, 10486, 6424
libxcomposite, 2264064, 2.60, 72, 53, 152, 18, 5510948, 2361171, 6429, 1013, 0, 2158592, 139264, 0.7288239999999999, 0.533951, 68444, 40598, 0, 0, 624, 598, 1808, 1.524864, 0.18667599999999998, 66324, 43086, 0, 0, 3592, 1631, 1573
harfbuzz, 3748099, 9.32, 174, 79, 652, 95, 734573409, 434684171, 108358, 33528, 8192, 293093376, 134860800, 1.744848, 0.792385, 61568, 70664, 0, 8, 1168, 914, 9673, 6.523091, 0.956927, 154328, 261383, 23, 8, 571280, 17751, 15191
python3, 2861798, 73.11, 1258, 374, 8882, 793, 1759030715, 686105016, 523965, 75478, 5799936, 339558400, 81420288, 12.584188, 3.742969, 85920, 319872, 0, 11328, 6912, 5636, 102543, 88.82627, 7.939029, 440548, 2474137, 44, 0, 656288, 152193, 109071
libnsl2, 1647872, 8.94, 112, 48, 151, 19, 6896015, 2965836, 6758, 1135, 0, 2457600, 294912, 1.121465, 0.48062699999999997, 65072, 41621, 0, 0, 632, 1584, 1266, 1.514428, 0.191583, 62880, 45265, 4, 0, 4168, 3087, 848
modutils-initscripts, 1469041, 8.04, 48, 36, 94, 8, 3037480, 1819165, 3062, 843, 12288, 1773568, 0, 0.48817699999999997, 0.366133, 63760, 35802, 0, 24, 552, 353, 891, 0.9485089999999999, 0.08567799999999999, 61572, 23041, 0, 0, 2912, 1407, 847
xrandr, 2309634, 5.45, 75, 46, 103, 15, 7944667, 3672738, 5281, 1074, 0, 2981888, 561152, 0.7539779999999999, 0.463696, 68172, 40701, 0, 0, 584, 528, 1406, 1.035608, 0.15484699999999998, 65988, 39544, 0, 0, 5240, 1232, 904
strace, 3650761, 105.99, 2448, 2030, 9470, 7001, 2292777734, 603148167, 1656940, 154207, 7131136, 417947648, 170217472, 24.489964, 20.305043, 81364, 2785989, 2, 12368, 7592, 8249, 109094, 94.702135, 70.013469, 331192, 18090685, 3269, 1560, 808712, 279128, 210371
libsolv, 3718898, 5.42, 127, 68, 386, 59, 69206214, 30119260, 27830, 4453, 126976, 19812352, 8536064, 1.272473, 0.682398, 60628, 60524, 0, 232, 840, 750, 5044, 3.8693210000000002, 0.5957279999999999, 58360, 181827, 9, 16, 37856, 5563, 4704
python3-pycairo, 3662626, 3.62, 82, 38, 145, 18, 15839243, 6816166, 7812, 1283, 24576, 4435968, 1626112, 0.8222349999999999, 0.387399, 60080, 41783, 2, 48, 632, 367, 1787, 1.450784, 0.180446, 67468, 48998, 2, 0, 8032, 1994, 1270
qemuwrapper-cross, 1346529, 2.29, 37, 14, 83, 4, 1692032, 925691, 2726, 610, 12288, 868352, 0, 0.377094, 0.142372, 61820, 33392, 0, 16, 544, 411, 688, 0.837762, 0.04504, 59636, 22299, 0, 8, 1152, 1140, 835
libxmu, 2693100, 6.74, 179, 67, 215, 26, 17735283, 7335668, 11850, 1779, 8192, 5087232, 1396736, 1.7931599999999999, 0.674887, 69132, 47383, 0, 0, 728, 2561, 2667, 2.154021, 0.268436, 66948, 64209, 3, 16, 9208, 4950, 1540
xtrans, 1588780, 4.74, 41, 27, 71, 8, 4290235, 2474396, 3690, 902, 0, 2019328, 0, 0.41864999999999997, 0.277795, 65136, 32659, 0, 0, 576, 2106, 111, 0.710623, 0.087002, 62952, 18706, 0, 0, 3368, 2272, 237
libfm, 3898428, 12.32, 158, 107, 385, 84, 89358822, 37818036, 50042, 6120, 782336, 22835200, 8806400, 1.5856409999999999, 1.070209, 65080, 112535, 0, 1528, 1872, 1809, 14935, 3.8528089999999997, 0.848707, 157668, 204752, 3, 0, 42728, 11334, 10523
libnss-mdns, 3269172, 11.53, 132, 65, 108, 26, 13422626, 4273595, 9512, 1508, 0, 3465216, 860160, 1.3236219999999999, 0.6523829999999999, 57032, 47812, 0, 0, 624, 551, 1435, 1.080979, 0.265181, 54724, 85896, 3, 0, 6144, 1460, 2113
xmodmap, 2676133, 10.62, 144, 52, 77, 17, 6134767, 2845904, 5204, 1030, 20480, 2453504, 323584, 1.448238, 0.520892, 68496, 40677, 0, 8, 584, 1000, 960, 0.77738, 0.175778, 66372, 34409, 2, 32, 4208, 1546, 1023
freetype, 1663210, 9.25, 135, 57, 176, 26, 74375054, 34984730, 28823, 4877, 0, 20041728, 7606272, 1.354345, 0.575596, 66696, 42841, 0, 0, 992, 1062, 8456, 1.764771, 0.260381, 64576, 54528, 0, 0, 38152, 4856, 4515
libjpeg-turbo, 1463784, 5.60, 97, 36, 395, 51, 113528799, 54791359, 27977, 5960, 8192, 36020224, 16826368, 0.9728939999999999, 0.368338, 64208, 55548, 0, 16, 800, 621, 4521, 3.9556329999999997, 0.510338, 74552, 148886, 9, 0, 69552, 5250, 4465
libxcursor, 2272128, 2.76, 90, 41, 179, 18, 8493527, 3742477, 8987, 1193, 0, 3162112, 491520, 0.908651, 0.414472, 68252, 42733, 0, 0, 664, 792, 2693, 1.7922669999999998, 0.181314, 66124, 43426, 0, 0, 5512, 2592, 1643
