Package, PID, Elapsed time, utime, stime, cutime, cstime, IO rchar, IO wchar, IO syscr, IO syscw, IO read_bytes, IO write_bytes, IO cancelled_write_bytes, rusage ru_utime, rusage ru_stime, rusage ru_maxrss, rusage ru_minflt, rusage ru_majflt, rusage ru_inblock, rusage ru_oublock, rusage ru_nvcsw, rusage ru_nivcsw, Child rusage ru_utime, Child rusage ru_stime, Child rusage ru_maxrss, Child rusage ru_minflt, Child rusage ru_majflt, Child rusage ru_inblock, Child rusage ru_oublock, Child rusage ru_nvcsw, Child rusage ru_nivcsw
alsa-ucm-conf, 1365925, 3.13, 18, 6, 221, 23, 4427694, 992376, 8551, 531, 0, 540672, 0, 0.185831, 0.065815, 61168, 19483, 0, 0, 504, 274, 686, 2.216508, 0.235416, 359352, 67628, 0, 0, 552, 7250, 2240
encodings, 1363664, 1.88, 19, 4, 201, 21, 6802129, 2179913, 2727, 547, 466944, 1454080, 0, 0.19450199999999998, 0.049659999999999996, 61848, 20306, 0, 0, 456, 345, 322, 2.017526, 0.21256, 409276, 112813, 4, 912, 2384, 2945, 1159
alsa-topology-conf, 1365162, 1.52, 21, 3, 126, 10, 3276849, 373902, 1912, 419, 0, 282624, 0, 0.21634799999999998, 0.031467999999999996, 61168, 19901, 0, 0, 440, 256, 365, 1.262258, 0.103737, 118228, 42477, 2, 0, 112, 973, 734
netbase, 1371683, 1.84, 25, 3, 143, 15, 1360052, 404990, 1704, 458, 0, 294912, 0, 0.25136, 0.035907999999999995, 61152, 22541, 0, 0, 440, 179, 292, 1.430028, 0.152604, 218556, 83104, 0, 0, 136, 1091, 778
pulseaudio-client-conf-sato, 1369342, 1.64, 19, 5, 142, 13, 1226332, 393614, 1776, 457, 4096, 278528, 0, 0.19633499999999998, 0.053545999999999996, 61172, 22653, 0, 8, 440, 260, 288, 1.424002, 0.130537, 227216, 78542, 0, 0, 104, 803, 791
run-postinsts, 1368207, 1.49, 19, 3, 148, 9, 1255635, 397100, 1860, 477, 69632, 282624, 0, 0.200091, 0.034797999999999996, 61464, 19558, 0, 136, 440, 264, 373, 1.489889, 0.096967, 203156, 77515, 0, 0, 112, 1184, 716
tzdata, 1374078, 8.23, 28, 6, 995, 101, 13277345, 2808726, 27994, 1383, 0, 1310720, 0, 0.282128, 0.06661299999999999, 61508, 22217, 0, 0, 624, 313, 824, 9.959273, 1.013401, 857784, 364755, 2, 0, 1936, 32262, 7096
xcursor-transparent-theme, 1369005, 1.65, 26, 3, 156, 16, 1463296, 503341, 2462, 487, 0, 319488, 0, 0.26240199999999997, 0.034526, 61332, 22821, 0, 0, 472, 201, 453, 1.5618910000000001, 0.161455, 182036, 77693, 0, 0, 152, 1929, 865
shutdown-desktop, 1368396, 1.61, 19, 5, 150, 13, 1221864, 390795, 1770, 461, 0, 278528, 0, 0.19780399999999998, 0.055901, 61756, 20270, 0, 0, 440, 252, 312, 1.503709, 0.13731, 194556, 78692, 0, 0, 104, 916, 906
packagegroup-core-ssh-dropbear, 2721491, 1.41, 22, 6, 78, 18, 1231611, 400294, 1591, 432, 2158592, 294912, 0, 0.224124, 0.060032999999999996, 67888, 22921, 0, 2200, 456, 532, 201, 0.78508, 0.180693, 227052, 95460, 14, 2016, 120, 1102, 463
ca-certificates, 3048132, 3.80, 19, 5, 215, 16, 2967573, 924434, 3304, 560, 2404352, 589824, 0, 0.200021, 0.059579999999999994, 56444, 22771, 7, 3840, 480, 315, 405, 2.157562, 0.165794, 343012, 118726, 0, 856, 672, 2238, 1215
cantarell-fonts, 2752351, 1.68, 23, 2, 144, 16, 2826463, 722905, 1985, 495, 1957888, 507904, 0, 0.233624, 0.024168, 68476, 21184, 0, 1800, 472, 474, 339, 1.444563, 0.160609, 217848, 77883, 1, 2024, 520, 1221, 769
packagegroup-core-x11-base, 3898614, 2.32, 38, 3, 62, 15, 1254050, 401188, 1836, 433, 1409024, 290816, 0, 0.38047899999999996, 0.032381, 61472, 23053, 1, 1952, 448, 427, 324, 0.6266229999999999, 0.157394, 247836, 95568, 0, 800, 120, 717, 566
update-rc.d, 1372294, 2.11, 25, 3, 148, 11, 1268790, 394155, 1843, 460, 4096, 286720, 0, 0.252779, 0.038889, 61688, 22785, 0, 0, 440, 290, 287, 1.48018, 0.117935, 203068, 77504, 1, 8, 120, 809, 974
liberation-fonts, 3066285, 11.71, 22, 7, 289, 13, 35604603, 5263810, 2903, 671, 5582848, 3596288, 0, 0.222214, 0.079997, 57096, 22402, 3, 1400, 448, 461, 298, 2.892625, 0.130458, 118072, 45265, 8, 9504, 6576, 7370, 1340
adwaita-icon-theme, 3863302, 11.26, 49, 4, 772, 46, 212595804, 4027939, 15590, 1065, 16384, 2359296, 0, 0.49711, 0.044821, 61812, 24456, 0, 32, 600, 216, 749, 7.7249, 0.466153, 421280, 176517, 0, 0, 4008, 12497, 3368
wayland-protocols, 1364380, 2.09, 22, 4, 163, 8, 4921853, 644076, 2605, 449, 0, 438272, 0, 0.22236599999999998, 0.049414, 61644, 20426, 0, 0, 456, 222, 457, 1.633575, 0.08011299999999999, 278388, 43099, 4, 0, 400, 1617, 974
hicolor-icon-theme, 1366910, 1.98, 21, 7, 124, 14, 1918758, 508176, 4239, 468, 0, 339968, 0, 0.21700899999999998, 0.072336, 61424, 20263, 0, 0, 488, 252, 1098, 1.244607, 0.141984, 261188, 79378, 0, 0, 176, 2416, 1805
wireless-regdb, 1370968, 2.12, 22, 3, 218, 10, 1317981, 393090, 1990, 471, 0, 286720, 0, 0.223186, 0.033063999999999996, 61312, 22472, 0, 0, 440, 324, 366, 2.187318, 0.104943, 186552, 59750, 2, 0, 120, 1275, 1017
sato-icon-theme, 3891005, 3.44, 45, 6, 172, 28, 8455086, 2508402, 12489, 800, 0, 1335296, 0, 0.457246, 0.067592, 62308, 23969, 0, 0, 576, 264, 1112, 1.720338, 0.283783, 167948, 81452, 0, 0, 2032, 17112, 1372
iso-codes, 1380151, 43.92, 77, 11, 11956, 755, 147548589, 21656501, 28786, 9944, 0, 13111296, 0, 0.772905, 0.11219499999999999, 64564, 25580, 0, 0, 1200, 4864, 2214, 119.567879, 7.5501380000000005, 2057128, 3623163, 0, 0, 24408, 129350, 30076
packagegroup-core-x11, 3064455, 7.93, 31, 5, 86, 27, 1356929, 486460, 1915, 501, 1298432, 323584, 0, 0.313456, 0.059302, 58140, 21249, 4, 1736, 448, 487, 315, 0.867949, 0.27871999999999997, 502284, 178627, 0, 800, 184, 1345, 808
packagegroup-base, 3451072, 5.25, 55, 5, 90, 193, 2621169, 1586771, 2829, 1379, 2625536, 815104, 0, 0.5589459999999999, 0.053231999999999995, 61124, 25067, 0, 4344, 560, 674, 485, 0.900087, 1.930018, 1589320, 1257297, 0, 784, 1032, 17081, 1960
xserver-nodm-init, 2895391, 2.57, 23, 5, 126, 14, 1350788, 418588, 1951, 487, 253952, 303104, 0, 0.23968399999999998, 0.055926, 67240, 23347, 0, 328, 464, 307, 297, 1.263571, 0.147485, 187072, 83811, 1, 168, 128, 1131, 629
matchbox-session-sato, 3902455, 2.63, 35, 9, 158, 14, 1665685, 548455, 2175, 522, 909312, 491520, 0, 0.355379, 0.098035, 62104, 24306, 0, 1504, 464, 370, 344, 1.585647, 0.145572, 203604, 80727, 0, 272, 496, 1020, 879
v86d, 3451133, 2.87, 30, 3, 236, 18, 6361460, 1032294, 2297, 568, 1916928, 700416, 0, 0.30868599999999996, 0.034770999999999996, 58044, 23307, 1, 2184, 472, 373, 319, 2.364011, 0.182399, 267936, 101021, 0, 1560, 896, 1608, 948
packagegroup-core-x11-xserver, 3632558, 2.33, 33, 3, 71, 17, 1329011, 416437, 1683, 434, 1769472, 303104, 0, 0.338493, 0.036704, 60028, 24241, 0, 2416, 472, 298, 271, 0.719085, 0.173822, 263328, 95646, 0, 1040, 120, 3021, 426
connman-conf, 1481455, 2.44, 26, 4, 128, 13, 1232144, 400409, 1808, 455, 0, 286720, 0, 0.26147899999999996, 0.049027, 63548, 20882, 0, 0, 456, 204, 355, 1.286517, 0.133908, 240168, 78794, 0, 0, 104, 795, 653
sysvinit-inittab, 1488460, 2.24, 26, 4, 164, 9, 1251789, 404457, 1824, 460, 339968, 294912, 0, 0.261999, 0.046785, 63724, 23458, 0, 496, 464, 321, 335, 1.647469, 0.095353, 263144, 78976, 0, 168, 112, 1001, 634
packagegroup-core-boot, 2725676, 5.82, 24, 6, 65, 19, 1351202, 413069, 1632, 433, 2117632, 303104, 0, 0.246605, 0.066054, 68184, 23321, 0, 3072, 472, 347, 253, 0.650683, 0.194425, 215212, 95594, 1, 1064, 120, 3771, 374
pointercal-xinput, 1482449, 2.52, 19, 8, 127, 10, 1235416, 402492, 1807, 457, 0, 290816, 0, 0.19519399999999998, 0.085397, 63216, 20884, 0, 0, 456, 262, 289, 1.271532, 0.109302, 226488, 78691, 2, 0, 112, 783, 599
shadow-securetty, 1364883, 1.56, 22, 6, 155, 13, 1234794, 401159, 1595, 456, 0, 286720, 0, 0.221544, 0.06816699999999999, 61236, 20207, 0, 0, 456, 143, 351, 1.5526149999999999, 0.132582, 209820, 78679, 0, 0, 104, 827, 676
packagegroup-core-x11-sato, 3954559, 2.18, 55, 4, 130, 56, 1766425, 675774, 1900, 637, 802816, 413696, 0, 0.555585, 0.049385, 65224, 25487, 0, 1312, 488, 621, 146, 1.30914, 0.566801, 992260, 345180, 1, 256, 320, 4047, 774
init-ifupdown, 1491514, 2.37, 23, 3, 149, 11, 1289127, 412853, 2056, 484, 4096, 294912, 0, 0.23655299999999999, 0.038016999999999995, 63420, 23383, 0, 8, 456, 386, 338, 1.491022, 0.11255899999999999, 245412, 79259, 0, 0, 120, 992, 762
xserver-xf86-config, 1481844, 2.06, 19, 5, 145, 11, 1245016, 404067, 1881, 458, 0, 290816, 0, 0.195719, 0.057083999999999996, 63324, 20835, 0, 0, 456, 278, 322, 1.458864, 0.118784, 264984, 78773, 1, 0, 112, 780, 836
formfactor, 1366293, 1.38, 24, 4, 130, 13, 1238989, 401939, 1808, 456, 0, 286720, 0, 0.24514899999999998, 0.040858, 61340, 20246, 0, 0, 456, 273, 253, 1.309302, 0.13262, 253512, 78890, 0, 0, 104, 737, 803
linux-yocto, 3451181, 244.65, 333, 48, 85408, 1796, 5033654416, 684817109, 293763, 60451, 12247040, 452259840, 0, 3.335543, 0.48141799999999996, 73476, 41370, 1656, 23176, 4184, 17882, 9548, 854.086931, 17.963976, 3615916, 11248140, 59, 744, 879136, 241699, 231774
base-files, 1372131, 2.24, 22, 4, 205, 17, 1342760, 446123, 2218, 506, 0, 307200, 0, 0.22572399999999998, 0.048368999999999995, 61232, 22907, 0, 0, 456, 193, 448, 2.051766, 0.17548, 331816, 108141, 1, 0, 144, 1267, 1434
psmisc, 2871373, 12.61, 39, 6, 2503, 138, 10827948, 2650485, 6950, 2568, 40960, 1536000, 0, 0.39996, 0.062738, 69224, 25375, 0, 8, 640, 1343, 1027, 25.031312, 1.380898, 1580376, 877314, 0, 72, 2360, 13430, 7342
libxext, 2986818, 4.58, 27, 4, 382, 21, 7718458, 1261602, 3638, 708, 303104, 819200, 0, 0.27066799999999996, 0.042290999999999995, 57216, 24430, 6, 512, 496, 388, 497, 3.824327, 0.211718, 448468, 130554, 0, 80, 1104, 3254, 1509
gstreamer1.0, 3327668, 64.90, 59, 8, 4693, 172, 245781911, 29121064, 44742, 4362, 241664, 19013632, 0, 0.598946, 0.087957, 60152, 26801, 9, 384, 808, 1693, 1181, 46.932908, 1.7283149999999998, 1564000, 1092786, 0, 88, 36328, 36352, 17440
rxvt-unicode, 3366374, 13.21, 36, 4, 561, 19, 46862607, 4941120, 4352, 937, 65536, 3256320, 0, 0.36674399999999996, 0.044330999999999995, 59372, 23935, 0, 128, 504, 279, 424, 5.61755, 0.19425599999999998, 402896, 134748, 2, 0, 5856, 1974, 1895
libxcrypt, 3043482, 4.60, 29, 5, 407, 22, 9126362, 1684878, 2952, 718, 524288, 1105920, 0, 0.29755699999999996, 0.052273, 56724, 23704, 0, 856, 488, 474, 443, 4.078023, 0.220014, 438748, 125965, 1, 168, 1672, 1688, 1622
libgpg-error, 3045670, 11.17, 37, 6, 1702, 80, 21744403, 3587435, 9143, 1922, 2015232, 2228224, 0, 0.37277699999999997, 0.061488999999999995, 57980, 24421, 2, 936, 584, 1453, 774, 17.02458, 0.80331, 1564876, 591418, 0, 3000, 3768, 10315, 6859
neard, 3412054, 4.55, 36, 7, 436, 21, 15693445, 2612844, 3617, 854, 3256320, 1720320, 0, 0.36647599999999997, 0.078236, 59484, 25028, 0, 4176, 504, 453, 406, 4.361831, 0.213497, 377008, 125532, 0, 2184, 2856, 2450, 1256
libxrandr, 2805198, 4.13, 27, 2, 400, 20, 4863748, 880805, 2624, 685, 40960, 581632, 0, 0.274434, 0.026993, 68960, 24278, 0, 0, 488, 328, 383, 4.002124, 0.20596, 412004, 126554, 0, 80, 648, 1757, 1254
libxkbcommon, 3242175, 8.28, 40, 4, 600, 29, 19287551, 3184916, 5776, 1013, 32768, 2056192, 0, 0.40892, 0.044535, 56412, 24440, 1, 64, 512, 520, 493, 6.000507, 0.298004, 691888, 190857, 0, 0, 3504, 2874, 2776
lua, 3115811, 9.14, 27, 6, 674, 32, 39532313, 5653603, 4395, 958, 1499136, 3735552, 0, 0.271889, 0.064735, 56676, 23915, 2, 1752, 504, 550, 446, 6.743987, 0.327766, 698496, 195677, 1, 1176, 6792, 3498, 3820
bzip2, 3120755, 17.11, 33, 6, 746, 34, 48049000, 12612493, 6429, 1332, 8040448, 8368128, 0, 0.338686, 0.065977, 57716, 25093, 0, 2144, 520, 629, 592, 7.461004, 0.34803799999999996, 796308, 237692, 0, 13560, 15824, 5902, 3073
libexif, 2802568, 13.65, 35, 6, 2251, 113, 32727598, 4684286, 9521, 2224, 147456, 2899968, 0, 0.35962099999999997, 0.066906, 69100, 25285, 0, 200, 616, 1250, 767, 22.513438999999998, 1.138624, 1856460, 719327, 1, 88, 5048, 15926, 7659
libpcap, 3439264, 5.48, 30, 6, 638, 21, 32467951, 4821895, 4519, 904, 0, 3162112, 0, 0.305033, 0.065953, 59128, 24294, 0, 0, 496, 680, 315, 6.386198, 0.218662, 538388, 154966, 1, 0, 5680, 3020, 1845
sbc, 2915471, 4.13, 27, 5, 398, 16, 9271604, 1153980, 3130, 685, 233472, 774144, 0, 0.27652699999999997, 0.050276999999999995, 66688, 24372, 0, 376, 480, 345, 383, 3.988053, 0.169078, 358080, 122846, 1, 80, 1032, 1629, 1432
xhost, 2892977, 3.09, 22, 5, 306, 18, 2004829, 560014, 2120, 602, 0, 393216, 0, 0.224573, 0.054064, 67536, 24376, 0, 0, 488, 245, 359, 3.067457, 0.18638, 349244, 121355, 0, 0, 280, 1664, 992
sqlite3, 3111033, 44.54, 32, 4, 1313, 26, 95289502, 16229749, 5062, 1365, 1765376, 10838016, 0, 0.3232, 0.042526, 56820, 23798, 0, 2328, 496, 479, 413, 13.134038, 0.268793, 464576, 155361, 2, 1120, 20672, 2217, 4197
mkfontscale, 2749104, 2.47, 24, 4, 342, 17, 2871542, 714301, 2360, 621, 0, 479232, 0, 0.24739, 0.044611, 68584, 21456, 0, 0, 488, 298, 364, 3.425115, 0.179556, 406636, 122288, 0, 0, 448, 1750, 1021
libpng, 2816405, 6.48, 23, 3, 531, 28, 16704630, 2897550, 3569, 826, 286720, 1916928, 0, 0.23996699999999999, 0.03176, 68416, 24357, 1, 472, 488, 440, 518, 5.317536, 0.287767, 521396, 146085, 0, 88, 3256, 4796, 1891
libxfont2, 2777538, 2.27, 26, 5, 391, 16, 11627314, 2206838, 3068, 725, 172032, 1466368, 0, 0.2611, 0.054557999999999995, 68780, 24513, 0, 272, 496, 481, 432, 3.913723, 0.16935799999999998, 340948, 101825, 1, 64, 2368, 1654, 1636
matchbox-keyboard, 3935551, 1.12, 40, 8, 336, 28, 5847899, 1090177, 3212, 824, 12288, 720896, 0, 0.40174099999999996, 0.086087, 62976, 26242, 0, 24, 512, 607, 247, 3.365972, 0.28066199999999997, 493464, 147493, 1, 0, 896, 4272, 687
gmp, 2903256, 6.27, 26, 6, 526, 31, 32818653, 5134078, 5756, 1022, 364544, 3293184, 0, 0.268188, 0.064735, 66984, 23820, 0, 624, 528, 481, 388, 5.261885, 0.311901, 525572, 147835, 0, 88, 5904, 4316, 1946
vulkan-loader, 3477971, 6.25, 28, 6, 546, 17, 34264753, 3765698, 3099, 762, 294912, 2510848, 0, 0.28601099999999996, 0.066605, 59168, 24283, 0, 488, 488, 365, 342, 5.465573, 0.170229, 278684, 104564, 2, 88, 4416, 1594, 1546
libwebp, 2786438, 7.01, 24, 7, 604, 22, 43981539, 6826534, 6287, 1011, 4096, 4485120, 0, 0.24299199999999999, 0.071702, 68228, 23617, 0, 8, 520, 224, 431, 6.047272, 0.228894, 535108, 151415, 0, 0, 8240, 2862, 1972
mini-x-session, 3069462, 2.97, 27, 5, 139, 13, 1313267, 406055, 1690, 476, 1769472, 294912, 0, 0.277434, 0.054646, 56304, 23645, 1, 2576, 464, 315, 301, 1.39512, 0.131746, 206504, 77546, 2, 880, 112, 827, 620
zstd, 1519069, 10.45, 24, 5, 1539, 35, 212841349, 22008256, 7116, 1677, 0, 14618624, 0, 0.243952, 0.059988, 63444, 22954, 0, 0, 488, 240, 377, 15.39957, 0.35840299999999997, 599348, 193000, 0, 0, 28064, 3399, 2422
matchbox-desktop, 3857337, 3.02, 35, 4, 221, 19, 4811300, 970317, 2605, 606, 45056, 638976, 0, 0.354861, 0.048389999999999996, 62696, 24688, 0, 88, 480, 534, 356, 2.216557, 0.190557, 319368, 108019, 0, 0, 768, 1265, 1115
ttyrun, 1483502, 2.81, 22, 3, 277, 16, 1633340, 471296, 2064, 541, 0, 331776, 0, 0.22291799999999998, 0.037153, 63260, 20823, 0, 0, 456, 218, 374, 2.770347, 0.167733, 336164, 100103, 2, 0, 192, 1575, 1207
bash-completion, 3107632, 7.45, 29, 6, 417, 36, 8580749, 1593813, 10283, 739, 1556480, 868352, 0, 0.295085, 0.063232, 57372, 23721, 5, 1352, 560, 268, 689, 4.173028, 0.361629, 457972, 146323, 2, 1688, 1136, 10166, 2200
libsndfile1, 2910598, 6.36, 28, 7, 628, 27, 31344834, 4401202, 6439, 925, 233472, 2875392, 0, 0.286311, 0.075788, 67292, 24224, 0, 376, 504, 450, 573, 6.281206, 0.270682, 586260, 167319, 0, 80, 5112, 2997, 3250
libedit, 3035927, 4.42, 31, 4, 420, 16, 10218224, 1876707, 2915, 752, 557056, 1236992, 0, 0.31821, 0.045458, 57416, 24385, 2, 920, 496, 299, 573, 4.202726, 0.168281, 435932, 123868, 1, 168, 1920, 1866, 1526
glib-networking, 3387292, 23.26, 63, 4, 4225, 257, 19811144, 4689073, 13537, 4426, 4096, 2650112, 0, 0.632334, 0.045821, 59928, 26156, 0, 8, 784, 3251, 1444, 42.259812, 2.574976, 1760520, 1632985, 3, 0, 4392, 30131, 15236
libxdamage, 2809154, 3.95, 27, 3, 367, 15, 2005291, 558420, 2253, 619, 36864, 380928, 0, 0.27735899999999997, 0.039622, 68944, 24390, 0, 0, 496, 231, 397, 3.673126, 0.15137299999999998, 297836, 100303, 4, 72, 248, 1357, 1047
iw, 3086808, 5.95, 28, 3, 370, 20, 12823169, 2132236, 2758, 671, 614400, 1429504, 0, 0.285343, 0.034587, 56232, 23651, 0, 1008, 488, 420, 401, 3.70245, 0.20010799999999998, 371920, 123304, 7, 192, 2304, 1419, 1453
sysvinit, 3093230, 5.64, 29, 6, 541, 26, 10049577, 1721944, 6189, 954, 2473984, 1105920, 0, 0.29108, 0.063278, 56628, 23531, 3, 1424, 512, 427, 483, 5.415301, 0.26845399999999997, 538836, 175457, 1, 3408, 1648, 2700, 2156
ell, 3014828, 6.46, 27, 4, 429, 18, 23955705, 4109353, 3692, 798, 12288, 2699264, 0, 0.27252499999999996, 0.042581999999999995, 58104, 22311, 1, 24, 496, 329, 351, 4.295101, 0.185359, 356876, 103761, 1, 0, 4776, 1804, 1614
sato-screenshot, 3929388, 2.06, 41, 5, 310, 17, 2489012, 570294, 2318, 593, 0, 389120, 0, 0.41456, 0.058115, 62168, 24559, 0, 0, 480, 478, 220, 3.107522, 0.173213, 342344, 100389, 1, 0, 280, 1532, 595
glibc, 1391819, 16.73, 31, 5, 4074, 146, 513706822, 72971032, 51945, 5640, 4096, 47140864, 0, 0.312063, 0.057789, 63652, 24566, 0, 8, 1096, 586, 1080, 40.746203, 1.4652159999999999, 1258640, 543816, 1, 0, 90976, 29658, 15477
binutils, 3803529, 48.83, 50, 7, 10850, 228, 993588551, 148172678, 45683, 9141, 102400, 98234368, 0, 0.500864, 0.079969, 60352, 25087, 0, 192, 808, 1385, 888, 108.508255, 2.2809, 2003920, 1059212, 0, 8, 191056, 28776, 35747
bluez5, 3695981, 32.36, 43, 6, 2816, 51, 371275536, 34738739, 30645, 2526, 31006720, 22913024, 0, 0.43415699999999996, 0.063626, 62288, 25257, 3, 632, 584, 388, 836, 28.160586, 0.517013, 726264, 235673, 2, 59928, 44168, 9187, 7857
lame, 2762041, 6.37, 22, 6, 455, 32, 19291685, 3326152, 3790, 853, 0, 2191360, 0, 0.22236199999999998, 0.06104, 68248, 24449, 0, 0, 496, 451, 539, 4.554134, 0.322374, 518456, 169713, 1, 0, 3784, 2974, 1568
kmod, 3082128, 5.74, 34, 5, 462, 23, 11796840, 1957795, 3637, 890, 2170880, 1286144, 0, 0.348336, 0.059583, 57308, 24603, 0, 1352, 512, 750, 513, 4.628469, 0.238388, 532368, 148331, 0, 2888, 2000, 1891, 1982
libxft, 2906737, 4.20, 31, 3, 427, 17, 7538684, 1381828, 3967, 735, 0, 901120, 0, 0.313492, 0.032271, 67384, 21688, 0, 0, 504, 506, 364, 4.279154, 0.17374099999999998, 362676, 129779, 0, 0, 1256, 2318, 1553
unzip, 1501840, 4.45, 27, 5, 421, 18, 14423130, 2291182, 3068, 700, 0, 1523712, 0, 0.272872, 0.056306999999999996, 63536, 22933, 0, 0, 472, 135, 332, 4.215655, 0.183842, 419480, 125051, 1, 0, 2504, 2180, 1021
python3-iniparse, 3109349, 4.12, 34, 4, 173, 21, 2547894, 590967, 2298, 519, 172032, 405504, 0, 0.344342, 0.045634999999999995, 57280, 23739, 1, 168, 480, 274, 423, 1.735789, 0.21107599999999999, 336280, 114096, 2, 168, 312, 1996, 795
libgcrypt, 3119200, 20.59, 33, 6, 1044, 32, 208771788, 14280465, 14482, 1350, 14422016, 9424896, 0, 0.331321, 0.060201, 57692, 24649, 0, 2832, 520, 591, 454, 10.443445, 0.322376, 537548, 196691, 1, 25336, 17888, 3578, 3921
pinentry, 2897416, 3.36, 22, 5, 333, 17, 4779295, 1016781, 2323, 624, 344064, 688128, 0, 0.225766, 0.05241, 66752, 23575, 0, 528, 488, 300, 420, 3.33096, 0.178175, 395428, 121693, 2, 144, 856, 1862, 1180
gstreamer1.0-plugins-bad, 3950957, 17.94, 71, 13, 8949, 842, 323018221, 45828646, 52300, 11594, 40960, 28831744, 0, 0.7190489999999999, 0.131825, 67668, 31876, 0, 80, 1528, 7532, 44, 89.492317, 8.421205, 2127596, 3366569, 8, 0, 54784, 188822, 16147
desktop-file-utils, 2921339, 3.53, 24, 3, 315, 14, 5509702, 909225, 2879, 617, 0, 618496, 0, 0.249157, 0.037372999999999997, 67824, 24439, 0, 0, 496, 345, 327, 3.1583930000000002, 0.14790799999999998, 432404, 122958, 0, 0, 712, 1534, 1170
libcap-ng, 2834916, 6.85, 23, 5, 344, 18, 4108478, 865127, 4115, 718, 475136, 557056, 0, 0.23354699999999998, 0.059313, 68948, 23687, 0, 840, 488, 509, 393, 3.447228, 0.18056799999999998, 490152, 150233, 1, 88, 600, 6537, 1830
speex, 2758076, 6.79, 22, 4, 498, 29, 12694645, 2798352, 3692, 828, 0, 1851392, 0, 0.223963, 0.046336999999999996, 68216, 24270, 0, 0, 496, 363, 458, 4.983935, 0.295611, 514236, 145247, 0, 0, 3120, 8957, 1594
matchbox-theme-sato, 3400305, 2.55, 33, 4, 160, 10, 1387675, 431296, 1874, 466, 20480, 307200, 0, 0.340022, 0.043039999999999995, 59176, 23918, 4, 40, 472, 173, 364, 1.606461, 0.102813, 213808, 77863, 1, 0, 128, 1091, 564
bc, 2858349, 4.43, 22, 4, 378, 27, 7016281, 1372806, 3078, 732, 8192, 909312, 0, 0.221738, 0.042642, 69404, 23935, 0, 8, 496, 301, 332, 3.785936, 0.27785499999999996, 488788, 167460, 0, 8, 1280, 2518, 1444
libstd-rs, 3414524, 45.72, 30, 5, 8215, 75, 1093675976, 135419538, 26779, 6364, 24576, 90259456, 0, 0.301523, 0.055156, 58328, 24438, 3, 48, 496, 306, 425, 82.151092, 0.757659, 999320, 313838, 1, 0, 175792, 3416, 13981
libcheck, 3012249, 5.76, 29, 6, 485, 28, 5721747, 1110392, 2946, 736, 1466368, 724992, 0, 0.295147, 0.068733, 56996, 23926, 2, 1016, 496, 496, 368, 4.857091, 0.280275, 549060, 153226, 0, 1848, 920, 2151, 1732
xcb-util, 2818693, 3.42, 24, 2, 315, 21, 2002142, 555594, 2309, 620, 167936, 368640, 0, 0.24827, 0.029644, 68792, 24260, 0, 248, 480, 258, 531, 3.157907, 0.213054, 314064, 100243, 0, 80, 240, 1841, 1296
python3-six, 3046428, 2.78, 24, 3, 137, 12, 2002694, 489630, 2018, 470, 4096, 356352, 0, 0.245853, 0.030730999999999998, 57104, 23483, 1, 8, 472, 307, 352, 1.376487, 0.126943, 219448, 84170, 1, 0, 224, 820, 851
debugedit, 3617218, 3.15, 28, 4, 330, 23, 4816801, 1024488, 2625, 617, 4096, 688128, 0, 0.280763, 0.049811999999999995, 59296, 23874, 1, 8, 480, 282, 379, 3.309464, 0.23521499999999998, 406924, 122714, 0, 0, 864, 1777, 1066
ppp, 3507456, 7.27, 44, 5, 1069, 47, 25118585, 4279752, 7587, 1213, 12288, 2760704, 0, 0.44367799999999996, 0.054412999999999996, 59876, 24611, 0, 24, 520, 454, 508, 10.690765, 0.470549, 1040560, 308346, 1, 0, 4872, 6561, 2901
xf86-input-libinput, 3633656, 3.35, 44, 3, 376, 19, 5249226, 1052091, 2472, 658, 28672, 700416, 0, 0.442938, 0.036086, 60628, 24225, 0, 56, 488, 318, 525, 3.769744, 0.197181, 438048, 123687, 0, 0, 880, 1939, 1099
pcmanfm, 3933802, 3.02, 44, 3, 2885, 342, 21974297, 4624368, 7914, 3664, 0, 2711552, 0, 0.447993, 0.036654, 64216, 25739, 0, 0, 688, 3276, 56, 28.856054, 3.426257, 1774084, 1258698, 4, 0, 4608, 51789, 6851
alsa-plugins, 3555222, 7.02, 40, 5, 1022, 61, 7440386, 1557227, 6213, 1278, 40960, 929792, 0, 0.402976, 0.057567999999999994, 60692, 24157, 1, 72, 536, 694, 571, 10.220295, 0.6179359999999999, 1188756, 382573, 0, 8, 1280, 6675, 3449
libdaemon, 3000318, 3.39, 22, 7, 393, 16, 2505605, 659196, 2461, 654, 393216, 446464, 0, 0.22912, 0.076373, 56588, 24461, 5, 680, 488, 386, 523, 3.931094, 0.16008799999999998, 389932, 122906, 1, 88, 384, 1911, 1314
libxkbfile, 2770737, 2.64, 24, 3, 349, 18, 8087977, 1471532, 2471, 656, 0, 987136, 0, 0.244866, 0.0371, 68852, 24347, 0, 0, 480, 220, 449, 3.494906, 0.183978, 350268, 101201, 0, 0, 1448, 11137, 1069
libxinerama, 2781689, 2.76, 24, 7, 400, 19, 2050296, 573680, 2367, 661, 0, 393216, 0, 0.243754, 0.070767, 68820, 23634, 0, 0, 488, 312, 326, 4.004995, 0.193121, 355800, 122605, 0, 0, 280, 1771, 1392
matchbox-wm, 3385156, 4.19, 35, 4, 313, 15, 8308182, 1552813, 3333, 639, 61440, 1019904, 0, 0.35611699999999996, 0.041409, 59368, 24195, 2, 120, 488, 294, 454, 3.132391, 0.154072, 334296, 108633, 1, 0, 1504, 2281, 1051
consolekit, 3117639, 6.46, 27, 5, 392, 15, 13024162, 1803050, 5233, 717, 40960, 1175552, 0, 0.275215, 0.055042999999999995, 58712, 21446, 6, 80, 488, 520, 319, 3.923873, 0.15298499999999998, 370008, 108237, 0, 0, 1808, 1932, 1515
e2fsprogs, 3017826, 29.58, 45, 8, 3714, 157, 243083150, 34514367, 40822, 4582, 200704, 22167552, 0, 0.458982, 0.08020999999999999, 58532, 25880, 0, 304, 880, 1918, 1671, 37.145107, 1.5709689999999998, 2208372, 1006048, 0, 88, 42416, 30394, 16260
coreutils, 3051962, 109.09, 58, 7, 7065, 213, 674375471, 56679061, 103482, 6002, 2375680, 37007360, 0, 0.582394, 0.076749, 61280, 30344, 2, 2064, 944, 2104, 1346, 70.650294, 2.138033, 2067212, 1199430, 1, 2576, 71336, 46323, 24318
taglib, 1489363, 13.74, 25, 4, 792, 25, 68645242, 8075618, 6188, 1106, 4096, 5271552, 0, 0.258302, 0.046578999999999995, 63448, 23026, 0, 8, 520, 191, 418, 7.923348, 0.258673, 474828, 140068, 0, 0, 9776, 4778, 2570
libxdmcp, 2797067, 2.90, 24, 3, 365, 18, 2948101, 651180, 2328, 658, 155648, 434176, 0, 0.248224, 0.034838, 68464, 24510, 0, 256, 488, 313, 391, 3.658837, 0.182694, 431672, 121675, 2, 48, 360, 1806, 1159
npth, 2990023, 3.55, 26, 5, 301, 11, 2096289, 560317, 2338, 614, 344064, 401408, 0, 0.260915, 0.051327, 56932, 24305, 8, 608, 488, 388, 380, 3.018852, 0.119794, 348724, 100765, 0, 64, 296, 1114, 1268
pixman, 1499191, 8.11, 30, 3, 602, 18, 49413481, 6447139, 3241, 878, 4096, 4288512, 0, 0.303452, 0.03958, 64016, 23558, 0, 8, 480, 176, 474, 6.022392, 0.186627, 364764, 106571, 0, 0, 7896, 1894, 1460
libassuan, 2994768, 3.89, 24, 5, 440, 17, 7117215, 1285790, 2639, 695, 581632, 851968, 0, 0.24586799999999998, 0.052686, 56752, 24423, 4, 1048, 488, 432, 380, 4.400363, 0.1707, 432540, 122712, 0, 88, 1176, 1473, 1471
pango, 3777848, 6.21, 41, 6, 870, 27, 77040690, 9797978, 15992, 1271, 40960, 6332416, 0, 0.414576, 0.067121, 61168, 23776, 0, 80, 544, 199, 566, 8.708848, 0.278005, 554528, 160876, 1, 0, 11824, 7688, 2519
libffi, 3037606, 3.88, 23, 4, 389, 17, 4268919, 996794, 2477, 674, 1142784, 667648, 0, 0.234569, 0.043004, 57192, 24240, 1, 848, 496, 408, 355, 3.895269, 0.17549499999999998, 433624, 123075, 0, 1384, 808, 1455, 1551
libxv, 2792142, 4.28, 23, 3, 375, 21, 2817100, 673003, 2803, 670, 0, 446464, 0, 0.23277699999999998, 0.035508, 68992, 21855, 0, 0, 488, 377, 345, 3.758305, 0.219745, 429964, 130025, 0, 0, 384, 2485, 1206
connman-gnome, 3857903, 4.02, 43, 3, 315, 19, 5331498, 1145324, 3321, 656, 143360, 737280, 0, 0.433488, 0.039408, 63136, 24713, 0, 280, 488, 300, 563, 3.1548249999999998, 0.194793, 307444, 102762, 1, 0, 952, 2380, 1042
xcb-proto, 2795464, 3.48, 25, 2, 252, 14, 7983932, 847349, 2661, 523, 106496, 573440, 0, 0.25842899999999996, 0.029176999999999998, 68396, 24352, 0, 128, 480, 214, 733, 2.529767, 0.148538, 286500, 92684, 1, 80, 640, 8352, 1152
libatomic-ops, 2918489, 4.20, 19, 4, 336, 23, 4459388, 942750, 2555, 636, 323584, 610304, 0, 0.196825, 0.043301, 66984, 24230, 0, 544, 496, 250, 443, 3.361677, 0.234211, 507252, 154890, 1, 88, 696, 2384, 1417
mdadm, 3733722, 8.72, 42, 4, 647, 37, 43367893, 6141073, 6926, 936, 3592192, 4030464, 0, 0.42121899999999995, 0.049554999999999995, 61124, 24845, 0, 912, 512, 335, 603, 6.47992, 0.37307199999999996, 653296, 186908, 2, 6104, 7360, 5728, 1994
libxrender, 2942960, 3.91, 31, 6, 420, 15, 5368712, 911519, 2760, 674, 1937408, 606208, 0, 0.319766, 0.067319, 57544, 23470, 180, 3696, 488, 772, 454, 4.201199, 0.153919, 426732, 123706, 0, 88, 696, 1957, 1563
libsoup, 3387262, 22.65, 57, 9, 4026, 235, 39437965, 7028692, 12837, 4448, 237568, 4268032, 0, 0.570503, 0.09874, 59948, 26731, 0, 376, 784, 3806, 1226, 40.260055, 2.357622, 1839780, 1527864, 2, 88, 7552, 25727, 14890
curl, 3045305, 40.73, 37, 6, 2215, 98, 254243444, 23994538, 117288, 2515, 135168, 14761984, 0, 0.379949, 0.061947999999999996, 58524, 24912, 0, 264, 864, 436, 592, 22.156476, 0.9855039999999999, 700984, 230726, 0, 0, 27968, 30844, 11759
at-spi2-core, 3232280, 34.90, 97, 13, 6165, 343, 52709313, 8607805, 17177, 6212, 229376, 4919296, 0, 0.9788009999999999, 0.13982799999999998, 58940, 28301, 4, 440, 936, 4024, 1928, 61.652582, 3.43593, 1720992, 2248311, 1, 8, 8672, 39743, 25393
xserver-xorg, 3634312, 30.29, 46, 5, 2712, 63, 259592312, 38909080, 16847, 2969, 348160, 25694208, 0, 0.46719099999999997, 0.056385, 60744, 25766, 11, 592, 640, 590, 615, 27.123948, 0.63494, 812304, 312969, 0, 88, 49544, 8809, 6815
libyaml, 2837847, 6.45, 18, 3, 235, 10, 5847603, 1085899, 2253, 628, 323584, 741376, 0, 0.186505, 0.034256, 68556, 23637, 0, 536, 488, 312, 323, 2.352726, 0.104019, 349504, 100815, 0, 96, 960, 749, 1090
xinput, 2756264, 7.29, 24, 5, 338, 25, 4013223, 857370, 2251, 622, 0, 581632, 0, 0.247413, 0.058213999999999995, 68860, 24310, 0, 0, 488, 262, 430, 3.387466, 0.257484, 389388, 122043, 0, 0, 648, 1877, 1177
gnome-desktop-testing, 2860560, 3.12, 26, 4, 350, 18, 2505745, 641654, 2265, 605, 0, 442368, 0, 0.26559299999999997, 0.046373, 69084, 24215, 0, 0, 496, 291, 400, 3.505422, 0.183435, 297808, 121860, 0, 0, 368, 2161, 1082
startup-notification, 2935417, 3.60, 25, 2, 378, 13, 3007127, 728977, 2253, 647, 315392, 487424, 0, 0.25096, 0.029774, 68012, 24322, 0, 544, 504, 277, 359, 3.784417, 0.135284, 329200, 100701, 0, 72, 448, 1365, 1063
libevdev, 2731457, 5.39, 19, 4, 322, 26, 5523772, 1087372, 3226, 677, 0, 720896, 0, 0.19479, 0.047615, 68048, 23802, 0, 0, 488, 761, 172, 3.228665, 0.26203299999999996, 424728, 123323, 0, 0, 920, 3665, 765
json-glib, 3034312, 20.34, 59, 7, 3816, 209, 22264287, 4278487, 13548, 3834, 0, 2469888, 0, 0.5976509999999999, 0.07309399999999999, 59564, 25723, 0, 0, 752, 2482, 1320, 38.163269, 2.095729, 1583228, 1357595, 0, 0, 4072, 27622, 12567
gstreamer1.0-plugins-good, 3879479, 47.07, 105, 12, 9027, 368, 258687340, 38032625, 33653, 8101, 200704, 24162304, 0, 1.059512, 0.124885, 65360, 28711, 0, 392, 1160, 2420, 2067, 90.279932, 3.687915, 1917812, 2390271, 0, 0, 46032, 40187, 27530
xkbcomp, 2752628, 3.78, 26, 4, 445, 20, 9789257, 1746184, 2627, 690, 0, 1171456, 0, 0.26137, 0.044923, 68812, 24135, 0, 0, 488, 348, 411, 4.452185, 0.20398, 389976, 123135, 0, 0, 1800, 2223, 1404
librsvg, 3898409, 9.17, 41, 5, 985, 29, 104313264, 12047963, 5156, 1773, 8192, 7872512, 0, 0.4165, 0.057846999999999996, 63196, 24954, 0, 16, 528, 345, 930, 9.850705, 0.298652, 558624, 182634, 0, 0, 14848, 4509, 4045
vala, 2863869, 36.53, 27, 8, 2394, 40, 257964467, 29119464, 14397, 2003, 0, 19349504, 0, 0.27106199999999997, 0.087809, 69152, 21406, 0, 0, 552, 407, 559, 23.948505, 0.40431, 558536, 189693, 0, 0, 37240, 6079, 8342
gstreamer1.0-plugins-base, 3814888, 40.59, 78, 14, 7835, 301, 270697303, 35897344, 29624, 7213, 110592, 22925312, 0, 0.785136, 0.140202, 63484, 27355, 0, 216, 1088, 3034, 2278, 78.356069, 3.012378, 1954852, 1910716, 0, 0, 43688, 37278, 19755
quota, 2997485, 8.22, 34, 4, 836, 27, 32291187, 3142652, 6555, 987, 12288, 2031616, 0, 0.349144, 0.041745, 58140, 25112, 2, 24, 496, 406, 468, 8.362636, 0.2779, 717276, 221710, 1, 0, 3472, 3565, 3091
l3afpad, 3862168, 13.23, 69, 12, 2884, 147, 8470668, 2608598, 6591, 2674, 32768, 1536000, 0, 0.694226, 0.12550899999999998, 61892, 27160, 0, 64, 672, 1268, 978, 28.843239, 1.478657, 1446068, 920521, 1, 0, 2328, 18965, 7247
libx11, 2939427, 18.04, 34, 5, 1243, 50, 110110203, 11677107, 21218, 1509, 258048, 7327744, 0, 0.346278, 0.052599, 66512, 24457, 5, 416, 640, 267, 590, 12.434635, 0.5074489999999999, 685312, 220238, 1, 88, 13672, 27919, 7610
perl, 3074252, 366.36, 464, 70, 51282, 2451, 1600948295, 175003800, 278130, 42173, 304807936, 110260224, 0, 4.643335, 0.702205, 72100, 42673, 1152, 25024, 4640, 29644, 15765, 512.824099, 24.517984, 2766176, 14486824, 64, 570304, 210712, 361420, 208341
xinit, 3366541, 4.33, 32, 4, 299, 14, 2133291, 577259, 2448, 601, 1171456, 397312, 0, 0.323285, 0.046182999999999995, 59700, 23897, 0, 1336, 488, 535, 350, 2.990072, 0.148229, 382796, 122249, 0, 952, 288, 1734, 1192
procps, 2899462, 10.76, 38, 6, 1548, 68, 38052020, 5419133, 9722, 1818, 315392, 3465216, 0, 0.384735, 0.06691, 67320, 24198, 0, 536, 576, 852, 622, 15.4883, 0.687106, 1697876, 453498, 1, 80, 6192, 7854, 6713
icu, 2827853, 76.38, 27, 7, 4518, 73, 513067437, 79061615, 31190, 4714, 360448, 52473856, 0, 0.27694199999999997, 0.073562, 68016, 24103, 0, 616, 672, 869, 534, 45.186273, 0.7323419999999999, 886152, 331613, 1, 88, 101816, 10753, 14747
liberror-perl, 3025300, 3.90, 20, 6, 284, 18, 3244931, 554715, 2408, 570, 0, 368640, 0, 0.204181, 0.060052999999999995, 57060, 23782, 0, 0, 480, 190, 416, 2.841629, 0.182159, 337548, 128836, 0, 0, 240, 1752, 1151
libsoup-2.4, 3387336, 23.39, 57, 6, 4183, 230, 43028197, 7155158, 11689, 4283, 208896, 4362240, 0, 0.570688, 0.06687699999999999, 59992, 26668, 0, 320, 768, 2939, 1250, 41.831372, 2.3078469999999998, 1697472, 1486397, 2, 88, 7752, 26423, 13633
matchbox-session, 1487598, 2.39, 24, 5, 138, 13, 1306158, 405747, 1768, 475, 225280, 294912, 0, 0.24043299999999998, 0.05389, 63292, 23364, 0, 440, 464, 251, 323, 1.3825129999999999, 0.13419799999999998, 219656, 77559, 1, 0, 112, 707, 582
xdpyinfo, 2889785, 3.09, 27, 6, 339, 17, 2507399, 648120, 2341, 629, 32768, 442368, 0, 0.27197, 0.067992, 67628, 24469, 0, 64, 488, 283, 416, 3.3918049999999997, 0.176535, 340392, 121656, 0, 0, 376, 1460, 1175
libxcvt, 1484183, 3.33, 23, 5, 401, 17, 2018663, 560578, 2700, 647, 4096, 380928, 0, 0.239774, 0.054865, 64108, 21654, 0, 0, 480, 330, 480, 4.012255, 0.17875, 341964, 121623, 0, 8, 264, 2823, 1414
libmnl, 2900173, 3.00, 20, 4, 259, 17, 2226282, 585755, 2246, 609, 274432, 409600, 0, 0.201446, 0.041110999999999995, 66992, 23549, 0, 448, 488, 349, 356, 2.599489, 0.175998, 314344, 100209, 2, 88, 312, 1527, 993
xf86-video-cirrus, 3625932, 3.29, 36, 6, 340, 17, 5044261, 1026738, 2496, 616, 16384, 684032, 0, 0.36674399999999996, 0.068512, 60352, 23619, 2, 32, 488, 559, 412, 3.409021, 0.172375, 413512, 122002, 3, 0, 848, 1196, 1423
libxcb, 2910361, 19.01, 46, 5, 2477, 148, 57401643, 7987271, 45063, 3283, 16035840, 4288512, 0, 0.46200199999999997, 0.057749999999999996, 68064, 25170, 0, 896, 896, 1617, 718, 24.775265, 1.482021, 1552452, 646115, 0, 30424, 7480, 50222, 10577
expat, 3043869, 6.23, 27, 4, 487, 26, 29666652, 3325586, 3797, 883, 258048, 2195456, 0, 0.278588, 0.046431, 56952, 23469, 1, 320, 488, 608, 248, 4.87216, 0.265063, 635944, 175840, 0, 184, 3800, 2456, 1666
wpa-supplicant, 3076470, 41.05, 39, 5, 1669, 32, 128584510, 20646313, 8347, 1760, 40960, 13692928, 0, 0.394876, 0.052381, 57468, 24242, 0, 0, 560, 322, 543, 16.695727, 0.325949, 537292, 210524, 0, 80, 26184, 3328, 5381
xz, 3120279, 15.18, 40, 9, 1848, 110, 35117145, 5506088, 10638, 2222, 2113536, 3391488, 0, 0.404811, 0.09140899999999999, 57316, 25011, 1, 1592, 624, 1697, 882, 18.484903, 1.103307, 1915592, 644529, 0, 2536, 6000, 12373, 8351
libfm-extra, 2804443, 3.10, 22, 3, 326, 16, 2400011, 619861, 2198, 627, 0, 421888, 0, 0.22912, 0.038907, 69380, 24582, 0, 0, 496, 275, 391, 3.266979, 0.160192, 265968, 100399, 0, 0, 328, 1418, 1032
libglu, 3486818, 6.88, 38, 4, 668, 22, 61906704, 8584195, 4953, 1054, 4096, 5664768, 0, 0.383827, 0.046396, 59356, 24421, 0, 8, 496, 225, 418, 6.6814219999999995, 0.22322799999999998, 415588, 135870, 4, 0, 10568, 4817, 2647
font-util, 2773768, 3.09, 27, 4, 421, 31, 3701351, 691116, 3001, 665, 1011712, 471040, 0, 0.27760199999999996, 0.045561, 68744, 25880, 0, 1872, 488, 441, 455, 4.219588, 0.31769, 490044, 147412, 0, 104, 432, 3769, 2137
glib-2.0, 3272615, 110.27, 81, 12, 9515, 392, 453487242, 53486025, 106146, 8930, 61403136, 34631680, 0, 0.817124, 0.12878499999999998, 59288, 28856, 25, 4984, 1240, 4215, 2495, 95.151086, 3.927841, 2235240, 2367341, 1, 114944, 66400, 66244, 37599
libcap, 1490545, 4.41, 28, 3, 544, 30, 8296187, 1563883, 5058, 796, 0, 999424, 0, 0.28039, 0.037663999999999996, 63736, 23726, 0, 0, 480, 382, 346, 5.449426, 0.30465, 618272, 174325, 3, 0, 1472, 3066, 2205
libxfixes, 2937759, 3.21, 24, 5, 434, 18, 3254237, 681774, 2240, 661, 208896, 458752, 0, 0.248416, 0.056656, 67392, 24294, 1, 320, 488, 245, 482, 4.343122, 0.181333, 339260, 121720, 1, 88, 408, 2213, 1208
alsa-lib, 3007978, 7.71, 28, 5, 864, 36, 52775212, 7859252, 6224, 1214, 8249344, 5148672, 0, 0.28890099999999996, 0.055028, 56760, 23931, 3, 1072, 536, 408, 434, 8.644760999999999, 0.360429, 742512, 207833, 1, 15040, 9520, 4484, 2480
libpcre2, 2845215, 12.00, 27, 5, 943, 37, 54272398, 6804512, 8225, 1282, 327680, 4423680, 0, 0.275014, 0.054168999999999995, 69060, 24053, 0, 552, 544, 907, 408, 9.438525, 0.370566, 958588, 268847, 2, 88, 8096, 2489, 4413
util-linux-libuuid, 3042141, 3.20, 24, 3, 297, 10, 2526058, 673600, 2220, 627, 802816, 458752, 0, 0.247753, 0.031532, 57172, 23742, 0, 1056, 496, 302, 403, 2.970053, 0.10894699999999999, 331432, 100548, 1, 512, 400, 1413, 1100
matchbox-config-gtk, 3857211, 3.04, 35, 3, 246, 17, 2014571, 526094, 2265, 561, 0, 364544, 0, 0.356993, 0.032826999999999995, 61864, 24476, 0, 0, 480, 573, 211, 2.463793, 0.17729799999999998, 350372, 101699, 1, 0, 232, 910, 1103
libxt, 2745486, 4.45, 24, 5, 526, 28, 25409839, 3799932, 7152, 879, 0, 2424832, 0, 0.240635, 0.052502, 68616, 21518, 0, 0, 528, 271, 352, 5.2634, 0.28758, 461200, 134705, 0, 0, 4208, 6382, 1854
rgb, 2753918, 2.63, 30, 5, 361, 19, 1814812, 515311, 2118, 594, 0, 364544, 0, 0.306905, 0.053708, 68680, 24046, 0, 0, 488, 235, 360, 3.610993, 0.198045, 435804, 122656, 0, 0, 224, 1765, 1210
elfutils, 3803571, 31.02, 37, 7, 4929, 142, 658080315, 73679758, 86384, 5163, 172032, 48234496, 0, 0.37867, 0.079941, 61040, 26314, 1, 248, 808, 1194, 655, 49.295575, 1.4288859999999999, 1477240, 538793, 0, 88, 93400, 30687, 21192
shared-mime-info, 3262008, 33.73, 75, 11, 5106, 271, 57820110, 7636196, 23696, 4962, 28672, 4304896, 0, 0.7600009999999999, 0.11463699999999999, 57816, 28805, 4, 56, 856, 3758, 1524, 51.065992, 2.718015, 1745400, 1727482, 1, 0, 7552, 45168, 22941
gawk, 2863077, 17.48, 30, 5, 2226, 124, 80822666, 11023908, 27566, 2524, 40960, 6991872, 0, 0.305822, 0.054773999999999996, 69448, 25306, 0, 8, 688, 1278, 712, 22.261236, 1.249887, 1932464, 664802, 1, 72, 12968, 26501, 10443
libksba, 2987416, 5.06, 29, 5, 433, 21, 13212177, 2223649, 2754, 734, 389120, 1478656, 0, 0.298411, 0.058024, 56740, 24313, 14, 688, 496, 289, 439, 4.337309, 0.218431, 434340, 123627, 1, 72, 2392, 1503, 1568
libtasn1, 2824691, 7.24, 28, 6, 550, 25, 9103723, 1537735, 4016, 760, 196608, 995328, 0, 0.285089, 0.064145, 68312, 23769, 0, 296, 504, 366, 459, 5.505876, 0.25290799999999997, 485136, 152243, 1, 88, 1440, 4642, 1597
python3-pygobject, 3695759, 7.74, 37, 4, 491, 25, 22569271, 3313538, 4325, 775, 163840, 2166784, 0, 0.371243, 0.040795, 60396, 23512, 2, 312, 504, 408, 481, 4.911914, 0.253467, 377172, 113318, 1, 8, 3728, 4350, 1831
libgudev, 3004290, 4.97, 35, 3, 344, 18, 3739961, 699814, 2329, 648, 45056, 458752, 0, 0.35520199999999996, 0.033152, 57856, 24281, 2, 88, 472, 170, 517, 3.448853, 0.18773099999999998, 350284, 101005, 0, 0, 424, 1500, 1241
libpciaccess, 2780670, 2.35, 23, 4, 329, 17, 3120577, 726573, 2271, 618, 245760, 495616, 0, 0.232344, 0.044065, 68544, 23652, 0, 400, 488, 301, 374, 3.298432, 0.173029, 348340, 100587, 0, 80, 480, 1905, 1373
libical, 3215736, 12.66, 29, 4, 755, 21, 59921001, 6092907, 6321, 960, 86016, 3973120, 0, 0.292651, 0.049408, 55976, 23787, 0, 168, 512, 459, 521, 7.556418, 0.21958699999999998, 392236, 115272, 0, 0, 7248, 2021, 3160
readline, 3032313, 6.68, 24, 4, 574, 19, 31475480, 4468128, 3711, 906, 5279744, 2957312, 0, 0.241971, 0.048394, 57260, 24441, 1, 880, 496, 512, 453, 5.746859, 0.194213, 551312, 155301, 0, 9432, 5280, 2115, 1963
libunistring, 2826062, 27.79, 30, 4, 716, 32, 55078185, 6282855, 6999, 1038, 147456, 3985408, 0, 0.30317099999999997, 0.044354, 68204, 23602, 0, 200, 576, 366, 481, 7.162313, 0.325023, 484324, 142384, 0, 88, 7208, 13471, 2984
sed, 3050937, 23.25, 41, 5, 2856, 160, 31737261, 5229733, 9835, 2952, 1261568, 3207168, 0, 0.412105, 0.054946999999999996, 58316, 25421, 1, 696, 640, 1796, 948, 28.560505, 1.6002480000000001, 1736016, 1004264, 0, 1768, 5624, 20472, 11375
gconf, 3361181, 28.53, 68, 7, 5568, 302, 67535277, 9946343, 14907, 5503, 36864, 6045696, 0, 0.688479, 0.079249, 60480, 26772, 1, 72, 832, 3782, 1349, 55.687558, 3.029914, 2045388, 1935047, 2, 0, 10976, 41999, 18728
vulkan-headers, 2964307, 24.03, 22, 7, 1218, 15, 145666717, 3982185, 3659, 653, 737280, 2658304, 0, 0.227403, 0.07159, 57288, 23619, 14, 1272, 472, 411, 407, 12.185029, 0.152504, 268044, 105860, 0, 168, 4720, 1711, 3207
init-system-helpers, 1491064, 2.95, 25, 4, 199, 18, 1551720, 486814, 1797, 523, 0, 335872, 0, 0.25051599999999996, 0.048345, 63728, 23795, 0, 0, 480, 190, 313, 1.992804, 0.18070899999999998, 330000, 120918, 1, 0, 176, 1404, 842
gtk+3, 3863750, 79.94, 108, 17, 15142, 506, 660058570, 85621751, 46332, 12084, 135168, 55721984, 0, 1.081985, 0.179033, 65552, 30642, 0, 264, 1376, 4016, 2250, 151.421498, 5.061693, 2115068, 3002005, 1, 0, 107456, 74921, 36028
libxau, 2793580, 4.25, 30, 4, 409, 20, 1992878, 571231, 2618, 655, 155648, 385024, 0, 0.301309, 0.046681, 68532, 24645, 0, 240, 488, 418, 348, 4.093336, 0.20799099999999998, 420972, 123918, 1, 64, 264, 4118, 1841
connman, 3573356, 14.09, 38, 8, 1013, 35, 64471618, 8269403, 9416, 1372, 28672, 5410816, 0, 0.389632, 0.082649, 60744, 24967, 0, 48, 544, 555, 559, 10.135956, 0.35229499999999997, 754364, 219661, 0, 8, 10024, 3675, 3455
xorgproto, 1486875, 4.06, 25, 7, 268, 17, 6802084, 1261279, 3011, 559, 94208, 823296, 0, 0.25343499999999997, 0.070812, 64336, 24104, 0, 184, 488, 318, 412, 2.686673, 0.176535, 334488, 99027, 1, 0, 1120, 1982, 1108
gpgme, 3141422, 22.09, 34, 6, 1073, 28, 108630236, 12355268, 7812, 1384, 110592, 8159232, 0, 0.346648, 0.06740299999999999, 56584, 24127, 4, 112, 552, 357, 563, 10.73043, 0.28532799999999997, 675700, 194984, 3, 104, 15384, 3504, 3497
libseccomp, 2827580, 32.32, 27, 6, 993, 40, 181934187, 5847338, 22317, 1050, 155648, 3731456, 0, 0.275574, 0.069812, 69400, 23973, 0, 296, 536, 338, 475, 9.933492, 0.403733, 683292, 219648, 0, 8, 6752, 10607, 3202
libsm, 2914550, 3.71, 29, 5, 400, 19, 4412354, 805315, 2310, 670, 536576, 540672, 0, 0.299519, 0.054841, 66980, 24241, 0, 880, 488, 332, 366, 4.001011, 0.19333799999999998, 432876, 122134, 2, 168, 568, 1855, 1297
sudo, 2896706, 22.95, 41, 5, 3641, 179, 119230166, 15118395, 13368, 3445, 4096, 9699328, 0, 0.415305, 0.05873, 67476, 24679, 0, 8, 680, 1602, 908, 36.414322, 1.7931659999999998, 1925784, 1041469, 1, 0, 18264, 22884, 12705
dbus-glib, 3032985, 5.67, 30, 3, 523, 25, 12817878, 2092379, 3628, 870, 0, 1359872, 0, 0.30975199999999997, 0.038718999999999996, 58468, 24037, 0, 0, 504, 428, 643, 5.232602, 0.25607399999999997, 545768, 167113, 2, 0, 2152, 2218, 1960
python3-dbus, 2966739, 4.40, 32, 6, 358, 18, 10155920, 1551002, 3392, 669, 36864, 1015808, 0, 0.32360099999999997, 0.06292199999999999, 58612, 21813, 3, 64, 488, 304, 462, 3.58289, 0.181383, 373660, 111114, 0, 8, 1496, 2815, 1146
libinput, 2739540, 9.26, 36, 5, 929, 35, 74616983, 8351412, 9267, 1240, 0, 5443584, 0, 0.363166, 0.050091, 69296, 24267, 0, 0, 536, 349, 512, 9.298585, 0.354084, 697732, 203306, 1, 0, 10096, 10980, 10481
wayland, 3803510, 5.86, 32, 6, 605, 31, 31568513, 3504784, 9783, 894, 4243456, 2269184, 0, 0.328966, 0.066576, 60032, 24531, 0, 3592, 504, 467, 484, 6.053852, 0.314477, 452356, 154700, 2, 4696, 3928, 3979, 2633
alsa-state, 3079445, 3.28, 33, 4, 162, 14, 1339819, 437334, 1849, 530, 1724416, 311296, 0, 0.338598, 0.041743999999999996, 56820, 24030, 3, 2544, 472, 378, 304, 1.627705, 0.140116, 306536, 102468, 0, 824, 136, 1857, 742
busybox, 3096883, 20.29, 38, 10, 979, 43, 56353718, 10254286, 13713, 2287, 3555328, 6479872, 0, 0.386376, 0.10419099999999999, 58164, 24537, 1, 1456, 752, 1548, 672, 9.794855, 0.433, 722360, 247439, 0, 5488, 11904, 6808, 5278
zip, 1489799, 5.11, 28, 3, 443, 17, 18101245, 2556472, 3199, 674, 0, 1712128, 0, 0.288087, 0.037038999999999996, 63392, 23434, 0, 0, 472, 162, 327, 4.432363, 0.17913199999999999, 427456, 125327, 0, 0, 2872, 1725, 1358
iptables, 3451078, 29.07, 81, 9, 5954, 307, 43551502, 7237695, 30977, 5472, 6950912, 4128768, 0, 0.8173229999999999, 0.094306, 60480, 28996, 1, 1016, 872, 1889, 1298, 59.545601, 3.076058, 1605672, 2026948, 3, 12560, 7192, 42857, 15912
popt, 3117613, 14.18, 42, 10, 2317, 130, 6930955, 2156862, 7726, 2621, 2322432, 1232896, 0, 0.42543699999999995, 0.10399499999999999, 57772, 25175, 0, 1976, 632, 2013, 1014, 23.170257, 1.300667, 1684656, 898696, 0, 2560, 1776, 13904, 9774
xf86-video-vesa, 3630221, 3.94, 33, 5, 319, 18, 2810088, 705774, 2298, 605, 16384, 475136, 0, 0.33502299999999996, 0.055102, 60744, 23544, 2, 32, 488, 521, 252, 3.197228, 0.18948299999999998, 382304, 121627, 1, 0, 440, 1585, 1088
pciutils, 3080976, 5.17, 34, 3, 551, 24, 12585445, 2814873, 3662, 938, 569344, 1855488, 0, 0.344416, 0.038267999999999996, 56976, 24222, 0, 944, 496, 576, 458, 5.517544, 0.24095, 595084, 169066, 3, 168, 3128, 2483, 1873
puzzles, 3866500, 14.39, 42, 5, 1271, 28, 192060914, 14799936, 14916, 1210, 0, 9809920, 0, 0.42419599999999996, 0.057657, 61532, 23236, 0, 0, 480, 292, 346, 12.716209, 0.28297, 388384, 138953, 0, 0, 18680, 4730, 3442
fribidi, 1481195, 4.59, 28, 4, 513, 24, 8643375, 1095218, 3502, 751, 0, 696320, 0, 0.283647, 0.040521, 63616, 23577, 0, 0, 496, 327, 582, 5.13448, 0.249304, 546940, 156060, 1, 0, 864, 2701, 1927
matchbox-panel-2, 3902275, 3.13, 36, 6, 331, 17, 9320061, 1516322, 5275, 729, 4096, 974848, 0, 0.361695, 0.06683399999999999, 61980, 23825, 0, 8, 496, 341, 533, 3.31493, 0.17330299999999998, 348544, 103032, 0, 0, 1408, 1705, 1487
vte, 3890925, 33.94, 71, 9, 7232, 375, 81533121, 11827416, 15635, 6256, 20480, 7122944, 0, 0.719958, 0.095166, 63824, 26902, 0, 40, 864, 3464, 1636, 72.320091, 3.7597389999999997, 1652560, 2218899, 2, 0, 13048, 44449, 18461
libgcc, 1400276, 4.00, 22, 5, 814, 22, 86654574, 13983422, 6367, 1243, 0, 9256960, 0, 0.222211, 0.056561999999999994, 62816, 22872, 0, 0, 512, 801, 10, 8.142227, 0.226814, 392040, 116461, 0, 0, 17568, 4575, 748
mobile-broadband-provider-info, 2995853, 4.38, 22, 5, 246, 10, 4776335, 612332, 1961, 502, 491520, 430080, 0, 0.227994, 0.051997999999999996, 56912, 24488, 5, 872, 488, 346, 388, 2.467284, 0.106302, 243060, 82171, 1, 88, 352, 1044, 983
openssl, 3051415, 198.81, 58, 16, 59768, 430, 7691769606, 899594177, 259268, 40412, 513650688, 598908928, 0, 0.582845, 0.16236399999999998, 57816, 28091, 652, 21408, 1024, 1684, 1026, 597.686443, 4.309118, 4683736, 1535906, 21, 981816, 1168720, 58035, 174700
gtk-doc, 3029542, 3.57, 25, 3, 244, 14, 5480090, 780155, 2450, 517, 471040, 532480, 0, 0.250504, 0.031313, 56756, 24178, 0, 744, 480, 297, 341, 2.4444369999999997, 0.147086, 325100, 100480, 0, 176, 560, 2025, 1133
udev-extraconf, 3062358, 7.29, 28, 4, 136, 12, 1375749, 416665, 1866, 483, 630784, 303104, 0, 0.28159999999999996, 0.044251, 56964, 21162, 0, 896, 464, 310, 346, 1.363815, 0.12294, 270240, 83398, 3, 336, 128, 776, 648
psplash, 2722750, 2.70, 26, 5, 424, 21, 3105316, 674585, 2481, 682, 12288, 454656, 0, 0.267902, 0.054356999999999996, 68648, 24288, 0, 24, 496, 246, 378, 4.24996, 0.219164, 432664, 121810, 1, 0, 392, 2796, 1451
gnupg, 3450354, 42.38, 52, 6, 3910, 117, 263352987, 30198303, 17865, 3448, 81920, 19812352, 0, 0.5253329999999999, 0.064065, 58612, 24145, 4, 160, 648, 1431, 883, 39.105369, 1.171556, 2082552, 801408, 1, 0, 38048, 21361, 11806
xset, 2887166, 3.58, 28, 5, 319, 16, 2423269, 618034, 2333, 608, 0, 425984, 0, 0.286886, 0.05517, 68036, 24361, 0, 0, 480, 375, 467, 3.193234, 0.163401, 334236, 121554, 1, 0, 352, 1572, 1276
libxtst, 2919640, 3.35, 32, 3, 346, 19, 2808391, 686602, 2781, 674, 258048, 458752, 0, 0.323278, 0.034483, 67620, 24475, 0, 488, 488, 492, 431, 3.469381, 0.190402, 412036, 124902, 0, 16, 408, 1654, 1593
tcp-wrappers, 2832442, 8.74, 21, 4, 497, 22, 7111797, 1333152, 4228, 821, 323584, 872448, 0, 0.21193299999999998, 0.049198, 68592, 23408, 0, 544, 488, 569, 400, 4.972505, 0.22689299999999998, 645816, 187412, 0, 88, 1216, 1720, 2450
base-passwd, 3091798, 3.81, 18, 7, 333, 22, 2577350, 689082, 2608, 633, 2031616, 466944, 0, 0.18920499999999998, 0.076487, 57172, 23662, 3, 2552, 488, 546, 400, 3.332694, 0.228755, 459976, 148379, 0, 1416, 424, 1837, 1576
file, 3117239, 28.57, 22, 6, 714, 21, 57713138, 2741423, 3305, 802, 1630208, 1830912, 0, 0.22239799999999998, 0.062943, 57232, 21897, 15, 1920, 496, 427, 392, 7.149995, 0.212827, 416524, 129724, 1, 1264, 3080, 3756, 2280
libmicrohttpd, 3436253, 4.15, 25, 6, 538, 20, 14460806, 2320489, 2671, 755, 12288, 1531904, 0, 0.259894, 0.064973, 58368, 24061, 0, 24, 496, 212, 358, 5.385892, 0.20355099999999998, 436740, 123967, 0, 0, 2496, 1891, 1288
rpcbind, 3084959, 4.43, 35, 3, 314, 18, 5053682, 1070432, 2874, 729, 36864, 704512, 0, 0.359581, 0.031073999999999997, 58812, 24786, 4, 72, 504, 343, 473, 3.140227, 0.180366, 358660, 124260, 0, 0, 872, 1512, 1265
gcc, 3719383, 128.15, 72, 13, 69957, 460, 5327465867, 994961203, 212387, 45249, 122880, 662708224, 0, 0.7261369999999999, 0.13615, 59200, 25077, 2, 216, 856, 1135, 1002, 699.574116, 4.604305, 4651756, 1982508, 2, 24, 1293496, 56188, 124599
libpthread-stubs, 2794611, 3.15, 20, 6, 147, 9, 1289664, 386902, 1855, 446, 319488, 290816, 0, 0.208344, 0.062896, 68240, 24330, 0, 456, 472, 332, 433, 1.4767329999999999, 0.097259, 127048, 56576, 1, 168, 96, 1702, 759
gcc-runtime, 1493530, 53.83, 35, 5, 5619, 93, 456250971, 66749606, 27584, 4400, 8192, 44007424, 0, 0.359737, 0.059197, 64532, 24576, 0, 16, 736, 518, 636, 56.191734, 0.935843, 895944, 415647, 0, 0, 85216, 17907, 13526
eudev, 3089555, 25.04, 26, 9, 1035, 29, 105834847, 8266751, 8424, 1248, 2056192, 5488640, 0, 0.264721, 0.09207599999999999, 57436, 25898, 0, 648, 528, 744, 472, 10.355188, 0.29342599999999996, 660088, 197058, 12, 3368, 10192, 3419, 4102
libxml2, 3189416, 46.42, 30, 6, 2599, 184, 238979367, 24888231, 114876, 3360, 221184, 15228928, 0, 0.308226, 0.060777, 57768, 24708, 11, 424, 1344, 510, 1300, 25.99073, 1.841867, 815308, 261372, 0, 8, 28400, 102347, 18882
iproute2, 3626570, 17.10, 37, 3, 1708, 55, 95233001, 12652910, 10039, 1895, 139264, 8212480, 0, 0.372976, 0.038145, 59200, 23683, 16, 256, 568, 724, 584, 17.08925, 0.558126, 1220548, 380254, 1, 16, 15472, 7720, 5295
libpsl, 2788830, 4.73, 27, 4, 490, 20, 4434945, 1072435, 3001, 748, 106496, 712704, 0, 0.277264, 0.048929, 68844, 21894, 0, 128, 496, 418, 479, 4.902137, 0.20294399999999999, 388212, 143637, 0, 80, 896, 2562, 1816
rpm, 3718645, 18.91, 47, 9, 3448, 165, 75285299, 11944318, 15586, 3577, 286720, 7540736, 0, 0.479247, 0.09185499999999999, 60404, 25116, 0, 560, 728, 1534, 1039, 34.487678, 1.6566679999999998, 1829500, 1051019, 1, 0, 14000, 25442, 7509
xinput-calibrator, 2885511, 4.85, 25, 6, 335, 18, 11342407, 1593478, 3188, 668, 16384, 1069056, 0, 0.250676, 0.06469, 67564, 24351, 0, 32, 496, 395, 361, 3.353976, 0.189988, 372356, 132880, 0, 0, 1592, 1845, 1586
ncurses, 3102804, 23.62, 36, 5, 1754, 128, 92140098, 12388856, 56443, 2917, 12681216, 7000064, 0, 0.368373, 0.057408, 57308, 24464, 2, 2072, 872, 1541, 1464, 17.543978, 1.286028, 1409240, 467977, 5, 22696, 12800, 62964, 12540
xf86-video-vmware, 3632086, 3.32, 38, 7, 309, 17, 5719026, 1141552, 2477, 622, 0, 761856, 0, 0.382495, 0.071717, 60324, 21933, 0, 0, 488, 294, 419, 3.091918, 0.173149, 356532, 122106, 0, 0, 1000, 1568, 1120
mpg123, 3576379, 6.89, 35, 5, 545, 19, 33240788, 5291488, 5466, 895, 12288, 3481600, 0, 0.356239, 0.052775999999999997, 60348, 24372, 2, 24, 496, 239, 454, 5.454844, 0.19483199999999998, 445804, 127598, 0, 0, 6304, 2282, 1978
findutils, 2862583, 19.04, 53, 7, 2935, 155, 41798837, 6750307, 9589, 2976, 122880, 4186112, 0, 0.534667, 0.074388, 70032, 25581, 0, 152, 680, 1699, 881, 29.356054, 1.554139, 1592392, 976233, 0, 88, 7496, 20994, 9282
libxi, 2815823, 6.32, 22, 6, 403, 27, 14968033, 1521376, 3927, 730, 77824, 978944, 0, 0.229034, 0.060499, 68704, 24397, 0, 64, 496, 349, 385, 4.032201, 0.277727, 371160, 132031, 1, 88, 1416, 8879, 1607
gdk-pixbuf, 3312161, 48.83, 83, 14, 7105, 415, 164961663, 26874219, 35920, 8525, 73728, 17031168, 0, 0.830361, 0.149039, 61820, 29798, 1, 56, 1160, 6298, 2106, 71.054368, 4.1571, 1783840, 2655189, 1, 88, 32104, 51141, 28447
dosfstools, 3083157, 4.35, 29, 6, 323, 19, 9032583, 1505402, 3314, 681, 2043904, 995328, 0, 0.293555, 0.062018, 56920, 24463, 1, 1360, 488, 364, 532, 3.238438, 0.197133, 470848, 139661, 0, 2632, 1456, 1968, 1210
libdnf, 3765002, 42.69, 53, 7, 6672, 228, 415017999, 49938671, 20681, 5466, 53248, 32813056, 0, 0.538148, 0.073895, 61556, 25753, 1, 104, 744, 1412, 1124, 66.724749, 2.285314, 1775388, 1257787, 2, 0, 63344, 35142, 13984
libtool, 2907664, 6.13, 21, 5, 590, 25, 19574889, 1974427, 3285, 770, 311296, 1302528, 0, 0.219891, 0.051739, 67032, 22030, 0, 536, 496, 347, 464, 5.908213, 0.25643, 562220, 157941, 0, 72, 2048, 2827, 1840
openssh, 3070915, 51.57, 41, 8, 2193, 67, 267502496, 22459922, 23051, 2319, 26562560, 14688256, 0, 0.419037, 0.082934, 58116, 25619, 2, 928, 664, 711, 731, 21.932459, 0.6713709999999999, 1131140, 357944, 0, 50952, 28024, 9057, 7815
dbus, 3004920, 19.10, 43, 6, 1405, 52, 119119362, 12153235, 20344, 1631, 65536, 7860224, 0, 0.43288, 0.061256, 58560, 24569, 5, 128, 608, 424, 666, 14.054327, 0.522517, 817860, 257419, 0, 0, 14744, 7303, 4589
libmatchbox, 2927716, 3.16, 34, 5, 355, 15, 5934938, 1235336, 2364, 688, 12288, 827392, 0, 0.345483, 0.053467, 68240, 24517, 0, 24, 496, 245, 356, 3.553442, 0.153558, 349488, 100993, 0, 0, 1120, 1457, 1240
nettle, 2823917, 53.88, 27, 6, 1743, 48, 303155002, 17705658, 38957, 1676, 184320, 11522048, 0, 0.27331099999999997, 0.063071, 69144, 24147, 0, 272, 592, 444, 571, 17.431666, 0.483141, 746656, 212517, 0, 88, 21912, 7848, 7791
speexdsp, 2913256, 3.69, 22, 4, 381, 17, 9397953, 2292968, 2556, 743, 327680, 1531904, 0, 0.22583, 0.042829, 66616, 24155, 0, 544, 488, 297, 403, 3.819512, 0.1734, 432812, 122531, 2, 96, 2504, 1836, 1198
acl, 3019494, 8.45, 33, 4, 1030, 49, 13625756, 2053205, 6380, 1268, 2646016, 1269760, 0, 0.33887999999999996, 0.047185, 57832, 24739, 2, 904, 544, 878, 587, 10.307485, 0.499722, 945656, 365957, 1, 4264, 1936, 6427, 3980
btrfs-tools, 2979148, 34.87, 28, 4, 1499, 26, 220921148, 17399601, 9357, 1449, 0, 11513856, 0, 0.289723, 0.042491999999999995, 57912, 21783, 0, 0, 536, 366, 564, 14.991698, 0.263803, 375884, 133979, 2, 0, 21952, 2667, 4411
socat, 2855235, 5.68, 29, 4, 401, 17, 21804039, 2963897, 3503, 732, 0, 1953792, 0, 0.294547, 0.046956, 68680, 23632, 0, 0, 496, 163, 415, 4.01123, 0.176256, 439552, 124792, 0, 0, 3320, 1809, 1135
opkg-utils, 3104802, 3.45, 30, 6, 179, 13, 1974864, 520171, 2000, 553, 1409024, 368640, 0, 0.30068, 0.064431, 56748, 23355, 0, 2200, 488, 342, 321, 1.798613, 0.134731, 349548, 103837, 0, 552, 232, 1346, 725
zlib, 3099440, 5.73, 28, 4, 540, 23, 11377066, 2350882, 3113, 838, 3543040, 1560576, 0, 0.28435699999999997, 0.046530999999999996, 56668, 23254, 0, 3240, 488, 537, 383, 5.4037749999999996, 0.236095, 548912, 165461, 1, 3680, 2560, 1967, 2122
dropbear, 3072329, 5.87, 25, 4, 373, 14, 20428151, 3549549, 4158, 846, 983040, 2281472, 0, 0.252733, 0.046334, 57116, 24516, 1, 912, 528, 325, 726, 3.738523, 0.14096999999999998, 359476, 104826, 2, 1008, 3928, 2204, 1973
libxshmfence, 2779053, 2.38, 23, 4, 314, 15, 1651948, 492106, 2273, 604, 4096, 344064, 0, 0.238552, 0.046928, 68720, 23669, 0, 8, 488, 452, 292, 3.149152, 0.152618, 265532, 100180, 0, 0, 184, 1709, 1179
shadow, 2998691, 21.38, 43, 8, 3081, 146, 77430740, 7937700, 16281, 3103, 1867776, 4984832, 0, 0.432666, 0.083357, 58140, 26197, 5, 440, 640, 1761, 1050, 30.815773, 1.464231, 1921812, 953582, 0, 3208, 9096, 16944, 9978
make, 3056759, 17.15, 27, 5, 2074, 118, 27815752, 4892985, 6815, 2342, 3383296, 3051520, 0, 0.271688, 0.055257999999999995, 57392, 22267, 1, 856, 600, 1832, 703, 20.748652, 1.186861, 1314844, 754829, 4, 5752, 5360, 16153, 7938
libusb1, 2787569, 3.90, 30, 7, 392, 16, 7215823, 1448010, 2973, 720, 0, 962560, 0, 0.303823, 0.076968, 68928, 23855, 0, 0, 488, 390, 415, 3.921525, 0.167456, 350552, 122382, 0, 0, 1392, 1698, 1383
json-c, 3027027, 5.59, 31, 6, 521, 32, 16453972, 2236710, 10570, 818, 3207168, 1409024, 0, 0.310534, 0.06849999999999999, 56832, 24291, 2, 1440, 496, 577, 532, 5.210881, 0.32959, 628896, 178809, 0, 4824, 2256, 4330, 2344
matchbox-terminal, 3899367, 2.96, 42, 3, 269, 16, 1768077, 491190, 2048, 561, 0, 335872, 0, 0.42029299999999997, 0.037451, 61856, 23549, 0, 0, 480, 154, 398, 2.696428, 0.16949799999999998, 299700, 101524, 0, 0, 176, 1273, 1031
libidn2, 2848393, 16.02, 26, 6, 1816, 96, 11442538, 2550871, 5923, 2062, 4096, 1519616, 0, 0.262015, 0.062383999999999995, 69152, 24492, 0, 8, 608, 1034, 749, 18.164105, 0.967981, 1400448, 675358, 1, 0, 2360, 13249, 5693
grep, 2852183, 17.76, 37, 6, 3144, 158, 24653592, 5081032, 8923, 3136, 4096, 3088384, 0, 0.370395, 0.069449, 69664, 24669, 0, 8, 656, 2349, 930, 31.445993, 1.585041, 1545208, 1066830, 1, 0, 5376, 20264, 10558
librepo, 3284752, 4.92, 30, 4, 398, 17, 12767645, 2134674, 3499, 745, 159744, 1409024, 0, 0.300668, 0.047247, 56052, 24265, 0, 312, 504, 436, 443, 3.982681, 0.17077799999999999, 360180, 104235, 1, 0, 2248, 2056, 2547
libcomps, 3277958, 5.80, 29, 6, 385, 15, 11854414, 1871031, 3427, 728, 8192, 1216512, 0, 0.295502, 0.063646, 55832, 21863, 0, 16, 504, 303, 465, 3.857707, 0.152776, 354360, 102708, 1, 0, 1872, 1424, 1861
mtdev, 2737953, 3.16, 26, 6, 366, 15, 2614733, 645175, 2390, 604, 0, 438272, 0, 0.264169, 0.066042, 67716, 23706, 0, 0, 480, 163, 387, 3.6647179999999997, 0.155868, 338276, 100598, 0, 0, 376, 4974, 1717
util-macros, 2821901, 4.32, 24, 5, 204, 14, 1947406, 478364, 1776, 498, 200704, 339968, 0, 0.24904199999999999, 0.059295, 68416, 23631, 0, 304, 464, 233, 324, 2.041126, 0.147902, 195636, 81180, 0, 88, 200, 1176, 967
pulseaudio, 3555874, 58.09, 100, 14, 10237, 464, 175755957, 25095953, 41588, 9361, 356352, 15511552, 0, 1.004439, 0.14601899999999998, 64232, 31079, 0, 696, 1256, 3838, 2339, 102.378958, 4.641984, 1923992, 3139487, 2, 0, 29040, 59649, 30956
libvorbis, 2798629, 6.63, 27, 3, 523, 20, 22959129, 3064212, 5284, 800, 282624, 1990656, 0, 0.273099, 0.039578999999999996, 68176, 24228, 0, 464, 512, 351, 354, 5.237825, 0.20982599999999998, 397688, 136575, 0, 88, 3376, 4712, 1874
orc, 1485617, 5.96, 35, 4, 599, 22, 24708339, 3346537, 4325, 877, 0, 2199552, 0, 0.35112899999999997, 0.047449, 64284, 24306, 0, 0, 496, 534, 439, 5.994303, 0.220044, 524116, 146492, 1, 0, 3800, 2205, 2615
gdbm, 3039224, 10.53, 40, 6, 1367, 75, 22084789, 3385959, 10483, 1709, 1470464, 2093056, 0, 0.403495, 0.066596, 57764, 25100, 0, 1008, 560, 946, 739, 13.677686, 0.7524839999999999, 1523472, 485867, 0, 1864, 3528, 8729, 4808
diffutils, 3018464, 17.06, 37, 8, 2683, 125, 35290591, 5808552, 8782, 2773, 630784, 3579904, 0, 0.372649, 0.083808, 57968, 25412, 3, 952, 640, 1611, 941, 26.837147, 1.259271, 1952976, 914016, 0, 280, 6352, 16024, 9039
xf86-video-fbdev, 3628422, 3.35, 41, 4, 295, 19, 2368606, 621111, 2464, 599, 0, 417792, 0, 0.41600299999999996, 0.044, 60188, 23596, 0, 0, 480, 383, 419, 2.957183, 0.19107, 385768, 121423, 0, 0, 336, 1846, 1089
linux-libc-headers, 1367701, 7.80, 23, 3, 442, 16, 21860467, 5261356, 7671, 826, 0, 3239936, 0, 0.23334, 0.031411, 61604, 20171, 0, 0, 528, 294, 525, 4.424357, 0.16344999999999998, 104188, 60059, 4, 0, 5800, 3986, 2092
xkeyboard-config, 2754952, 13.90, 40, 6, 2920, 191, 50977556, 5868312, 10120, 3113, 86016, 3555328, 0, 0.405771, 0.065213, 69240, 25162, 0, 80, 696, 1263, 972, 29.204784, 1.915014, 1583344, 1090073, 1, 88, 6248, 28528, 8321
util-linux, 3626133, 80.97, 120, 12, 12696, 616, 377321573, 47221654, 93156, 12978, 38780928, 29483008, 0, 1.209879, 0.122622, 64480, 32194, 0, 4224, 1816, 4641, 2904, 126.960502, 6.162148, 2175220, 3541285, 9, 71520, 55768, 87479, 32499
libice, 2908695, 3.66, 24, 4, 448, 20, 6437408, 1160978, 2470, 689, 806912, 778240, 0, 0.244306, 0.046334, 67212, 21581, 0, 872, 496, 322, 350, 4.48276, 0.200235, 415904, 122279, 0, 704, 1024, 1507, 1809
gnutls, 3376534, 70.32, 43, 6, 4441, 134, 497721854, 34511025, 126224, 4006, 3731456, 21905408, 0, 0.430595, 0.068712, 60080, 25602, 11, 776, 928, 1160, 827, 44.415242, 1.343913, 1574460, 636677, 0, 6512, 41856, 42554, 15292
attr, 3032063, 9.31, 35, 4, 1099, 48, 10025145, 1685413, 5315, 1363, 552960, 1040384, 0, 0.352655, 0.046402, 57912, 24976, 2, 912, 536, 1013, 556, 10.994729, 0.487718, 828624, 397427, 0, 168, 1496, 7001, 3798
avahi, 3293786, 23.17, 49, 7, 3408, 189, 34508459, 6231419, 13606, 3915, 352256, 3735552, 0, 0.493112, 0.079964, 58308, 26503, 0, 480, 824, 2750, 1204, 34.088258, 1.897903, 1351028, 1205269, 3, 208, 6472, 25694, 18002
libfontenc, 2742919, 2.99, 27, 4, 311, 18, 2292200, 596947, 2365, 623, 0, 413696, 0, 0.278147, 0.049787, 67988, 23617, 0, 0, 488, 265, 507, 3.118824, 0.189076, 281436, 100364, 0, 0, 320, 2878, 1585
which, 2857397, 3.34, 26, 4, 309, 14, 2521289, 652828, 2473, 645, 0, 446464, 0, 0.263837, 0.04059, 68776, 23839, 0, 0, 488, 359, 395, 3.099354, 0.144914, 419092, 121910, 0, 0, 384, 1388, 1192
libepoxy, 3504266, 12.46, 38, 4, 813, 22, 50853834, 4891006, 3096, 792, 0, 3256320, 0, 0.384613, 0.045986, 60096, 24318, 0, 0, 472, 161, 422, 8.132178, 0.226463, 367580, 106210, 0, 0, 5888, 1832, 1737
gobject-introspection, 3017356, 43.06, 27, 4, 1275, 30, 114770286, 7121570, 7380, 1040, 0, 4669440, 0, 0.270772, 0.046418, 58048, 22447, 0, 0, 552, 416, 540, 12.757798, 0.30541399999999996, 504824, 169995, 1, 0, 8568, 4639, 3772
xauth, 2883757, 3.84, 29, 3, 336, 16, 3054851, 734161, 2142, 615, 131072, 503808, 0, 0.29427, 0.035136, 67528, 24272, 0, 248, 488, 226, 356, 3.368273, 0.169242, 415116, 121792, 0, 8, 496, 1376, 1234
libmpc, 2902082, 5.21, 29, 3, 360, 18, 7769062, 1434316, 2680, 720, 311296, 937984, 0, 0.291078, 0.034755, 66904, 23771, 0, 520, 496, 260, 343, 3.606026, 0.183381, 433132, 122602, 1, 88, 1336, 2091, 1275
menu-cache, 2880068, 3.30, 29, 8, 294, 13, 5416388, 1058433, 2845, 657, 0, 704512, 0, 0.297295, 0.08186299999999999, 69752, 24453, 0, 0, 488, 244, 402, 2.940553, 0.13763699999999998, 350564, 101579, 0, 0, 888, 1430, 961
initscripts, 1492948, 2.76, 31, 4, 206, 18, 1665218, 506792, 2512, 532, 303104, 339968, 0, 0.31118799999999996, 0.047542, 63452, 23712, 0, 504, 472, 275, 388, 2.063988, 0.180334, 313644, 107023, 2, 88, 192, 4423, 2891
libtirpc, 3041378, 4.54, 26, 6, 332, 25, 11230505, 2049797, 3475, 746, 1593344, 1335296, 0, 0.263244, 0.061696999999999995, 56852, 23666, 0, 984, 496, 465, 349, 3.323982, 0.25488099999999997, 464616, 134882, 0, 2128, 2112, 2729, 1342
cairo, 3652075, 9.67, 45, 7, 1136, 39, 92045730, 12485294, 7498, 1641, 90112, 8155136, 0, 0.455289, 0.073935, 60408, 24793, 8, 160, 568, 722, 289, 11.365225, 0.398239, 610544, 203968, 3, 16, 15360, 6137, 3294
gst-examples, 3954594, 2.11, 44, 5, 312, 16, 4743603, 882111, 2454, 605, 12288, 593920, 0, 0.442314, 0.057337, 64368, 25232, 0, 24, 480, 635, 149, 3.122401, 0.163604, 300556, 102324, 1, 0, 680, 2736, 903
libmodulemd, 3028018, 6.60, 26, 4, 461, 17, 26655318, 3157733, 3547, 764, 8192, 2072576, 0, 0.262665, 0.048093, 57896, 24539, 1, 16, 496, 340, 446, 4.61345, 0.17433099999999999, 361480, 104756, 1, 0, 3552, 1690, 1776
libnl, 3451109, 9.47, 30, 5, 1087, 48, 57560341, 7501096, 21875, 1664, 6295552, 4718592, 0, 0.305377, 0.056253, 58388, 24511, 1, 384, 608, 627, 909, 10.872572, 0.481269, 1004256, 285166, 0, 11912, 8608, 6635, 4440
nghttp2, 2949691, 7.83, 29, 4, 496, 28, 12040258, 2057170, 2919, 792, 3006464, 1343488, 0, 0.299633, 0.04847, 56872, 23502, 19, 1264, 480, 423, 385, 4.969564, 0.282501, 464424, 168199, 1, 4608, 2144, 8160, 1659
fontconfig, 2895961, 5.47, 33, 3, 629, 29, 18276901, 2972718, 6754, 936, 77824, 1925120, 0, 0.332494, 0.03855, 67448, 23935, 0, 88, 520, 519, 515, 6.296979, 0.290929, 584996, 174980, 1, 64, 3240, 3563, 2600
libxxf86vm, 2783516, 3.58, 31, 4, 409, 16, 2488951, 643178, 2621, 667, 0, 430080, 0, 0.319656, 0.048888, 68752, 23512, 0, 0, 488, 294, 412, 4.093178, 0.168658, 358620, 128672, 0, 0, 352, 2747, 1721
libdrm, 2790906, 7.81, 33, 4, 964, 43, 26036143, 4519900, 8339, 1403, 159744, 2879488, 0, 0.337686, 0.048822, 68988, 25031, 0, 224, 552, 796, 714, 9.649312, 0.43265499999999996, 967012, 295793, 0, 88, 5072, 5261, 3341
flac, 2797385, 10.21, 25, 4, 896, 35, 68088446, 6078544, 8203, 1108, 266240, 3915776, 0, 0.257053, 0.040164, 68408, 24456, 0, 440, 536, 459, 396, 8.961612, 0.352958, 641944, 182860, 0, 80, 7112, 9376, 5607
settings-daemon, 3856226, 3.04, 45, 11, 238, 18, 3404556, 826860, 2676, 669, 667648, 659456, 0, 0.45156799999999997, 0.11387299999999999, 62380, 26767, 1, 1280, 496, 660, 176, 2.388303, 0.18853299999999998, 345368, 103810, 0, 24, 792, 1020, 1145
bash, 3075562, 34.52, 56, 9, 3661, 178, 133087152, 17731333, 29488, 3761, 7688192, 11546624, 0, 0.562974, 0.093829, 58632, 25686, 2, 1048, 768, 2217, 1004, 36.613697, 1.781586, 2191048, 1067359, 0, 13968, 21784, 30006, 15804
libptytty, 1479873, 3.28, 26, 4, 426, 14, 2807905, 656725, 2419, 664, 12288, 442368, 0, 0.26400599999999996, 0.044677999999999995, 63296, 22873, 0, 24, 472, 351, 462, 4.260219, 0.143892, 429528, 123269, 0, 0, 392, 1938, 1602
glibc-locale, 2721197, 552.91, 746, 67, 120474, 6259, 6978116269, 472062920, 366005, 95415, 1432936448, 279363584, 0, 7.4624369999999995, 0.67457, 95928, 58207, 8813, 146392, 6528, 74932, 2766, 1204.748192, 62.592295, 2296420, 40131406, 5441, 2652312, 539104, 663058, 392846
libarchive, 3054350, 14.72, 34, 2, 800, 23, 44920528, 7035836, 5827, 1195, 4141056, 4608000, 0, 0.347725, 0.021960999999999998, 56800, 23920, 1, 1264, 536, 519, 407, 8.005846, 0.234948, 630416, 179262, 7, 6824, 8464, 3549, 2672
libfakekey, 2904227, 3.47, 28, 6, 322, 15, 1922790, 534198, 2444, 614, 163840, 368640, 0, 0.285564, 0.068535, 67532, 23860, 0, 248, 480, 448, 404, 3.220688, 0.157392, 285008, 100218, 0, 72, 240, 7156, 1055
libogg, 2800368, 3.48, 27, 4, 386, 20, 5676072, 1284960, 3316, 693, 245760, 839680, 0, 0.27958, 0.045336999999999995, 68156, 24127, 0, 464, 496, 218, 382, 3.866484, 0.20000199999999999, 452560, 131598, 0, 16, 1144, 2776, 1164
mpfr, 2901103, 7.31, 27, 6, 575, 27, 57625889, 9293802, 5145, 1081, 331776, 6135808, 0, 0.275864, 0.06465499999999999, 66692, 23692, 0, 552, 512, 464, 377, 5.75551, 0.275206, 490176, 140679, 1, 96, 11472, 2740, 2333
mesa, 3478075, 70.90, 50, 7, 15545, 149, 1447142629, 180942252, 52152, 10282, 102400, 120090624, 0, 0.505109, 0.072158, 60168, 25419, 0, 200, 920, 1170, 1008, 155.45032, 1.495563, 1392628, 737841, 0, 0, 233632, 15351, 38881
ofono, 3695944, 9.79, 49, 6, 1032, 31, 85366455, 12380428, 9335, 1427, 405504, 8073216, 0, 0.49226499999999995, 0.061533, 61396, 24503, 1, 688, 568, 579, 444, 10.32181, 0.31132699999999996, 525344, 164584, 1, 104, 15200, 8439, 3587
libtheora, 2790004, 4.32, 19, 4, 392, 15, 20014623, 2554156, 3327, 708, 212992, 1695744, 0, 0.19814299999999999, 0.041914, 68436, 21807, 0, 320, 488, 362, 359, 3.921533, 0.15084999999999998, 356088, 103186, 1, 96, 2824, 1559, 1506
libsamplerate0, 3009004, 45.31, 23, 4, 1319, 24, 52622499, 13316840, 4497, 1201, 352256, 8892416, 0, 0.237004, 0.048905, 56776, 23941, 5, 640, 496, 416, 440, 13.196984, 0.240758, 431164, 149704, 0, 48, 16872, 1960, 3946
ptest-runner, 3059726, 3.82, 27, 4, 280, 13, 2260128, 594831, 2403, 579, 704512, 409600, 0, 0.277526, 0.044051, 57060, 21304, 2, 928, 488, 418, 481, 2.806085, 0.130414, 336796, 100518, 1, 448, 312, 1105, 1251
alsa-utils, 3086080, 15.29, 35, 5, 1685, 92, 44909387, 8079380, 10400, 2107, 290816, 5165056, 0, 0.354075, 0.05518, 58092, 24387, 0, 488, 608, 922, 675, 16.854483, 0.924813, 1780884, 629965, 0, 80, 9480, 10129, 6922
dbus-wait, 2982055, 3.25, 33, 6, 264, 14, 1648472, 477541, 2053, 551, 20480, 327680, 0, 0.336685, 0.065694, 57828, 24507, 5, 40, 472, 236, 324, 2.644132, 0.14646599999999999, 304272, 100102, 1, 0, 168, 1364, 970
dnf, 3773362, 16.99, 57, 5, 4117, 227, 27846240, 4716570, 7758, 3574, 40960, 2760704, 0, 0.5751609999999999, 0.054577, 61604, 24748, 1, 72, 704, 947, 1189, 41.172368, 2.279116, 1947208, 1336493, 2, 8, 4688, 28664, 6792
libxcomposite, 2810359, 4.34, 30, 6, 398, 16, 2141498, 599899, 2497, 660, 126976, 401408, 0, 0.301683, 0.060335999999999994, 68712, 24302, 0, 168, 496, 366, 340, 3.983719, 0.162825, 372000, 124948, 0, 80, 288, 2076, 1300
harfbuzz, 3751503, 34.73, 38, 6, 3848, 55, 351567632, 57968722, 18146, 3461, 12288, 38490112, 0, 0.38353299999999996, 0.06464, 60412, 24529, 0, 24, 560, 193, 534, 38.484813, 0.553532, 708516, 270738, 1, 0, 74616, 9411, 6201
python3, 3803551, 59.00, 77, 12, 13221, 383, 1097629964, 139676177, 109162, 10872, 68190208, 91004928, 0, 0.780086, 0.124013, 63188, 27337, 2, 816, 1368, 1543, 3334, 132.217811, 3.8391219999999997, 2410092, 1764298, 4, 132368, 176376, 99100, 39012
libnsl2, 3040883, 3.64, 30, 4, 302, 19, 2848713, 692258, 2286, 627, 520192, 466944, 0, 0.305351, 0.046010999999999996, 56832, 24300, 0, 848, 480, 338, 328, 3.02306, 0.19039899999999998, 328520, 102773, 1, 168, 432, 1724, 1062
modutils-initscripts, 1492448, 2.71, 31, 5, 141, 14, 1306326, 408723, 1695, 477, 0, 286720, 0, 0.318256, 0.053042, 63428, 23445, 0, 0, 456, 199, 308, 1.419853, 0.14041599999999999, 200940, 77602, 1, 0, 104, 1672, 595
xrandr, 2892246, 3.25, 21, 6, 326, 18, 4020227, 879208, 2393, 616, 217088, 602112, 0, 0.21838, 0.064705, 67784, 24302, 0, 256, 488, 482, 270, 3.261476, 0.18972699999999998, 412156, 123313, 0, 168, 688, 1749, 1118
strace, 3733629, 44.04, 44, 7, 3987, 138, 637291346, 36645465, 324772, 3261, 319488, 22614016, 0, 0.440362, 0.077471, 67160, 31347, 2, 616, 1088, 234, 495, 39.871353, 1.383941, 640300, 234670, 1, 8, 43080, 74446, 14663
libsolv, 3726728, 5.31, 37, 6, 760, 36, 38700972, 6030971, 6874, 1076, 8192, 3948544, 0, 0.376093, 0.06523999999999999, 59796, 23978, 2, 16, 504, 243, 402, 7.601868, 0.360631, 627272, 177060, 0, 0, 7208, 4181, 3206
python3-pycairo, 3671412, 4.32, 42, 5, 353, 18, 9202665, 1372934, 2470, 641, 143360, 913408, 0, 0.424739, 0.050463999999999995, 60116, 24346, 2, 280, 480, 231, 436, 3.530596, 0.18545499999999998, 360100, 104294, 0, 0, 1304, 1369, 1253
qemuwrapper-cross, 1374539, 2.08, 23, 5, 138, 13, 1280546, 400361, 1609, 457, 0, 286720, 0, 0.231782, 0.053806, 61684, 22797, 0, 0, 456, 147, 488, 1.388211, 0.137505, 251892, 77530, 0, 0, 104, 1129, 635
libxmu, 2784862, 3.61, 33, 6, 495, 20, 8765374, 1510004, 3490, 795, 0, 983040, 0, 0.333704, 0.06674, 68916, 23578, 0, 0, 504, 549, 360, 4.951979, 0.205675, 516544, 143755, 0, 0, 1416, 2274, 2282
xtrans, 2820778, 3.06, 27, 4, 223, 17, 2178731, 549101, 1828, 505, 303104, 393216, 0, 0.273082, 0.049651, 68204, 23598, 0, 416, 480, 238, 328, 2.236493, 0.17027599999999998, 265424, 79638, 1, 176, 288, 1266, 892
libfm, 3912575, 21.85, 60, 13, 4782, 242, 54089285, 9321448, 12065, 4370, 32768, 5767168, 0, 0.608341, 0.138816, 63508, 28374, 0, 64, 768, 1785, 1390, 47.825486, 2.428677, 1980664, 1417063, 1, 0, 10496, 31805, 9856
libnss-mdns, 3294246, 3.89, 31, 3, 250, 13, 4038069, 600358, 3360, 595, 385024, 401408, 0, 0.313477, 0.03483, 56832, 23982, 2, 64, 480, 341, 594, 2.506792, 0.138863, 349212, 101125, 17, 688, 304, 965, 1376
xmodmap, 2893898, 3.20, 30, 4, 325, 21, 2841793, 701140, 2227, 605, 4096, 479232, 0, 0.30213599999999996, 0.040284, 67436, 24406, 0, 8, 488, 298, 368, 3.258862, 0.210201, 389808, 121710, 1, 0, 448, 1974, 1063
freetype, 2786110, 9.59, 31, 4, 724, 17, 47198389, 7921376, 5565, 1017, 233472, 5185536, 0, 0.316816, 0.049783999999999995, 68108, 23573, 0, 368, 536, 482, 441, 7.243151, 0.17206, 365640, 107023, 0, 88, 9592, 2069, 3039
libjpeg-turbo, 1486375, 11.30, 35, 6, 800, 27, 62787043, 6102087, 5904, 1053, 0, 4005888, 0, 0.354633, 0.067549, 63436, 23623, 0, 0, 504, 390, 450, 8.001053, 0.27729, 678804, 190184, 2, 0, 7320, 3414, 2674
libxcursor, 2932207, 3.47, 29, 2, 398, 18, 3862236, 897468, 3306, 700, 212992, 581632, 0, 0.293288, 0.026264, 67256, 24250, 0, 328, 496, 292, 427, 3.987745, 0.184657, 443940, 129460, 1, 88, 640, 2690, 1511
